LEM: log-linear and event history analysis with missing data.
Developed by Jeroen Vermunt (c), Tilburg University, The Netherlands.
Version 1.0 (September 18, 1997).


*** INPUT ***

  lat 1
man 5
dim 2 2 2 2 2 3
lab Y A B E S G
mod SG Y|SG {SGY} A|Y B|Y E|Y
ite 10000
dat [5 4 6 5 3 1 15 22 10 9 18 6 31 25 27 47 49 65 24 36 21 29 40 34 7 5 2 7 1 6 26 38 29 23 29 23 24 11 14 38 21 36 51 47 28 34 59 65]
see 277



*** STATISTICS ***

  Number of iterations = 176
  Converge criterion   = 0.0000009723
  Seed random values   = 277

  X-squared            = 46.9701 (0.0251)
  L-squared            = 49.3821 (0.0144)
  Cressie-Read         = 47.3757 (0.0229)
  Dissimilarity index  = 0.0748
  Degrees of freedom   = 30
  Log-likelihood       = -4187.27021
  Number of parameters = 17 (+1)
  Sample size          = 1156.0
  BIC(L-squared)       = -162.1996
  AIC(L-squared)       = -10.6179
  BIC(log-likelihood)  = 8494.4367
  AIC(log-likelihood)  = 8408.5404

  Eigenvalues information matrix
    1367.8066  1182.7635  1169.9166  1069.0057   870.4612   866.9756
     708.7929   543.6486   494.7783   439.8137   409.4446   370.9609
     215.0680   164.8413   152.3138    39.9178    15.3475




*** FREQUENCIES ***

  A B E S G     observed  estimated  std. res.
  1 1 1 1 1       5.000      3.530      0.782
  1 1 1 1 2       4.000      3.129      0.493
  1 1 1 1 3       6.000      2.669      2.039
  1 1 1 2 1       5.000      4.468      0.252
  1 1 1 2 2       3.000      4.388     -0.663
  1 1 1 2 3       1.000      5.348     -1.880
  1 1 2 1 1      15.000     14.256      0.197
  1 1 2 1 2      22.000     17.565      1.058
  1 1 2 1 3      10.000     10.516     -0.159
  1 1 2 2 1       9.000     10.474     -0.455
  1 1 2 2 2      18.000     16.291      0.423
  1 1 2 2 3       6.000     13.715     -2.083
  1 2 1 1 1      31.000     33.401     -0.415
  1 2 1 1 2      25.000     22.172      0.601
  1 2 1 1 3      27.000     25.655      0.265
  1 2 1 2 1      47.000     53.695     -0.914
  1 2 1 2 2      49.000     43.679      0.805
  1 2 1 2 3      65.000     62.501      0.316
  1 2 2 1 1      24.000     29.545     -1.020
  1 2 2 1 2      36.000     31.194      0.860
  1 2 2 1 3      21.000     22.073     -0.228
  1 2 2 2 1      29.000     29.705     -0.129
  1 2 2 2 2      40.000     35.274      0.796
  1 2 2 2 3      34.000     36.755     -0.454
  2 1 1 1 1       7.000      4.201      1.365
  2 1 1 1 2       5.000      4.582      0.195
  2 1 1 1 3       2.000      3.131     -0.639
  2 1 1 2 1       7.000      3.999      1.501
  2 1 1 2 2       1.000      4.973     -1.782
  2 1 1 2 3       6.000      4.992      0.451
  2 1 2 1 1      26.000     29.137     -0.581
  2 1 2 1 2      38.000     36.501      0.248
  2 1 2 1 3      29.000     21.462      1.627
  2 1 2 2 1      23.000     20.482      0.556
  2 1 2 2 2      29.000     33.122     -0.716
  2 1 2 2 3      23.000     27.068     -0.782
  2 2 1 1 1      24.000     21.402      0.562
  2 2 1 1 2      11.000     16.224     -1.297
  2 2 1 1 3      14.000     16.331     -0.577
  2 2 1 2 1      38.000     31.307      1.196
  2 2 1 2 2      21.000     27.402     -1.223
  2 2 1 2 3      36.000     36.820     -0.135
  2 2 2 1 1      51.000     47.527      0.504
  2 2 2 1 2      47.000     56.633     -1.280
  2 2 2 1 3      28.000     35.162     -1.208
  2 2 2 2 1      34.000     37.871     -0.629
  2 2 2 2 2      59.000     54.870      0.558
  2 2 2 2 3      65.000     48.800      2.319



*** PSEUDO R-SQUARED MEASURES ***

* P(Y|SG) *
                         baseline   fitted   R-squared
  entropy                 0.6813    0.6499    0.0461
  qualitative variance    0.2441    0.2292    0.0610
  classification error    0.4233    0.3763    0.1109
  -2/N*log-likelihood     1.3626    1.2999    0.0461/0.0591
  likelihood^(-2/N)       3.9065    3.6689    0.0608/0.0818

* P(A|Y) *
                         baseline   fitted   R-squared
  entropy                 0.6900    0.6362    0.0779
  qualitative variance    0.2484    0.2221    0.1059
  classification error    0.4602    0.3336    0.2751
  -2/N*log-likelihood     1.3800    1.2724    0.0779/0.0971
  likelihood^(-2/N)       3.9747    3.5696    0.1019/0.1362

* P(B|Y) *
                         baseline   fitted   R-squared
  entropy                 0.5725    0.4877    0.1482
  qualitative variance    0.1922    0.1636    0.1488
  classification error    0.2595    0.2595   -0.0000
  -2/N*log-likelihood     1.1451    0.9754    0.1482/0.1451
  likelihood^(-2/N)       3.1428    2.6521    0.1561/0.2290

* P(E|Y) *
                         baseline   fitted   R-squared
  entropy                 0.6644    0.4129    0.3785
  qualitative variance    0.2357    0.1259    0.4658
  classification error    0.3806    0.1542    0.5948
  -2/N*log-likelihood     1.3287    0.8258    0.3785/0.3346
  likelihood^(-2/N)       3.7763    2.2837    0.3953/0.5376



*** LOG-LINEAR PARAMETERS ***

* TABLE SG [or P(SG)] *

  effect           beta  std err  z-value   exp(beta)     Wald  df  prob
  S 
   1            -0.1248   0.0298   -4.183      0.8826 
   2             0.1248                        1.1330    17.49   1 0.000
  G 
   1            -0.0133   0.0422   -0.316      0.9868 
   2             0.0682   0.0414    1.648      1.0706 
   3            -0.0549                        0.9466     2.99   2 0.225
  SG 
   1 1           0.1008   0.0422    2.390      1.1061 
   1 2           0.0462   0.0414    1.117      1.0473 
   1 3          -0.1471                        0.8632 
   2 1          -0.1008                        0.9041 
   2 2          -0.0462                        0.9548 
   2 3           0.1471                        1.1585    12.15   2 0.002

* TABLE YSG [or P(Y|SG)] *

  effect           beta  std err  z-value   exp(beta)     Wald  df  prob
  Y 
   1            -0.1829   0.1308   -1.398      0.8329 
   2             0.1829                        1.2007     1.96   1 0.162
  YS 
   1 1          -0.2033   0.0465   -4.372      0.8160 
   1 2           0.2033                        1.2255 
   2 1           0.2033                        1.2255 
   2 2          -0.2033                        0.8160    19.12   1 0.000
  YG 
   1 1           0.1271   0.0615    2.066      1.1355 
   1 2          -0.2319   0.0620   -3.739      0.7931 
   1 3           0.1048                        1.1105 
   2 1          -0.1271                        0.8807 
   2 2           0.2319                        1.2609 
   2 3          -0.1048                        0.9005    14.01   2 0.001
  YSG 
   1 1 1        -0.0172   0.0605   -0.284      0.9830 
   1 1 2        -0.0106   0.0623   -0.170      0.9894 
   1 1 3         0.0278                        1.0282 
   1 2 1         0.0172                        1.0173 
   1 2 2         0.0106                        1.0107 
   1 2 3        -0.0278                        0.9726 
   2 1 1         0.0172                        1.0173 
   2 1 2         0.0106                        1.0107 
   2 1 3        -0.0278                        0.9726 
   2 2 1        -0.0172                        0.9830 
   2 2 2        -0.0106                        0.9894 
   2 2 3         0.0278                        1.0282     0.21   2 0.899

* TABLE YA [or P(A|Y)] *

  effect           beta  std err  z-value   exp(beta)     Wald  df  prob
  A 
   1            -0.0327   0.0535   -0.613      0.9678 
   2             0.0327                        1.0333     0.38   1 0.540
  YA 
   1 1           0.3413   0.0466    7.317      1.4068 
   1 2          -0.3413                        0.7108 
   2 1          -0.3413                        0.7108 
   2 2           0.3413                        1.4068    53.54   1 0.000

* TABLE YB [or P(B|Y)] *

  effect           beta  std err  z-value   exp(beta)     Wald  df  prob
  B 
   1            -0.7754   0.1312   -5.908      0.4605 
   2             0.7754                        2.1715    34.90   1 0.000
  YB 
   1 1          -0.5818   0.1268   -4.589      0.5589 
   1 2           0.5818                        1.7893 
   2 1           0.5818                        1.7893 
   2 2          -0.5818                        0.5589    21.06   1 0.000

* TABLE YE [or P(E|Y)] *

  effect           beta  std err  z-value   exp(beta)     Wald  df  prob
  E 
   1            -0.2600   0.1618   -1.608      0.7710 
   2             0.2600                        1.2970     2.58   1 0.108
  YE 
   1 1           0.8569   0.1380    6.211      2.3560 
   1 2          -0.8569                        0.4245 
   2 1          -0.8569                        0.4245 
   2 2           0.8569                        2.3560    38.58   1 0.000



*** (CONDITIONAL) PROBABILITIES ***

* P(SG) *

  1 1            0.1583  (0.0107)
  1 2            0.1626  (0.0109)
  1 3            0.1185  (0.0095)
  2 1            0.1661  (0.0109)
  2 2            0.1903  (0.0115)
  2 3            0.2042  (0.0119)

* P(Y|SG) *

  1 | 1 1        0.3653  (0.0772)
  1 | 1 2        0.2214  (0.0627)
  1 | 1 3        0.3758  (0.0772)
  1 | 2 1        0.5816  (0.0808)
  1 | 2 2        0.4009  (0.0705)
  1 | 2 3        0.5486  (0.0766)
  2 | 1 1        0.6347  (0.0772)
  2 | 1 2        0.7786  (0.0627)
  2 | 1 3        0.6242  (0.0772)
  2 | 2 1        0.4184  (0.0808)
  2 | 2 2        0.5991  (0.0705)
  2 | 2 3        0.4514  (0.0766)

* P(A|Y) *

  1 | 1          0.6496  (0.0344)
  2 | 1          0.3504  (0.0344)
  1 | 2          0.3212  (0.0288)
  2 | 2          0.6788  (0.0288)

* P(B|Y) *

  1 | 1          0.0621  (0.0290)
  2 | 1          0.9379  (0.0290)
  1 | 2          0.4044  (0.0325)
  2 | 2          0.5956  (0.0325)

* P(E|Y) *

  1 | 1          0.7674  (0.0697)
  2 | 1          0.2326  (0.0697)
  1 | 2          0.0967  (0.0399)
  2 | 2          0.9033  (0.0399)



*** LATENT CLASS OUTPUT ***

          Y  1    Y  2
         0.4233  0.5767
  A  1   0.6496  0.3212
  A  2   0.3504  0.6788
  B  1   0.0621  0.4044
  B  2   0.9379  0.5956
  E  1   0.7674  0.0967
  E  2   0.2326  0.9033
  S  1   0.3269  0.5220
  S  2   0.6731  0.4780
  G  1   0.3648  0.2947
  G  2   0.2653  0.4172
  G  3   0.3698  0.2881

E = 0.1438, lambda = 0.6602
