LEM: log-linear and event history analysis with missing data.
Developed by Jeroen Vermunt (c), Tilburg University, The Netherlands.
Version 1.0 (September 18, 1997).


*** INPUT ***

  lat 2
man 8
dim 2 2 2 2 2 2 2 2 2 3
lab Y Z A B C D E S T G
mod SG T|SG {SG ST GT} Y|SGT {SGT STY GY} Z|SGTY {SGTY TZ GZ YZ} 
      A|Y B|Y E|SGTY {SGTY YE GE} C|SGTYZ {SGTYZ ZC GC} D|Z
ite 10000
dat [0 0 0 0 0 1 0 0 1 0 1 0 0 1 0 0 1 0 0 0 0 0 1 0 4 0 0 1 0 1 1 0 0 2 1 0 6 3 1 3 1 1 4 4 1 1 1 0 0 0 1 0 2 1 0 0 0 0 0 0 2 3 0 0 2 2 0 3 2 0 4 1 0 1 1 0 1 1 2 1 0 0 0 0 4 7 4 0 4 2 4 2 0 0 3 2 0 1 0 8 1 2 1 0 0 5 3 7 0 1 0 3 5 3 0 0 1 1 2 2 2 0 1 9 4 2 8 3 0 12 6 1 10 3 1 6 2 1 7 3 1 11 6 3 0 1 0 2 10 13 3 2 2 8 21 47 0 3 1 1 11 10 2 1 5 4 13 17 1 1 2 9 7 7 3 3 0 7 11 8 1 4 0 3 7 5 1 9 1 3 6 4 0 0 0 1 0 1 0 0 0 1 0 0 1 3 2 0 0 2 0 3 0 0 0 1 2 1 0 0 0 0 2 1 0 1 0 1 11 6 5 2 4 0 13 7 4 1 1 1 1 1 0 0 0 1 1 0 0 0 0 3 1 5 10 1 0 5 0 2 4 1 4 5 3 2 0 0 1 0 2 0 2 0 0 0 10 17 4 0 3 1 5 7 4 3 5 4 0 0 0 3 0 1 0 2 0 4 2 4 1 3 0 0 2 1 1 1 3 2 0 2 2 1 0 7 0 3 6 0 1 8 4 1 13 7 1 10 4 3 9 8 6 4 6 9 0 1 0 3 4 6 4 0 6 6 4 15 5 7 4 2 7 8 2 6 9 3 15 24 6 1 1 3 4 3 3 4 4 7 5 5 14 8 6 6 9 5 7 6 8 6 17 4]
see 119



*** STATISTICS ***

  Number of iterations = 753
  Converge criterion   = 0.0000009957
  Seed random values   = 119

  X-squared            = 359.8131 (0.3335)
  L-squared            = 373.5728 (0.1751)
  Cressie-Read         = 347.2561 (0.5163)
  Dissimilarity index  = 0.1940
  Degrees of freedom   = 349
  Log-likelihood       = -6208.20630
  Number of parameters = 34 (+1)
  Sample size          = 1156.0
  BIC(L-squared)       = -2087.8268
  AIC(L-squared)       = -324.4272
  BIC(log-likelihood)  = 12656.2051
  AIC(log-likelihood)  = 12484.4126

  Eigenvalues information matrix
    1367.8067  1344.8466  1279.7857  1171.5170  1169.9169  1103.6566
    1096.8472  1010.7885   959.2117   871.8115   869.3795   866.9752
     802.5556   794.4983   739.7976   647.5967   563.3155   450.7453
     416.6507   409.4448   381.9021   370.9605   333.8569   319.2556
     275.4634   247.1873   196.2098   166.7480   131.4884    62.5360
      34.8933     2.0242     0.4838    -0.0004

WARNING: 1 (nearly) boundary or non-identified (log-linear) parameters



*** FREQUENCIES ***

  A B C D E S T G     observed  estimated  std. res.
  1 1 1 1 1 1 1 1       0.000      0.118     -0.343
  1 1 1 1 1 1 1 2       0.000      0.057     -0.238
  1 1 1 1 1 1 1 3       0.000      0.073     -0.270
  1 1 1 1 1 1 2 1       0.000      0.155     -0.393
  1 1 1 1 1 1 2 2       0.000      0.108     -0.328
  1 1 1 1 1 1 2 3       1.000      0.158      2.114
  1 1 1 1 1 2 1 1       0.000      0.114     -0.338
  1 1 1 1 1 2 1 2       0.000      0.059     -0.243
  1 1 1 1 1 2 1 3       1.000      0.097      2.898
  1 1 1 1 1 2 2 1       0.000      0.200     -0.447
  1 1 1 1 1 2 2 2       1.000      0.153      2.165
  1 1 1 1 1 2 2 3       0.000      0.304     -0.551
  1 1 1 1 2 1 1 1       0.000      0.474     -0.689
  1 1 1 1 2 1 1 2       1.000      0.486      0.736
  1 1 1 1 2 1 1 3       0.000      0.388     -0.623
  1 1 1 1 2 1 2 1       0.000      0.178     -0.422
  1 1 1 1 2 1 2 2       1.000      0.337      1.140
  1 1 1 1 2 1 2 3       0.000      0.369     -0.607
  1 1 1 1 2 2 1 1       0.000      0.304     -0.551
  1 1 1 1 2 2 1 2       0.000      0.383     -0.619
  1 1 1 1 2 2 1 3       0.000      0.419     -0.648
  1 1 1 1 2 2 2 1       0.000      0.182     -0.427
  1 1 1 1 2 2 2 2       1.000      0.375      1.019
  1 1 1 1 2 2 2 3       0.000      0.557     -0.746
  1 1 1 2 1 1 1 1       4.000      1.483      2.067
  1 1 1 2 1 1 1 2       0.000      0.344     -0.587
  1 1 1 2 1 1 1 3       0.000      0.187     -0.433
  1 1 1 2 1 1 2 1       1.000      0.650      0.435
  1 1 1 2 1 1 2 2       0.000      0.245     -0.495
  1 1 1 2 1 1 2 3       1.000      0.169      2.025
  1 1 1 2 1 2 1 1       1.000      1.084     -0.080
  1 1 1 2 1 2 1 2       0.000      0.296     -0.544
  1 1 1 2 1 2 1 3       0.000      0.215     -0.464
  1 1 1 2 1 2 2 1       2.000      0.766      1.410
  1 1 1 2 1 2 2 2       1.000      0.312      1.232
  1 1 1 2 1 2 2 3       0.000      0.287     -0.536
  1 1 1 2 2 1 1 1       6.000      6.030     -0.012
  1 1 1 2 2 1 1 2       3.000      2.984      0.009
  1 1 1 2 2 1 1 3       1.000      1.001     -0.001
  1 1 1 2 2 1 2 1       3.000      1.266      1.542
  1 1 1 2 2 1 2 2       1.000      1.244     -0.219
  1 1 1 2 2 1 2 3       1.000      0.596      0.523
  1 1 1 2 2 2 1 1       4.000      3.714      0.148
  1 1 1 2 2 2 1 2       4.000      2.289      1.131
  1 1 1 2 2 2 1 3       1.000      1.062     -0.060
  1 1 1 2 2 2 2 1       1.000      1.184     -0.169
  1 1 1 2 2 2 2 2       1.000      1.292     -0.257
  1 1 1 2 2 2 2 3       0.000      0.855     -0.925
  1 1 2 1 1 1 1 1       0.000      0.199     -0.446
  1 1 2 1 1 1 1 2       0.000      0.255     -0.505
  1 1 2 1 1 1 1 3       1.000      0.384      0.994
  1 1 2 1 1 1 2 1       0.000      0.260     -0.510
  1 1 2 1 1 1 2 2       2.000      0.485      2.174
  1 1 2 1 1 1 2 3       1.000      0.833      0.183
  1 1 2 1 1 2 1 1       0.000      0.192     -0.438
  1 1 2 1 1 2 1 2       0.000      0.267     -0.517
  1 1 2 1 1 2 1 3       0.000      0.510     -0.714
  1 1 2 1 1 2 2 1       0.000      0.337     -0.580
  1 1 2 1 1 2 2 2       0.000      0.690     -0.831
  1 1 2 1 1 2 2 3       0.000      1.598     -1.264
  1 1 2 1 2 1 1 1       2.000      0.798      1.346
  1 1 2 1 2 1 1 2       3.000      2.194      0.544
  1 1 2 1 2 1 1 3       0.000      2.042     -1.429
  1 1 2 1 2 1 2 1       0.000      0.299     -0.547
  1 1 2 1 2 1 2 2       2.000      1.522      0.388
  1 1 2 1 2 1 2 3       2.000      1.938      0.045
  1 1 2 1 2 2 1 1       0.000      0.511     -0.715
  1 1 2 1 2 2 1 2       3.000      1.726      0.970
  1 1 2 1 2 2 1 3       2.000      2.204     -0.137
  1 1 2 1 2 2 2 1       0.000      0.306     -0.554
  1 1 2 1 2 2 2 2       4.000      1.693      1.773
  1 1 2 1 2 2 2 3       1.000      2.927     -1.126
  1 1 2 2 1 1 1 1       0.000      0.928     -0.963
  1 1 2 2 1 1 1 2       1.000      0.579      0.553
  1 1 2 2 1 1 1 3       1.000      0.372      1.030
  1 1 2 2 1 1 2 1       0.000      0.410     -0.640
  1 1 2 2 1 1 2 2       1.000      0.419      0.899
  1 1 2 2 1 1 2 3       1.000      0.344      1.120
  1 1 2 2 1 2 1 1       2.000      0.679      1.604
  1 1 2 2 1 2 1 2       1.000      0.499      0.710
  1 1 2 2 1 2 1 3       0.000      0.429     -0.655
  1 1 2 2 1 2 2 1       0.000      0.483     -0.695
  1 1 2 2 1 2 2 2       0.000      0.534     -0.730
  1 1 2 2 1 2 2 3       0.000      0.589     -0.767
  1 1 2 2 2 1 1 1       4.000      3.772      0.117
  1 1 2 2 2 1 1 2       7.000      5.022      0.883
  1 1 2 2 2 1 1 3       4.000      1.986      1.429
  1 1 2 2 2 1 2 1       0.000      0.794     -0.891
  1 1 2 2 2 1 2 2       4.000      2.105      1.307
  1 1 2 2 2 1 2 3       2.000      1.197      0.734
  1 1 2 2 2 2 1 1       4.000      2.324      1.099
  1 1 2 2 2 2 1 2       2.000      3.853     -0.944
  1 1 2 2 2 2 1 3       0.000      2.108     -1.452
  1 1 2 2 2 2 2 1       0.000      0.743     -0.862
  1 1 2 2 2 2 2 2       3.000      2.189      0.548
  1 1 2 2 2 2 2 3       2.000      1.719      0.214
  1 2 1 1 1 1 1 1       0.000      0.194     -0.441
  1 2 1 1 1 1 1 2       1.000      0.082      3.199
  1 2 1 1 1 1 1 3       0.000      0.099     -0.314
  1 2 1 1 1 1 2 1       8.000      3.523      2.386
  1 2 1 1 1 1 2 2       1.000      2.196     -0.807
  1 2 1 1 1 1 2 3       2.000      2.879     -0.518
  1 2 1 1 1 2 1 1       1.000      1.326     -0.283
  1 2 1 1 1 2 1 2       0.000      0.526     -0.725
  1 2 1 1 1 2 1 3       0.000      0.675     -0.822
  1 2 1 1 1 2 2 1       5.000      4.913      0.039
  1 2 1 1 1 2 2 2       3.000      3.482     -0.258
  1 2 1 1 1 2 2 3       7.000      6.369      0.250
  1 2 1 1 2 1 1 1       0.000      0.557     -0.746
  1 2 1 1 2 1 1 2       1.000      0.562      0.585
  1 2 1 1 2 1 1 3       0.000      0.444     -0.667
  1 2 1 1 2 1 2 1       3.000      1.608      1.098
  1 2 1 1 2 1 2 2       5.000      2.234      1.850
  1 2 1 1 2 1 2 3       3.000      1.900      0.798
  1 2 1 1 2 2 1 1       0.000      0.844     -0.919
  1 2 1 1 2 2 1 2       0.000      0.840     -0.916
  1 2 1 1 2 2 1 3       1.000      0.781      0.247
  1 2 1 1 2 2 2 1       1.000      2.176     -0.797
  1 2 1 1 2 2 2 2       2.000      3.382     -0.751
  1 2 1 1 2 2 2 3       2.000      3.943     -0.978
  1 2 1 2 1 1 1 1       2.000      1.935      0.046
  1 2 1 2 1 1 1 2       0.000      0.426     -0.653
  1 2 1 2 1 1 1 3       1.000      0.225      1.633
  1 2 1 2 1 1 2 1       9.000     10.983     -0.598
  1 2 1 2 1 1 2 2       4.000      3.362      0.348
  1 2 1 2 1 1 2 3       2.000      1.913      0.063
  1 2 1 2 1 2 1 1       8.000      6.514      0.582
  1 2 1 2 1 2 1 2       3.000      1.316      1.469
  1 2 1 2 1 2 1 3       0.000      0.757     -0.870
  1 2 1 2 1 2 2 1      12.000     15.216     -0.824
  1 2 1 2 1 2 2 2       6.000      5.274      0.316
  1 2 1 2 1 2 2 3       1.000      4.169     -1.552
  1 2 1 2 2 1 1 1      10.000      6.868      1.195
  1 2 1 2 2 1 1 2       3.000      3.378     -0.206
  1 2 1 2 2 1 1 3       1.000      1.130     -0.122
  1 2 1 2 2 1 2 1       6.000      5.730      0.113
  1 2 1 2 2 1 2 2       2.000      4.154     -1.057
  1 2 1 2 2 1 2 3       1.000      1.617     -0.485
  1 2 1 2 2 2 1 1       7.000      6.389      0.242
  1 2 1 2 2 2 1 2       3.000      3.444     -0.239
  1 2 1 2 2 2 1 3       1.000      1.474     -0.390
  1 2 1 2 2 2 2 1      11.000      7.364      1.340
  1 2 1 2 2 2 2 2       6.000      5.852      0.061
  1 2 1 2 2 2 2 3       3.000      3.076     -0.043
  1 2 2 1 1 1 1 1       0.000      0.327     -0.572
  1 2 2 1 1 1 1 2       1.000      0.371      1.032
  1 2 2 1 1 1 1 3       0.000      0.519     -0.720
  1 2 2 1 1 1 2 1       2.000      5.929     -1.614
  1 2 2 1 1 1 2 2      10.000      9.901      0.031
  1 2 2 1 1 1 2 3      13.000     15.132     -0.548
  1 2 2 1 1 2 1 1       3.000      2.232      0.514
  1 2 2 1 1 2 1 2       2.000      2.372     -0.241
  1 2 2 1 1 2 1 3       2.000      3.549     -0.822
  1 2 2 1 1 2 2 1       8.000      8.270     -0.094
  1 2 2 1 1 2 2 2      21.000     15.699      1.338
  1 2 2 1 1 2 2 3      47.000     33.475      2.338
  1 2 2 1 2 1 1 1       0.000      0.938     -0.968
  1 2 2 1 2 1 1 2       3.000      2.533      0.293
  1 2 2 1 2 1 1 3       1.000      2.335     -0.874
  1 2 2 1 2 1 2 1       1.000      2.706     -1.037
  1 2 2 1 2 1 2 2      11.000     10.074      0.292
  1 2 2 1 2 1 2 3      10.000      9.989      0.004
  1 2 2 1 2 2 1 1       2.000      1.421      0.486
  1 2 2 1 2 2 1 2       1.000      3.787     -1.432
  1 2 2 1 2 2 1 3       5.000      4.108      0.440
  1 2 2 1 2 2 2 1       4.000      3.662      0.176
  1 2 2 1 2 2 2 2      13.000     15.247     -0.576
  1 2 2 1 2 2 2 3      17.000     20.725     -0.818
  1 2 2 2 1 1 1 1       1.000      1.212     -0.193
  1 2 2 2 1 1 1 2       1.000      0.718      0.332
  1 2 2 2 1 1 1 3       2.000      0.448      2.319
  1 2 2 2 1 1 2 1       9.000      6.954      0.776
  1 2 2 2 1 1 2 2       7.000      5.797      0.500
  1 2 2 2 1 1 2 3       7.000      4.005      1.497
  1 2 2 2 1 2 1 1       3.000      4.100     -0.543
  1 2 2 2 1 2 1 2       3.000      2.240      0.508
  1 2 2 2 1 2 1 3       0.000      1.540     -1.241
  1 2 2 2 1 2 2 1       7.000      9.635     -0.849
  1 2 2 2 1 2 2 2      11.000      9.097      0.631
  1 2 2 2 1 2 2 3       8.000      8.737     -0.249
  1 2 2 2 2 1 1 1       1.000      4.297     -1.591
  1 2 2 2 2 1 1 2       4.000      5.686     -0.707
  1 2 2 2 2 1 1 3       0.000      2.242     -1.497
  1 2 2 2 2 1 2 1       3.000      3.621     -0.326
  1 2 2 2 2 1 2 2       7.000      7.123     -0.046
  1 2 2 2 2 1 2 3       5.000      3.334      0.913
  1 2 2 2 2 2 1 1       1.000      4.007     -1.502
  1 2 2 2 2 2 1 2       9.000      5.819      1.319
  1 2 2 2 2 2 1 3       1.000      2.945     -1.133
  1 2 2 2 2 2 2 1       3.000      4.657     -0.768
  1 2 2 2 2 2 2 2       6.000     10.054     -1.279
  1 2 2 2 2 2 2 3       4.000      6.373     -0.940
  2 1 1 1 1 1 1 1       0.000      0.284     -0.533
  2 1 1 1 1 1 1 2       0.000      0.137     -0.370
  2 1 1 1 1 1 1 3       0.000      0.177     -0.421
  2 1 1 1 1 1 2 1       1.000      0.145      2.249
  2 1 1 1 1 1 2 2       0.000      0.119     -0.344
  2 1 1 1 1 1 2 3       1.000      0.199      1.794
  2 1 1 1 1 2 1 1       0.000      0.195     -0.442
  2 1 1 1 1 2 1 2       0.000      0.113     -0.336
  2 1 1 1 1 2 1 3       0.000      0.198     -0.445
  2 1 1 1 1 2 2 1       1.000      0.163      2.077
  2 1 1 1 1 2 2 2       0.000      0.143     -0.379
  2 1 1 1 1 2 2 3       0.000      0.323     -0.569
  2 1 1 1 2 1 1 1       1.000      1.158     -0.146
  2 1 1 1 2 1 1 2       3.000      1.188      1.662
  2 1 1 1 2 1 1 3       2.000      0.949      1.079
  2 1 1 1 2 1 2 1       0.000      0.337     -0.580
  2 1 1 1 2 1 2 2       0.000      0.696     -0.834
  2 1 1 1 2 1 2 3       2.000      0.798      1.346
  2 1 1 1 2 2 1 1       0.000      0.708     -0.841
  2 1 1 1 2 2 1 2       3.000      0.907      2.197
  2 1 1 1 2 2 1 3       0.000      1.004     -1.002
  2 1 1 1 2 2 2 1       0.000      0.308     -0.555
  2 1 1 1 2 2 2 2       0.000      0.712     -0.844
  2 1 1 1 2 2 2 3       1.000      1.131     -0.123
  2 1 1 2 1 1 1 1       2.000      3.607     -0.846
  2 1 1 2 1 1 1 2       1.000      0.839      0.176
  2 1 1 2 1 1 1 3       0.000      0.457     -0.676
  2 1 1 2 1 1 2 1       0.000      0.874     -0.935
  2 1 1 2 1 1 2 2       0.000      0.385     -0.620
  2 1 1 2 1 1 2 3       0.000      0.292     -0.540
  2 1 1 2 1 2 1 1       2.000      2.281     -0.186
  2 1 1 2 1 2 1 2       1.000      0.654      0.427
  2 1 1 2 1 2 1 3       0.000      0.491     -0.701
  2 1 1 2 1 2 2 1       1.000      0.872      0.137
  2 1 1 2 1 2 2 2       0.000      0.420     -0.648
  2 1 1 2 1 2 2 3       1.000      0.434      0.858
  2 1 1 2 2 1 1 1      11.000     14.737     -0.973
  2 1 1 2 2 1 1 2       6.000      7.294     -0.479
  2 1 1 2 2 1 1 3       5.000      2.448      1.631
  2 1 1 2 2 1 2 1       2.000      2.794     -0.475
  2 1 1 2 2 1 2 2       4.000      2.849      0.682
  2 1 1 2 2 1 2 3       0.000      1.392     -1.180
  2 1 1 2 2 2 1 1      13.000      8.928      1.363
  2 1 1 2 2 2 1 2       7.000      5.535      0.623
  2 1 1 2 2 2 1 3       4.000      2.578      0.886
  2 1 1 2 2 2 2 1       1.000      2.474     -0.937
  2 1 1 2 2 2 2 2       1.000      2.854     -1.097
  2 1 1 2 2 2 2 3       1.000      1.944     -0.677
  2 1 2 1 1 1 1 1       1.000      0.478      0.755
  2 1 2 1 1 1 1 2       1.000      0.617      0.487
  2 1 2 1 1 1 1 3       0.000      0.933     -0.966
  2 1 2 1 1 1 2 1       0.000      0.243     -0.493
  2 1 2 1 1 1 2 2       0.000      0.535     -0.731
  2 1 2 1 1 1 2 3       1.000      1.047     -0.046
  2 1 2 1 1 2 1 1       1.000      0.329      1.171
  2 1 2 1 1 2 1 2       0.000      0.509     -0.713
  2 1 2 1 1 2 1 3       0.000      1.040     -1.020
  2 1 2 1 1 2 2 1       0.000      0.274     -0.523
  2 1 2 1 1 2 2 2       0.000      0.647     -0.804
  2 1 2 1 1 2 2 3       3.000      1.699      0.998
  2 1 2 1 2 1 1 1       1.000      1.948     -0.679
  2 1 2 1 2 1 1 2       5.000      5.359     -0.155
  2 1 2 1 2 1 1 3      10.000      4.989      2.244
  2 1 2 1 2 1 2 1       1.000      0.566      0.576
  2 1 2 1 2 1 2 2       0.000      3.138     -1.771
  2 1 2 1 2 1 2 3       5.000      4.194      0.394
  2 1 2 1 2 2 1 1       0.000      1.191     -1.092
  2 1 2 1 2 2 1 2       2.000      4.091     -1.034
  2 1 2 1 2 2 1 3       4.000      5.275     -0.555
  2 1 2 1 2 2 2 1       1.000      0.518      0.670
  2 1 2 1 2 2 2 2       4.000      3.210      0.441
  2 1 2 1 2 2 2 3       5.000      5.942     -0.387
  2 1 2 2 1 1 1 1       3.000      2.256      0.495
  2 1 2 2 1 1 1 2       2.000      1.412      0.495
  2 1 2 2 1 1 1 3       0.000      0.907     -0.952
  2 1 2 2 1 1 2 1       0.000      0.549     -0.741
  2 1 2 2 1 1 2 2       1.000      0.652      0.430
  2 1 2 2 1 1 2 3       0.000      0.588     -0.767
  2 1 2 2 1 2 1 1       2.000      1.427      0.479
  2 1 2 2 1 2 1 2       0.000      1.102     -1.050
  2 1 2 2 1 2 1 3       2.000      0.974      1.039
  2 1 2 2 1 2 2 1       0.000      0.548     -0.741
  2 1 2 2 1 2 2 2       0.000      0.712     -0.844
  2 1 2 2 1 2 2 3       0.000      0.877     -0.937
  2 1 2 2 2 1 1 1      10.000      9.219      0.257
  2 1 2 2 2 1 1 2      17.000     12.276      1.348
  2 1 2 2 2 1 1 3       4.000      4.856     -0.389
  2 1 2 2 2 1 2 1       0.000      1.752     -1.323
  2 1 2 2 2 1 2 2       3.000      4.814     -0.827
  2 1 2 2 2 1 2 3       1.000      2.788     -1.071
  2 1 2 2 2 2 1 1       5.000      5.585     -0.248
  2 1 2 2 2 2 1 2       7.000      9.316     -0.759
  2 1 2 2 2 2 1 3       4.000      5.114     -0.493
  2 1 2 2 2 2 2 1       3.000      1.551      1.163
  2 1 2 2 2 2 2 2       5.000      4.823      0.080
  2 1 2 2 2 2 2 3       4.000      3.894      0.054
  2 2 1 1 1 1 1 1       0.000      0.353     -0.594
  2 2 1 1 1 1 1 2       0.000      0.164     -0.405
  2 2 1 1 1 1 1 3       0.000      0.208     -0.456
  2 2 1 1 1 1 2 1       3.000      2.041      0.671
  2 2 1 1 1 1 2 2       0.000      1.297     -1.139
  2 2 1 1 1 1 2 3       1.000      1.739     -0.560
  2 2 1 1 1 2 1 1       0.000      0.891     -0.944
  2 2 1 1 1 2 1 2       2.000      0.384      2.607
  2 2 1 1 1 2 1 3       0.000      0.539     -0.734
  2 2 1 1 1 2 2 1       4.000      2.813      0.708
  2 2 1 1 1 2 2 2       2.000      2.018     -0.013
  2 2 1 1 1 2 2 3       4.000      3.744      0.132
  2 2 1 1 2 1 1 1       1.000      1.311     -0.272
  2 2 1 1 2 1 1 2       3.000      1.340      1.433
  2 2 1 1 2 1 1 3       0.000      1.068     -1.034
  2 2 1 1 2 1 2 1       0.000      1.167     -1.080
  2 2 1 1 2 1 2 2       2.000      1.821      0.133
  2 2 1 1 2 1 2 3       1.000      1.728     -0.554
  2 2 1 1 2 2 1 1       1.000      1.075     -0.073
  2 2 1 1 2 2 1 2       1.000      1.247     -0.221
  2 2 1 1 2 2 1 3       3.000      1.299      1.493
  2 2 1 1 2 2 2 1       2.000      1.451      0.456
  2 2 1 1 2 2 2 2       0.000      2.459     -1.568
  2 2 1 1 2 2 2 3       2.000      3.128     -0.638
  2 2 1 2 1 1 1 1       2.000      4.194     -1.071
  2 2 1 2 1 1 1 2       1.000      0.962      0.038
  2 2 1 2 1 1 1 3       0.000      0.521     -0.722
  2 2 1 2 1 1 2 1       7.000      6.733      0.103
  2 2 1 2 1 1 2 2       0.000      2.163     -1.471
  2 2 1 2 1 1 2 3       3.000      1.294      1.499
  2 2 1 2 1 2 1 1       6.000      5.528      0.201
  2 2 1 2 1 2 1 2       0.000      1.285     -1.134
  2 2 1 2 1 2 1 3       1.000      0.839      0.176
  2 2 1 2 1 2 2 1       8.000      9.032     -0.343
  2 2 1 2 1 2 2 2       4.000      3.233      0.427
  2 2 1 2 1 2 2 3       1.000      2.645     -1.011
  2 2 1 2 2 1 1 1      13.000     16.569     -0.877
  2 2 1 2 2 1 1 2       7.000      8.189     -0.415
  2 2 1 2 2 1 1 3       1.000      2.746     -1.054
  2 2 1 2 2 1 2 1      10.000      5.549      1.890
  2 2 1 2 2 1 2 2       4.000      4.740     -0.340
  2 2 1 2 2 1 2 3       3.000      2.092      0.628
  2 2 1 2 2 2 1 1       9.000     11.249     -0.670
  2 2 1 2 2 2 1 2       8.000      6.693      0.505
  2 2 1 2 2 2 1 3       6.000      3.046      1.692
  2 2 1 2 2 2 2 1       4.000      6.158     -0.870
  2 2 1 2 2 2 2 2       6.000      5.667      0.140
  2 2 1 2 2 2 2 3       9.000      3.365      3.071
  2 2 2 1 1 1 1 1       0.000      0.594     -0.771
  2 2 2 1 1 1 1 2       1.000      0.739      0.303
  2 2 2 1 1 1 1 3       0.000      1.094     -1.046
  2 2 2 1 1 1 2 1       3.000      3.435     -0.235
  2 2 2 1 1 1 2 2       4.000      5.849     -0.765
  2 2 2 1 1 1 2 3       6.000      9.139     -1.038
  2 2 2 1 1 2 1 1       4.000      1.500      2.041
  2 2 2 1 1 2 1 2       0.000      1.732     -1.316
  2 2 2 1 1 2 1 3       6.000      2.835      1.879
  2 2 2 1 1 2 2 1       6.000      4.734      0.582
  2 2 2 1 1 2 2 2       4.000      9.099     -1.690
  2 2 2 1 1 2 2 3      15.000     19.680     -1.055
  2 2 2 1 2 1 1 1       5.000      2.207      1.881
  2 2 2 1 2 1 1 2       7.000      6.044      0.389
  2 2 2 1 2 1 1 3       4.000      5.614     -0.681
  2 2 2 1 2 1 2 1       2.000      1.964      0.025
  2 2 2 1 2 1 2 2       7.000      8.210     -0.422
  2 2 2 1 2 1 2 3       8.000      9.083     -0.359
  2 2 2 1 2 2 1 1       2.000      1.810      0.141
  2 2 2 1 2 2 1 2       6.000      5.622      0.160
  2 2 2 1 2 2 1 3       9.000      6.827      0.832
  2 2 2 1 2 2 2 1       3.000      2.442      0.357
  2 2 2 1 2 2 2 2      15.000     11.085      1.176
  2 2 2 1 2 2 2 3      24.000     16.443      1.864
  2 2 2 2 1 1 1 1       6.000      2.624      2.084
  2 2 2 2 1 1 1 2       1.000      1.620     -0.487
  2 2 2 2 1 1 1 3       1.000      1.034     -0.033
  2 2 2 2 1 1 2 1       3.000      4.259     -0.610
  2 2 2 2 1 1 2 2       4.000      3.720      0.145
  2 2 2 2 1 1 2 3       3.000      2.689      0.189
  2 2 2 2 1 2 1 1       3.000      3.472     -0.253
  2 2 2 2 1 2 1 2       4.000      2.178      1.235
  2 2 2 2 1 2 1 3       4.000      1.686      1.782
  2 2 2 2 1 2 2 1       7.000      5.716      0.537
  2 2 2 2 1 2 2 2       5.000      5.567     -0.240
  2 2 2 2 1 2 2 3       5.000      5.515     -0.219
  2 2 2 2 2 1 1 1      14.000     10.365      1.129
  2 2 2 2 2 1 1 2       8.000     13.782     -1.558
  2 2 2 2 2 1 1 3       6.000      5.448      0.236
  2 2 2 2 2 1 2 1       6.000      3.494      1.341
  2 2 2 2 2 1 2 2       9.000      8.065      0.329
  2 2 2 2 2 1 2 3       5.000      4.240      0.369
  2 2 2 2 2 2 1 1       7.000      7.043     -0.016
  2 2 2 2 2 2 1 2       6.000     11.277     -1.572
  2 2 2 2 2 2 1 3       8.000      6.055      0.790
  2 2 2 2 2 2 2 1       6.000      3.883      1.074
  2 2 2 2 2 2 2 2      17.000      9.667      2.359
  2 2 2 2 2 2 2 3       4.000      6.856     -1.091



*** PSEUDO R-SQUARED MEASURES ***

* P(T|SG) *
                         baseline   fitted   R-squared
  entropy                 0.6759    0.6561    0.0293
  qualitative variance    0.2414    0.2320    0.0390
  classification error    0.4074    0.3892    0.0447
  -2/N*log-likelihood     1.3518    1.3122    0.0293/0.0381
  likelihood^(-2/N)       3.8645    3.7144    0.0388/0.0524

* P(Y|STG) *
                         baseline   fitted   R-squared
  entropy                 0.6927    0.4639    0.3302
  qualitative variance    0.2498    0.1540    0.3834
  classification error    0.4851    0.2131    0.5606
  -2/N*log-likelihood     1.3854    0.9279    0.3302/0.3139
  likelihood^(-2/N)       3.9965    2.5291    0.3672/0.4897

* P(Z|YSTG) *
                         baseline   fitted   R-squared
  entropy                 0.6839    0.5803    0.1515
  qualitative variance    0.2454    0.1978    0.1937
  classification error    0.4320    0.3017    0.3016
  -2/N*log-likelihood     1.3677    1.1606    0.1515/0.1716
  likelihood^(-2/N)       3.9265    3.1918    0.1871/0.2511

* P(A|Y) *
                         baseline   fitted   R-squared
  entropy                 0.6900    0.6270    0.0913
  qualitative variance    0.2484    0.2178    0.1234
  classification error    0.4602    0.3238    0.2964
  -2/N*log-likelihood     1.3800    1.2539    0.0913/0.1119
  likelihood^(-2/N)       3.9747    3.5041    0.1184/0.1582

* P(B|Y) *
                         baseline   fitted   R-squared
  entropy                 0.5725    0.4285    0.2516
  qualitative variance    0.1922    0.1444    0.2487
  classification error    0.2595    0.2595    0.0000
  -2/N*log-likelihood     1.1451    0.8570    0.2516/0.2236
  likelihood^(-2/N)       3.1428    2.3562    0.2503/0.3671

* P(E|YSTG) *
                         baseline   fitted   R-squared
  entropy                 0.6644    0.5294    0.2031
  qualitative variance    0.2357    0.1758    0.2544
  classification error    0.3806    0.2585    0.3208
  -2/N*log-likelihood     1.3287    1.0588    0.2031/0.2125
  likelihood^(-2/N)       3.7763    2.8830    0.2365/0.3217

* P(C|YZSTG) *
                         baseline   fitted   R-squared
  entropy                 0.6518    0.5859    0.1012
  qualitative variance    0.2296    0.2001    0.1288
  classification error    0.3573    0.2993    0.1622
  -2/N*log-likelihood     1.3037    1.1717    0.1012/0.1166
  likelihood^(-2/N)       3.6827    3.2276    0.1236/0.1697

* P(D|Z) *
                         baseline   fitted   R-squared
  entropy                 0.6801    0.0564    0.9170
  qualitative variance    0.2435    0.0121    0.9503
  classification error    0.4196    0.0124    0.9703
  -2/N*log-likelihood     1.3603    0.1128    0.9171/0.5551
  likelihood^(-2/N)       3.8973    1.1194    0.7128/0.9588



*** LOG-LINEAR PARAMETERS ***

* TABLE SG [or P(SG)] *

  effect           beta  std err  z-value   exp(beta)     Wald  df  prob
  S 
   1            -0.1248   0.0298   -4.183      0.8826 
   2             0.1248                        1.1330    17.49   1 0.000
  G 
   1            -0.0133   0.0422   -0.316      0.9868 
   2             0.0682   0.0414    1.648      1.0706 
   3            -0.0549                        0.9466     2.99   2 0.225
  SG 
   1 1           0.1008   0.0422    2.390      1.1061 
   1 2           0.0462   0.0414    1.117      1.0473 
   1 3          -0.1471                        0.8632 
   2 1          -0.1008                        0.9041 
   2 2          -0.0462                        0.9548 
   2 3           0.1471                        1.1585    12.15   2 0.002

* TABLE STG [or P(T|SG)] *

  effect           beta  std err  z-value   exp(beta)     Wald  df  prob
  T 
   1            -0.1851   0.0308   -6.005      0.8310 
   2             0.1851                        1.2033    36.06   1 0.000
  ST 
   1 1           0.0945   0.0307    3.077      1.0991 
   1 2          -0.0945                        0.9098 
   2 1          -0.0945                        0.9098 
   2 2           0.0945                        1.0991     9.47   1 0.002
  TG 
   1 1           0.2062   0.0429    4.803      1.2290 
   1 2           0.0228   0.0423    0.539      1.0231 
   1 3          -0.2290                        0.7953 
   2 1          -0.2062                        0.8137 
   2 2          -0.0228                        0.9774 
   2 3           0.2290                        1.2574    31.80   2 0.000

* TABLE YSTG [or P(Y|STG)] *

  effect           beta  std err  z-value   exp(beta)     Wald  df  prob
  Y 
   1             0.4690   0.3823    1.227      1.5985 
   2            -0.4690                        0.6256     1.51   1 0.220
  YS 
   1 1           0.4929   0.3417    1.443      1.6371 
   1 2          -0.4929                        0.6108 
   2 1          -0.4929                        0.6108 
   2 2           0.4929                        1.6371     2.08   1 0.149
  YT 
   1 1           0.9713   0.3528    2.753      2.6414 
   1 2          -0.9713                        0.3786 
   2 1          -0.9713                        0.3786 
   2 2           0.9713                        2.6414     7.58   1 0.006
  YG 
   1 1          -0.1940   0.1023   -1.895      0.8237 
   1 2           0.1152   0.0943    1.221      1.1221 
   1 3           0.0788                        1.0820 
   2 1           0.1940                        1.2140 
   2 2          -0.1152                        0.8912 
   2 3          -0.0788                        0.9242     3.63   2 0.163
  YST 
   1 1 1         0.3735   0.3393    1.101      1.4529 
   1 1 2        -0.3735                        0.6883 
   1 2 1        -0.3735                        0.6883 
   1 2 2         0.3735                        1.4529 
   2 1 1        -0.3735                        0.6883 
   2 1 2         0.3735                        1.4529 
   2 2 1         0.3735                        1.4529 
   2 2 2        -0.3735                        0.6883     1.21   1 0.271

* TABLE YZSTG [or P(Z|YSTG)] *

  effect           beta  std err  z-value   exp(beta)     Wald  df  prob
  Z 
   1             0.1784   0.1281    1.393      1.1953 
   2            -0.1784                        0.8366     1.94   1 0.164
  YZ 
   1 1           0.2655   0.0743    3.575      1.3041 
   1 2          -0.2655                        0.7668 
   2 1          -0.2655                        0.7668 
   2 2           0.2655                        1.3041    12.78   1 0.000
  ZT 
   1 1           0.0927   0.0534    1.735      1.0971 
   1 2          -0.0927                        0.9115 
   2 1          -0.0927                        0.9115 
   2 2           0.0927                        1.0971     3.01   1 0.083
  ZG 
   1 1           0.4685   0.0765    6.121      1.5976 
   1 2          -0.0086   0.0491   -0.176      0.9914 
   1 3          -0.4598                        0.6314 
   2 1          -0.4685                        0.6260 
   2 2           0.0086                        1.0087 
   2 3           0.4598                        1.5838    40.17   2 0.000

* TABLE YA [or P(A|Y)] *

  effect           beta  std err  z-value   exp(beta)     Wald  df  prob
  A 
   1            -0.0791   0.0403   -1.963      0.9240 
   2             0.0791                        1.0823     3.85   1 0.050
  YA 
   1 1          -0.3680   0.0431   -8.532      0.6921 
   1 2           0.3680                        1.4449 
   2 1           0.3680                        1.4449 
   2 2          -0.3680                        0.6921    72.80   1 0.000

* TABLE YB [or P(B|Y)] *

  effect           beta  std err  z-value   exp(beta)     Wald  df  prob
  B 
   1            -0.8628   0.1238   -6.968      0.4220 
   2             0.8628                        2.3697    48.55   1 0.000
  YB 
   1 1           0.8062   0.1177    6.847      2.2393 
   1 2          -0.8062                        0.4466 
   2 1          -0.8062                        0.4466 
   2 2           0.8062                        2.2393    46.88   1 0.000

* TABLE YESTG [or P(E|YSTG)] *

  effect           beta  std err  z-value   exp(beta)     Wald  df  prob
  E 
   1            -0.3064   0.0571   -5.361      0.7361 
   2             0.3064                        1.3585    28.74   1 0.000
  YE 
   1 1          -0.5688   0.0554  -10.269      0.5662 
   1 2           0.5688                        1.7661 
   2 1           0.5688                        1.7661 
   2 2          -0.5688                        0.5662   105.44   1 0.000
  EG 
   1 1           0.1707   0.0592    2.881      1.1861 
   1 2          -0.2066   0.0593   -3.483      0.8133 
   1 3           0.0359                        1.0366 
   2 1          -0.1707                        0.8431 
   2 2           0.2066                        1.2295 
   2 3          -0.0359                        0.9647    13.83   2 0.001

* TABLE YZCSTG [or P(C|YZSTG)] *

  effect           beta  std err  z-value   exp(beta)     Wald  df  prob
  C 
   1            -0.3659   0.0401   -9.134      0.6936 
   2             0.3659                        1.4419    83.43   1 0.000
  ZC 
   1 1           0.2484   0.0433    5.740      1.2820 
   1 2          -0.2484                        0.7800 
   2 1          -0.2484                        0.7800 
   2 2           0.2484                        1.2820    32.94   1 0.000
  CG 
   1 1           0.3540   0.0498    7.114      1.4248 
   1 2          -0.1387   0.0465   -2.983      0.8705 
   1 3          -0.2154                        0.8063 
   2 1          -0.3540                        0.7018 
   2 2           0.1387                        1.1488 
   2 3           0.2154                        1.2403    51.02   2 0.000

* TABLE ZD [or P(D|Z)] *

  effect           beta  std err  z-value   exp(beta)     Wald  df  prob
  D 
   1            -3.1040   2.0347   -1.526      0.0449 
   2             3.1040                       22.2870     2.33   1 0.127
  ZD 
   1 1          -4.8627   ******    *****      0.0077 
   1 2           4.8627                      129.3776 
   2 1           4.8627                      129.3776 
   2 2          -4.8627                        0.0077     0.00   1 1.000



*** (CONDITIONAL) PROBABILITIES ***

* P(SG) *

  1 1            0.1583  (0.0107)
  1 2            0.1626  (0.0109)
  1 3            0.1185  (0.0095)
  2 1            0.1661  (0.0109)
  2 2            0.1903  (0.0115)
  2 3            0.2042  (0.0119)

* P(T|SG) *

  1 | 1 1        0.5576  (0.0300)
  1 | 1 2        0.4662  (0.0298)
  1 | 1 3        0.3454  (0.0307)
  2 | 1 1        0.4424  (0.0300)
  2 | 1 2        0.5338  (0.0298)
  2 | 1 3        0.6546  (0.0307)
  1 | 2 1        0.4634  (0.0298)
  1 | 2 2        0.3744  (0.0273)
  1 | 2 3        0.2656  (0.0242)
  2 | 2 1        0.5366  (0.0298)
  2 | 2 2        0.6256  (0.0273)
  2 | 2 3        0.7344  (0.0242)

* P(Y|STG) *

  1 | 1 1 1      0.9856  (0.0392)
  1 | 1 1 2      0.9922  (0.0221)
  1 | 1 1 3      0.9916  (0.0233)
  1 | 1 2 1      0.2398  (0.0621)
  1 | 1 2 2      0.3693  (0.0745)
  1 | 1 2 3      0.3525  (0.0710)
  1 | 2 1 1      0.6813  (0.0682)
  1 | 2 1 2      0.7987  (0.0608)
  1 | 2 1 3      0.7867  (0.0622)
  1 | 2 2 1      0.1637  (0.0474)
  1 | 2 2 2      0.2664  (0.0617)
  1 | 2 2 3      0.2524  (0.0545)
  2 | 1 1 1      0.0144  (0.0392)
  2 | 1 1 2      0.0078  (0.0221)
  2 | 1 1 3      0.0084  (0.0233)
  2 | 1 2 1      0.7602  (0.0621)
  2 | 1 2 2      0.6307  (0.0745)
  2 | 1 2 3      0.6475  (0.0710)
  2 | 2 1 1      0.3187  (0.0682)
  2 | 2 1 2      0.2013  (0.0608)
  2 | 2 1 3      0.2133  (0.0622)
  2 | 2 2 1      0.8363  (0.0474)
  2 | 2 2 2      0.7336  (0.0617)
  2 | 2 2 3      0.7476  (0.0545)

* P(Z|YSTG) *

  1 | 1 1 1 1    0.8819  (0.0191)
  1 | 1 1 1 2    0.7419  (0.0398)
  1 | 1 1 1 3    0.5383  (0.0781)
  1 | 1 1 2 1    0.8375  (0.0378)
  1 | 1 1 2 2    0.6649  (0.0628)
  1 | 1 1 2 3    0.4459  (0.0917)
  1 | 1 2 1 1    0.8819  (0.0191)
  1 | 1 2 1 2    0.7419  (0.0398)
  1 | 1 2 1 3    0.5383  (0.0781)
  1 | 1 2 2 1    0.8375  (0.0378)
  1 | 1 2 2 2    0.6649  (0.0628)
  1 | 1 2 2 3    0.4459  (0.0917)
  2 | 1 1 1 1    0.1181  (0.0191)
  2 | 1 1 1 2    0.2581  (0.0398)
  2 | 1 1 1 3    0.4617  (0.0781)
  2 | 1 1 2 1    0.1625  (0.0378)
  2 | 1 1 2 2    0.3351  (0.0628)
  2 | 1 1 2 3    0.5541  (0.0917)
  2 | 1 2 1 1    0.1181  (0.0191)
  2 | 1 2 1 2    0.2581  (0.0398)
  2 | 1 2 1 3    0.4617  (0.0781)
  2 | 1 2 2 1    0.1625  (0.0378)
  2 | 1 2 2 2    0.3351  (0.0628)
  2 | 1 2 2 3    0.5541  (0.0917)
  1 | 2 1 1 1    0.7207  (0.0637)
  1 | 2 1 1 2    0.4984  (0.1001)
  1 | 2 1 1 3    0.2873  (0.1044)
  1 | 2 1 2 1    0.6405  (0.0624)
  1 | 2 1 2 2    0.4069  (0.0858)
  1 | 2 1 2 3    0.2177  (0.0815)
  1 | 2 2 1 1    0.7207  (0.0637)
  1 | 2 2 1 2    0.4984  (0.1001)
  1 | 2 2 1 3    0.2873  (0.1044)
  1 | 2 2 2 1    0.6405  (0.0624)
  1 | 2 2 2 2    0.4069  (0.0858)
  1 | 2 2 2 3    0.2177  (0.0815)
  2 | 2 1 1 1    0.2793  (0.0637)
  2 | 2 1 1 2    0.5016  (0.1001)
  2 | 2 1 1 3    0.7127  (0.1044)
  2 | 2 1 2 1    0.3595  (0.0624)
  2 | 2 1 2 2    0.5931  (0.0858)
  2 | 2 1 2 3    0.7823  (0.0815)
  2 | 2 2 1 1    0.2793  (0.0637)
  2 | 2 2 1 2    0.5016  (0.1001)
  2 | 2 2 1 3    0.7127  (0.1044)
  2 | 2 2 2 1    0.3595  (0.0624)
  2 | 2 2 2 2    0.5931  (0.0858)
  2 | 2 2 2 3    0.7823  (0.0815)

* P(A|Y) *

  1 | 1          0.2902  (0.0236)
  2 | 1          0.7098  (0.0236)
  1 | 2          0.6406  (0.0280)
  2 | 2          0.3594  (0.0280)

* P(B|Y) *

  1 | 1          0.4717  (0.0296)
  2 | 1          0.5283  (0.0296)
  1 | 2          0.0343  (0.0155)
  2 | 2          0.9657  (0.0155)

* P(E|YSTG) *

  1 | 1 1 1 1    0.1964  (0.0310)
  1 | 1 1 1 2    0.1031  (0.0213)
  1 | 1 1 1 3    0.1573  (0.0294)
  1 | 1 1 2 1    0.1964  (0.0310)
  1 | 1 1 2 2    0.1031  (0.0213)
  1 | 1 1 2 3    0.1573  (0.0294)
  1 | 1 2 1 1    0.1964  (0.0310)
  1 | 1 2 1 2    0.1031  (0.0213)
  1 | 1 2 1 3    0.1573  (0.0294)
  1 | 1 2 2 1    0.1964  (0.0310)
  1 | 1 2 2 2    0.1031  (0.0213)
  1 | 1 2 2 3    0.1573  (0.0294)
  2 | 1 1 1 1    0.8036  (0.0310)
  2 | 1 1 1 2    0.8969  (0.0213)
  2 | 1 1 1 3    0.8427  (0.0294)
  2 | 1 1 2 1    0.8036  (0.0310)
  2 | 1 1 2 2    0.8969  (0.0213)
  2 | 1 1 2 3    0.8427  (0.0294)
  2 | 1 2 1 1    0.8036  (0.0310)
  2 | 1 2 1 2    0.8969  (0.0213)
  2 | 1 2 1 3    0.8427  (0.0294)
  2 | 1 2 2 1    0.8036  (0.0310)
  2 | 1 2 2 2    0.8969  (0.0213)
  2 | 1 2 2 3    0.8427  (0.0294)
  1 | 2 1 1 1    0.7040  (0.0383)
  1 | 2 1 1 2    0.5279  (0.0434)
  1 | 2 1 1 3    0.6449  (0.0404)
  1 | 2 1 2 1    0.7040  (0.0383)
  1 | 2 1 2 2    0.5279  (0.0434)
  1 | 2 1 2 3    0.6449  (0.0404)
  1 | 2 2 1 1    0.7040  (0.0383)
  1 | 2 2 1 2    0.5279  (0.0434)
  1 | 2 2 1 3    0.6449  (0.0404)
  1 | 2 2 2 1    0.7040  (0.0383)
  1 | 2 2 2 2    0.5279  (0.0434)
  1 | 2 2 2 3    0.6449  (0.0404)
  2 | 2 1 1 1    0.2960  (0.0383)
  2 | 2 1 1 2    0.4721  (0.0434)
  2 | 2 1 1 3    0.3551  (0.0404)
  2 | 2 1 2 1    0.2960  (0.0383)
  2 | 2 1 2 2    0.4721  (0.0434)
  2 | 2 1 2 3    0.3551  (0.0404)
  2 | 2 2 1 1    0.2960  (0.0383)
  2 | 2 2 1 2    0.4721  (0.0434)
  2 | 2 2 1 3    0.3551  (0.0404)
  2 | 2 2 2 1    0.2960  (0.0383)
  2 | 2 2 2 2    0.4721  (0.0434)
  2 | 2 2 2 3    0.3551  (0.0404)

* P(C|YZSTG) *

  1 | 1 1 1 1 1    0.6161  (0.0288)
  1 | 1 1 1 1 2    0.3746  (0.0336)
  1 | 1 1 1 1 3    0.3395  (0.0441)
  1 | 1 1 1 2 1    0.6161  (0.0288)
  1 | 1 1 1 2 2    0.3746  (0.0336)
  1 | 1 1 1 2 3    0.3395  (0.0441)
  1 | 1 1 2 1 1    0.6161  (0.0288)
  1 | 1 1 2 1 2    0.3746  (0.0336)
  1 | 1 1 2 1 3    0.3395  (0.0441)
  1 | 1 1 2 2 1    0.6161  (0.0288)
  1 | 1 1 2 2 2    0.3746  (0.0336)
  1 | 1 1 2 2 3    0.3395  (0.0441)
  2 | 1 1 1 1 1    0.3839  (0.0288)
  2 | 1 1 1 1 2    0.6254  (0.0336)
  2 | 1 1 1 1 3    0.6605  (0.0441)
  2 | 1 1 1 2 1    0.3839  (0.0288)
  2 | 1 1 1 2 2    0.6254  (0.0336)
  2 | 1 1 1 2 3    0.6605  (0.0441)
  2 | 1 1 2 1 1    0.3839  (0.0288)
  2 | 1 1 2 1 2    0.6254  (0.0336)
  2 | 1 1 2 1 3    0.6605  (0.0441)
  2 | 1 1 2 2 1    0.3839  (0.0288)
  2 | 1 1 2 2 2    0.6254  (0.0336)
  2 | 1 1 2 2 3    0.6605  (0.0441)
  1 | 1 2 1 1 1    0.3727  (0.0377)
  1 | 1 2 1 1 2    0.1815  (0.0224)
  1 | 1 2 1 1 3    0.1598  (0.0201)
  1 | 1 2 1 2 1    0.3727  (0.0377)
  1 | 1 2 1 2 2    0.1815  (0.0224)
  1 | 1 2 1 2 3    0.1598  (0.0201)
  1 | 1 2 2 1 1    0.3727  (0.0377)
  1 | 1 2 2 1 2    0.1815  (0.0224)
  1 | 1 2 2 1 3    0.1598  (0.0201)
  1 | 1 2 2 2 1    0.3727  (0.0377)
  1 | 1 2 2 2 2    0.1815  (0.0224)
  1 | 1 2 2 2 3    0.1598  (0.0201)
  2 | 1 2 1 1 1    0.6273  (0.0377)
  2 | 1 2 1 1 2    0.8185  (0.0224)
  2 | 1 2 1 1 3    0.8402  (0.0201)
  2 | 1 2 1 2 1    0.6273  (0.0377)
  2 | 1 2 1 2 2    0.8185  (0.0224)
  2 | 1 2 1 2 3    0.8402  (0.0201)
  2 | 1 2 2 1 1    0.6273  (0.0377)
  2 | 1 2 2 1 2    0.8185  (0.0224)
  2 | 1 2 2 1 3    0.8402  (0.0201)
  2 | 1 2 2 2 1    0.6273  (0.0377)
  2 | 1 2 2 2 2    0.8185  (0.0224)
  2 | 1 2 2 2 3    0.8402  (0.0201)
  1 | 2 1 1 1 1    0.6161  (0.0288)
  1 | 2 1 1 1 2    0.3746  (0.0336)
  1 | 2 1 1 1 3    0.3395  (0.0441)
  1 | 2 1 1 2 1    0.6161  (0.0288)
  1 | 2 1 1 2 2    0.3746  (0.0336)
  1 | 2 1 1 2 3    0.3395  (0.0441)
  1 | 2 1 2 1 1    0.6161  (0.0288)
  1 | 2 1 2 1 2    0.3746  (0.0336)
  1 | 2 1 2 1 3    0.3395  (0.0441)
  1 | 2 1 2 2 1    0.6161  (0.0288)
  1 | 2 1 2 2 2    0.3746  (0.0336)
  1 | 2 1 2 2 3    0.3395  (0.0441)
  2 | 2 1 1 1 1    0.3839  (0.0288)
  2 | 2 1 1 1 2    0.6254  (0.0336)
  2 | 2 1 1 1 3    0.6605  (0.0441)
  2 | 2 1 1 2 1    0.3839  (0.0288)
  2 | 2 1 1 2 2    0.6254  (0.0336)
  2 | 2 1 1 2 3    0.6605  (0.0441)
  2 | 2 1 2 1 1    0.3839  (0.0288)
  2 | 2 1 2 1 2    0.6254  (0.0336)
  2 | 2 1 2 1 3    0.6605  (0.0441)
  2 | 2 1 2 2 1    0.3839  (0.0288)
  2 | 2 1 2 2 2    0.6254  (0.0336)
  2 | 2 1 2 2 3    0.6605  (0.0441)
  1 | 2 2 1 1 1    0.3727  (0.0377)
  1 | 2 2 1 1 2    0.1815  (0.0224)
  1 | 2 2 1 1 3    0.1598  (0.0201)
  1 | 2 2 1 2 1    0.3727  (0.0377)
  1 | 2 2 1 2 2    0.1815  (0.0224)
  1 | 2 2 1 2 3    0.1598  (0.0201)
  1 | 2 2 2 1 1    0.3727  (0.0377)
  1 | 2 2 2 1 2    0.1815  (0.0224)
  1 | 2 2 2 1 3    0.1598  (0.0201)
  1 | 2 2 2 2 1    0.3727  (0.0377)
  1 | 2 2 2 2 2    0.1815  (0.0224)
  1 | 2 2 2 2 3    0.1598  (0.0201)
  2 | 2 2 1 1 1    0.6273  (0.0377)
  2 | 2 2 1 1 2    0.8185  (0.0224)
  2 | 2 2 1 1 3    0.8402  (0.0201)
  2 | 2 2 1 2 1    0.6273  (0.0377)
  2 | 2 2 1 2 2    0.8185  (0.0224)
  2 | 2 2 1 2 3    0.8402  (0.0201)
  2 | 2 2 2 1 1    0.6273  (0.0377)
  2 | 2 2 2 1 2    0.8185  (0.0224)
  2 | 2 2 2 1 3    0.8402  (0.0201)
  2 | 2 2 2 2 1    0.6273  (0.0377)
  2 | 2 2 2 2 2    0.8185  (0.0224)
  2 | 2 2 2 2 3    0.8402  (0.0201)

* P(D|Z) *

  1 | 1          0.0000  (0.0000)
  2 | 1          1.0000  (0.0000)
  1 | 2          0.9712  (0.1139)
  2 | 2          0.0288  (0.1139)



*** LATENT CLASS OUTPUT ***

          Y  1    Y  1    Y  2    Y  2
          Z  1    Z  2    Z  1    Z  2
         0.3636  0.1516  0.2045  0.2804
  A  1   0.2902  0.2902  0.6406  0.6406
  A  2   0.7098  0.7098  0.3594  0.3594
  B  1   0.4717  0.4717  0.0343  0.0343
  B  2   0.5283  0.5283  0.9657  0.9657
  C  1   0.4666  0.1981  0.4866  0.2073
  C  2   0.5334  0.8019  0.5134  0.7927
  D  1   0.0000  0.9712  0.0000  0.9712
  D  2   1.0000  0.0288  1.0000  0.0288
  E  1   0.1524  0.1430  0.6366  0.6178
  E  2   0.8476  0.8570  0.3634  0.3822
  S  1   0.5555  0.5083  0.3357  0.3274
  S  2   0.4445  0.4917  0.6643  0.6726
  T  1   0.7311  0.5871  0.1441  0.0827
  T  2   0.2689  0.4129  0.8559  0.9173
  G  1   0.4105  0.1423  0.4912  0.1895
  G  2   0.3863  0.3659  0.3192  0.3273
  G  3   0.2032  0.4918  0.1896  0.4832

E = 0.1291, lambda = 0.7971
