LEM: log-linear and event history analysis with missing data.
Developed by Jeroen Vermunt (c), Tilburg University, The Netherlands.
Version 1.0 (September 18, 1997).


*** INPUT ***

  lat 1
man 5
dim 2 2 2 2 2 3
lab Y A B E S G
mod SG Y|SG {SG SY GY} A|Y B|Y E|Y
ite 10000
dat [5 4 6 5 3 1 15 22 10 9 18 6 31 25 27 47 49 65 24 36 21 29 40 34 7 5 2 7 1 6 26 38 29 23 29 23 24 11 14 38 21 36 51 47 28 34 59 65]
see 259



*** STATISTICS ***

  Number of iterations = 165
  Converge criterion   = 0.0000009882
  Seed random values   = 259

  X-squared            = 47.3636 (0.0393)
  L-squared            = 49.5951 (0.0244)
  Cressie-Read         = 47.7053 (0.0366)
  Dissimilarity index  = 0.0753
  Degrees of freedom   = 32
  Log-likelihood       = -4187.37670
  Number of parameters = 15 (+1)
  Sample size          = 1156.0
  BIC(L-squared)       = -176.0920
  AIC(L-squared)       = -14.4049
  BIC(log-likelihood)  = 8480.5442
  AIC(log-likelihood)  = 8404.7534

  Eigenvalues information matrix
    1367.8067  1177.6225  1169.9165  1066.6816   866.9758   855.8714
     602.2428   520.1020   485.5498   409.4447   370.9609   184.5685
     164.3826    40.2360    15.1123




*** FREQUENCIES ***

  A B E S G     observed  estimated  std. res.
  1 1 1 1 1       5.000      3.538      0.777
  1 1 1 1 2       4.000      3.141      0.485
  1 1 1 1 3       6.000      2.615      2.093
  1 1 1 2 1       5.000      4.400      0.286
  1 1 1 2 2       3.000      4.351     -0.648
  1 1 1 2 3       1.000      5.348     -1.880
  1 1 2 1 1      15.000     14.110      0.237
  1 1 2 1 2      22.000     17.496      1.077
  1 1 2 1 3      10.000     10.767     -0.234
  1 1 2 2 1       9.000     10.630     -0.500
  1 1 2 2 2      18.000     16.375      0.402
  1 1 2 2 3       6.000     13.436     -2.029
  1 2 1 1 1      31.000     33.995     -0.514
  1 2 1 1 2      25.000     22.531      0.520
  1 2 1 1 3      27.000     24.609      0.482
  1 2 1 2 1      47.000     52.910     -0.812
  1 2 1 2 2      49.000     43.299      0.866
  1 2 1 2 3      65.000     63.505      0.188
  1 2 2 1 1      24.000     29.544     -1.020
  1 2 2 1 2      36.000     31.153      0.868
  1 2 2 1 3      21.000     22.172     -0.249
  1 2 2 2 1      29.000     29.883     -0.161
  1 2 2 2 2      40.000     35.361      0.780
  1 2 2 2 3      34.000     36.830     -0.466
  2 1 1 1 1       7.000      4.198      1.367
  2 1 1 1 2       5.000      4.598      0.188
  2 1 1 1 3       2.000      3.162     -0.654
  2 1 1 2 1       7.000      4.008      1.494
  2 1 1 2 2       1.000      4.991     -1.787
  2 1 1 2 3       6.000      4.962      0.466
  2 1 2 1 1      26.000     28.827     -0.527
  2 1 2 1 2      38.000     36.369      0.271
  2 1 2 1 3      29.000     22.039      1.483
  2 1 2 2 1      23.000     20.847      0.471
  2 1 2 2 2      29.000     33.330     -0.750
  2 1 2 2 3      23.000     26.459     -0.672
  2 2 1 1 1      24.000     21.752      0.482
  2 2 1 1 2      11.000     16.445     -1.343
  2 2 1 1 3      14.000     15.884     -0.473
  2 2 1 2 1      38.000     31.033      1.251
  2 2 1 2 2      21.000     27.308     -1.207
  2 2 1 2 3      36.000     37.416     -0.231
  2 2 2 1 1      51.000     47.035      0.578
  2 2 2 1 2      47.000     56.267     -1.235
  2 2 2 1 3      28.000     35.751     -1.296
  2 2 2 2 1      34.000     38.289     -0.693
  2 2 2 2 2      59.000     54.985      0.541
  2 2 2 2 3      65.000     48.045      2.446



*** PSEUDO R-SQUARED MEASURES ***

* P(Y|SG) *
                         baseline   fitted   R-squared
  entropy                 0.6818    0.6504    0.0460
  qualitative variance    0.2443    0.2294    0.0611
  classification error    0.4247    0.3750    0.1170
  -2/N*log-likelihood     1.3635    1.3008    0.0460/0.0590
  likelihood^(-2/N)       3.9099    3.6723    0.0608/0.0817

* P(A|Y) *
                         baseline   fitted   R-squared
  entropy                 0.6900    0.6364    0.0776
  qualitative variance    0.2484    0.2222    0.1056
  classification error    0.4602    0.3339    0.2745
  -2/N*log-likelihood     1.3800    1.2728    0.0776/0.0968
  likelihood^(-2/N)       3.9747    3.5709    0.1016/0.1358

* P(B|Y) *
                         baseline   fitted   R-squared
  entropy                 0.5725    0.4866    0.1501
  qualitative variance    0.1922    0.1632    0.1506
  classification error    0.2595    0.2595    0.0000
  -2/N*log-likelihood     1.1451    0.9732    0.1501/0.1467
  likelihood^(-2/N)       3.1428    2.6464    0.1579/0.2316

* P(E|Y) *
                         baseline   fitted   R-squared
  entropy                 0.6644    0.4153    0.3749
  qualitative variance    0.2357    0.1270    0.4615
  classification error    0.3806    0.1559    0.5903
  -2/N*log-likelihood     1.3287    0.8306    0.3749/0.3325
  likelihood^(-2/N)       3.7763    2.2947    0.3923/0.5336



*** LOG-LINEAR PARAMETERS ***

* TABLE SG [or P(SG)] *

  effect           beta  std err  z-value   exp(beta)     Wald  df  prob
  S 
   1            -0.1248   0.0298   -4.183      0.8826 
   2             0.1248                        1.1330    17.49   1 0.000
  G 
   1            -0.0133   0.0422   -0.316      0.9868 
   2             0.0682   0.0414    1.648      1.0706 
   3            -0.0549                        0.9466     2.99   2 0.225
  SG 
   1 1           0.1008   0.0422    2.390      1.1061 
   1 2           0.0462   0.0414    1.117      1.0473 
   1 3          -0.1471                        0.8632 
   2 1          -0.1008                        0.9041 
   2 2          -0.0462                        0.9548 
   2 3           0.1471                        1.1585    12.15   2 0.002

* TABLE YSG [or P(Y|SG)] *

  effect           beta  std err  z-value   exp(beta)     Wald  df  prob
  Y 
   1            -0.1816   0.1309   -1.387      0.8339 
   2             0.1816                        1.1992     1.92   1 0.165
  YS 
   1 1          -0.2043   0.0465   -4.396      0.8152 
   1 2           0.2043                        1.2267 
   2 1           0.2043                        1.2267 
   2 2          -0.2043                        0.8152    19.33   1 0.000
  YG 
   1 1           0.1287   0.0612    2.102      1.1373 
   1 2          -0.2278   0.0605   -3.767      0.7963 
   1 3           0.0991                        1.1042 
   2 1          -0.1287                        0.8793 
   2 2           0.2278                        1.2558 
   2 3          -0.0991                        0.9056    14.22   2 0.001

* TABLE YA [or P(A|Y)] *

  effect           beta  std err  z-value   exp(beta)     Wald  df  prob
  A 
   1            -0.0339   0.0535   -0.633      0.9667 
   2             0.0339                        1.0345     0.40   1 0.527
  YA 
   1 1           0.3406   0.0465    7.317      1.4057 
   1 2          -0.3406                        0.7114 
   2 1          -0.3406                        0.7114 
   2 2           0.3406                        1.4057    53.54   1 0.000

* TABLE YB [or P(B|Y)] *

  effect           beta  std err  z-value   exp(beta)     Wald  df  prob
  B 
   1            -0.7768   0.1338   -5.807      0.4599 
   2             0.7768                        2.1746    33.72   1 0.000
  YB 
   1 1          -0.5859   0.1293   -4.533      0.5566 
   1 2           0.5859                        1.7967 
   2 1           0.5859                        1.7967 
   2 2          -0.5859                        0.5566    20.55   1 0.000

* TABLE YE [or P(E|Y)] *

  effect           beta  std err  z-value   exp(beta)     Wald  df  prob
  E 
   1            -0.2626   0.1609   -1.633      0.7690 
   2             0.2626                        1.3003     2.67   1 0.103
  YE 
   1 1           0.8515   0.1375    6.192      2.3431 
   1 2          -0.8515                        0.4268 
   2 1          -0.8515                        0.4268 
   2 2           0.8515                        2.3431    38.33   1 0.000



*** (CONDITIONAL) PROBABILITIES ***

* P(SG) *

  1 1            0.1583  (0.0107)
  1 2            0.1626  (0.0109)
  1 3            0.1185  (0.0095)
  2 1            0.1661  (0.0109)
  2 2            0.1903  (0.0115)
  2 3            0.2042  (0.0119)

* P(Y|SG) *

  1 | 1 1        0.3741  (0.0744)
  1 | 1 2        0.2266  (0.0533)
  1 | 1 3        0.3604  (0.0708)
  1 | 2 1        0.5751  (0.0747)
  1 | 2 2        0.3989  (0.0693)
  1 | 2 3        0.5606  (0.0722)
  2 | 1 1        0.6259  (0.0744)
  2 | 1 2        0.7734  (0.0533)
  2 | 1 3        0.6396  (0.0708)
  2 | 2 1        0.4249  (0.0747)
  2 | 2 2        0.6011  (0.0693)
  2 | 2 3        0.4394  (0.0722)

* P(A|Y) *

  1 | 1          0.6487  (0.0344)
  2 | 1          0.3513  (0.0344)
  1 | 2          0.3211  (0.0288)
  2 | 2          0.6789  (0.0288)

* P(B|Y) *

  1 | 1          0.0615  (0.0293)
  2 | 1          0.9385  (0.0293)
  1 | 2          0.4057  (0.0327)
  2 | 2          0.5943  (0.0327)

* P(E|Y) *

  1 | 1          0.7645  (0.0694)
  2 | 1          0.2355  (0.0694)
  1 | 2          0.0972  (0.0402)
  2 | 2          0.9028  (0.0402)



*** LATENT CLASS OUTPUT ***

          Y  1    Y  2
         0.4247  0.5753
  A  1   0.6487  0.3211
  A  2   0.3513  0.6789
  B  1   0.0615  0.4057
  B  2   0.9385  0.5943
  E  1   0.7645  0.0972
  E  2   0.2355  0.9028
  S  1   0.3268  0.5226
  S  2   0.6732  0.4774
  G  1   0.3644  0.2949
  G  2   0.2655  0.4175
  G  3   0.3701  0.2877

E = 0.1446, lambda = 0.6595
