LEM: log-linear and event history analysis with missing data.
Developed by Jeroen Vermunt (c), Tilburg University, The Netherlands.
Version 1.0 (September 18, 1997).


*** INPUT ***

  lat 1
man 5
dim 2 2 2 2 2 3
lab Y A B E S G
mod SG Y|SG {SG SY GY} A|Y B|Y E|Y
ite 10000
dat [5 4 6 5 3 1 15 22 10 9 18 6 31 25 27 47 49 65 24 36 21 29 40 34 7 5 2 7 1 6 26 38 29 23 29 23 24 11 14 38 21 36 51 47 28 34 59 65]
see 884



*** STATISTICS ***

  Number of iterations = 196
  Converge criterion   = 0.0000009805
  Seed random values   = 884

  X-squared            = 47.3640 (0.0393)
  L-squared            = 49.5951 (0.0244)
  Cressie-Read         = 47.7056 (0.0366)
  Dissimilarity index  = 0.0753
  Degrees of freedom   = 32
  Log-likelihood       = -4187.37670
  Number of parameters = 15 (+1)
  Sample size          = 1156.0
  BIC(L-squared)       = -176.0920
  AIC(L-squared)       = -14.4049
  BIC(log-likelihood)  = 8480.5442
  AIC(log-likelihood)  = 8404.7534

  Eigenvalues information matrix
    1367.8067  1176.2875  1169.9168  1065.9209   866.9756   856.2748
     602.3552   520.2796   485.8486   409.4446   370.9609   184.6273
     164.4761    40.4515    15.1345




*** FREQUENCIES ***

  A B E S G     observed  estimated  std. res.
  1 1 1 1 1       5.000      3.541      0.775
  1 1 1 1 2       4.000      3.139      0.486
  1 1 1 1 3       6.000      2.617      2.091
  1 1 1 2 1       5.000      4.408      0.282
  1 1 1 2 2       3.000      4.354     -0.649
  1 1 1 2 3       1.000      5.357     -1.882
  1 1 2 1 1      15.000     14.104      0.239
  1 1 2 1 2      22.000     17.493      1.077
  1 1 2 1 3      10.000     10.763     -0.233
  1 1 2 2 1       9.000     10.623     -0.498
  1 1 2 2 2      18.000     16.369      0.403
  1 1 2 2 3       6.000     13.429     -2.027
  1 2 1 1 1      31.000     34.001     -0.515
  1 2 1 1 2      25.000     22.534      0.519
  1 2 1 1 3      27.000     24.611      0.482
  1 2 1 2 1      47.000     52.894     -0.810
  1 2 1 2 2      49.000     43.296      0.867
  1 2 1 2 3      65.000     63.483      0.190
  1 2 2 1 1      24.000     29.547     -1.020
  1 2 2 1 2      36.000     31.145      0.870
  1 2 2 1 3      21.000     22.173     -0.249
  1 2 2 2 1      29.000     29.901     -0.165
  1 2 2 2 2      40.000     35.366      0.779
  1 2 2 2 3      34.000     36.851     -0.470
  2 1 1 1 1       7.000      4.193      1.371
  2 1 1 1 2       5.000      4.589      0.192
  2 1 1 1 3       2.000      3.158     -0.652
  2 1 1 2 1       7.000      4.008      1.495
  2 1 1 2 2       1.000      4.986     -1.785
  2 1 1 2 3       6.000      4.961      0.466
  2 1 2 1 1      26.000     28.832     -0.527
  2 1 2 1 2      38.000     36.393      0.266
  2 1 2 1 3      29.000     22.046      1.481
  2 1 2 2 1      23.000     20.842      0.473
  2 1 2 2 2      29.000     33.340     -0.752
  2 1 2 2 3      23.000     26.455     -0.672
  2 2 1 1 1      24.000     21.759      0.480
  2 2 1 1 2      11.000     16.441     -1.342
  2 2 1 1 3      14.000     15.887     -0.473
  2 2 1 2 1      38.000     31.043      1.249
  2 2 1 2 2      21.000     27.313     -1.208
  2 2 1 2 3      36.000     37.426     -0.233
  2 2 2 1 1      51.000     47.023      0.580
  2 2 2 1 2      47.000     56.265     -1.235
  2 2 2 1 3      28.000     35.744     -1.295
  2 2 2 2 1      34.000     38.282     -0.692
  2 2 2 2 2      59.000     54.977      0.543
  2 2 2 2 3      65.000     48.038      2.447



*** PSEUDO R-SQUARED MEASURES ***

* P(Y|SG) *
                         baseline   fitted   R-squared
  entropy                 0.6820    0.6506    0.0460
  qualitative variance    0.2444    0.2295    0.0611
  classification error    0.4254    0.3751    0.1181
  -2/N*log-likelihood     1.3639    1.3012    0.0460/0.0590
  likelihood^(-2/N)       3.9115    3.6737    0.0608/0.0817

* P(A|Y) *
                         baseline   fitted   R-squared
  entropy                 0.6900    0.6364    0.0777
  qualitative variance    0.2484    0.2222    0.1056
  classification error    0.4602    0.3339    0.2744
  -2/N*log-likelihood     1.3800    1.2728    0.0777/0.0968
  likelihood^(-2/N)       3.9747    3.5708    0.1016/0.1358

* P(B|Y) *
                         baseline   fitted   R-squared
  entropy                 0.5725    0.4866    0.1501
  qualitative variance    0.1922    0.1632    0.1507
  classification error    0.2595    0.2595   -0.0000
  -2/N*log-likelihood     1.1451    0.9732    0.1501/0.1467
  likelihood^(-2/N)       3.1428    2.6465    0.1579/0.2316

* P(E|Y) *
                         baseline   fitted   R-squared
  entropy                 0.6644    0.4153    0.3749
  qualitative variance    0.2357    0.1270    0.4613
  classification error    0.3806    0.1561    0.5899
  -2/N*log-likelihood     1.3287    0.8307    0.3749/0.3325
  likelihood^(-2/N)       3.7763    2.2948    0.3923/0.5336



*** LOG-LINEAR PARAMETERS ***

* TABLE SG [or P(SG)] *

  effect           beta  std err  z-value   exp(beta)     Wald  df  prob
  S 
   1            -0.1248   0.0298   -4.183      0.8826 
   2             0.1248                        1.1330    17.49   1 0.000
  G 
   1            -0.0133   0.0422   -0.316      0.9868 
   2             0.0682   0.0414    1.648      1.0706 
   3            -0.0549                        0.9466     2.99   2 0.225
  SG 
   1 1           0.1008   0.0422    2.390      1.1061 
   1 2           0.0462   0.0414    1.117      1.0473 
   1 3          -0.1471                        0.8632 
   2 1          -0.1008                        0.9041 
   2 2          -0.0462                        0.9548 
   2 3           0.1471                        1.1585    12.15   2 0.002

* TABLE YSG [or P(Y|SG)] *

  effect           beta  std err  z-value   exp(beta)     Wald  df  prob
  Y 
   1            -0.1801   0.1308   -1.376      0.8352 
   2             0.1801                        1.1973     1.89   1 0.169
  YS 
   1 1          -0.2043   0.0465   -4.397      0.8153 
   1 2           0.2043                        1.2266 
   2 1           0.2043                        1.2266 
   2 2          -0.2043                        0.8153    19.33   1 0.000
  YG 
   1 1           0.1287   0.0612    2.104      1.1374 
   1 2          -0.2278   0.0605   -3.769      0.7963 
   1 3           0.0991                        1.1042 
   2 1          -0.1287                        0.8792 
   2 2           0.2278                        1.2559 
   2 3          -0.0991                        0.9057    14.23   2 0.001

* TABLE YA [or P(A|Y)] *

  effect           beta  std err  z-value   exp(beta)     Wald  df  prob
  A 
   1            -0.0344   0.0535   -0.643      0.9662 
   2             0.0344                        1.0350     0.41   1 0.520
  YA 
   1 1           0.3405   0.0465    7.317      1.4057 
   1 2          -0.3405                        0.7114 
   2 1          -0.3405                        0.7114 
   2 2           0.3405                        1.4057    53.54   1 0.000

* TABLE YB [or P(B|Y)] *

  effect           beta  std err  z-value   exp(beta)     Wald  df  prob
  B 
   1            -0.7756   0.1333   -5.820      0.4604 
   2             0.7756                        2.1718    33.87   1 0.000
  YB 
   1 1          -0.5852   0.1288   -4.545      0.5570 
   1 2           0.5852                        1.7953 
   2 1           0.5852                        1.7953 
   2 2          -0.5852                        0.5570    20.65   1 0.000

* TABLE YE [or P(E|Y)] *

  effect           beta  std err  z-value   exp(beta)     Wald  df  prob
  E 
   1            -0.2645   0.1609   -1.643      0.7676 
   2             0.2645                        1.3028     2.70   1 0.100
  YE 
   1 1           0.8516   0.1376    6.188      2.3434 
   1 2          -0.8516                        0.4267 
   2 1          -0.8516                        0.4267 
   2 2           0.8516                        2.3434    38.29   1 0.000



*** (CONDITIONAL) PROBABILITIES ***

* P(SG) *

  1 1            0.1583  (0.0107)
  1 2            0.1626  (0.0109)
  1 3            0.1185  (0.0095)
  2 1            0.1661  (0.0109)
  2 2            0.1903  (0.0115)
  2 3            0.2042  (0.0119)

* P(Y|SG) *

  1 | 1 1        0.3749  (0.0744)
  1 | 1 2        0.2272  (0.0534)
  1 | 1 3        0.3611  (0.0708)
  1 | 2 1        0.5759  (0.0746)
  1 | 2 2        0.3996  (0.0693)
  1 | 2 3        0.5613  (0.0722)
  2 | 1 1        0.6251  (0.0744)
  2 | 1 2        0.7728  (0.0534)
  2 | 1 3        0.6389  (0.0708)
  2 | 2 1        0.4241  (0.0746)
  2 | 2 2        0.6004  (0.0693)
  2 | 2 3        0.4387  (0.0722)

* P(A|Y) *

  1 | 1          0.6485  (0.0344)
  2 | 1          0.3515  (0.0344)
  1 | 2          0.3209  (0.0288)
  2 | 2          0.6791  (0.0288)

* P(B|Y) *

  1 | 1          0.0617  (0.0293)
  2 | 1          0.9383  (0.0293)
  1 | 2          0.4059  (0.0328)
  2 | 2          0.5941  (0.0328)

* P(E|Y) *

  1 | 1          0.7639  (0.0692)
  2 | 1          0.2361  (0.0692)
  1 | 2          0.0969  (0.0402)
  2 | 2          0.9031  (0.0402)



*** LATENT CLASS OUTPUT ***

          Y  1    Y  2
         0.4254  0.5746
  A  1   0.6485  0.3209
  A  2   0.3515  0.6791
  B  1   0.0617  0.4059
  B  2   0.9383  0.5941
  E  1   0.7639  0.0969
  E  2   0.2361  0.9031
  S  1   0.3270  0.5227
  S  2   0.6730  0.4773
  G  1   0.3644  0.2948
  G  2   0.2656  0.4176
  G  3   0.3700  0.2876

E = 0.1447, lambda = 0.6598
