LEM: log-linear and event history analysis with missing data.
Developed by Jeroen Vermunt (c), Tilburg University, The Netherlands.
Version 1.0 (September 18, 1997).


*** INPUT ***

  lat 1
man 5
dim 2 2 2 2 2 3
lab Y A B E S G
mod SG Y|SG {SG Y} A|Y B|Y E|Y
ite 10000
dat [5 4 6 5 3 1 15 22 10 9 18 6 31 25 27 47 49 65 24 36 21 29 40 34 7 5 2 7 1 6 26 38 29 23 29 23 24 11 14 38 21 36 51 47 28 34 59 65]
see 299



*** STATISTICS ***

  Number of iterations = 268
  Converge criterion   = 0.0000009986
  Seed random values   = 299

  X-squared            = 84.2427 (0.0000)
  L-squared            = 88.4077 (0.0000)
  Cressie-Read         = 85.0335 (0.0000)
  Dissimilarity index  = 0.1051
  Degrees of freedom   = 35
  Log-likelihood       = -4206.78305
  Number of parameters = 12 (+1)
  Sample size          = 1156.0
  BIC(L-squared)       = -158.4375
  AIC(L-squared)       = 18.4077
  BIC(log-likelihood)  = 8498.1988
  AIC(log-likelihood)  = 8437.5661

  Eigenvalues information matrix
    1367.8068  1192.0474  1169.9167  1061.7000   866.9756   821.9033
     465.5548   409.4445   370.9609   145.7574    37.0621    12.9624




*** FREQUENCIES ***

  A B E S G     observed  estimated  std. res.
  1 1 1 1 1       5.000      3.801      0.615
  1 1 1 1 2       4.000      3.905      0.048
  1 1 1 1 3       6.000      2.846      1.870
  1 1 1 2 1       5.000      3.988      0.507
  1 1 1 2 2       3.000      4.570     -0.734
  1 1 1 2 3       1.000      4.902     -1.762
  1 1 2 1 1      15.000     12.659      0.658
  1 1 2 1 2      22.000     13.005      2.494
  1 1 2 1 3      10.000      9.477      0.170
  1 1 2 2 1       9.000     13.282     -1.175
  1 1 2 2 2      18.000     15.219      0.713
  1 1 2 2 3       6.000     16.325     -2.555
  1 2 1 1 1      31.000     38.624     -1.227
  1 2 1 1 2      25.000     39.679     -2.330
  1 2 1 1 3      27.000     28.915     -0.356
  1 2 1 2 1      47.000     40.524      1.017
  1 2 1 2 2      49.000     46.433      0.377
  1 2 1 2 3      65.000     49.810      2.152
  1 2 2 1 1      24.000     29.134     -0.951
  1 2 2 1 2      36.000     29.930      1.110
  1 2 2 1 3      21.000     21.810     -0.174
  1 2 2 2 1      29.000     30.566     -0.283
  1 2 2 2 2      40.000     35.024      0.841
  1 2 2 2 3      34.000     37.571     -0.583
  2 1 1 1 1       7.000      4.430      1.221
  2 1 1 1 2       5.000      4.551      0.210
  2 1 1 1 3       2.000      3.317     -0.723
  2 1 1 2 1       7.000      4.648      1.091
  2 1 1 2 2       1.000      5.326     -1.874
  2 1 1 2 3       6.000      5.713      0.120
  2 1 2 1 1      26.000     26.601     -0.117
  2 1 2 1 2      38.000     27.328      2.042
  2 1 2 1 3      29.000     19.914      2.036
  2 1 2 2 1      23.000     27.909     -0.929
  2 1 2 2 2      29.000     31.979     -0.527
  2 1 2 2 3      23.000     34.305     -1.930
  2 2 1 1 1      24.000     22.799      0.252
  2 2 1 1 2      11.000     23.421     -2.567
  2 2 1 1 3      14.000     17.068     -0.743
  2 2 1 2 1      38.000     23.920      2.879
  2 2 1 2 2      21.000     27.408     -1.224
  2 2 1 2 3      36.000     29.401      1.217
  2 2 2 1 1      51.000     44.952      0.902
  2 2 2 1 2      47.000     46.181      0.121
  2 2 2 1 3      28.000     33.653     -0.974
  2 2 2 2 1      34.000     47.163     -1.917
  2 2 2 2 2      59.000     54.041      0.675
  2 2 2 2 3      65.000     57.971      0.923



*** PSEUDO R-SQUARED MEASURES ***

* P(Y|SG) *
                         baseline   fitted   R-squared
  entropy                 0.6774    0.6774   -0.0000
  qualitative variance    0.2422    0.2422   -0.0000
  classification error    0.4114    0.4114   -0.0000
  -2/N*log-likelihood     1.3548    1.3548   -0.0000/-0.0000
  likelihood^(-2/N)       3.8758    3.8758   -0.0000/-0.0000

* P(A|Y) *
                         baseline   fitted   R-squared
  entropy                 0.6900    0.6264    0.0922
  qualitative variance    0.2484    0.2174    0.1250
  classification error    0.4602    0.3195    0.3057
  -2/N*log-likelihood     1.3800    1.2527    0.0922/0.1129
  likelihood^(-2/N)       3.9747    3.4998    0.1195/0.1596

* P(B|Y) *
                         baseline   fitted   R-squared
  entropy                 0.5725    0.4887    0.1465
  qualitative variance    0.1922    0.1642    0.1457
  classification error    0.2595    0.2595   -0.0000
  -2/N*log-likelihood     1.1451    0.9774    0.1465/0.1436
  likelihood^(-2/N)       3.1428    2.6574    0.1544/0.2265

* P(E|Y) *
                         baseline   fitted   R-squared
  entropy                 0.6644    0.4303    0.3522
  qualitative variance    0.2357    0.1324    0.4386
  classification error    0.3806    0.1624    0.5734
  -2/N*log-likelihood     1.3287    0.8607    0.3522/0.3188
  likelihood^(-2/N)       3.7763    2.3648    0.3738/0.5084



*** LOG-LINEAR PARAMETERS ***

* TABLE SG [or P(SG)] *

  effect           beta  std err  z-value   exp(beta)     Wald  df  prob
  S 
   1            -0.1248   0.0298   -4.183      0.8826 
   2             0.1248                        1.1330    17.49   1 0.000
  G 
   1            -0.0133   0.0422   -0.316      0.9868 
   2             0.0682   0.0414    1.648      1.0706 
   3            -0.0549                        0.9466     2.99   2 0.225
  SG 
   1 1           0.1008   0.0422    2.390      1.1061 
   1 2           0.0462   0.0414    1.117      1.0473 
   1 3          -0.1471                        0.8632 
   2 1          -0.1008                        0.9041 
   2 2          -0.0462                        0.9548 
   2 3           0.1471                        1.1585    12.15   2 0.002

* TABLE YSG [or P(Y|SG)] *

  effect           beta  std err  z-value   exp(beta)     Wald  df  prob
  Y 
   1            -0.1790   0.1489   -1.202      0.8361 
   2             0.1790                        1.1960     1.44   1 0.229

* TABLE YA [or P(A|Y)] *

  effect           beta  std err  z-value   exp(beta)     Wald  df  prob
  A 
   1            -0.0185   0.0661   -0.281      0.9816 
   2             0.0185                        1.0187     0.08   1 0.779
  YA 
   1 1           0.3748   0.0535    7.003      1.4548 
   1 2          -0.3748                        0.6874 
   2 1          -0.3748                        0.6874 
   2 2           0.3748                        1.4548    49.05   1 0.000

* TABLE YB [or P(B|Y)] *

  effect           beta  std err  z-value   exp(beta)     Wald  df  prob
  B 
   1            -0.7925   0.1457   -5.440      0.4527 
   2             0.7925                        2.2088    29.59   1 0.000
  YB 
   1 1          -0.5885   0.1282   -4.590      0.5552 
   1 2           0.5885                        1.8013 
   2 1           0.5885                        1.8013 
   2 2          -0.5885                        0.5552    21.07   1 0.000

* TABLE YE [or P(E|Y)] *

  effect           beta  std err  z-value   exp(beta)     Wald  df  prob
  E 
   1            -0.2228   0.1765   -1.262      0.8002 
   2             0.2228                        1.2496     1.59   1 0.207
  YE 
   1 1           0.8136   0.1338    6.080      2.2559 
   1 2          -0.8136                        0.4433 
   2 1          -0.8136                        0.4433 
   2 2           0.8136                        2.2559    36.97   1 0.000



*** (CONDITIONAL) PROBABILITIES ***

* P(SG) *

  1 1            0.1583  (0.0107)
  1 2            0.1626  (0.0109)
  1 3            0.1185  (0.0095)
  2 1            0.1661  (0.0109)
  2 2            0.1903  (0.0115)
  2 3            0.2042  (0.0119)

* P(Y|SG) *

  1 | 1 1        0.4114  (0.0721)
  1 | 1 2        0.4114  (0.0721)
  1 | 1 3        0.4114  (0.0721)
  1 | 2 1        0.4114  (0.0721)
  1 | 2 2        0.4114  (0.0721)
  1 | 2 3        0.4114  (0.0721)
  2 | 1 1        0.5886  (0.0721)
  2 | 1 2        0.5886  (0.0721)
  2 | 1 3        0.5886  (0.0721)
  2 | 2 1        0.5886  (0.0721)
  2 | 2 2        0.5886  (0.0721)
  2 | 2 3        0.5886  (0.0721)

* P(A|Y) *

  1 | 1          0.6710  (0.0384)
  2 | 1          0.3290  (0.0384)
  1 | 2          0.3129  (0.0357)
  2 | 2          0.6871  (0.0357)

* P(B|Y) *

  1 | 1          0.0594  (0.0295)
  2 | 1          0.9406  (0.0295)
  1 | 2          0.3994  (0.0359)
  2 | 2          0.6006  (0.0359)

* P(E|Y) *

  1 | 1          0.7652  (0.0839)
  2 | 1          0.2348  (0.0839)
  1 | 2          0.1118  (0.0414)
  2 | 2          0.8882  (0.0414)



*** LATENT CLASS OUTPUT ***

          Y  1    Y  2
         0.4114  0.5886
  A  1   0.6710  0.3129
  A  2   0.3290  0.6871
  B  1   0.0594  0.3994
  B  2   0.9406  0.6006
  E  1   0.7652  0.1118
  E  2   0.2348  0.8882
  S  1   0.4394  0.4394
  S  2   0.5606  0.5606
  G  1   0.3244  0.3244
  G  2   0.3529  0.3529
  G  3   0.3227  0.3227

E = 0.1505, lambda = 0.6342
