LEM: log-linear and event history analysis with missing data.
Developed by Jeroen Vermunt (c), Tilburg University, The Netherlands.
Version 1.0 (September 18, 1997).


*** INPUT ***

  lat 2
man 8
dim 2 2 2 2 2 2 2 2 2 3
lab Y Z A B C D E S T G
mod SG T|SG {SG ST GT} Y|SGT {SGT STY GY} 
      Z|SGTY {SGTY TZ GZ YZ} A|Y B|Y E|Y C|Z D|Z
ite 10000
dat [0 0 0 0 0 1 0 0 1 0 1 0 0 1 0 0 1 0 0 0 0 0 1 0 4 0 0 1 0 1 1 0 0 2 1 0 6 3 1 3 1 1 4 4 1 1 1 0 0 0 1 0 2 1 0 0 0 0 0 0 2 3 0 0 2 2 0 3 2 0 4 1 0 1 1 0 1 1 2 1 0 0 0 0 4 7 4 0 4 2 4 2 0 0 3 2 0 1 0 8 1 2 1 0 0 5 3 7 0 1 0 3 5 3 0 0 1 1 2 2 2 0 1 9 4 2 8 3 0 12 6 1 10 3 1 6 2 1 7 3 1 11 6 3 0 1 0 2 10 13 3 2 2 8 21 47 0 3 1 1 11 10 2 1 5 4 13 17 1 1 2 9 7 7 3 3 0 7 11 8 1 4 0 3 7 5 1 9 1 3 6 4 0 0 0 1 0 1 0 0 0 1 0 0 1 3 2 0 0 2 0 3 0 0 0 1 2 1 0 0 0 0 2 1 0 1 0 1 11 6 5 2 4 0 13 7 4 1 1 1 1 1 0 0 0 1 1 0 0 0 0 3 1 5 10 1 0 5 0 2 4 1 4 5 3 2 0 0 1 0 2 0 2 0 0 0 10 17 4 0 3 1 5 7 4 3 5 4 0 0 0 3 0 1 0 2 0 4 2 4 1 3 0 0 2 1 1 1 3 2 0 2 2 1 0 7 0 3 6 0 1 8 4 1 13 7 1 10 4 3 9 8 6 4 6 9 0 1 0 3 4 6 4 0 6 6 4 15 5 7 4 2 7 8 2 6 9 3 15 24 6 1 1 3 4 3 3 4 4 7 5 5 14 8 6 6 9 5 7 6 8 6 17 4]
see 104



*** STATISTICS ***

  Number of iterations = 130
  Converge criterion   = 0.0000009982
  Seed random values   = 104

  X-squared            = 418.1517 (0.0096)
  L-squared            = 424.9414 (0.0051)
  Cressie-Read         = 400.4650 (0.0412)
  Dissimilarity index  = 0.2048
  Degrees of freedom   = 353
  Log-likelihood       = -6233.89059
  Number of parameters = 30 (+1)
  Sample size          = 1156.0
  BIC(L-squared)       = -2064.6692
  AIC(L-squared)       = -281.0586
  BIC(log-likelihood)  = 12679.3628
  AIC(log-likelihood)  = 12527.7812

  Eigenvalues information matrix
    1367.8066  1171.5175  1169.9164  1108.2652  1103.6564  1077.3308
    1013.0442   955.1982   869.3793   866.9763   732.8489   649.9277
     466.2915   445.7288   409.4447   406.7946   381.9025   381.2088
     370.9612   321.9175   253.0933   225.8073   174.6559   143.2094
      79.6345    75.5346    33.8891    30.0056    25.5465     3.8349




*** FREQUENCIES ***

  A B C D E S T G     observed  estimated  std. res.
  1 1 1 1 1 1 1 1       0.000      0.138     -0.371
  1 1 1 1 1 1 1 2       0.000      0.135     -0.367
  1 1 1 1 1 1 1 3       0.000      0.084     -0.290
  1 1 1 1 1 1 2 1       0.000      0.088     -0.296
  1 1 1 1 1 1 2 2       0.000      0.144     -0.379
  1 1 1 1 1 1 2 3       1.000      0.139      2.310
  1 1 1 1 1 2 1 1       0.000      0.108     -0.329
  1 1 1 1 1 2 1 2       0.000      0.122     -0.350
  1 1 1 1 1 2 1 3       1.000      0.106      2.744
  1 1 1 1 1 2 2 1       0.000      0.109     -0.331
  1 1 1 1 1 2 2 2       1.000      0.192      1.842
  1 1 1 1 1 2 2 3       0.000      0.260     -0.510
  1 1 1 1 2 1 1 1       0.000      0.789     -0.888
  1 1 1 1 2 1 1 2       1.000      0.779      0.250
  1 1 1 1 2 1 1 3       0.000      0.487     -0.698
  1 1 1 1 2 1 2 1       0.000      0.165     -0.407
  1 1 1 1 2 1 2 2       1.000      0.454      0.810
  1 1 1 1 2 1 2 3       0.000      0.384     -0.620
  1 1 1 1 2 2 1 1       0.000      0.467     -0.684
  1 1 1 1 2 2 1 2       0.000      0.633     -0.795
  1 1 1 1 2 2 1 3       0.000      0.525     -0.725
  1 1 1 1 2 2 2 1       0.000      0.165     -0.407
  1 1 1 1 2 2 2 2       1.000      0.501      0.704
  1 1 1 1 2 2 2 3       0.000      0.585     -0.765
  1 1 1 2 1 1 1 1       4.000      0.944      3.146
  1 1 1 2 1 1 1 2       0.000      0.647     -0.804
  1 1 1 2 1 1 1 3       0.000      0.221     -0.471
  1 1 1 2 1 1 2 1       1.000      0.457      0.804
  1 1 1 2 1 1 2 2       0.000      0.383     -0.619
  1 1 1 2 1 1 2 3       1.000      0.162      2.078
  1 1 1 2 1 2 1 1       1.000      0.703      0.354
  1 1 1 2 1 2 1 2       0.000      0.550     -0.742
  1 1 1 2 1 2 1 3       0.000      0.250     -0.500
  1 1 1 2 1 2 2 1       2.000      0.555      1.938
  1 1 1 2 1 2 2 2       1.000      0.465      0.786
  1 1 1 2 1 2 2 3       0.000      0.274     -0.524
  1 1 1 2 2 1 1 1       6.000      5.425      0.247
  1 1 1 2 2 1 1 2       3.000      3.759     -0.392
  1 1 1 2 2 1 1 3       1.000      1.287     -0.253
  1 1 1 2 2 1 2 1       3.000      1.019      1.962
  1 1 1 2 2 1 2 2       1.000      1.654     -0.509
  1 1 1 2 2 1 2 3       1.000      0.657      0.424
  1 1 1 2 2 2 1 1       4.000      3.192      0.452
  1 1 1 2 2 2 1 2       4.000      3.031      0.557
  1 1 1 2 2 2 1 3       1.000      1.370     -0.316
  1 1 1 2 2 2 2 1       1.000      0.994      0.006
  1 1 1 2 2 2 2 2       1.000      1.776     -0.582
  1 1 1 2 2 2 2 3       0.000      0.963     -0.981
  1 1 2 1 1 1 1 1       0.000      0.162     -0.403
  1 1 2 1 1 1 1 2       0.000      0.368     -0.607
  1 1 2 1 1 1 1 3       1.000      0.371      1.032
  1 1 2 1 1 1 2 1       0.000      0.214     -0.462
  1 1 2 1 1 1 2 2       2.000      0.629      1.729
  1 1 2 1 1 1 2 3       1.000      0.766      0.268
  1 1 2 1 1 2 1 1       0.000      0.156     -0.395
  1 1 2 1 1 2 1 2       0.000      0.365     -0.604
  1 1 2 1 1 2 1 3       0.000      0.489     -0.699
  1 1 2 1 1 2 2 1       0.000      0.278     -0.527
  1 1 2 1 1 2 2 2       0.000      0.877     -0.937
  1 1 2 1 1 2 2 3       0.000      1.458     -1.208
  1 1 2 1 2 1 1 1       2.000      0.918      1.129
  1 1 2 1 2 1 1 2       3.000      2.125      0.601
  1 1 2 1 2 1 1 3       0.000      2.140     -1.463
  1 1 2 1 2 1 2 1       0.000      0.282     -0.531
  1 1 2 1 2 1 2 2       2.000      1.647      0.275
  1 1 2 1 2 1 2 3       2.000      1.958      0.030
  1 1 2 1 2 2 1 1       0.000      0.561     -0.749
  1 1 2 1 2 2 1 2       3.000      1.743      0.952
  1 1 2 1 2 2 1 3       2.000      2.319     -0.209
  1 1 2 1 2 2 2 1       0.000      0.302     -0.549
  1 1 2 1 2 2 2 2       4.000      1.857      1.572
  1 1 2 1 2 2 2 3       1.000      3.010     -1.159
  1 1 2 2 1 1 1 1       0.000      0.802     -0.896
  1 1 2 2 1 1 1 2       1.000      0.618      0.486
  1 1 2 2 1 1 1 3       1.000      0.276      1.376
  1 1 2 2 1 1 2 1       0.000      0.424     -0.651
  1 1 2 2 1 1 2 2       1.000      0.475      0.763
  1 1 2 2 1 1 2 3       1.000      0.333      1.155
  1 1 2 2 1 2 1 1       2.000      0.607      1.787
  1 1 2 2 1 2 1 2       1.000      0.539      0.627
  1 1 2 2 1 2 1 3       0.000      0.331     -0.575
  1 1 2 2 1 2 2 1       0.000      0.520     -0.721
  1 1 2 2 1 2 2 2       0.000      0.606     -0.778
  1 1 2 2 1 2 2 3       0.000      0.607     -0.779
  1 1 2 2 2 1 1 1       4.000      4.609     -0.284
  1 1 2 2 2 1 1 2       7.000      3.587      1.802
  1 1 2 2 2 1 1 3       4.000      1.601      1.895
  1 1 2 2 2 1 2 1       0.000      0.895     -0.946
  1 1 2 2 2 1 2 2       4.000      1.767      1.680
  1 1 2 2 2 1 2 3       2.000      1.046      0.932
  1 1 2 2 2 2 1 1       4.000      2.717      0.778
  1 1 2 2 2 2 1 2       2.000      2.900     -0.529
  1 1 2 2 2 2 1 3       0.000      1.716     -1.310
  1 1 2 2 2 2 2 1       0.000      0.879     -0.938
  1 1 2 2 2 2 2 2       3.000      1.921      0.779
  1 1 2 2 2 2 2 3       2.000      1.572      0.342
  1 2 1 1 1 1 1 1       0.000      0.227     -0.476
  1 2 1 1 1 1 1 2       1.000      0.177      1.953
  1 2 1 1 1 1 1 3       0.000      0.117     -0.343
  1 2 1 1 1 1 2 1       8.000      1.977      4.283
  1 2 1 1 1 1 2 2       1.000      2.247     -0.832
  1 2 1 1 1 1 2 3       2.000      2.468     -0.298
  1 2 1 1 1 2 1 1       1.000      1.003     -0.003
  1 2 1 1 1 2 1 2       0.000      0.578     -0.760
  1 2 1 1 1 2 1 3       0.000      0.625     -0.790
  1 2 1 1 1 2 2 1       5.000      2.687      1.411
  1 2 1 1 1 2 2 2       3.000      3.577     -0.305
  1 2 1 1 1 2 2 3       7.000      5.359      0.709
  1 2 1 1 2 1 1 1       0.000      0.934     -0.966
  1 2 1 1 2 1 1 2       1.000      0.896      0.110
  1 2 1 1 2 1 1 3       0.000      0.564     -0.751
  1 2 1 1 2 1 2 1       3.000      1.271      1.533
  1 2 1 1 2 1 2 2       5.000      1.717      2.506
  1 2 1 1 2 1 2 3       3.000      1.768      0.926
  1 2 1 1 2 2 1 1       0.000      1.037     -1.018
  1 2 1 1 2 2 1 2       0.000      0.970     -0.985
  1 2 1 1 2 2 1 3       1.000      0.886      0.122
  1 2 1 1 2 2 2 1       1.000      1.667     -0.517
  1 2 1 1 2 2 2 2       2.000      2.507     -0.320
  1 2 1 1 2 2 2 3       2.000      3.585     -0.837
  1 2 1 2 1 1 1 1       2.000      1.465      0.442
  1 2 1 2 1 1 1 2       0.000      0.787     -0.887
  1 2 1 2 1 1 1 3       1.000      0.271      1.399
  1 2 1 2 1 1 2 1       9.000      9.435     -0.142
  1 2 1 2 1 1 2 2       4.000      3.566      0.230
  1 2 1 2 1 1 2 3       2.000      1.756      0.184
  1 2 1 2 1 2 1 1       8.000      5.716      0.955
  1 2 1 2 1 2 1 2       3.000      1.578      1.132
  1 2 1 2 1 2 1 3       0.000      0.759     -0.871
  1 2 1 2 1 2 2 1      12.000     12.803     -0.224
  1 2 1 2 1 2 2 2       6.000      5.576      0.179
  1 2 1 2 1 2 2 3       1.000      3.757     -1.422
  1 2 1 2 2 1 1 1      10.000      6.368      1.439
  1 2 1 2 2 1 1 2       3.000      4.285     -0.621
  1 2 1 2 2 1 1 3       1.000      1.468     -0.386
  1 2 1 2 2 1 2 1       6.000      6.301     -0.120
  1 2 1 2 2 1 2 2       2.000      3.680     -0.876
  1 2 1 2 2 1 2 3       1.000      1.651     -0.506
  1 2 1 2 2 2 1 1       7.000      6.452      0.216
  1 2 1 2 2 2 1 2       3.000      3.981     -0.492
  1 2 1 2 2 2 1 3       1.000      1.825     -0.611
  1 2 1 2 2 2 2 1      11.000      8.152      0.997
  1 2 1 2 2 2 2 2       6.000      4.925      0.484
  1 2 1 2 2 2 2 3       3.000      3.079     -0.045
  1 2 2 1 1 1 1 1       0.000      0.337     -0.580
  1 2 2 1 1 1 1 2       1.000      0.537      0.632
  1 2 2 1 1 1 1 3       0.000      0.545     -0.738
  1 2 2 1 1 1 2 1       2.000      5.472     -1.484
  1 2 2 1 1 1 2 2      10.000     11.665     -0.488
  1 2 2 1 1 1 2 3      13.000     14.459     -0.384
  1 2 2 1 1 2 1 1       3.000      2.068      0.648
  1 2 2 1 1 2 1 2       2.000      2.497     -0.314
  1 2 2 1 1 2 1 3       2.000      3.421     -0.768
  1 2 2 1 1 2 2 1       8.000      7.453      0.200
  1 2 2 1 1 2 2 2      21.000     18.653      0.543
  1 2 2 1 1 2 2 3      47.000     31.439      2.775
  1 2 2 1 2 1 1 1       0.000      1.127     -1.062
  1 2 2 1 2 1 1 2       3.000      2.473      0.335
  1 2 2 1 2 1 1 3       1.000      2.493     -0.946
  1 2 2 1 2 1 2 1       1.000      3.338     -1.280
  1 2 2 1 2 1 2 2      11.000      8.187      0.983
  1 2 2 1 2 1 2 3      10.000     10.062     -0.019
  1 2 2 1 2 2 1 1       2.000      1.726      0.208
  1 2 2 1 2 2 1 2       1.000      3.175     -1.221
  1 2 2 1 2 2 1 3       5.000      4.279      0.348
  1 2 2 1 2 2 2 1       4.000      4.463     -0.219
  1 2 2 1 2 2 2 2      13.000     12.297      0.201
  1 2 2 1 2 2 2 3      17.000     20.602     -0.794
  1 2 2 2 1 1 1 1       1.000      1.268     -0.238
  1 2 2 2 1 1 1 2       1.000      0.775      0.255
  1 2 2 2 1 1 1 3       2.000      0.363      2.720
  1 2 2 2 1 1 2 1       9.000      9.040     -0.013
  1 2 2 2 1 1 2 2       7.000      5.956      0.428
  1 2 2 2 1 1 2 3       7.000      5.239      0.769
  1 2 2 2 1 2 1 1       3.000      5.147     -0.946
  1 2 2 2 1 2 1 2       3.000      1.931      0.770
  1 2 2 2 1 2 1 3       0.000      1.516     -1.231
  1 2 2 2 1 2 2 1       7.000     12.275     -1.506
  1 2 2 2 1 2 2 2      11.000      9.423      0.514
  1 2 2 2 1 2 2 3       8.000     11.342     -0.992
  1 2 2 2 2 1 1 1       1.000      5.423     -1.899
  1 2 2 2 2 1 1 2       4.000      4.103     -0.051
  1 2 2 2 2 1 1 3       0.000      1.841     -1.357
  1 2 2 2 2 1 2 1       3.000      5.954     -1.211
  1 2 2 2 2 1 2 2       7.000      5.128      0.827
  1 2 2 2 2 1 2 3       5.000      3.991      0.505
  1 2 2 2 2 2 1 1       1.000      5.649     -1.956
  1 2 2 2 2 2 1 2       9.000      4.044      2.465
  1 2 2 2 2 2 1 3       1.000      2.601     -0.993
  1 2 2 2 2 2 2 1       3.000      7.741     -1.704
  1 2 2 2 2 2 2 2       6.000      7.217     -0.453
  1 2 2 2 2 2 2 3       4.000      7.929     -1.395
  2 1 1 1 1 1 1 1       0.000      0.325     -0.570
  2 1 1 1 1 1 1 2       0.000      0.321     -0.566
  2 1 1 1 1 1 1 3       0.000      0.201     -0.448
  2 1 1 1 1 1 2 1       1.000      0.089      3.044
  2 1 1 1 1 1 2 2       0.000      0.211     -0.459
  2 1 1 1 1 1 2 3       1.000      0.184      1.899
  2 1 1 1 1 2 1 1       0.000      0.202     -0.450
  2 1 1 1 1 2 1 2       0.000      0.265     -0.515
  2 1 1 1 1 2 1 3       0.000      0.222     -0.471
  2 1 1 1 1 2 2 1       1.000      0.097      2.893
  2 1 1 1 1 2 2 2       0.000      0.245     -0.495
  2 1 1 1 1 2 2 3       0.000      0.298     -0.546
  2 1 1 1 2 1 1 1       1.000      1.888     -0.646
  2 1 1 1 2 1 1 2       3.000      1.867      0.830
  2 1 1 1 2 1 1 3       2.000      1.167      0.771
  2 1 1 1 2 1 2 1       0.000      0.327     -0.571
  2 1 1 1 2 1 2 2       0.000      1.011     -1.006
  2 1 1 1 2 1 2 3       2.000      0.835      1.276
  2 1 1 1 2 2 1 1       0.000      1.087     -1.043
  2 1 1 1 2 2 1 2       3.000      1.501      1.224
  2 1 1 1 2 2 1 3       0.000      1.240     -1.114
  2 1 1 1 2 2 2 1       0.000      0.301     -0.549
  2 1 1 1 2 2 2 2       0.000      1.077     -1.038
  2 1 1 1 2 2 2 3       1.000      1.214     -0.194
  2 1 1 2 1 1 1 1       2.000      2.236     -0.158
  2 1 1 2 1 1 1 2       1.000      1.547     -0.440
  2 1 1 2 1 1 1 3       0.000      0.530     -0.728
  2 1 1 2 1 1 2 1       0.000      0.521     -0.722
  2 1 1 2 1 1 2 2       0.000      0.716     -0.846
  2 1 1 2 1 1 2 3       0.000      0.288     -0.537
  2 1 1 2 1 2 1 1       2.000      1.369      0.539
  2 1 1 2 1 2 1 2       1.000      1.258     -0.230
  2 1 1 2 1 2 1 3       0.000      0.569     -0.754
  2 1 1 2 1 2 2 1       1.000      0.548      0.611
  2 1 1 2 1 2 2 2       0.000      0.788     -0.888
  2 1 1 2 1 2 2 3       1.000      0.436      0.855
  2 1 1 2 2 1 1 1      11.000     12.989     -0.552
  2 1 1 2 2 1 1 2       6.000      9.009     -1.002
  2 1 1 2 2 1 1 3       5.000      3.083      1.092
  2 1 1 2 2 1 2 1       2.000      2.112     -0.077
  2 1 1 2 2 1 2 2       4.000      3.849      0.077
  2 1 1 2 2 1 2 3       0.000      1.515     -1.231
  2 1 1 2 2 2 1 1      13.000      7.468      2.024
  2 1 1 2 2 2 1 2       7.000      7.229     -0.085
  2 1 1 2 2 2 1 3       4.000      3.267      0.406
  2 1 1 2 2 2 2 1       1.000      1.929     -0.669
  2 1 1 2 2 2 2 2       1.000      4.070     -1.522
  2 1 1 2 2 2 2 3       1.000      2.181     -0.800
  2 1 2 1 1 1 1 1       1.000      0.379      1.008
  2 1 2 1 1 1 1 2       1.000      0.875      0.133
  2 1 2 1 1 1 1 3       0.000      0.882     -0.939
  2 1 2 1 1 1 2 1       0.000      0.176     -0.420
  2 1 2 1 1 1 2 2       0.000      0.803     -0.896
  2 1 2 1 1 1 2 3       1.000      0.961      0.040
  2 1 2 1 1 2 1 1       1.000      0.252      1.489
  2 1 2 1 1 2 1 2       0.000      0.741     -0.861
  2 1 2 1 1 2 1 3       0.000      0.987     -0.993
  2 1 2 1 1 2 2 1       0.000      0.206     -0.454
  2 1 2 1 1 2 2 2       0.000      0.966     -0.983
  2 1 2 1 1 2 2 3       3.000      1.579      1.131
  2 1 2 1 2 1 1 1       1.000      2.195     -0.806
  2 1 2 1 2 1 1 2       5.000      5.088     -0.039
  2 1 2 1 2 1 1 3      10.000      5.124      2.154
  2 1 2 1 2 1 2 1       1.000      0.483      0.744
  2 1 2 1 2 1 2 2       0.000      3.541     -1.882
  2 1 2 1 2 1 2 3       5.000      4.189      0.396
  2 1 2 1 2 2 1 1       0.000      1.273     -1.128
  2 1 2 1 2 2 1 2       2.000      4.100     -1.037
  2 1 2 1 2 2 1 3       4.000      5.451     -0.622
  2 1 2 1 2 2 2 1       1.000      0.458      0.800
  2 1 2 1 2 2 2 2       4.000      3.796      0.105
  2 1 2 1 2 2 2 3       5.000      6.108     -0.448
  2 1 2 2 1 1 1 1       3.000      1.900      0.798
  2 1 2 2 1 1 1 2       2.000      1.477      0.431
  2 1 2 2 1 1 1 3       0.000      0.659     -0.812
  2 1 2 2 1 1 2 1       0.000      0.466     -0.683
  2 1 2 2 1 1 2 2       1.000      0.789      0.238
  2 1 2 2 1 1 2 3       0.000      0.486     -0.697
  2 1 2 2 1 2 1 1       2.000      1.169      0.769
  2 1 2 2 1 2 1 2       0.000      1.208     -1.099
  2 1 2 2 1 2 1 3       2.000      0.719      1.511
  2 1 2 2 1 2 2 1       0.000      0.495     -0.704
  2 1 2 2 1 2 2 2       0.000      0.890     -0.943
  2 1 2 2 1 2 2 3       0.000      0.768     -0.877
  2 1 2 2 2 1 1 1      10.000     11.034     -0.311
  2 1 2 2 2 1 1 2      17.000      8.596      2.866
  2 1 2 2 2 1 1 3       4.000      3.837      0.083
  2 1 2 2 2 1 2 1       0.000      1.827     -1.352
  2 1 2 2 2 1 2 2       3.000      4.035     -0.515
  2 1 2 2 2 1 2 3       1.000      2.328     -0.870
  2 1 2 2 2 2 1 1       5.000      6.347     -0.535
  2 1 2 2 2 2 1 2       7.000      6.903      0.037
  2 1 2 2 2 2 1 3       4.000      4.071     -0.035
  2 1 2 2 2 2 2 1       3.000      1.674      1.025
  2 1 2 2 2 2 2 2       5.000      4.280      0.348
  2 1 2 2 2 2 2 3       4.000      3.371      0.342
  2 2 1 1 1 1 1 1       0.000      0.408     -0.639
  2 2 1 1 1 1 1 2       0.000      0.377     -0.614
  2 2 1 1 1 1 1 3       0.000      0.240     -0.489
  2 2 1 1 1 1 2 1       3.000      1.159      1.710
  2 2 1 1 1 1 2 2       0.000      1.412     -1.188
  2 2 1 1 1 1 2 3       1.000      1.510     -0.415
  2 2 1 1 1 2 1 1       0.000      0.725     -0.852
  2 2 1 1 1 2 1 2       2.000      0.548      1.963
  2 2 1 1 1 2 1 3       0.000      0.535     -0.732
  2 2 1 1 1 2 2 1       4.000      1.554      1.962
  2 2 1 1 1 2 2 2       2.000      2.170     -0.115
  2 2 1 1 1 2 2 3       4.000      3.190      0.453
  2 2 1 1 2 1 1 1       1.000      2.160     -0.789
  2 2 1 1 2 1 1 2       3.000      2.120      0.604
  2 2 1 1 2 1 1 3       0.000      1.328     -1.152
  2 2 1 1 2 1 2 1       0.000      0.980     -0.990
  2 2 1 1 2 1 2 2       2.000      1.822      0.132
  2 2 1 1 2 1 2 3       1.000      1.696     -0.534
  2 2 1 1 2 2 1 1       1.000      1.517     -0.420
  2 2 1 1 2 2 1 2       1.000      1.841     -0.620
  2 2 1 1 2 2 1 3       3.000      1.567      1.144
  2 2 1 1 2 2 2 1       2.000      1.174      0.762
  2 2 1 1 2 2 2 2       0.000      2.311     -1.520
  2 2 1 1 2 2 2 3       2.000      3.020     -0.587
  2 2 1 2 1 1 1 1       2.000      2.754     -0.454
  2 2 1 2 1 1 1 2       1.000      1.782     -0.586
  2 2 1 2 1 1 1 3       0.000      0.611     -0.782
  2 2 1 2 1 1 2 1       7.000      5.613      0.585
  2 2 1 2 1 1 2 2       0.000      2.575     -1.605
  2 2 1 2 1 1 2 3       3.000      1.212      1.624
  2 2 1 2 1 2 1 1       6.000      4.321      0.808
  2 2 1 2 1 2 1 2       0.000      1.961     -1.400
  2 2 1 2 1 2 1 3       1.000      0.912      0.092
  2 2 1 2 1 2 2 1       8.000      7.478      0.191
  2 2 1 2 1 2 2 2       4.000      3.737      0.136
  2 2 1 2 1 2 2 3       1.000      2.434     -0.919
  2 2 1 2 2 1 1 1      13.000     14.827     -0.474
  2 2 1 2 2 1 1 2       7.000     10.212     -1.005
  2 2 1 2 2 1 1 3       1.000      3.496     -1.335
  2 2 1 2 2 1 2 1      10.000      5.289      2.048
  2 2 1 2 2 1 2 2       4.000      5.374     -0.593
  2 2 1 2 2 1 2 3       3.000      2.226      0.519
  2 2 1 2 2 2 1 1       9.000     10.051     -0.331
  2 2 1 2 2 2 1 2       8.000      8.491     -0.168
  2 2 1 2 2 2 1 3       6.000      3.851      1.095
  2 2 1 2 2 2 2 1       4.000      6.142     -0.864
  2 2 1 2 2 2 2 2       6.000      6.248     -0.099
  2 2 1 2 2 2 2 3       9.000      3.588      2.857
  2 2 2 1 1 1 1 1       0.000      0.515     -0.718
  2 2 2 1 1 1 1 2       1.000      1.058     -0.056
  2 2 2 1 1 1 1 3       0.000      1.068     -1.033
  2 2 2 1 1 1 2 1       3.000      3.145     -0.082
  2 2 2 1 1 1 2 2       4.000      7.079     -1.157
  2 2 2 1 1 1 2 3       6.000      8.744     -0.928
  2 2 2 1 1 2 1 1       4.000      1.351      2.279
  2 2 2 1 1 2 1 2       0.000      2.012     -1.418
  2 2 2 1 1 2 1 3       6.000      2.732      1.977
  2 2 2 1 1 2 2 1       6.000      4.254      0.846
  2 2 2 1 1 2 2 2       4.000     11.041     -2.119
  2 2 2 1 1 2 2 3      15.000     18.567     -0.828
  2 2 2 1 2 1 1 1       5.000      2.533      1.550
  2 2 2 1 2 1 1 2       7.000      5.796      0.500
  2 2 2 1 2 1 1 3       4.000      5.839     -0.761
  2 2 2 1 2 1 2 1       2.000      2.247     -0.165
  2 2 2 1 2 1 2 2       7.000      7.569     -0.207
  2 2 2 1 2 1 2 3       8.000      9.159     -0.383
  2 2 2 1 2 2 1 1       2.000      2.056     -0.039
  2 2 2 1 2 2 1 2       6.000      5.317      0.296
  2 2 2 1 2 2 1 3       9.000      7.101      0.713
  2 2 2 1 2 2 2 1       3.000      2.840      0.095
  2 2 2 1 2 2 2 2      15.000     10.038      1.566
  2 2 2 1 2 2 2 3      24.000     16.598      1.817
  2 2 2 2 1 1 1 1       6.000      2.353      2.378
  2 2 2 2 1 1 1 2       1.000      1.714     -0.545
  2 2 2 2 1 1 1 3       1.000      0.774      0.257
  2 2 2 2 1 1 2 1       3.000      5.349     -1.016
  2 2 2 2 1 1 2 2       4.000      3.945      0.028
  2 2 2 2 1 1 2 3       3.000      3.289     -0.159
  2 2 2 2 1 2 1 1       3.000      3.835     -0.426
  2 2 2 2 1 2 1 2       4.000      2.111      1.300
  2 2 2 2 1 2 1 3       4.000      1.457      2.107
  2 2 2 2 1 2 2 1       7.000      7.143     -0.054
  2 2 2 2 1 2 2 2       5.000      5.929     -0.381
  2 2 2 2 1 2 2 3       5.000      6.871     -0.714
  2 2 2 2 2 1 1 1      14.000     12.602      0.394
  2 2 2 2 2 1 1 2       8.000      9.751     -0.561
  2 2 2 2 2 1 1 3       6.000      4.358      0.787
  2 2 2 2 2 1 2 1       6.000      4.851      0.522
  2 2 2 2 2 1 2 2       9.000      6.328      1.062
  2 2 2 2 2 1 2 3       5.000      4.215      0.382
  2 2 2 2 2 2 1 1       7.000      8.632     -0.556
  2 2 2 2 2 2 1 2       6.000      8.240     -0.780
  2 2 2 2 2 2 1 3       8.000      4.978      1.355
  2 2 2 2 2 2 2 1       6.000      5.694      0.128
  2 2 2 2 2 2 2 2      17.000      7.684      3.361
  2 2 2 2 2 2 2 3       4.000      7.279     -1.215



*** PSEUDO R-SQUARED MEASURES ***

* P(T|SG) *
                         baseline   fitted   R-squared
  entropy                 0.6759    0.6561    0.0293
  qualitative variance    0.2414    0.2320    0.0390
  classification error    0.4074    0.3892    0.0447
  -2/N*log-likelihood     1.3518    1.3122    0.0293/0.0381
  likelihood^(-2/N)       3.8645    3.7144    0.0388/0.0524

* P(Y|STG) *
                         baseline   fitted   R-squared
  entropy                 0.6924    0.4656    0.3276
  qualitative variance    0.2496    0.1544    0.3813
  classification error    0.4803    0.2205    0.5408
  -2/N*log-likelihood     1.3847    0.9311    0.3276/0.3121
  likelihood^(-2/N)       3.9938    2.5374    0.3647/0.4865

* P(Z|YSTG) *
                         baseline   fitted   R-squared
  entropy                 0.6904    0.4757    0.3110
  qualitative variance    0.2486    0.1556    0.3742
  classification error    0.4629    0.2195    0.5258
  -2/N*log-likelihood     1.3808    0.9514    0.3110/0.3004
  likelihood^(-2/N)       3.9780    2.5893    0.3491/0.4663

* P(A|Y) *
                         baseline   fitted   R-squared
  entropy                 0.6900    0.6289    0.0886
  qualitative variance    0.2484    0.2187    0.1198
  classification error    0.4602    0.3260    0.2915
  -2/N*log-likelihood     1.3800    1.2577    0.0886/0.1089
  likelihood^(-2/N)       3.9747    3.5175    0.1150/0.1537

* P(B|Y) *
                         baseline   fitted   R-squared
  entropy                 0.5725    0.4284    0.2519
  qualitative variance    0.1922    0.1446    0.2475
  classification error    0.2595    0.2595   -0.0000
  -2/N*log-likelihood     1.1451    0.8567    0.2519/0.2238
  likelihood^(-2/N)       3.1428    2.3554    0.2505/0.3675

* P(E|Y) *
                         baseline   fitted   R-squared
  entropy                 0.6644    0.5319    0.1993
  qualitative variance    0.2357    0.1764    0.2517
  classification error    0.3806    0.2519    0.3382
  -2/N*log-likelihood     1.3287    1.0639    0.1993/0.2094
  likelihood^(-2/N)       3.7763    2.8975    0.2327/0.3165

* P(C|Z) *
                         baseline   fitted   R-squared
  entropy                 0.6518    0.5571    0.1453
  qualitative variance    0.2296    0.1887    0.1780
  classification error    0.3573    0.3090    0.1352
  -2/N*log-likelihood     1.3037    1.1143    0.1453/0.1592
  likelihood^(-2/N)       3.6827    3.0473    0.1725/0.2368

* P(D|Z) *
                         baseline   fitted   R-squared
  entropy                 0.6801    0.4489    0.3400
  qualitative variance    0.2435    0.1397    0.4265
  classification error    0.4196    0.1726    0.5885
  -2/N*log-likelihood     1.3603    0.8978    0.3400/0.3162
  likelihood^(-2/N)       3.8973    2.4542    0.3703/0.4981



*** LOG-LINEAR PARAMETERS ***

* TABLE SG [or P(SG)] *

  effect           beta  std err  z-value   exp(beta)     Wald  df  prob
  S 
   1            -0.1248   0.0298   -4.183      0.8826 
   2             0.1248                        1.1330    17.49   1 0.000
  G 
   1            -0.0133   0.0422   -0.316      0.9868 
   2             0.0682   0.0414    1.648      1.0706 
   3            -0.0549                        0.9466     2.99   2 0.225
  SG 
   1 1           0.1008   0.0422    2.390      1.1061 
   1 2           0.0462   0.0414    1.117      1.0473 
   1 3          -0.1471                        0.8632 
   2 1          -0.1008                        0.9041 
   2 2          -0.0462                        0.9548 
   2 3           0.1471                        1.1585    12.15   2 0.002

* TABLE STG [or P(T|SG)] *

  effect           beta  std err  z-value   exp(beta)     Wald  df  prob
  T 
   1            -0.1851   0.0308   -6.005      0.8310 
   2             0.1851                        1.2033    36.06   1 0.000
  ST 
   1 1           0.0945   0.0307    3.077      1.0991 
   1 2          -0.0945                        0.9098 
   2 1          -0.0945                        0.9098 
   2 2           0.0945                        1.0991     9.47   1 0.002
  TG 
   1 1           0.2062   0.0429    4.803      1.2290 
   1 2           0.0228   0.0423    0.539      1.0231 
   1 3          -0.2290                        0.7953 
   2 1          -0.2062                        0.8137 
   2 2          -0.0228                        0.9774 
   2 3           0.2290                        1.2574    31.80   2 0.000

* TABLE YSTG [or P(Y|STG)] *

  effect           beta  std err  z-value   exp(beta)     Wald  df  prob
  Y 
   1             0.4332   0.2912    1.487      1.5422 
   2            -0.4332                        0.6484     2.21   1 0.137
  YS 
   1 1           0.4380   0.2452    1.786      1.5495 
   1 2          -0.4380                        0.6453 
   2 1          -0.4380                        0.6453 
   2 2           0.4380                        1.5495     3.19   1 0.074
  YT 
   1 1           0.9337   0.2551    3.661      2.5438 
   1 2          -0.9337                        0.3931 
   2 1          -0.9337                        0.3931 
   2 2           0.9337                        2.5438    13.40   1 0.000
  YG 
   1 1          -0.3143   0.0968   -3.247      0.7303 
   1 2           0.2526   0.0849    2.976      1.2873 
   1 3           0.0618                        1.0637 
   2 1           0.3143                        1.3693 
   2 2          -0.2526                        0.7768 
   2 3          -0.0618                        0.9401    12.29   2 0.002
  YST 
   1 1 1         0.3312   0.2422    1.368      1.3927 
   1 1 2        -0.3312                        0.7180 
   1 2 1        -0.3312                        0.7180 
   1 2 2         0.3312                        1.3927 
   2 1 1        -0.3312                        0.7180 
   2 1 2         0.3312                        1.3927 
   2 2 1         0.3312                        1.3927 
   2 2 2        -0.3312                        0.7180     1.87   1 0.171

* TABLE YZSTG [or P(Z|YSTG)] *

  effect           beta  std err  z-value   exp(beta)     Wald  df  prob
  Z 
   1            -0.1396   0.1449   -0.964      0.8697 
   2             0.1396                        1.1498     0.93   1 0.335
  YZ 
   1 1          -0.4023   0.1188   -3.386      0.6688 
   1 2           0.4023                        1.4952 
   2 1           0.4023                        1.4952 
   2 2          -0.4023                        0.6688    11.46   1 0.001
  ZT 
   1 1          -0.1420   0.0852   -1.668      0.8676 
   1 2           0.1420                        1.1526 
   2 1           0.1420                        1.1526 
   2 2          -0.1420                        0.8676     2.78   1 0.095
  ZG 
   1 1          -0.9248   0.1434   -6.449      0.3966 
   1 2           0.1396   0.0910    1.534      1.1498 
   1 3           0.7852                        2.1929 
   2 1           0.9248                        2.5215 
   2 2          -0.1396                        0.8697 
   2 3          -0.7852                        0.4560    53.23   2 0.000

* TABLE YA [or P(A|Y)] *

  effect           beta  std err  z-value   exp(beta)     Wald  df  prob
  A 
   1            -0.0751   0.0405   -1.853      0.9277 
   2             0.0751                        1.0780     3.43   1 0.064
  YA 
   1 1          -0.3621   0.0424   -8.530      0.6962 
   1 2           0.3621                        1.4363 
   2 1           0.3621                        1.4363 
   2 2          -0.3621                        0.6962    72.76   1 0.000

* TABLE YB [or P(B|Y)] *

  effect           beta  std err  z-value   exp(beta)     Wald  df  prob
  B 
   1            -0.8780   0.1347   -6.520      0.4156 
   2             0.8780                        2.4062    42.51   1 0.000
  YB 
   1 1           0.8163   0.1274    6.408      2.2620 
   1 2          -0.8163                        0.4421 
   2 1          -0.8163                        0.4421 
   2 2           0.8163                        2.2620    41.06   1 0.000

* TABLE YE [or P(E|Y)] *

  effect           beta  std err  z-value   exp(beta)     Wald  df  prob
  E 
   1            -0.3033   0.0596   -5.090      0.7384 
   2             0.3033                        1.3543    25.91   1 0.000
  YE 
   1 1          -0.5780   0.0559  -10.338      0.5610 
   1 2           0.5780                        1.7824 
   2 1           0.5780                        1.7824 
   2 2          -0.5780                        0.5610   106.87   1 0.000

* TABLE ZC [or P(C|Z)] *

  effect           beta  std err  z-value   exp(beta)     Wald  df  prob
  C 
   1            -0.4098   0.0654   -6.265      0.6638 
   2             0.4098                        1.5065    39.25   1 0.000
  ZC 
   1 1          -0.5000   0.0597   -8.375      0.6065 
   1 2           0.5000                        1.6487 
   2 1           0.5000                        1.6487 
   2 2          -0.5000                        0.6065    70.15   1 0.000

* TABLE ZD [or P(D|Z)] *

  effect           beta  std err  z-value   exp(beta)     Wald  df  prob
  D 
   1            -0.1999   0.1069   -1.869      0.8189 
   2             0.1999                        1.2212     3.49   1 0.062
  ZD 
   1 1           0.7948   0.0936    8.495      2.2139 
   1 2          -0.7948                        0.4517 
   2 1          -0.7948                        0.4517 
   2 2           0.7948                        2.2139    72.16   1 0.000



*** (CONDITIONAL) PROBABILITIES ***

* P(SG) *

  1 1            0.1583  (0.0107)
  1 2            0.1626  (0.0109)
  1 3            0.1185  (0.0095)
  2 1            0.1661  (0.0109)
  2 2            0.1903  (0.0115)
  2 3            0.2042  (0.0119)

* P(T|SG) *

  1 | 1 1        0.5576  (0.0300)
  1 | 1 2        0.4662  (0.0298)
  1 | 1 3        0.3454  (0.0307)
  2 | 1 1        0.4424  (0.0300)
  2 | 1 2        0.5338  (0.0298)
  2 | 1 3        0.6546  (0.0307)
  1 | 2 1        0.4634  (0.0298)
  1 | 2 2        0.3744  (0.0273)
  1 | 2 3        0.2656  (0.0242)
  2 | 2 1        0.5366  (0.0298)
  2 | 2 2        0.6256  (0.0273)
  2 | 2 3        0.7344  (0.0242)

* P(Y|STG) *

  1 | 1 1 1      0.9745  (0.0498)
  1 | 1 1 2      0.9917  (0.0169)
  1 | 1 1 3      0.9878  (0.0244)
  1 | 1 2 1      0.1953  (0.0565)
  1 | 1 2 2      0.4299  (0.0762)
  1 | 1 2 3      0.3399  (0.0693)
  1 | 2 1 1      0.6380  (0.0726)
  1 | 2 1 2      0.8456  (0.0488)
  1 | 2 1 3      0.7890  (0.0610)
  1 | 2 2 1      0.1367  (0.0414)
  1 | 2 2 2      0.3298  (0.0646)
  1 | 2 2 3      0.2515  (0.0523)
  2 | 1 1 1      0.0255  (0.0498)
  2 | 1 1 2      0.0083  (0.0169)
  2 | 1 1 3      0.0122  (0.0244)
  2 | 1 2 1      0.8047  (0.0565)
  2 | 1 2 2      0.5701  (0.0762)
  2 | 1 2 3      0.6601  (0.0693)
  2 | 2 1 1      0.3620  (0.0726)
  2 | 2 1 2      0.1544  (0.0488)
  2 | 2 1 3      0.2110  (0.0610)
  2 | 2 2 1      0.8633  (0.0414)
  2 | 2 2 2      0.6702  (0.0646)
  2 | 2 2 3      0.7485  (0.0523)

* P(Z|YSTG) *

  1 | 1 1 1 1    0.0385  (0.0200)
  1 | 1 1 1 2    0.2519  (0.0660)
  1 | 1 1 1 3    0.5505  (0.0840)
  1 | 1 1 2 1    0.0660  (0.0381)
  1 | 1 1 2 2    0.3727  (0.0982)
  1 | 1 1 2 3    0.6837  (0.0894)
  1 | 1 2 1 1    0.0385  (0.0200)
  1 | 1 2 1 2    0.2519  (0.0660)
  1 | 1 2 1 3    0.5505  (0.0840)
  1 | 1 2 2 1    0.0660  (0.0381)
  1 | 1 2 2 2    0.3727  (0.0982)
  1 | 1 2 2 3    0.6837  (0.0894)
  2 | 1 1 1 1    0.9615  (0.0200)
  2 | 1 1 1 2    0.7481  (0.0660)
  2 | 1 1 1 3    0.4495  (0.0840)
  2 | 1 1 2 1    0.9340  (0.0381)
  2 | 1 1 2 2    0.6273  (0.0982)
  2 | 1 1 2 3    0.3163  (0.0894)
  2 | 1 2 1 1    0.9615  (0.0200)
  2 | 1 2 1 2    0.7481  (0.0660)
  2 | 1 2 1 3    0.4495  (0.0840)
  2 | 1 2 2 1    0.9340  (0.0381)
  2 | 1 2 2 2    0.6273  (0.0982)
  2 | 1 2 2 3    0.3163  (0.0894)
  1 | 2 1 1 1    0.1668  (0.0735)
  1 | 2 1 1 2    0.6273  (0.1298)
  1 | 2 1 1 3    0.8596  (0.0696)
  1 | 2 1 2 1    0.2611  (0.0789)
  1 | 2 1 2 2    0.7481  (0.0750)
  1 | 2 1 2 3    0.9153  (0.0332)
  1 | 2 2 1 1    0.1668  (0.0735)
  1 | 2 2 1 2    0.6273  (0.1298)
  1 | 2 2 1 3    0.8596  (0.0696)
  1 | 2 2 2 1    0.2611  (0.0789)
  1 | 2 2 2 2    0.7481  (0.0750)
  1 | 2 2 2 3    0.9153  (0.0332)
  2 | 2 1 1 1    0.8332  (0.0735)
  2 | 2 1 1 2    0.3727  (0.1298)
  2 | 2 1 1 3    0.1404  (0.0696)
  2 | 2 1 2 1    0.7389  (0.0789)
  2 | 2 1 2 2    0.2519  (0.0750)
  2 | 2 1 2 3    0.0847  (0.0332)
  2 | 2 2 1 1    0.8332  (0.0735)
  2 | 2 2 1 2    0.3727  (0.1298)
  2 | 2 2 1 3    0.1404  (0.0696)
  2 | 2 2 2 1    0.7389  (0.0789)
  2 | 2 2 2 2    0.2519  (0.0750)
  2 | 2 2 2 3    0.0847  (0.0332)

* P(A|Y) *

  1 | 1          0.2944  (0.0235)
  2 | 1          0.7056  (0.0235)
  1 | 2          0.6397  (0.0280)
  2 | 2          0.3603  (0.0280)

* P(B|Y) *

  1 | 1          0.4691  (0.0295)
  2 | 1          0.5309  (0.0295)
  1 | 2          0.0327  (0.0161)
  2 | 2          0.9673  (0.0161)

* P(E|Y) *

  1 | 1          0.1465  (0.0233)
  2 | 1          0.8535  (0.0233)
  1 | 2          0.6340  (0.0317)
  2 | 2          0.3660  (0.0317)

* P(C|Z) *

  1 | 1          0.1395  (0.0264)
  2 | 1          0.8605  (0.0264)
  1 | 2          0.5450  (0.0297)
  2 | 2          0.4550  (0.0297)

* P(D|Z) *

  1 | 1          0.7667  (0.0436)
  2 | 1          0.2333  (0.0436)
  1 | 2          0.1203  (0.0338)
  2 | 2          0.8797  (0.0338)



*** LATENT CLASS OUTPUT ***

          Y  1    Y  1    Y  2    Y  2
          Z  1    Z  2    Z  1    Z  2
         0.1592  0.3611  0.3037  0.1760
  A  1   0.2944  0.2944  0.6397  0.6397
  A  2   0.7056  0.7056  0.3603  0.3603
  B  1   0.4691  0.4691  0.0327  0.0327
  B  2   0.5309  0.5309  0.9673  0.9673
  C  1   0.1395  0.5450  0.1395  0.5450
  C  2   0.8605  0.4550  0.8605  0.4550
  D  1   0.7667  0.1203  0.7667  0.1203
  D  2   0.2333  0.8797  0.2333  0.8797
  E  1   0.1465  0.1465  0.6340  0.6340
  E  2   0.8535  0.8535  0.3660  0.3660
  S  1   0.4859  0.5584  0.3287  0.3445
  S  2   0.5141  0.4416  0.6713  0.6555
  T  1   0.5348  0.7439  0.0744  0.1767
  T  2   0.4652  0.2561  0.9256  0.8233
  G  1   0.0434  0.4267  0.1311  0.7021
  G  2   0.3936  0.4136  0.3425  0.2097
  G  3   0.5630  0.1597  0.5263  0.0882

E = 0.2206, lambda = 0.6548
