LEM: log-linear and event history analysis with missing data.
Developed by Jeroen Vermunt (c), Tilburg University, The Netherlands.
Version 1.0 (September 18, 1997).


*** INPUT ***

  lat 2
man 5
dim 2 2 2 2 2 2 2
lab Y Z A B C D E
mod YZ A|Y B|Y C|Z D|Z E|Y
ite 10000
dat [3 3 10 26 4 19 7 32 28 18 48 54 109 68 59 44 3 12 8 55 7 38 10 63 16 16 33 80 49 92 46 96]
see 190



*** STATISTICS ***

  Number of iterations = 993
  Converge criterion   = 0.0000009992
  Seed random values   = 190

  X-squared            = 19.2625 (0.3758)
  L-squared            = 19.0401 (0.3894)
  Cressie-Read         = 19.1424 (0.3831)
  Dissimilarity index  = 0.0422
  Degrees of freedom   = 18
  Log-likelihood       = -3628.49448
  Number of parameters = 13 (+1)
  Sample size          = 1156.0
  BIC(L-squared)       = -107.9088
  AIC(L-squared)       = -16.9599
  BIC(log-likelihood)  = 7348.6743
  AIC(log-likelihood)  = 7282.9890

  Eigenvalues information matrix
    1334.9956  1214.1307  1157.0620   998.3998   760.1315   628.8751
     478.1612   395.2865   176.4468    59.4910     9.2877     0.7601
       0.0006

WARNING: 1 (nearly) boundary or non-identified (log-linear) parameters



*** FREQUENCIES ***

  A B C D E     observed  estimated  std. res.
  1 1 1 1 1       3.000      1.724      0.971
  1 1 1 1 2       3.000      5.103     -0.931
  1 1 1 2 1      10.000      5.657      1.826
  1 1 1 2 2      26.000     24.647      0.273
  1 1 2 1 1       4.000      6.723     -1.050
  1 1 2 1 2      19.000     19.897     -0.201
  1 1 2 2 1       7.000      6.420      0.229
  1 1 2 2 2      32.000     27.455      0.867
  1 2 1 1 1      28.000     27.388      0.117
  1 2 1 1 2      18.000     16.925      0.261
  1 2 1 2 1      48.000     49.521     -0.216
  1 2 1 2 2      54.000     50.901      0.434
  1 2 2 1 1     109.000    106.785      0.214
  1 2 2 1 2      68.000     65.988      0.248
  1 2 2 2 1      59.000     58.807      0.025
  1 2 2 2 2      44.000     58.058     -1.845
  2 1 1 1 1       3.000      2.280      0.477
  2 1 1 1 2      12.000     10.959      0.315
  2 1 1 2 1       8.000     10.128     -0.669
  2 1 1 2 2      55.000     54.949      0.007
  2 1 2 1 1       7.000      8.888     -0.633
  2 1 2 1 2      38.000     42.726     -0.723
  2 1 2 2 1      10.000     11.321     -0.393
  2 1 2 2 2      63.000     61.121      0.240
  2 2 1 1 1      16.000     14.713      0.335
  2 2 1 1 2      16.000     19.910     -0.876
  2 2 1 2 1      33.000     33.407     -0.070
  2 2 1 2 2      80.000     84.787     -0.520
  2 2 2 1 1      49.000     57.366     -1.105
  2 2 2 1 2      92.000     77.624      1.632
  2 2 2 2 1      46.000     38.871      1.143
  2 2 2 2 2      96.000     94.949      0.108



*** PSEUDO R-SQUARED MEASURES ***

* P(A|Y) *
                         baseline   fitted   R-squared
  entropy                 0.6900    0.6187    0.1032
  qualitative variance    0.2484    0.2137    0.1396
  classification error    0.4602    0.3096    0.3272
  -2/N*log-likelihood     1.3800    1.2375    0.1032/0.1247
  likelihood^(-2/N)       3.9747    3.4469    0.1328/0.1774

* P(B|Y) *
                         baseline   fitted   R-squared
  entropy                 0.5725    0.4614    0.1941
  qualitative variance    0.1922    0.1569    0.1836
  classification error    0.2595    0.2595    0.0000
  -2/N*log-likelihood     1.1451    0.9228    0.1941/0.1819
  likelihood^(-2/N)       3.1428    2.5164    0.1993/0.2923

* P(C|Z) *
                         baseline   fitted   R-squared
  entropy                 0.6518    0.6084    0.0666
  qualitative variance    0.2296    0.2104    0.0839
  classification error    0.3573    0.3573   -0.0000
  -2/N*log-likelihood     1.3037    1.2169    0.0666/0.0798
  likelihood^(-2/N)       3.6827    3.3767    0.0831/0.1141

* P(D|Z) *
                         baseline   fitted   R-squared
  entropy                 0.6801    0.1144    0.8318
  qualitative variance    0.2435    0.0293    0.8796
  classification error    0.4196    0.0315    0.9248
  -2/N*log-likelihood     1.3603    0.2287    0.8318/0.5309
  likelihood^(-2/N)       3.8973    1.2570    0.6775/0.9113

* P(E|Y) *
                         baseline   fitted   R-squared
  entropy                 0.6644    0.4895    0.2632
  qualitative variance    0.2357    0.1567    0.3353
  classification error    0.3806    0.2017    0.4701
  -2/N*log-likelihood     1.3287    0.9791    0.2632/0.2591
  likelihood^(-2/N)       3.7763    2.6620    0.2951/0.4014



*** LOG-LINEAR PARAMETERS ***

* TABLE YZ [or P(YZ)] *

  effect           beta  std err  z-value   exp(beta)     Wald  df  prob
  Y 
   1             0.1718   0.1502    1.143      1.1874 
   2            -0.1718                        0.8422     1.31   1 0.253
  Z 
   1            -0.0508   0.2353   -0.216      0.9505 
   2             0.0508                        1.0521     0.05   1 0.829
  YZ 
   1 1          -0.2859   0.0769   -3.717      0.7513 
   1 2           0.2859                        1.3310 
   2 1           0.2859                        1.3310 
   2 2          -0.2859                        0.7513    13.82   1 0.000

* TABLE YA [or P(A|Y)] *

  effect           beta  std err  z-value   exp(beta)     Wald  df  prob
  A 
   1            -0.0116   0.0612   -0.190      0.9885 
   2             0.0116                        1.0117     0.04   1 0.850
  YA 
   1 1          -0.3989   0.0515   -7.747      0.6711 
   1 2           0.3989                        1.4901 
   2 1           0.3989                        1.4901 
   2 2          -0.3989                        0.6711    60.01   1 0.000

* TABLE YB [or P(B|Y)] *

  effect           beta  std err  z-value   exp(beta)     Wald  df  prob
  B 
   1            -0.9272   0.2237   -4.145      0.3957 
   2             0.9272                        2.5273    17.18   1 0.000
  YB 
   1 1           0.7565   0.2076    3.643      2.1307 
   1 2          -0.7565                        0.4693 
   2 1          -0.7565                        0.4693 
   2 2           0.7565                        2.1307    13.27   1 0.000

* TABLE ZC [or P(C|Z)] *

  effect           beta  std err  z-value   exp(beta)     Wald  df  prob
  C 
   1            -0.3571   0.0611   -5.844      0.6997 
   2             0.3571                        1.4291    34.15   1 0.000
  ZC 
   1 1          -0.3233   0.0610   -5.301      0.7238 
   1 2           0.3233                        1.3817 
   2 1           0.3233                        1.3817 
   2 2          -0.3233                        0.7238    28.10   1 0.000

* TABLE ZD [or P(D|Z)] *

  effect           beta  std err  z-value   exp(beta)     Wald  df  prob
  D 
   1            -2.1373   1.5786   -1.354      0.1180 
   2             2.1373                        8.4767     1.83   1 0.176
  ZD 
   1 1           3.4315   ******    *****     30.9219 
   1 2          -3.4315                        0.0323 
   2 1          -3.4315                        0.0323 
   2 2           3.4315                       30.9219     0.00   1 1.000

* TABLE YE [or P(E|Y)] *

  effect           beta  std err  z-value   exp(beta)     Wald  df  prob
  E 
   1            -0.2041   0.1098   -1.859      0.8154 
   2             0.2041                        1.2264     3.46   1 0.063
  YE 
   1 1          -0.6744   0.0840   -8.029      0.5094 
   1 2           0.6744                        1.9629 
   2 1           0.6744                        1.9629 
   2 2          -0.6744                        0.5094    64.46   1 0.000



*** (CONDITIONAL) PROBABILITIES ***

* P(YZ) *

  1 1            0.1999  (0.0570)
  1 2            0.3920  (0.0531)
  2 1            0.2512  (0.0599)
  2 2            0.1569  (0.0669)

* P(A|Y) *

  1 | 1          0.3056  (0.0290)
  2 | 1          0.6944  (0.0290)
  1 | 2          0.6845  (0.0390)
  2 | 2          0.3155  (0.0390)

* P(B|Y) *

  1 | 1          0.4155  (0.0326)
  2 | 1          0.5845  (0.0326)
  1 | 2          0.0333  (0.0275)
  2 | 2          0.9667  (0.0275)

* P(C|Z) *

  1 | 1          0.2041  (0.0183)
  2 | 1          0.7959  (0.0183)
  1 | 2          0.4831  (0.0541)
  2 | 2          0.5169  (0.0541)

* P(D|Z) *

  1 | 1          0.9301  (0.2052)
  2 | 1          0.0699  (0.2052)
  1 | 2          0.0000  (0.0000)
  2 | 2          1.0000  (0.0000)

* P(E|Y) *

  1 | 1          0.1471  (0.0351)
  2 | 1          0.8529  (0.0351)
  1 | 2          0.7192  (0.0552)
  2 | 2          0.2808  (0.0552)



*** LATENT CLASS OUTPUT ***

          Y  1    Y  1    Y  2    Y  2
          Z  1    Z  2    Z  1    Z  2
         0.1999  0.3920  0.2512  0.1569
  A  1   0.3056  0.3056  0.6845  0.6845
  A  2   0.6944  0.6944  0.3155  0.3155
  B  1   0.4155  0.4155  0.0333  0.0333
  B  2   0.5845  0.5845  0.9667  0.9667
  C  1   0.2041  0.4831  0.2041  0.4831
  C  2   0.7959  0.5169  0.7959  0.5169
  D  1   0.9301  0.0000  0.9301  0.0000
  D  2   0.0699  1.0000  0.0699  1.0000
  E  1   0.1471  0.1471  0.7192  0.7192
  E  2   0.8529  0.8529  0.2808  0.2808

E = 0.1848, lambda = 0.6960
