LEM: log-linear and event history analysis with missing data.
Developed by Jeroen Vermunt (c), Tilburg University, The Netherlands.
Version 1.0 (September 18, 1997).


*** INPUT ***

  lat 2
man 5
dim 2 2 2 2 2 2 2
lab Y Z A B C D E
mod YZ A|Y B|Y C|Z D|Z E|Y
ite 10000
dat [3 3 10 26 4 19 7 32 28 18 48 54 109 68 59 44 3 12 8 55 7 38 10 63 16 16 33 80 49 92 46 96]
see 447



*** STATISTICS ***

  Number of iterations = 1018
  Converge criterion   = 0.0000009946
  Seed random values   = 447

  X-squared            = 19.2625 (0.3758)
  L-squared            = 19.0402 (0.3894)
  Cressie-Read         = 19.1423 (0.3831)
  Dissimilarity index  = 0.0422
  Degrees of freedom   = 18
  Log-likelihood       = -3628.49449
  Number of parameters = 13 (+1)
  Sample size          = 1156.0
  BIC(L-squared)       = -107.9088
  AIC(L-squared)       = -16.9598
  BIC(log-likelihood)  = 7348.6743
  AIC(log-likelihood)  = 7282.9890

  Eigenvalues information matrix
    1334.9089  1213.6743  1156.9103   998.3881   760.1225   628.8680
     478.0175   395.1138   176.4341    59.4865     9.2855     0.7718
       0.0005

WARNING: 1 (nearly) boundary or non-identified (log-linear) parameters



*** FREQUENCIES ***

  A B C D E     observed  estimated  std. res.
  1 1 1 1 1       3.000      1.724      0.972
  1 1 1 1 2       3.000      5.104     -0.931
  1 1 1 2 1      10.000      5.657      1.826
  1 1 1 2 2      26.000     24.648      0.272
  1 1 2 1 1       4.000      6.723     -1.050
  1 1 2 1 2      19.000     19.898     -0.201
  1 1 2 2 1       7.000      6.420      0.229
  1 1 2 2 2      32.000     27.454      0.868
  1 2 1 1 1      28.000     27.389      0.117
  1 2 1 1 2      18.000     16.925      0.261
  1 2 1 2 1      48.000     49.515     -0.215
  1 2 1 2 2      54.000     50.900      0.434
  1 2 2 1 1     109.000    106.785      0.214
  1 2 2 1 2      68.000     65.987      0.248
  1 2 2 2 1      59.000     58.813      0.024
  1 2 2 2 2      44.000     58.059     -1.845
  2 1 1 1 1       3.000      2.280      0.477
  2 1 1 1 2      12.000     10.959      0.315
  2 1 1 2 1       8.000     10.129     -0.669
  2 1 1 2 2      55.000     54.952      0.007
  2 1 2 1 1       7.000      8.888     -0.633
  2 1 2 1 2      38.000     42.726     -0.723
  2 1 2 2 1      10.000     11.321     -0.393
  2 1 2 2 2      63.000     61.117      0.241
  2 2 1 1 1      16.000     14.713      0.335
  2 2 1 1 2      16.000     19.910     -0.876
  2 2 1 2 1      33.000     33.405     -0.070
  2 2 1 2 2      80.000     84.791     -0.520
  2 2 2 1 1      49.000     57.366     -1.105
  2 2 2 1 2      92.000     77.625      1.632
  2 2 2 2 1      46.000     38.873      1.143
  2 2 2 2 2      96.000     94.946      0.108



*** PSEUDO R-SQUARED MEASURES ***

* P(A|Y) *
                         baseline   fitted   R-squared
  entropy                 0.6900    0.6187    0.1032
  qualitative variance    0.2484    0.2137    0.1396
  classification error    0.4602    0.3096    0.3272
  -2/N*log-likelihood     1.3800    1.2375    0.1032/0.1247
  likelihood^(-2/N)       3.9747    3.4469    0.1328/0.1774

* P(B|Y) *
                         baseline   fitted   R-squared
  entropy                 0.5725    0.4614    0.1941
  qualitative variance    0.1922    0.1569    0.1836
  classification error    0.2595    0.2595    0.0000
  -2/N*log-likelihood     1.1451    0.9228    0.1941/0.1819
  likelihood^(-2/N)       3.1428    2.5164    0.1993/0.2923

* P(C|Z) *
                         baseline   fitted   R-squared
  entropy                 0.6518    0.6084    0.0666
  qualitative variance    0.2296    0.2103    0.0840
  classification error    0.3573    0.3573   -0.0000
  -2/N*log-likelihood     1.3037    1.2168    0.0666/0.0799
  likelihood^(-2/N)       3.6827    3.3765    0.0832/0.1141

* P(D|Z) *
                         baseline   fitted   R-squared
  entropy                 0.6801    0.1148    0.8312
  qualitative variance    0.2435    0.0295    0.8790
  classification error    0.4196    0.0317    0.9245
  -2/N*log-likelihood     1.3603    0.2296    0.8312/0.5307
  likelihood^(-2/N)       3.8973    1.2580    0.6772/0.9109

* P(E|Y) *
                         baseline   fitted   R-squared
  entropy                 0.6644    0.4895    0.2632
  qualitative variance    0.2357    0.1567    0.3353
  classification error    0.3806    0.2017    0.4701
  -2/N*log-likelihood     1.3287    0.9791    0.2632/0.2591
  likelihood^(-2/N)       3.7763    2.6620    0.2951/0.4014



*** LOG-LINEAR PARAMETERS ***

* TABLE YZ [or P(YZ)] *

  effect           beta  std err  z-value   exp(beta)     Wald  df  prob
  Y 
   1             0.1719   0.1501    1.145      1.1875 
   2            -0.1719                        0.8421     1.31   1 0.252
  Z 
   1            -0.0504   0.2347   -0.215      0.9508 
   2             0.0504                        1.0517     0.05   1 0.830
  YZ 
   1 1          -0.2860   0.0768   -3.723      0.7512 
   1 2           0.2860                        1.3311 
   2 1           0.2860                        1.3311 
   2 2          -0.2860                        0.7512    13.86   1 0.000

* TABLE YA [or P(A|Y)] *

  effect           beta  std err  z-value   exp(beta)     Wald  df  prob
  A 
   1            -0.0116   0.0612   -0.189      0.9885 
   2             0.0116                        1.0117     0.04   1 0.850
  YA 
   1 1          -0.3989   0.0515   -7.747      0.6711 
   1 2           0.3989                        1.4901 
   2 1           0.3989                        1.4901 
   2 2          -0.3989                        0.6711    60.01   1 0.000

* TABLE YB [or P(B|Y)] *

  effect           beta  std err  z-value   exp(beta)     Wald  df  prob
  B 
   1            -0.9272   0.2237   -4.144      0.3957 
   2             0.9272                        2.5274    17.18   1 0.000
  YB 
   1 1           0.7565   0.2077    3.643      2.1308 
   1 2          -0.7565                        0.4693 
   2 1          -0.7565                        0.4693 
   2 2           0.7565                        2.1308    13.27   1 0.000

* TABLE ZC [or P(C|Z)] *

  effect           beta  std err  z-value   exp(beta)     Wald  df  prob
  C 
   1            -0.3570   0.0610   -5.852      0.6998 
   2             0.3570                        1.4290    34.25   1 0.000
  ZC 
   1 1          -0.3234   0.0609   -5.310      0.7237 
   1 2           0.3234                        1.3818 
   2 1           0.3234                        1.3818 
   2 2          -0.3234                        0.7237    28.20   1 0.000

* TABLE ZD [or P(D|Z)] *

  effect           beta  std err  z-value   exp(beta)     Wald  df  prob
  D 
   1            -2.1937   1.5662   -1.401      0.1115 
   2             2.1937                        8.9683     1.96   1 0.161
  ZD 
   1 1           3.4853   ******    *****     32.6334 
   1 2          -3.4853                        0.0306 
   2 1          -3.4853                        0.0306 
   2 2           3.4853                       32.6334     0.00   1 1.000

* TABLE YE [or P(E|Y)] *

  effect           beta  std err  z-value   exp(beta)     Wald  df  prob
  E 
   1            -0.2041   0.1098   -1.859      0.8154 
   2             0.2041                        1.2264     3.45   1 0.063
  YE 
   1 1          -0.6745   0.0840   -8.029      0.5094 
   1 2           0.6745                        1.9630 
   2 1           0.6745                        1.9630 
   2 2          -0.6745                        0.5094    64.46   1 0.000



*** (CONDITIONAL) PROBABILITIES ***

* P(YZ) *

  1 1            0.2000  (0.0569)
  1 2            0.3919  (0.0530)
  2 1            0.2513  (0.0598)
  2 2            0.1568  (0.0668)

* P(A|Y) *

  1 | 1          0.3056  (0.0290)
  2 | 1          0.6944  (0.0290)
  1 | 2          0.6845  (0.0390)
  2 | 2          0.3155  (0.0390)

* P(B|Y) *

  1 | 1          0.4155  (0.0326)
  2 | 1          0.5845  (0.0326)
  1 | 2          0.0333  (0.0275)
  2 | 2          0.9667  (0.0275)

* P(C|Z) *

  1 | 1          0.2041  (0.0183)
  2 | 1          0.7959  (0.0183)
  1 | 2          0.4832  (0.0540)
  2 | 2          0.5168  (0.0540)

* P(D|Z) *

  1 | 1          0.9298  (0.2045)
  2 | 1          0.0702  (0.2045)
  1 | 2          0.0000  (0.0000)
  2 | 2          1.0000  (0.0000)

* P(E|Y) *

  1 | 1          0.1472  (0.0351)
  2 | 1          0.8528  (0.0351)
  1 | 2          0.7192  (0.0552)
  2 | 2          0.2808  (0.0552)



*** LATENT CLASS OUTPUT ***

          Y  1    Y  1    Y  2    Y  2
          Z  1    Z  2    Z  1    Z  2
         0.2000  0.3919  0.2513  0.1568
  A  1   0.3056  0.3056  0.6845  0.6845
  A  2   0.6944  0.6944  0.3155  0.3155
  B  1   0.4155  0.4155  0.0333  0.0333
  B  2   0.5845  0.5845  0.9667  0.9667
  C  1   0.2041  0.4832  0.2041  0.4832
  C  2   0.7959  0.5168  0.7959  0.5168
  D  1   0.9298  0.0000  0.9298  0.0000
  D  2   0.0702  1.0000  0.0702  1.0000
  E  1   0.1472  0.1472  0.7192  0.7192
  E  2   0.8528  0.8528  0.2808  0.2808

E = 0.1849, lambda = 0.6959
