LEM: log-linear and event history analysis with missing data.
Developed by Jeroen Vermunt (c), Tilburg University, The Netherlands.
Version 1.0 (September 18, 1997).


*** INPUT ***

  lat 2
man 5
dim 2 2 2 2 2 2 2
lab Y Z A B C D E
mod YZ A|Y B|Y C|Z D|Z E|Y
ite 10000
dat [3 3 10 26 4 19 7 32 28 18 48 54 109 68 59 44 3 12 8 55 7 38 10 63 16 16 33 80 49 92 46 96]
see 702



*** STATISTICS ***

  Number of iterations = 997
  Converge criterion   = 0.0000009998
  Seed random values   = 702

  X-squared            = 19.2625 (0.3758)
  L-squared            = 19.0402 (0.3894)
  Cressie-Read         = 19.1423 (0.3831)
  Dissimilarity index  = 0.0422
  Degrees of freedom   = 18
  Log-likelihood       = -3628.49448
  Number of parameters = 13 (+1)
  Sample size          = 1156.0
  BIC(L-squared)       = -107.9088
  AIC(L-squared)       = -16.9598
  BIC(log-likelihood)  = 7348.6743
  AIC(log-likelihood)  = 7282.9890

  Eigenvalues information matrix
    1334.9742  1214.0151  1157.0104   998.3733   760.1637   628.7706
     478.1123   395.1550   176.3046    59.5182     9.2460     0.7982
       0.0005

WARNING: 1 (nearly) boundary or non-identified (log-linear) parameters



*** FREQUENCIES ***

  A B C D E     observed  estimated  std. res.
  1 1 1 1 1       3.000      1.724      0.971
  1 1 1 1 2       3.000      5.103     -0.931
  1 1 1 2 1      10.000      5.657      1.826
  1 1 1 2 2      26.000     24.647      0.273
  1 1 2 1 1       4.000      6.723     -1.050
  1 1 2 1 2      19.000     19.898     -0.201
  1 1 2 2 1       7.000      6.420      0.229
  1 1 2 2 2      32.000     27.455      0.867
  1 2 1 1 1      28.000     27.388      0.117
  1 2 1 1 2      18.000     16.925      0.261
  1 2 1 2 1      48.000     49.520     -0.216
  1 2 1 2 2      54.000     50.900      0.434
  1 2 2 1 1     109.000    106.785      0.214
  1 2 2 1 2      68.000     65.988      0.248
  1 2 2 2 1      59.000     58.809      0.025
  1 2 2 2 2      44.000     58.058     -1.845
  2 1 1 1 1       3.000      2.280      0.477
  2 1 1 1 2      12.000     10.959      0.315
  2 1 1 2 1       8.000     10.129     -0.669
  2 1 1 2 2      55.000     54.950      0.007
  2 1 2 1 1       7.000      8.888     -0.633
  2 1 2 1 2      38.000     42.726     -0.723
  2 1 2 2 1      10.000     11.321     -0.393
  2 1 2 2 2      63.000     61.120      0.240
  2 2 1 1 1      16.000     14.713      0.335
  2 2 1 1 2      16.000     19.910     -0.876
  2 2 1 2 1      33.000     33.406     -0.070
  2 2 1 2 2      80.000     84.788     -0.520
  2 2 2 1 1      49.000     57.366     -1.105
  2 2 2 1 2      92.000     77.624      1.632
  2 2 2 2 1      46.000     38.871      1.143
  2 2 2 2 2      96.000     94.948      0.108



*** PSEUDO R-SQUARED MEASURES ***

* P(A|Y) *
                         baseline   fitted   R-squared
  entropy                 0.6900    0.6187    0.1032
  qualitative variance    0.2484    0.2137    0.1396
  classification error    0.4602    0.3096    0.3272
  -2/N*log-likelihood     1.3800    1.2375    0.1032/0.1247
  likelihood^(-2/N)       3.9747    3.4469    0.1328/0.1774

* P(B|Y) *
                         baseline   fitted   R-squared
  entropy                 0.5725    0.4614    0.1941
  qualitative variance    0.1922    0.1569    0.1836
  classification error    0.2595    0.2595    0.0000
  -2/N*log-likelihood     1.1451    0.9228    0.1941/0.1819
  likelihood^(-2/N)       3.1428    2.5164    0.1993/0.2923

* P(C|Z) *
                         baseline   fitted   R-squared
  entropy                 0.6518    0.6084    0.0666
  qualitative variance    0.2296    0.2104    0.0839
  classification error    0.3573    0.3573   -0.0000
  -2/N*log-likelihood     1.3037    1.2169    0.0666/0.0798
  likelihood^(-2/N)       3.6827    3.3766    0.0831/0.1141

* P(D|Z) *
                         baseline   fitted   R-squared
  entropy                 0.6801    0.1145    0.8317
  qualitative variance    0.2435    0.0294    0.8794
  classification error    0.4196    0.0316    0.9247
  -2/N*log-likelihood     1.3603    0.2290    0.8317/0.5308
  likelihood^(-2/N)       3.8973    1.2573    0.6774/0.9112

* P(E|Y) *
                         baseline   fitted   R-squared
  entropy                 0.6644    0.4895    0.2632
  qualitative variance    0.2357    0.1567    0.3353
  classification error    0.3806    0.2017    0.4701
  -2/N*log-likelihood     1.3287    0.9791    0.2632/0.2591
  likelihood^(-2/N)       3.7763    2.6620    0.2951/0.4014



*** LOG-LINEAR PARAMETERS ***

* TABLE YZ [or P(YZ)] *

  effect           beta  std err  z-value   exp(beta)     Wald  df  prob
  Y 
   1            -0.1718   0.1499   -1.146      0.8422 
   2             0.1718                        1.1874     1.31   1 0.252
  Z 
   1             0.0507   0.2330    0.218      1.0520 
   2            -0.0507                        0.9506     0.05   1 0.828
  YZ 
   1 1          -0.2860   0.0765   -3.739      0.7513 
   1 2           0.2860                        1.3310 
   2 1           0.2860                        1.3310 
   2 2          -0.2860                        0.7513    13.98   1 0.000

* TABLE YA [or P(A|Y)] *

  effect           beta  std err  z-value   exp(beta)     Wald  df  prob
  A 
   1            -0.0116   0.0613   -0.189      0.9885 
   2             0.0116                        1.0117     0.04   1 0.850
  YA 
   1 1           0.3989   0.0515    7.745      1.4901 
   1 2          -0.3989                        0.6711 
   2 1          -0.3989                        0.6711 
   2 2           0.3989                        1.4901    59.98   1 0.000

* TABLE YB [or P(B|Y)] *

  effect           beta  std err  z-value   exp(beta)     Wald  df  prob
  B 
   1            -0.9272   0.2241   -4.137      0.3957 
   2             0.9272                        2.5273    17.11   1 0.000
  YB 
   1 1          -0.7565   0.2080   -3.636      0.4693 
   1 2           0.7565                        2.1307 
   2 1           0.7565                        2.1307 
   2 2          -0.7565                        0.4693    13.22   1 0.000

* TABLE ZC [or P(C|Z)] *

  effect           beta  std err  z-value   exp(beta)     Wald  df  prob
  C 
   1            -0.3571   0.0607   -5.885      0.6997 
   2             0.3571                        1.4291    34.64   1 0.000
  ZC 
   1 1           0.3233   0.0606    5.331      1.3817 
   1 2          -0.3233                        0.7238 
   2 1          -0.3233                        0.7238 
   2 2           0.3233                        1.3817    28.42   1 0.000

* TABLE ZD [or P(D|Z)] *

  effect           beta  std err  z-value   exp(beta)     Wald  df  prob
  D 
   1            -2.1496   1.5609   -1.377      0.1165 
   2             2.1496                        8.5813     1.90   1 0.168
  ZD 
   1 1          -3.4431   ******    *****      0.0320 
   1 2           3.4431                       31.2829 
   2 1           3.4431                       31.2829 
   2 2          -3.4431                        0.0320     0.00   1 1.000

* TABLE YE [or P(E|Y)] *

  effect           beta  std err  z-value   exp(beta)     Wald  df  prob
  E 
   1            -0.2041   0.1099   -1.857      0.8154 
   2             0.2041                        1.2264     3.45   1 0.063
  YE 
   1 1           0.6744   0.0841    8.023      1.9629 
   1 2          -0.6744                        0.5094 
   2 1          -0.6744                        0.5094 
   2 2           0.6744                        1.9629    64.38   1 0.000



*** (CONDITIONAL) PROBABILITIES ***

* P(YZ) *

  1 1            0.1569  (0.0664)
  1 2            0.2512  (0.0595)
  2 1            0.3920  (0.0528)
  2 2            0.1999  (0.0566)

* P(A|Y) *

  1 | 1          0.6845  (0.0390)
  2 | 1          0.3155  (0.0390)
  1 | 2          0.3056  (0.0290)
  2 | 2          0.6944  (0.0290)

* P(B|Y) *

  1 | 1          0.0333  (0.0275)
  2 | 1          0.9667  (0.0275)
  1 | 2          0.4155  (0.0326)
  2 | 2          0.5845  (0.0326)

* P(C|Z) *

  1 | 1          0.4831  (0.0537)
  2 | 1          0.5169  (0.0537)
  1 | 2          0.2041  (0.0183)
  2 | 2          0.7959  (0.0183)

* P(D|Z) *

  1 | 1          0.0000  (0.0000)
  2 | 1          1.0000  (0.0000)
  1 | 2          0.9300  (0.2032)
  2 | 2          0.0700  (0.2032)

* P(E|Y) *

  1 | 1          0.7192  (0.0552)
  2 | 1          0.2808  (0.0552)
  1 | 2          0.1472  (0.0352)
  2 | 2          0.8528  (0.0352)



*** LATENT CLASS OUTPUT ***

          Y  1    Y  1    Y  2    Y  2
          Z  1    Z  2    Z  1    Z  2
         0.1569  0.2512  0.3920  0.1999
  A  1   0.6845  0.6845  0.3056  0.3056
  A  2   0.3155  0.3155  0.6944  0.6944
  B  1   0.0333  0.0333  0.4155  0.4155
  B  2   0.9667  0.9667  0.5845  0.5845
  C  1   0.4831  0.2041  0.4831  0.2041
  C  2   0.5169  0.7959  0.5169  0.7959
  D  1   0.0000  0.9300  0.0000  0.9300
  D  2   1.0000  0.0700  1.0000  0.0700
  E  1   0.7192  0.7192  0.1472  0.1472
  E  2   0.2808  0.2808  0.8528  0.8528

E = 0.1849, lambda = 0.6960
