LEM: log-linear and event history analysis with missing data.
Developed by Jeroen Vermunt (c), Tilburg University, The Netherlands.
Version 1.0 (September 18, 1997).


*** INPUT ***

  lat 2
man 5
dim 2 2 2 2 2 2 2
lab Y Z A B C D E
mod YZ A|Y B|Y C|Z D|Z E|Y
ite 10000
dat [3 3 10 26 4 19 7 32 28 18 48 54 109 68 59 44 3 12 8 55 7 38 10 63 16 16 33 80 49 92 46 96]
see 764



*** STATISTICS ***

  Number of iterations = 1031
  Converge criterion   = 0.0000009982
  Seed random values   = 764

  X-squared            = 19.2624 (0.3758)
  L-squared            = 19.0402 (0.3894)
  Cressie-Read         = 19.1423 (0.3831)
  Dissimilarity index  = 0.0422
  Degrees of freedom   = 18
  Log-likelihood       = -3628.49450
  Number of parameters = 13 (+1)
  Sample size          = 1156.0
  BIC(L-squared)       = -107.9088
  AIC(L-squared)       = -16.9598
  BIC(log-likelihood)  = 7348.6744
  AIC(log-likelihood)  = 7282.9890

  Eigenvalues information matrix
    1334.7775  1212.9486  1156.6536   998.3445   760.1405   628.8579
     477.7654   394.6761   176.2493    59.5060     9.2420     0.7877
       0.0003

WARNING: 1 (nearly) boundary or non-identified (log-linear) parameters



*** FREQUENCIES ***

  A B C D E     observed  estimated  std. res.
  1 1 1 1 1       3.000      1.724      0.972
  1 1 1 1 2       3.000      5.104     -0.931
  1 1 1 2 1      10.000      5.657      1.826
  1 1 1 2 2      26.000     24.651      0.272
  1 1 2 1 1       4.000      6.722     -1.050
  1 1 2 1 2      19.000     19.899     -0.201
  1 1 2 2 1       7.000      6.419      0.229
  1 1 2 2 2      32.000     27.453      0.868
  1 2 1 1 1      28.000     27.389      0.117
  1 2 1 1 2      18.000     16.924      0.261
  1 2 1 2 1      48.000     49.505     -0.214
  1 2 1 2 2      54.000     50.900      0.435
  1 2 2 1 1     109.000    106.785      0.214
  1 2 2 1 2      68.000     65.985      0.248
  1 2 2 2 1      59.000     58.823      0.023
  1 2 2 2 2      44.000     58.060     -1.845
  2 1 1 1 1       3.000      2.280      0.477
  2 1 1 1 2      12.000     10.959      0.314
  2 1 1 2 1       8.000     10.130     -0.669
  2 1 1 2 2      55.000     54.956      0.006
  2 1 2 1 1       7.000      8.888     -0.633
  2 1 2 1 2      38.000     42.727     -0.723
  2 1 2 2 1      10.000     11.320     -0.392
  2 1 2 2 2      63.000     61.111      0.242
  2 2 1 1 1      16.000     14.713      0.335
  2 2 1 1 2      16.000     19.910     -0.876
  2 2 1 2 1      33.000     33.401     -0.069
  2 2 1 2 2      80.000     84.797     -0.521
  2 2 2 1 1      49.000     57.365     -1.104
  2 2 2 1 2      92.000     77.625      1.632
  2 2 2 2 1      46.000     38.877      1.142
  2 2 2 2 2      96.000     94.940      0.109



*** PSEUDO R-SQUARED MEASURES ***

* P(A|Y) *
                         baseline   fitted   R-squared
  entropy                 0.6900    0.6187    0.1032
  qualitative variance    0.2484    0.2137    0.1396
  classification error    0.4602    0.3096    0.3272
  -2/N*log-likelihood     1.3800    1.2375    0.1032/0.1247
  likelihood^(-2/N)       3.9747    3.4469    0.1328/0.1774

* P(B|Y) *
                         baseline   fitted   R-squared
  entropy                 0.5725    0.4614    0.1941
  qualitative variance    0.1922    0.1569    0.1836
  classification error    0.2595    0.2595    0.0000
  -2/N*log-likelihood     1.1451    0.9228    0.1941/0.1819
  likelihood^(-2/N)       3.1428    2.5164    0.1993/0.2923

* P(C|Z) *
                         baseline   fitted   R-squared
  entropy                 0.6518    0.6084    0.0667
  qualitative variance    0.2296    0.2103    0.0841
  classification error    0.3573    0.3573   -0.0000
  -2/N*log-likelihood     1.3037    1.2168    0.0667/0.0799
  likelihood^(-2/N)       3.6827    3.3762    0.0832/0.1143

* P(D|Z) *
                         baseline   fitted   R-squared
  entropy                 0.6801    0.1154    0.8303
  qualitative variance    0.2435    0.0297    0.8781
  classification error    0.4196    0.0319    0.9239
  -2/N*log-likelihood     1.3603    0.2308    0.8303/0.5304
  likelihood^(-2/N)       3.8973    1.2596    0.6768/0.9104

* P(E|Y) *
                         baseline   fitted   R-squared
  entropy                 0.6644    0.4895    0.2632
  qualitative variance    0.2357    0.1567    0.3354
  classification error    0.3806    0.2017    0.4702
  -2/N*log-likelihood     1.3287    0.9791    0.2632/0.2591
  likelihood^(-2/N)       3.7763    2.6619    0.2951/0.4014



*** LOG-LINEAR PARAMETERS ***

* TABLE YZ [or P(YZ)] *

  effect           beta  std err  z-value   exp(beta)     Wald  df  prob
  Y 
   1            -0.1721   0.1502   -1.146      0.8419 
   2             0.1721                        1.1878     1.31   1 0.252
  Z 
   1            -0.0498   0.2341   -0.213      0.9514 
   2             0.0498                        1.0511     0.05   1 0.831
  YZ 
   1 1           0.2862   0.0768    3.725      1.3313 
   1 2          -0.2862                        0.7511 
   2 1          -0.2862                        0.7511 
   2 2           0.2862                        1.3313    13.87   1 0.000

* TABLE YA [or P(A|Y)] *

  effect           beta  std err  z-value   exp(beta)     Wald  df  prob
  A 
   1            -0.0116   0.0613   -0.189      0.9885 
   2             0.0116                        1.0117     0.04   1 0.850
  YA 
   1 1           0.3989   0.0515    7.745      1.4901 
   1 2          -0.3989                        0.6711 
   2 1          -0.3989                        0.6711 
   2 2           0.3989                        1.4901    59.98   1 0.000

* TABLE YB [or P(B|Y)] *

  effect           beta  std err  z-value   exp(beta)     Wald  df  prob
  B 
   1            -0.9273   0.2242   -4.135      0.3956 
   2             0.9273                        2.5276    17.10   1 0.000
  YB 
   1 1          -0.7565   0.2081   -3.635      0.4693 
   1 2           0.7565                        2.1309 
   2 1           0.7565                        2.1309 
   2 2          -0.7565                        0.4693    13.21   1 0.000

* TABLE ZC [or P(C|Z)] *

  effect           beta  std err  z-value   exp(beta)     Wald  df  prob
  C 
   1            -0.3569   0.0609   -5.858      0.6999 
   2             0.3569                        1.4288    34.31   1 0.000
  ZC 
   1 1          -0.3235   0.0608   -5.318      0.7236 
   1 2           0.3235                        1.3819 
   2 1           0.3235                        1.3819 
   2 2          -0.3235                        0.7236    28.28   1 0.000

* TABLE ZD [or P(D|Z)] *

  effect           beta  std err  z-value   exp(beta)     Wald  df  prob
  D 
   1            -2.3349   1.5499   -1.507      0.0968 
   2             2.3349                       10.3287     2.27   1 0.132
  ZD 
   1 1           3.6226   ******    *****     37.4354 
   1 2          -3.6226                        0.0267 
   2 1          -3.6226                        0.0267 
   2 2           3.6226                       37.4354     0.00   1 1.000

* TABLE YE [or P(E|Y)] *

  effect           beta  std err  z-value   exp(beta)     Wald  df  prob
  E 
   1            -0.2041   0.1099   -1.856      0.8154 
   2             0.2041                        1.2264     3.45   1 0.063
  YE 
   1 1           0.6745   0.0841    8.023      1.9630 
   1 2          -0.6745                        0.5094 
   2 1          -0.6745                        0.5094 
   2 2           0.6745                        1.9630    64.37   1 0.000



*** (CONDITIONAL) PROBABILITIES ***

* P(YZ) *

  1 1            0.2514  (0.0597)
  1 2            0.1567  (0.0666)
  2 1            0.2001  (0.0568)
  2 2            0.3918  (0.0529)

* P(A|Y) *

  1 | 1          0.6845  (0.0390)
  2 | 1          0.3155  (0.0390)
  1 | 2          0.3056  (0.0290)
  2 | 2          0.6944  (0.0290)

* P(B|Y) *

  1 | 1          0.0333  (0.0275)
  2 | 1          0.9667  (0.0275)
  1 | 2          0.4155  (0.0326)
  2 | 2          0.5845  (0.0326)

* P(C|Z) *

  1 | 1          0.2041  (0.0183)
  2 | 1          0.7959  (0.0183)
  1 | 2          0.4833  (0.0539)
  2 | 2          0.5167  (0.0539)

* P(D|Z) *

  1 | 1          0.9293  (0.2038)
  2 | 1          0.0707  (0.2038)
  1 | 2          0.0000  (0.0000)
  2 | 2          1.0000  (0.0000)

* P(E|Y) *

  1 | 1          0.7193  (0.0552)
  2 | 1          0.2807  (0.0552)
  1 | 2          0.1472  (0.0352)
  2 | 2          0.8528  (0.0352)



*** LATENT CLASS OUTPUT ***

          Y  1    Y  1    Y  2    Y  2
          Z  1    Z  2    Z  1    Z  2
         0.2514  0.1567  0.2001  0.3918
  A  1   0.6845  0.6845  0.3056  0.3056
  A  2   0.3155  0.3155  0.6944  0.6944
  B  1   0.0333  0.0333  0.4155  0.4155
  B  2   0.9667  0.9667  0.5845  0.5845
  C  1   0.2041  0.4833  0.2041  0.4833
  C  2   0.7959  0.5167  0.7959  0.5167
  D  1   0.9293  0.0000  0.9293  0.0000
  D  2   0.0707  1.0000  0.0707  1.0000
  E  1   0.7193  0.7193  0.1472  0.1472
  E  2   0.2807  0.2807  0.8528  0.8528

E = 0.1851, lambda = 0.6956
