LEM: log-linear and event history analysis with missing data.
Developed by Jeroen Vermunt (c), Tilburg University, The Netherlands.
Version 1.0 (September 18, 1997).


*** INPUT ***

  lat 1
man 5
dim 2 2 2 2 2 3
lab Y A B E S G
mod SG Y|SG {SG GY} A|Y B|Y E|Y
ite 10000
dat [5 4 6 5 3 1 15 22 10 9 18 6 31 25 27 47 49 65 24 36 21 29 40 34 7 5 2 7 1 6 26 38 29 23 29 23 24 11 14 38 21 36 51 47 28 34 59 65]
see 659



*** STATISTICS ***

  Number of iterations = 277
  Converge criterion   = 0.0000009708
  Seed random values   = 659

  X-squared            = 69.1099 (0.0002)
  L-squared            = 72.1743 (0.0001)
  Cressie-Read         = 69.6440 (0.0002)
  Dissimilarity index  = 0.0948
  Degrees of freedom   = 33
  Log-likelihood       = -4198.66633
  Number of parameters = 14 (+1)
  Sample size          = 1156.0
  BIC(L-squared)       = -160.5655
  AIC(L-squared)       = 6.1743
  BIC(log-likelihood)  = 8496.0708
  AIC(log-likelihood)  = 8425.3327

  Eigenvalues information matrix
    1367.8067  1169.9169  1161.4938  1082.9526   866.9756   832.3757
     688.9306   583.1449   409.4446   370.9609   223.9407   193.9976
      17.0534     7.9898




*** FREQUENCIES ***

  A B E S G     observed  estimated  std. res.
  1 1 1 1 1       5.000      4.695      0.141
  1 1 1 1 2       4.000      3.709      0.151
  1 1 1 1 3       6.000      3.493      1.341
  1 1 1 2 1       5.000      4.925      0.034
  1 1 1 2 2       3.000      4.340     -0.643
  1 1 1 2 3       1.000      6.017     -2.045
  1 1 2 1 1      15.000     12.171      0.811
  1 1 2 1 2      22.000     15.861      1.541
  1 1 2 1 3      10.000      9.177      0.272
  1 1 2 2 1       9.000     12.770     -1.055
  1 1 2 2 2      18.000     18.561     -0.130
  1 1 2 2 3       6.000     15.809     -2.467
  1 2 1 1 1      31.000     43.171     -1.852
  1 2 1 1 2      25.000     30.060     -0.923
  1 2 1 1 3      27.000     32.042     -0.891
  1 2 1 2 1      47.000     45.294      0.253
  1 2 1 2 2      49.000     35.176      2.331
  1 2 1 2 3      65.000     55.196      1.320
  1 2 2 1 1      24.000     27.574     -0.681
  1 2 2 1 2      36.000     30.734      0.950
  1 2 2 1 3      21.000     20.689      0.068
  1 2 2 2 1      29.000     28.930      0.013
  1 2 2 2 2      40.000     35.966      0.673
  1 2 2 2 3      34.000     35.640     -0.275
  2 1 1 1 1       7.000      3.803      1.640
  2 1 1 1 2       5.000      3.660      0.700
  2 1 1 1 3       2.000      2.842     -0.499
  2 1 1 2 1       7.000      3.990      1.507
  2 1 1 2 2       1.000      4.283     -1.586
  2 1 1 2 3       6.000      4.896      0.499
  2 1 2 1 1      26.000     23.538      0.507
  2 1 2 1 2      38.000     31.518      1.155
  2 1 2 1 3      29.000     17.764      2.666
  2 1 2 2 1      23.000     24.696     -0.341
  2 1 2 2 2      29.000     36.882     -1.298
  2 1 2 2 3      23.000     30.601     -1.374
  2 2 1 1 1      24.000     26.109     -0.413
  2 2 1 1 2      11.000     19.391     -1.906
  2 2 1 1 3      14.000     19.402     -1.226
  2 2 1 2 1      38.000     27.393      2.027
  2 2 1 2 2      21.000     22.692     -0.355
  2 2 1 2 3      36.000     33.422      0.446
  2 2 2 1 1      51.000     41.939      1.399
  2 2 2 1 2      47.000     53.067     -0.833
  2 2 2 1 3      28.000     31.591     -0.639
  2 2 2 2 1      34.000     44.002     -1.508
  2 2 2 2 2      59.000     62.100     -0.393
  2 2 2 2 3      65.000     54.420      1.434



*** PSEUDO R-SQUARED MEASURES ***

* P(Y|SG) *
                         baseline   fitted   R-squared
  entropy                 0.6811    0.6686    0.0184
  qualitative variance    0.2440    0.2380    0.0247
  classification error    0.4227    0.4227   -0.0000
  -2/N*log-likelihood     1.3623    1.3372    0.0184/0.0245
  likelihood^(-2/N)       3.9051    3.8083    0.0248/0.0333

* P(A|Y) *
                         baseline   fitted   R-squared
  entropy                 0.6900    0.6416    0.0701
  qualitative variance    0.2484    0.2247    0.0954
  classification error    0.4602    0.3417    0.2575
  -2/N*log-likelihood     1.3800    1.2833    0.0701/0.0882
  likelihood^(-2/N)       3.9747    3.6084    0.0922/0.1231

* P(B|Y) *
                         baseline   fitted   R-squared
  entropy                 0.5725    0.5085    0.1118
  qualitative variance    0.1922    0.1699    0.1156
  classification error    0.2595    0.2595   -0.0000
  -2/N*log-likelihood     1.1451    1.0171    0.1118/0.1135
  likelihood^(-2/N)       3.1428    2.7651    0.1202/0.1763

* P(E|Y) *
                         baseline   fitted   R-squared
  entropy                 0.6644    0.3437    0.4827
  qualitative variance    0.2357    0.0998    0.5766
  classification error    0.3806    0.1173    0.6919
  -2/N*log-likelihood     1.3287    0.6873    0.4827/0.3908
  likelihood^(-2/N)       3.7763    1.9884    0.4734/0.6440



*** LOG-LINEAR PARAMETERS ***

* TABLE SG [or P(SG)] *

  effect           beta  std err  z-value   exp(beta)     Wald  df  prob
  S 
   1            -0.1248   0.0298   -4.183      0.8826 
   2             0.1248                        1.1330    17.49   1 0.000
  G 
   1            -0.0133   0.0422   -0.316      0.9868 
   2             0.0682   0.0414    1.648      1.0706 
   3            -0.0549                        0.9466     2.99   2 0.225
  SG 
   1 1           0.1008   0.0422    2.390      1.1061 
   1 2           0.0462   0.0414    1.117      1.0473 
   1 3          -0.1471                        0.8632 
   2 1          -0.1008                        0.9041 
   2 2          -0.0462                        0.9548 
   2 3           0.1471                        1.1585    12.15   2 0.002

* TABLE YSG [or P(Y|SG)] *

  effect           beta  std err  z-value   exp(beta)     Wald  df  prob
  Y 
   1            -0.1542   0.1516   -1.017      0.8571 
   2             0.1542                        1.1667     1.03   1 0.309
  YG 
   1 1           0.1185   0.0560    2.114      1.1258 
   1 2          -0.2281   0.0549   -4.153      0.7960 
   1 3           0.1097                        1.1159 
   2 1          -0.1185                        0.8883 
   2 2           0.2281                        1.2563 
   2 3          -0.1097                        0.8961    17.25   2 0.000

* TABLE YA [or P(A|Y)] *

  effect           beta  std err  z-value   exp(beta)     Wald  df  prob
  A 
   1            -0.0348   0.0582   -0.597      0.9658 
   2             0.0348                        1.0354     0.36   1 0.551
  YA 
   1 1           0.3228   0.0538    6.001      1.3810 
   1 2          -0.3228                        0.7241 
   2 1          -0.3228                        0.7241 
   2 2           0.3228                        1.3810    36.02   1 0.000

* TABLE YB [or P(B|Y)] *

  effect           beta  std err  z-value   exp(beta)     Wald  df  prob
  B 
   1            -0.7081   0.1103   -6.418      0.4926 
   2             0.7081                        2.0300    41.20   1 0.000
  YB 
   1 1          -0.4782   0.1069   -4.475      0.6199 
   1 2           0.4782                        1.6132 
   2 1           0.4782                        1.6132 
   2 2          -0.4782                        0.6199    20.03   1 0.000

* TABLE YE [or P(E|Y)] *

  effect           beta  std err  z-value   exp(beta)     Wald  df  prob
  E 
   1            -0.3009   0.2814   -1.069      0.7402 
   2             0.3009                        1.3511     1.14   1 0.285
  YE 
   1 1           1.0309   0.2477    4.162      2.8035 
   1 2          -1.0309                        0.3567 
   2 1          -1.0309                        0.3567 
   2 2           1.0309                        2.8035    17.32   1 0.000



*** (CONDITIONAL) PROBABILITIES ***

* P(SG) *

  1 1            0.1583  (0.0107)
  1 2            0.1626  (0.0109)
  1 3            0.1185  (0.0095)
  2 1            0.1661  (0.0109)
  2 2            0.1903  (0.0115)
  2 3            0.2042  (0.0119)

* P(Y|SG) *

  1 | 1 1        0.4821  (0.0845)
  1 | 1 2        0.3176  (0.0686)
  1 | 1 3        0.4778  (0.0781)
  1 | 2 1        0.4821  (0.0845)
  1 | 2 2        0.3176  (0.0686)
  1 | 2 3        0.4778  (0.0781)
  2 | 1 1        0.5179  (0.0845)
  2 | 1 2        0.6824  (0.0686)
  2 | 1 3        0.5222  (0.0781)
  2 | 2 1        0.5179  (0.0845)
  2 | 2 2        0.6824  (0.0686)
  2 | 2 3        0.5222  (0.0781)

* P(A|Y) *

  1 | 1          0.6402  (0.0381)
  2 | 1          0.3598  (0.0381)
  1 | 2          0.3285  (0.0334)
  2 | 2          0.6715  (0.0334)

* P(B|Y) *

  1 | 1          0.0853  (0.0320)
  2 | 1          0.9147  (0.0320)
  1 | 2          0.3871  (0.0344)
  2 | 2          0.6129  (0.0344)

* P(E|Y) *

  1 | 1          0.8115  (0.0961)
  2 | 1          0.1885  (0.0961)
  1 | 2          0.0652  (0.0520)
  2 | 2          0.9348  (0.0520)



*** LATENT CLASS OUTPUT ***

          Y  1    Y  2
         0.4227  0.5773
  A  1   0.6402  0.3285
  A  2   0.3598  0.6715
  B  1   0.0853  0.3871
  B  2   0.9147  0.6129
  E  1   0.8115  0.0652
  E  2   0.1885  0.9348
  S  1   0.4368  0.4414
  S  2   0.5632  0.5586
  G  1   0.3700  0.2910
  G  2   0.2652  0.4171
  G  3   0.3647  0.2919

E = 0.1160, lambda = 0.7256
