LEM: log-linear and event history analysis with missing data.
Developed by Jeroen Vermunt (c), Tilburg University, The Netherlands.
Version 1.0 (September 18, 1997).


*** INPUT ***

  
man 3

dim 3 2 2
lab A S E
mod ASE




dat [100 83 91 101 92 96 78 142 45 92 65 171]
ite 5000
see 111



*** STATISTICS ***

  Number of iterations = 2
  Converge criterion   = 0.0000000000

  X-squared            = -0.0000 (0.0000)
  L-squared            = -0.0000 (0.0000)
  Cressie-Read         = -0.0000 (0.0000)
  Dissimilarity index  = 0.0000
  Degrees of freedom   = 0
  Log-likelihood       = -2813.45265
  Number of parameters = 11 (+1)
  Sample size          = 1156.0
  BIC(L-squared)       = -0.0000
  AIC(L-squared)       = -0.0000
  BIC(log-likelihood)  = 5704.4852
  AIC(log-likelihood)  = 5648.9053

  Eigenvalues information matrix
    1928.1992  1370.1919  1128.9834  1093.7608  1038.0152   804.7041
     563.9311   466.3796   383.1030   355.3202   335.1671




*** FREQUENCIES ***

  A S E     observed  estimated  std. res.
  1 1 1     100.000    100.000     -0.000
  1 1 2      83.000     83.000      0.000
  1 2 1      91.000     91.000      0.000
  1 2 2     101.000    101.000     -0.000
  2 1 1      92.000     92.000      0.000
  2 1 2      96.000     96.000      0.000
  2 2 1      78.000     78.000     -0.000
  2 2 2     142.000    142.000      0.000
  3 1 1      45.000     45.000      0.000
  3 1 2      92.000     92.000      0.000
  3 2 1      65.000     65.000      0.000
  3 2 2     171.000    171.000     -0.000



*** LOG-LINEAR PARAMETERS ***

* TABLE ASE [or P(ASE)] *

  effect           beta  std err  z-value   exp(beta)     Wald  df  prob
  A 
   1             0.0214   0.0431    0.497      1.0216 
   2             0.0836   0.0426    1.960      1.0872 
   3            -0.1050                        0.9004     6.04   2 0.049
  S 
   1            -0.1097   0.0310   -3.537      0.8961 
   2             0.1097                        1.1159    12.51   1 0.000
  E 
   1            -0.1868   0.0310   -6.026      0.8296 
   2             0.1868                        1.2054    36.32   1 0.000
  AS 
   1 1           0.0842   0.0431    1.954      1.0878 
   1 2          -0.0842                        0.9193 
   2 1           0.0531   0.0426    1.244      1.0545 
   2 2          -0.0531                        0.9483 
   3 1          -0.1372                        0.8718 
   3 2           0.1372                        1.1471     9.15   2 0.010
  AE 
   1 1           0.2074   0.0431    4.813      1.2304 
   1 2          -0.2074                        0.8127 
   2 1           0.0264   0.0426    0.619      1.0268 
   2 2          -0.0264                        0.9739 
   3 1          -0.2338                        0.7915 
   3 2           0.2338                        1.2633    32.06   2 0.000
  SE 
   1 1           0.0916   0.0310    2.955      1.0959 
   1 2          -0.0916                        0.9125 
   2 1          -0.0916                        0.9125 
   2 2           0.0916                        1.0959     8.73   1 0.003
  ASE 
   1 1 1        -0.0190   0.0431   -0.440      0.9812 
   1 1 2         0.0190                        1.0191 
   1 2 1         0.0190                        1.0191 
   1 2 2        -0.0190                        0.9812 
   2 1 1         0.0475   0.0426    1.115      1.0487 
   2 1 2        -0.0475                        0.9536 
   2 2 1        -0.0475                        0.9536 
   2 2 2         0.0475                        1.0487 
   3 1 1        -0.0286                        0.9718 
   3 1 2         0.0286                        1.0290 
   3 2 1         0.0286                        1.0290 
   3 2 2        -0.0286                        0.9718     1.24   2 0.537



*** (CONDITIONAL) PROBABILITIES ***

* P(ASE) *

  1 1 1          0.0865  (0.0083)
  1 1 2          0.0718  (0.0076)
  1 2 1          0.0787  (0.0079)
  1 2 2          0.0874  (0.0083)
  2 1 1          0.0796  (0.0080)
  2 1 2          0.0830  (0.0081)
  2 2 1          0.0675  (0.0074)
  2 2 2          0.1228  (0.0097)
  3 1 1          0.0389  (0.0057)
  3 1 2          0.0796  (0.0080)
  3 2 1          0.0562  (0.0068)
  3 2 2          0.1479  (0.0104)


