LEM: log-linear and event history analysis with missing data.
Developed by Jeroen Vermunt (c), Tilburg University, The Netherlands.
Version 1.0 (September 18, 1997).


*** INPUT ***

  lat 2
man 8
dim 2 2 2 2 2 2 2 2 2 3
lab Y Z A B C D E S T G
mod SG T|SG {SG ST GT} YZ|SGT {SGTYZ} A|Y B|Y E|Y C|Z D|Z
ite 10000
dat [0 0 0 0 0 1 0 0 1 0 1 0 0 1 0 0 1 0 0 0 0 0 1 0 4 0 0 1 0 1 1 0 0 2 1 0 6 3 1 3 1 1 4 4 1 1 1 0 0 0 1 0 2 1 0 0 0 0 0 0 2 3 0 0 2 2 0 3 2 0 4 1 0 1 1 0 1 1 2 1 0 0 0 0 4 7 4 0 4 2 4 2 0 0 3 2 0 1 0 8 1 2 1 0 0 5 3 7 0 1 0 3 5 3 0 0 1 1 2 2 2 0 1 9 4 2 8 3 0 12 6 1 10 3 1 6 2 1 7 3 1 11 6 3 0 1 0 2 10 13 3 2 2 8 21 47 0 3 1 1 11 10 2 1 5 4 13 17 1 1 2 9 7 7 3 3 0 7 11 8 1 4 0 3 7 5 1 9 1 3 6 4 0 0 0 1 0 1 0 0 0 1 0 0 1 3 2 0 0 2 0 3 0 0 0 1 2 1 0 0 0 0 2 1 0 1 0 1 11 6 5 2 4 0 13 7 4 1 1 1 1 1 0 0 0 1 1 0 0 0 0 3 1 5 10 1 0 5 0 2 4 1 4 5 3 2 0 0 1 0 2 0 2 0 0 0 10 17 4 0 3 1 5 7 4 3 5 4 0 0 0 3 0 1 0 2 0 4 2 4 1 3 0 0 2 1 1 1 3 2 0 2 2 1 0 7 0 3 6 0 1 8 4 1 13 7 1 10 4 3 9 8 6 4 6 9 0 1 0 3 4 6 4 0 6 6 4 15 5 7 4 2 7 8 2 6 9 3 15 24 6 1 1 3 4 3 3 4 4 7 5 5 14 8 6 6 9 5 7 6 8 6 17 4]
see 184



*** STATISTICS ***

  Number of iterations = 125
  Converge criterion   = 0.0000009977
  Seed random values   = 184

  X-squared            = 396.6408 (0.0056)
  L-squared            = 397.9029 (0.0049)
  Cressie-Read         = 378.1579 (0.0292)
  Dissimilarity index  = 0.1992
  Degrees of freedom   = 328
  Log-likelihood       = -6220.37133
  Number of parameters = 55 (+1)
  Sample size          = 1156.0
  BIC(L-squared)       = -1915.3896
  AIC(L-squared)       = -258.0971
  BIC(log-likelihood)  = 12828.6423
  AIC(log-likelihood)  = 12550.7427

  Eigenvalues information matrix
    1367.8067  1281.2639  1171.5171  1169.9173  1153.1103  1103.6567
    1041.1184  1030.3490   956.4652   942.5424   869.3792   866.9760
     734.8090   683.2766   642.6532   616.3168   569.1490   557.5760
     482.9088   429.1848   409.4448   381.9023   370.9608   366.6582
     345.7709   328.9276   305.7310   270.6991   262.0313   238.1248
     216.3987   197.4479   176.0327   149.4165   143.3070   108.5859
     102.4857    94.4766    82.9538    64.4492    56.6219    45.7302
      36.9391    33.7859    25.3625    19.3763    13.8139     7.5708
       4.7081     0.0008     0.0004     0.0002     0.0001     0.0000
      -0.0001

WARNING: 6 (nearly) boundary or non-identified (log-linear) parameters



*** FREQUENCIES ***

  A B C D E S T G     observed  estimated  std. res.
  1 1 1 1 1 1 1 1       0.000      0.112     -0.335
  1 1 1 1 1 1 1 2       0.000      0.114     -0.338
  1 1 1 1 1 1 1 3       0.000      0.067     -0.259
  1 1 1 1 1 1 2 1       0.000      0.098     -0.312
  1 1 1 1 1 1 2 2       0.000      0.154     -0.392
  1 1 1 1 1 1 2 3       1.000      0.150      2.190
  1 1 1 1 1 2 1 1       0.000      0.104     -0.323
  1 1 1 1 1 2 1 2       0.000      0.101     -0.318
  1 1 1 1 1 2 1 3       1.000      0.095      2.942
  1 1 1 1 1 2 2 1       0.000      0.137     -0.370
  1 1 1 1 1 2 2 2       1.000      0.214      1.698
  1 1 1 1 1 2 2 3       0.000      0.309     -0.556
  1 1 1 1 2 1 1 1       0.000      0.750     -0.866
  1 1 1 1 2 1 1 2       1.000      0.779      0.250
  1 1 1 1 2 1 1 3       0.000      0.455     -0.675
  1 1 1 1 2 1 2 1       0.000      0.151     -0.389
  1 1 1 1 2 1 2 2       1.000      0.348      1.104
  1 1 1 1 2 1 2 3       0.000      0.389     -0.624
  1 1 1 1 2 2 1 1       0.000      0.435     -0.659
  1 1 1 1 2 2 1 2       0.000      0.566     -0.752
  1 1 1 1 2 2 1 3       0.000      0.498     -0.705
  1 1 1 1 2 2 2 1       0.000      0.172     -0.415
  1 1 1 1 2 2 2 2       1.000      0.554      0.599
  1 1 1 1 2 2 2 3       0.000      0.531     -0.729
  1 1 1 2 1 1 1 1       4.000      0.780      3.644
  1 1 1 2 1 1 1 2       0.000      0.483     -0.695
  1 1 1 2 1 1 1 3       0.000      0.205     -0.452
  1 1 1 2 1 1 2 1       1.000      0.598      0.520
  1 1 1 2 1 1 2 2       0.000      0.380     -0.616
  1 1 1 2 1 1 2 3       1.000      0.209      1.728
  1 1 1 2 1 2 1 1       1.000      0.646      0.441
  1 1 1 2 1 2 1 2       0.000      0.533     -0.730
  1 1 1 2 1 2 1 3       0.000      0.223     -0.472
  1 1 1 2 1 2 2 1       2.000      0.636      1.709
  1 1 1 2 1 2 2 2       1.000      0.491      0.726
  1 1 1 2 1 2 2 3       0.000      0.236     -0.486
  1 1 1 2 2 1 1 1       6.000      5.190      0.356
  1 1 1 2 2 1 1 2       3.000      3.444     -0.239
  1 1 1 2 2 1 1 3       1.000      1.268     -0.238
  1 1 1 2 2 1 2 1       3.000      0.961      2.079
  1 1 1 2 2 1 2 2       1.000      1.816     -0.606
  1 1 1 2 2 1 2 3       1.000      0.435      0.856
  1 1 1 2 2 2 1 1       4.000      3.188      0.455
  1 1 1 2 2 2 1 2       4.000      2.910      0.639
  1 1 1 2 2 2 1 3       1.000      1.544     -0.438
  1 1 1 2 2 2 2 1       1.000      0.927      0.076
  1 1 1 2 2 2 2 2       1.000      1.443     -0.369
  1 1 1 2 2 2 2 3       0.000      1.227     -1.108
  1 1 2 1 1 1 1 1       0.000      0.144     -0.379
  1 1 2 1 1 1 1 2       0.000      0.382     -0.618
  1 1 2 1 1 1 1 3       1.000      0.286      1.336
  1 1 2 1 1 1 2 1       0.000      0.187     -0.433
  1 1 2 1 1 1 2 2       2.000      0.722      1.505
  1 1 2 1 1 1 2 3       1.000      0.827      0.190
  1 1 2 1 1 2 1 1       0.000      0.193     -0.440
  1 1 2 1 1 2 1 2       0.000      0.260     -0.510
  1 1 2 1 1 2 1 3       0.000      0.452     -0.672
  1 1 2 1 1 2 2 1       0.000      0.414     -0.643
  1 1 2 1 1 2 2 2       0.000      1.032     -1.016
  1 1 2 1 1 2 2 3       0.000      1.844     -1.358
  1 1 2 1 2 1 1 1       2.000      0.983      1.026
  1 1 2 1 2 1 1 2       3.000      2.497      0.318
  1 1 2 1 2 1 1 3       0.000      2.021     -1.422
  1 1 2 1 2 1 2 1       0.000      0.263     -0.513
  1 1 2 1 2 1 2 2       2.000      0.908      1.145
  1 1 2 1 2 1 2 3       2.000      2.220     -0.148
  1 1 2 1 2 2 1 1       0.000      0.434     -0.658
  1 1 2 1 2 2 1 2       3.000      1.504      1.220
  1 1 2 1 2 2 1 3       2.000      2.092     -0.064
  1 1 2 1 2 2 2 1       0.000      0.428     -0.654
  1 1 2 1 2 2 2 2       4.000      2.538      0.918
  1 1 2 1 2 2 2 3       1.000      2.549     -0.970
  1 1 2 2 1 1 1 1       0.000      0.676     -0.822
  1 1 2 2 1 1 1 2       1.000      0.489      0.732
  1 1 2 2 1 1 1 3       1.000      0.237      1.569
  1 1 2 2 1 1 2 1       0.000      0.536     -0.732
  1 1 2 2 1 1 2 2       1.000      0.485      0.739
  1 1 2 2 1 1 2 3       1.000      0.371      1.033
  1 1 2 2 1 2 1 1       2.000      0.577      1.873
  1 1 2 2 1 2 1 2       1.000      0.500      0.706
  1 1 2 2 1 2 1 3       0.000      0.292     -0.540
  1 1 2 2 1 2 2 1       0.000      0.622     -0.789
  1 1 2 2 1 2 2 2       0.000      0.652     -0.807
  1 1 2 2 1 2 2 3       0.000      0.638     -0.799
  1 1 2 2 2 1 1 1       4.000      4.500     -0.236
  1 1 2 2 2 1 1 2       7.000      3.430      1.928
  1 1 2 2 2 1 1 3       4.000      1.528      2.000
  1 1 2 2 2 1 2 1       0.000      0.853     -0.924
  1 1 2 2 2 1 2 2       4.000      1.710      1.751
  1 1 2 2 2 1 2 3       2.000      0.892      1.174
  1 1 2 2 2 2 1 1       4.000      2.724      0.773
  1 1 2 2 2 2 1 2       2.000      2.752     -0.453
  1 1 2 2 2 2 1 3       0.000      1.772     -1.331
  1 1 2 2 2 2 2 1       0.000      0.865     -0.930
  1 1 2 2 2 2 2 2       3.000      1.796      0.899
  1 1 2 2 2 2 2 3       2.000      1.621      0.297
  1 2 1 1 1 1 1 1       0.000      0.275     -0.525
  1 2 1 1 1 1 1 2       1.000      0.230      1.603
  1 2 1 1 1 1 1 3       0.000      0.149     -0.385
  1 2 1 1 1 1 2 1       8.000      1.775      4.672
  1 2 1 1 1 1 2 2       1.000      2.463     -0.932
  1 2 1 1 1 1 2 3       2.000      2.258     -0.172
  1 2 1 1 1 2 1 1       1.000      1.058     -0.056
  1 2 1 1 1 2 1 2       0.000      0.591     -0.769
  1 2 1 1 1 2 1 3       0.000      0.648     -0.805
  1 2 1 1 1 2 2 1       5.000      2.605      1.484
  1 2 1 1 1 2 2 2       3.000      3.216     -0.120
  1 2 1 1 1 2 2 3       7.000      5.452      0.663
  1 2 1 1 2 1 1 1       0.000      0.874     -0.935
  1 2 1 1 2 1 1 2       1.000      0.876      0.133
  1 2 1 1 2 1 1 3       0.000      0.520     -0.721
  1 2 1 1 2 1 2 1       3.000      1.188      1.663
  1 2 1 1 2 1 2 2       5.000      1.780      2.414
  1 2 1 1 2 1 2 3       3.000      1.698      1.000
  1 2 1 1 2 2 1 1       0.000      1.035     -1.017
  1 2 1 1 2 2 1 2       0.000      0.885     -0.941
  1 2 1 1 2 2 1 3       1.000      0.854      0.158
  1 2 1 1 2 2 2 1       1.000      1.696     -0.534
  1 2 1 1 2 2 2 2       2.000      2.417     -0.268
  1 2 1 1 2 2 2 3       2.000      3.710     -0.888
  1 2 1 2 1 1 1 1       2.000      2.007     -0.005
  1 2 1 2 1 1 1 2       0.000      0.531     -0.729
  1 2 1 2 1 1 1 3       1.000      0.807      0.215
  1 2 1 2 1 1 2 1       9.000     10.760     -0.537
  1 2 1 2 1 1 2 2       4.000      3.144      0.482
  1 2 1 2 1 1 2 3       2.000      3.467     -0.788
  1 2 1 2 1 2 1 1       8.000      5.047      1.314
  1 2 1 2 1 2 1 2       3.000      3.307     -0.169
  1 2 1 2 1 2 1 3       0.000      0.383     -0.619
  1 2 1 2 1 2 2 1      12.000     11.751      0.073
  1 2 1 2 1 2 2 2       6.000      6.843     -0.322
  1 2 1 2 1 2 2 3       1.000      1.663     -0.514
  1 2 1 2 2 1 1 1      10.000      6.110      1.574
  1 2 1 2 2 1 1 2       3.000      3.584     -0.308
  1 2 1 2 2 1 1 3       1.000      1.679     -0.524
  1 2 1 2 2 1 2 1       6.000      7.241     -0.461
  1 2 1 2 2 1 2 2       2.000      3.574     -0.833
  1 2 1 2 2 1 2 3       1.000      2.453     -0.928
  1 2 1 2 2 2 1 1       7.000      5.997      0.410
  1 2 1 2 2 2 1 2       3.000      4.709     -0.788
  1 2 1 2 2 2 1 3       1.000      1.692     -0.532
  1 2 1 2 2 2 2 1      11.000      7.792      1.149
  1 2 1 2 2 2 2 2       6.000      5.395      0.261
  1 2 1 2 2 2 2 3       3.000      2.144      0.585
  1 2 2 1 1 1 1 1       0.000      0.284     -0.533
  1 2 2 1 1 1 1 2       1.000      1.108     -0.103
  1 2 2 1 1 1 1 3       0.000      0.363     -0.602
  1 2 2 1 1 1 2 1       2.000      3.486     -0.796
  1 2 2 1 1 1 2 2      10.000     13.761     -1.014
  1 2 2 1 1 1 2 3      13.000     12.172      0.237
  1 2 2 1 1 2 1 1       3.000      3.109     -0.062
  1 2 2 1 1 2 1 2       2.000      1.368      0.541
  1 2 2 1 1 2 1 3       2.000      3.958     -0.984
  1 2 2 1 1 2 2 1       8.000      8.175     -0.061
  1 2 2 1 1 2 2 2      21.000     15.893      1.281
  1 2 2 1 1 2 2 3      47.000     34.469      2.134
  1 2 2 1 2 1 1 1       0.000      1.100     -1.049
  1 2 2 1 2 1 1 2       3.000      3.024     -0.014
  1 2 2 1 2 1 1 3       1.000      2.133     -0.776
  1 2 2 1 2 1 2 1       1.000      2.300     -0.857
  1 2 2 1 2 1 2 2      11.000      8.956      0.683
  1 2 2 1 2 1 2 3      10.000      9.268      0.240
  1 2 2 1 2 2 1 1       2.000      2.240     -0.160
  1 2 2 1 2 2 1 2       1.000      2.233     -0.825
  1 2 2 1 2 2 1 3       5.000      4.315      0.330
  1 2 2 1 2 2 2 1       4.000      5.215     -0.532
  1 2 2 1 2 2 2 2      13.000     11.758      0.362
  1 2 2 1 2 2 2 3      17.000     22.693     -1.195
  1 2 2 2 1 1 1 1       1.000      1.717     -0.547
  1 2 2 2 1 1 1 2       1.000      0.703      0.355
  1 2 2 2 1 1 1 3       2.000      0.750      1.443
  1 2 2 2 1 1 2 1       9.000      9.678     -0.218
  1 2 2 2 1 1 2 2       7.000      5.893      0.456
  1 2 2 2 1 1 2 3       7.000      5.776      0.509
  1 2 2 2 1 2 1 1       3.000      4.894     -0.856
  1 2 2 2 1 2 1 2       3.000      3.046     -0.026
  1 2 2 2 1 2 1 3       0.000      1.266     -1.125
  1 2 2 2 1 2 2 1       7.000     11.620     -1.355
  1 2 2 2 1 2 2 2      11.000      9.443      0.507
  1 2 2 2 1 2 2 3       8.000      9.655     -0.533
  1 2 2 2 2 1 1 1       1.000      5.284     -1.864
  1 2 2 2 2 1 1 2       4.000      3.671      0.172
  1 2 2 2 2 1 1 3       0.000      1.893     -1.376
  1 2 2 2 2 1 2 1       3.000      6.502     -1.373
  1 2 2 2 2 1 2 2       7.000      5.090      0.846
  1 2 2 2 2 1 2 3       5.000      4.244      0.367
  1 2 2 2 2 2 1 1       1.000      5.465     -1.910
  1 2 2 2 2 2 1 2       9.000      4.406      2.189
  1 2 2 2 2 2 1 3       1.000      2.428     -0.916
  1 2 2 2 2 2 2 1       3.000      7.655     -1.683
  1 2 2 2 2 2 2 2       6.000      7.260     -0.468
  1 2 2 2 2 2 2 3       4.000      7.219     -1.198
  2 1 1 1 1 1 1 1       0.000      0.276     -0.526
  2 1 1 1 1 1 1 2       0.000      0.286     -0.535
  2 1 1 1 1 1 1 3       0.000      0.167     -0.409
  2 1 1 1 1 1 2 1       1.000      0.086      3.124
  2 1 1 1 1 1 2 2       0.000      0.169     -0.411
  2 1 1 1 1 1 2 3       1.000      0.180      1.931
  2 1 1 1 1 2 1 1       0.000      0.176     -0.419
  2 1 1 1 1 2 1 2       0.000      0.215     -0.464
  2 1 1 1 1 2 1 3       0.000      0.191     -0.438
  2 1 1 1 1 2 2 1       1.000      0.108      2.718
  2 1 1 1 1 2 2 2       0.000      0.257     -0.507
  2 1 1 1 1 2 2 3       0.000      0.287     -0.536
  2 1 1 1 2 1 1 1       1.000      1.945     -0.677
  2 1 1 1 2 1 1 2       3.000      2.024      0.686
  2 1 1 1 2 1 1 3       2.000      1.181      0.753
  2 1 1 1 2 1 2 1       0.000      0.290     -0.539
  2 1 1 1 2 1 2 2       0.000      0.765     -0.875
  2 1 1 1 2 1 2 3       2.000      0.884      1.187
  2 1 1 1 2 2 1 1       0.000      1.074     -1.036
  2 1 1 1 2 2 1 2       3.000      1.445      1.294
  2 1 1 1 2 2 1 3       0.000      1.263     -1.124
  2 1 1 1 2 2 2 1       0.000      0.297     -0.545
  2 1 1 1 2 2 2 2       0.000      1.258     -1.122
  2 1 1 1 2 2 2 3       1.000      1.065     -0.063
  2 1 1 2 1 1 1 1       2.000      1.914      0.062
  2 1 1 2 1 1 1 2       1.000      1.256     -0.229
  2 1 1 2 1 1 1 3       0.000      0.473     -0.688
  2 1 1 2 1 1 2 1       0.000      0.535     -0.732
  2 1 1 2 1 1 2 2       0.000      0.712     -0.844
  2 1 1 2 1 1 2 3       0.000      0.218     -0.467
  2 1 1 2 1 2 1 1       2.000      1.242      0.680
  2 1 1 2 1 2 1 2       1.000      1.111     -0.105
  2 1 1 2 1 2 1 3       0.000      0.566     -0.752
  2 1 1 2 1 2 2 1       1.000      0.540      0.625
  2 1 1 2 1 2 2 2       0.000      0.642     -0.801
  2 1 1 2 1 2 2 3       1.000      0.473      0.766
  2 1 1 2 2 1 1 1      11.000     13.457     -0.670
  2 1 1 2 2 1 1 2       6.000      8.978     -0.994
  2 1 1 2 2 1 1 3       5.000      3.270      0.956
  2 1 1 2 2 1 2 1       2.000      1.876      0.090
  2 1 1 2 2 1 2 2       4.000      4.564     -0.264
  2 1 1 2 2 1 2 3       0.000      0.933     -0.966
  2 1 1 2 2 2 1 1      13.000      8.041      1.749
  2 1 1 2 2 2 1 2       7.000      7.415     -0.153
  2 1 1 2 2 2 1 3       4.000      4.016     -0.008
  2 1 1 2 2 2 2 1       1.000      1.728     -0.554
  2 1 1 2 2 2 2 2       1.000      3.369     -1.291
  2 1 1 2 2 2 2 3       1.000      3.112     -1.197
  2 1 2 1 1 1 1 1       1.000      0.361      1.064
  2 1 2 1 1 1 1 2       1.000      0.924      0.080
  2 1 2 1 1 1 1 3       0.000      0.738     -0.859
  2 1 2 1 1 1 2 1       0.000      0.156     -0.395
  2 1 2 1 1 1 2 2       0.000      0.568     -0.754
  2 1 2 1 1 1 2 3       1.000      1.016     -0.016
  2 1 2 1 1 2 1 1       1.000      0.211      1.717
  2 1 2 1 1 2 1 2       0.000      0.568     -0.754
  2 1 2 1 1 2 1 3       0.000      0.826     -0.909
  2 1 2 1 1 2 2 1       0.000      0.297     -0.545
  2 1 2 1 1 2 2 2       0.000      1.196     -1.093
  2 1 2 1 1 2 2 3       3.000      1.523      1.197
  2 1 2 1 2 1 1 1       1.000      2.554     -0.972
  2 1 2 1 2 1 1 2       5.000      6.467     -0.577
  2 1 2 1 2 1 1 3      10.000      5.266      2.063
  2 1 2 1 2 1 2 1       1.000      0.482      0.747
  2 1 2 1 2 1 2 2       0.000      1.560     -1.249
  2 1 2 1 2 1 2 3       5.000      5.086     -0.038
  2 1 2 1 2 2 1 1       0.000      0.950     -0.974
  2 1 2 1 2 2 1 2       2.000      3.853     -0.944
  2 1 2 1 2 2 1 3       4.000      5.238     -0.541
  2 1 2 1 2 2 2 1       1.000      0.635      0.459
  2 1 2 1 2 2 2 2       4.000      5.697     -0.711
  2 1 2 1 2 2 2 3       5.000      4.623      0.175
  2 1 2 2 1 1 1 1       3.000      1.659      1.041
  2 1 2 2 1 1 1 2       2.000      1.254      0.666
  2 1 2 2 1 1 1 3       0.000      0.566     -0.753
  2 1 2 2 1 1 2 1       0.000      0.477     -0.691
  2 1 2 2 1 1 2 2       1.000      0.722      0.327
  2 1 2 2 1 1 2 3       0.000      0.423     -0.651
  2 1 2 2 1 2 1 1       2.000      1.071      0.897
  2 1 2 2 1 2 1 2       0.000      1.049     -1.024
  2 1 2 2 1 2 1 3       2.000      0.663      1.641
  2 1 2 2 1 2 2 1       0.000      0.515     -0.718
  2 1 2 2 1 2 2 2       0.000      0.815     -0.903
  2 1 2 2 1 2 2 3       0.000      0.755     -0.869
  2 1 2 2 2 1 1 1      10.000     11.670     -0.489
  2 1 2 2 2 1 1 2      17.000      8.931      2.700
  2 1 2 2 2 1 1 3       4.000      3.953      0.024
  2 1 2 2 2 1 2 1       0.000      1.657     -1.287
  2 1 2 2 2 1 2 2       3.000      4.125     -0.554
  2 1 2 2 2 1 2 3       1.000      1.990     -0.702
  2 1 2 2 2 2 1 1       5.000      6.834     -0.702
  2 1 2 2 2 2 1 2       7.000      7.019     -0.007
  2 1 2 2 2 2 1 3       4.000      4.559     -0.262
  2 1 2 2 2 2 2 1       3.000      1.572      1.138
  2 1 2 2 2 2 2 2       5.000      4.138      0.424
  2 1 2 2 2 2 2 3       4.000      3.668      0.173
  2 2 1 1 1 1 1 1       0.000      0.380     -0.616
  2 2 1 1 1 1 1 2       0.000      0.362     -0.602
  2 2 1 1 1 1 1 3       0.000      0.220     -0.469
  2 2 1 1 1 1 2 1       3.000      1.075      1.856
  2 2 1 1 1 1 2 2       0.000      1.533     -1.238
  2 2 1 1 1 1 2 3       1.000      1.425     -0.356
  2 2 1 1 1 2 1 1       0.000      0.742     -0.861
  2 2 1 1 1 2 1 2       2.000      0.509      2.090
  2 2 1 1 1 2 1 3       0.000      0.522     -0.723
  2 2 1 1 1 2 2 1       4.000      1.564      1.949
  2 2 1 1 1 2 2 2       2.000      2.030     -0.021
  2 2 1 1 1 2 2 3       4.000      3.321      0.372
  2 2 1 1 2 1 1 1       1.000      2.071     -0.744
  2 2 1 1 2 1 1 2       3.000      2.136      0.591
  2 2 1 1 2 1 1 3       0.000      1.251     -1.119
  2 2 1 1 2 1 2 1       0.000      0.908     -0.953
  2 2 1 1 2 1 2 2       2.000      1.628      0.291
  2 2 1 1 2 1 2 3       1.000      1.678     -0.523
  2 2 1 1 2 2 1 1       1.000      1.456     -0.378
  2 2 1 1 2 2 1 2       1.000      1.672     -0.520
  2 2 1 1 2 2 1 3       3.000      1.507      1.216
  2 2 1 1 2 2 2 1       2.000      1.201      0.729
  2 2 1 1 2 2 2 2       0.000      2.389     -1.546
  2 2 1 1 2 2 2 3       2.000      2.965     -0.560
  2 2 1 2 1 1 1 1       2.000      2.688     -0.419
  2 2 1 2 1 1 1 2       1.000      1.319     -0.277
  2 2 1 2 1 1 1 3       0.000      0.841     -0.917
  2 2 1 2 1 1 2 1       7.000      6.531      0.184
  2 2 1 2 1 1 2 2       0.000      2.359     -1.536
  2 2 1 2 1 1 2 3       3.000      2.141      0.587
  2 2 1 2 1 2 1 1       6.000      3.866      1.085
  2 2 1 2 1 2 1 2       0.000      2.774     -1.666
  2 2 1 2 1 2 1 3       1.000      0.675      0.395
  2 2 1 2 1 2 2 1       8.000      7.096      0.339
  2 2 1 2 1 2 2 2       4.000      4.397     -0.189
  2 2 1 2 1 2 2 3       1.000      1.325     -0.283
  2 2 1 2 2 1 1 1      13.000     14.364     -0.360
  2 2 1 2 2 1 1 2       7.000      9.303     -0.755
  2 2 1 2 2 1 1 3       1.000      3.601     -1.371
  2 2 1 2 2 1 2 1      10.000      5.623      1.846
  2 2 1 2 2 1 2 2       4.000      5.723     -0.720
  2 2 1 2 2 1 2 3       3.000      2.146      0.583
  2 2 1 2 2 2 1 1       9.000      9.912     -0.290
  2 2 1 2 2 2 1 2       8.000      8.676     -0.229
  2 2 1 2 2 2 1 3       6.000      4.212      0.871
  2 2 1 2 2 2 2 1       4.000      5.815     -0.753
  2 2 1 2 2 2 2 2       6.000      5.786      0.089
  2 2 1 2 2 2 2 3       9.000      3.736      2.724
  2 2 2 1 1 1 1 1       0.000      0.453     -0.673
  2 2 2 1 1 1 1 2       1.000      1.376     -0.321
  2 2 2 1 1 1 1 3       0.000      0.803     -0.896
  2 2 2 1 1 1 2 1       3.000      2.101      0.620
  2 2 2 1 1 1 2 2       4.000      8.258     -1.482
  2 2 2 1 1 1 2 3       6.000      7.720     -0.619
  2 2 2 1 1 2 1 1       4.000      1.933      1.487
  2 2 2 1 1 2 1 2       0.000      1.235     -1.112
  2 2 2 1 1 2 1 3       6.000      2.912      1.810
  2 2 2 1 1 2 2 1       6.000      4.873      0.511
  2 2 2 1 1 2 2 2       4.000      9.973     -1.891
  2 2 2 1 1 2 2 3      15.000     20.764     -1.265
  2 2 2 1 2 1 1 1       5.000      2.692      1.406
  2 2 2 1 2 1 1 2       7.000      6.953      0.018
  2 2 2 1 2 1 1 3       4.000      5.475     -0.630
  2 2 2 1 2 1 2 1       2.000      1.693      0.236
  2 2 2 1 2 1 2 2       7.000      6.338      0.263
  2 2 2 1 2 1 2 3       8.000      9.372     -0.448
  2 2 2 1 2 2 1 1       2.000      2.039     -0.027
  2 2 2 1 2 2 1 2       6.000      4.387      0.770
  2 2 2 1 2 2 1 3       9.000      6.688      0.894
  2 2 2 1 2 2 2 1       3.000      3.469     -0.252
  2 2 2 1 2 2 2 2      15.000     11.277      1.109
  2 2 2 1 2 2 2 3      24.000     16.603      1.815
  2 2 2 2 1 1 1 1       6.000      2.317      2.420
  2 2 2 2 1 1 1 2       1.000      1.414     -0.348
  2 2 2 2 1 1 1 3       1.000      0.884      0.124
  2 2 2 2 1 1 2 1       3.000      5.870     -1.185
  2 2 2 2 1 1 2 2       4.000      3.924      0.039
  2 2 2 2 1 1 2 3       3.000      3.615     -0.324
  2 2 2 2 1 2 1 1       3.000      3.641     -0.336
  2 2 2 2 1 2 1 2       4.000      2.576      0.887
  2 2 2 2 1 2 1 3       4.000      1.255      2.450
  2 2 2 2 1 2 2 1       7.000      7.001     -0.001
  2 2 2 2 1 2 2 2       5.000      6.011     -0.412
  2 2 2 2 1 2 2 3       5.000      6.082     -0.439
  2 2 2 2 2 1 1 1      14.000     12.448      0.440
  2 2 2 2 2 1 1 2       8.000      9.315     -0.431
  2 2 2 2 2 1 1 3       6.000      4.275      0.834
  2 2 2 2 2 1 2 1       6.000      5.027      0.434
  2 2 2 2 2 1 2 2       9.000      6.226      1.112
  2 2 2 2 2 1 2 3       5.000      4.017      0.491
  2 2 2 2 2 2 1 1       7.000      8.633     -0.556
  2 2 2 2 2 2 1 2       6.000      8.182     -0.763
  2 2 2 2 2 2 1 3       8.000      5.069      1.302
  2 2 2 2 2 2 2 1       6.000      5.611      0.164
  2 2 2 2 2 2 2 2      17.000      7.465      3.490
  2 2 2 2 2 2 2 3       4.000      7.062     -1.152



*** PSEUDO R-SQUARED MEASURES ***

* P(T|SG) *
                         baseline   fitted   R-squared
  entropy                 0.6759    0.6561    0.0293
  qualitative variance    0.2414    0.2320    0.0390
  classification error    0.4074    0.3892    0.0447
  -2/N*log-likelihood     1.3518    1.3122    0.0293/0.0381
  likelihood^(-2/N)       3.8645    3.7144    0.0388/0.0524

* P(YZ|STG) *
                         baseline   fitted   R-squared
  entropy                 1.3327    0.9163    0.3124
  qualitative variance    0.3622    0.2570    0.2906
  classification error    0.6609    0.3799    0.4252
  -2/N*log-likelihood     2.6653    1.8326    0.3124/0.4544
  likelihood^(-2/N)      14.3726    6.2499    0.5652/0.6074

* P(A|Y) *
                         baseline   fitted   R-squared
  entropy                 0.6900    0.6262    0.0924
  qualitative variance    0.2484    0.2175    0.1245
  classification error    0.4602    0.3259    0.2919
  -2/N*log-likelihood     1.3800    1.2524    0.0924/0.1131
  likelihood^(-2/N)       3.9747    3.4988    0.1197/0.1600

* P(B|Y) *
                         baseline   fitted   R-squared
  entropy                 0.5725    0.4287    0.2512
  qualitative variance    0.1922    0.1425    0.2584
  classification error    0.2595    0.2595    0.0000
  -2/N*log-likelihood     1.1451    0.8574    0.2512/0.2234
  likelihood^(-2/N)       3.1428    2.3571    0.2500/0.3666

* P(E|Y) *
                         baseline   fitted   R-squared
  entropy                 0.6644    0.5242    0.2109
  qualitative variance    0.2357    0.1743    0.2607
  classification error    0.3806    0.2571    0.3246
  -2/N*log-likelihood     1.3287    1.0485    0.2109/0.2189
  likelihood^(-2/N)       3.7763    2.8533    0.2444/0.3324

* P(C|Z) *
                         baseline   fitted   R-squared
  entropy                 0.6518    0.5574    0.1449
  qualitative variance    0.2296    0.1890    0.1769
  classification error    0.3573    0.3125    0.1252
  -2/N*log-likelihood     1.3037    1.1147    0.1449/0.1589
  likelihood^(-2/N)       3.6827    3.0487    0.1722/0.2364

* P(D|Z) *
                         baseline   fitted   R-squared
  entropy                 0.6801    0.4344    0.3613
  qualitative variance    0.2435    0.1335    0.4519
  classification error    0.4196    0.1622    0.6133
  -2/N*log-likelihood     1.3603    0.8688    0.3613/0.3295
  likelihood^(-2/N)       3.8973    2.3840    0.3883/0.5223



*** LOG-LINEAR PARAMETERS ***

* TABLE SG [or P(SG)] *

  effect           beta  std err  z-value   exp(beta)     Wald  df  prob
  S 
   1            -0.1248   0.0298   -4.183      0.8826 
   2             0.1248                        1.1330    17.49   1 0.000
  G 
   1            -0.0133   0.0422   -0.316      0.9868 
   2             0.0682   0.0414    1.648      1.0706 
   3            -0.0549                        0.9466     2.99   2 0.225
  SG 
   1 1           0.1008   0.0422    2.390      1.1061 
   1 2           0.0462   0.0414    1.117      1.0473 
   1 3          -0.1471                        0.8632 
   2 1          -0.1008                        0.9041 
   2 2          -0.0462                        0.9548 
   2 3           0.1471                        1.1585    12.15   2 0.002

* TABLE STG [or P(T|SG)] *

  effect           beta  std err  z-value   exp(beta)     Wald  df  prob
  T 
   1            -0.1851   0.0308   -6.005      0.8310 
   2             0.1851                        1.2033    36.06   1 0.000
  ST 
   1 1           0.0945   0.0307    3.077      1.0991 
   1 2          -0.0945                        0.9098 
   2 1          -0.0945                        0.9098 
   2 2           0.0945                        1.0991     9.47   1 0.002
  TG 
   1 1           0.2062   0.0429    4.803      1.2290 
   1 2           0.0228   0.0423    0.539      1.0231 
   1 3          -0.2290                        0.7953 
   2 1          -0.2062                        0.8137 
   2 2          -0.0228                        0.9774 
   2 3           0.2290                        1.2574    31.80   2 0.000

* TABLE YZSTG [or P(YZ|STG)] *

  effect           beta  std err  z-value   exp(beta)     Wald  df  prob
  Y 
   1             4.0341   0.3375   11.953     56.4900 
   2            -4.0341                        0.0177   142.88   1 0.000
  Z 
   1            -3.4066   0.3715   -9.169      0.0332 
   2             3.4066                       30.1610    84.06   1 0.000
  YZ 
   1 1           1.2708   0.3411    3.725      3.5636 
   1 2          -1.2708                        0.2806 
   2 1          -1.2708                        0.2806 
   2 2           1.2708                        3.5636    13.88   1 0.000
  YS 
   1 1           4.2687   0.3734   11.432     71.4295 
   1 2          -4.2687                        0.0140 
   2 1          -4.2687                        0.0140 
   2 2           4.2687                       71.4295   130.68   1 0.000
  ZS 
   1 1          -3.0951   0.3468   -8.924      0.0453 
   1 2           3.0951                       22.0905 
   2 1           3.0951                       22.0905 
   2 2          -3.0951                        0.0453    79.63   1 0.000
  YT 
   1 1           4.1935   0.1542   27.191     66.2511 
   1 2          -4.1935                        0.0151 
   2 1          -4.1935                        0.0151 
   2 2           4.1935                       66.2511   739.34   1 0.000
  ZT 
   1 1          -3.8030   0.1974  -19.269      0.0223 
   1 2           3.8030                       44.8351 
   2 1           3.8030                       44.8351 
   2 2          -3.8030                        0.0223   371.30   1 0.000
  YG 
   1 1          -0.8193   0.4099   -1.999      0.4408 
   1 2          -2.3269   0.3702   -6.286      0.0976 
   1 3           3.1461                       23.2454 
   2 1           0.8193                        2.2688 
   2 2           2.3269                       10.2457 
   2 3          -3.1461                        0.0430    41.45   2 0.000
  ZG 
   1 1          -5.9424   0.2967  -20.030      0.0026 
   1 2           4.6103   0.3655   12.614    100.5144 
   1 3           1.3321                        3.7890 
   2 1           5.9424                      380.8509 
   2 2          -4.6103                        0.0099 
   2 3          -1.3321                        0.2639   773.19   2 0.000
  YZS 
   1 1 1         4.7031   0.3146   14.949    110.2939 
   1 1 2        -4.7031                        0.0091 
   1 2 1        -4.7031                        0.0091 
   1 2 2         4.7031                      110.2939 
   2 1 1        -4.7031                        0.0091 
   2 1 2         4.7031                      110.2939 
   2 2 1         4.7031                      110.2939 
   2 2 2        -4.7031                        0.0091   223.46   1 0.000
  YZT 
   1 1 1         2.0490   0.2250    9.106      7.7601 
   1 1 2        -2.0490                        0.1289 
   1 2 1        -2.0490                        0.1289 
   1 2 2         2.0490                        7.7601 
   2 1 1        -2.0490                        0.1289 
   2 1 2         2.0490                        7.7601 
   2 2 1         2.0490                        7.7601 
   2 2 2        -2.0490                        0.1289    82.92   1 0.000
  YST 
   1 1 1         4.7384   0.1394   33.980    114.2556 
   1 1 2        -4.7384                        0.0088 
   1 2 1        -4.7384                        0.0088 
   1 2 2         4.7384                      114.2556 
   2 1 1        -4.7384                        0.0088 
   2 1 2         4.7384                      114.2556 
   2 2 1         4.7384                      114.2556 
   2 2 2        -4.7384                        0.0088  1154.65   1 0.000
  ZST 
   1 1 1        -2.5162   0.1785  -14.095      0.0808 
   1 1 2         2.5162                       12.3812 
   1 2 1         2.5162                       12.3812 
   1 2 2        -2.5162                        0.0808 
   2 1 1         2.5162                       12.3812 
   2 1 2        -2.5162                        0.0808 
   2 2 1        -2.5162                        0.0808 
   2 2 2         2.5162                       12.3812   198.66   1 0.000
  YZG 
   1 1 1         1.9708   0.3646    5.406      7.1767 
   1 1 2        -2.9644   0.4793   -6.185      0.0516 
   1 1 3         0.9935                        2.7008 
   1 2 1        -1.9708                        0.1393 
   1 2 2         2.9644                       19.3829 
   1 2 3        -0.9935                        0.3703 
   2 1 1        -1.9708                        0.1393 
   2 1 2         2.9644                       19.3829 
   2 1 3        -0.9935                        0.3703 
   2 2 1         1.9708                        7.1767 
   2 2 2        -2.9644                        0.0516 
   2 2 3         0.9935                        2.7008    85.48   2 0.000
  YSG 
   1 1 1         4.4519   0.2930   15.192     85.7924 
   1 1 2        -2.7066   0.4044   -6.693      0.0668 
   1 1 3        -1.7454                        0.1746 
   1 2 1        -4.4519                        0.0117 
   1 2 2         2.7066                       14.9779 
   1 2 3         1.7454                        5.7279 
   2 1 1        -4.4519                        0.0117 
   2 1 2         2.7066                       14.9779 
   2 1 3         1.7454                        5.7279 
   2 2 1         4.4519                       85.7924 
   2 2 2        -2.7066                        0.0668 
   2 2 3        -1.7454                        0.1746   294.75   2 0.000
  ZSG 
   1 1 1        -0.5792   0.3353   -1.727      0.5603 
   1 1 2         4.5587   0.3099   14.708     95.4585 
   1 1 3        -3.9795                        0.0187 
   1 2 1         0.5792                        1.7846 
   1 2 2        -4.5587                        0.0105 
   1 2 3         3.9795                       53.4889 
   2 1 1         0.5792                        1.7846 
   2 1 2        -4.5587                        0.0105 
   2 1 3         3.9795                       53.4889 
   2 2 1        -0.5792                        0.5603 
   2 2 2         4.5587                       95.4585 
   2 2 3        -3.9795                        0.0187   254.63   2 0.000
  YTG 
   1 1 1         0.0818   0.2370    0.345      1.0852 
   1 1 2        -2.0877   0.2466   -8.466      0.1240 
   1 1 3         2.0059                        7.4327 
   1 2 1        -0.0818                        0.9215 
   1 2 2         2.0877                        8.0660 
   1 2 3        -2.0059                        0.1345 
   2 1 1        -0.0818                        0.9215 
   2 1 2         2.0877                        8.0660 
   2 1 3        -2.0059                        0.1345 
   2 2 1         0.0818                        1.0852 
   2 2 2        -2.0877                        0.1240 
   2 2 3         2.0059                        7.4327   123.41   2 0.000
  ZTG 
   1 1 1        -4.6763   0.2716  -17.220      0.0093 
   1 1 2         4.9952   0.2252   22.181    147.7005 
   1 1 3        -0.3189                        0.7270 
   1 2 1         4.6763                      107.3727 
   1 2 2        -4.9952                        0.0068 
   1 2 3         0.3189                        1.3756 
   2 1 1         4.6763                      107.3727 
   2 1 2        -4.9952                        0.0068 
   2 1 3         0.3189                        1.3756 
   2 2 1        -4.6763                        0.0093 
   2 2 2         4.9952                      147.7005 
   2 2 3        -0.3189                        0.7270   508.41   2 0.000
  YZST 
   1 1 1 1       4.2001   ******    *****     66.6932 
   1 1 1 2      -4.2001                        0.0150 
   1 1 2 1      -4.2001                        0.0150 
   1 1 2 2       4.2001                       66.6932 
   1 2 1 1      -4.2001                        0.0150 
   1 2 1 2       4.2001                       66.6932 
   1 2 2 1       4.2001                       66.6932 
   1 2 2 2      -4.2001                        0.0150 
   2 1 1 1      -4.2001                        0.0150 
   2 1 1 2       4.2001                       66.6932 
   2 1 2 1       4.2001                       66.6932 
   2 1 2 2      -4.2001                        0.0150 
   2 2 1 1       4.2001                       66.6932 
   2 2 1 2      -4.2001                        0.0150 
   2 2 2 1      -4.2001                        0.0150 
   2 2 2 2       4.2001                       66.6932     0.00   1 1.000
  YZSG 
   1 1 1 1       3.7713   0.5384    7.004     43.4366 
   1 1 1 2      -6.3930   ******    *****      0.0017 
   1 1 1 3       2.6217                       13.7585 
   1 1 2 1      -3.7713                        0.0230 
   1 1 2 2       6.3930                      597.6246 
   1 1 2 3      -2.6217                        0.0727 
   1 2 1 1      -3.7713                        0.0230 
   1 2 1 2       6.3930                      597.6246 
   1 2 1 3      -2.6217                        0.0727 
   1 2 2 1       3.7713                       43.4366 
   1 2 2 2      -6.3930                        0.0017 
   1 2 2 3       2.6217                       13.7585 
   2 1 1 1      -3.7713                        0.0230 
   2 1 1 2       6.3930                      597.6246 
   2 1 1 3      -2.6217                        0.0727 
   2 1 2 1       3.7713                       43.4366 
   2 1 2 2      -6.3930                        0.0017 
   2 1 2 3       2.6217                       13.7585 
   2 2 1 1       3.7713                       43.4366 
   2 2 1 2      -6.3930                        0.0017 
   2 2 1 3       2.6217                       13.7585 
   2 2 2 1      -3.7713                        0.0230 
   2 2 2 2       6.3930                      597.6246 
   2 2 2 3      -2.6217                        0.0727    49.06   2 0.000
  YZTG 
   1 1 1 1       1.3776   ******    *****      3.9654 
   1 1 1 2      -3.2613   ******    *****      0.0383 
   1 1 1 3       1.8837                        6.5780 
   1 1 2 1      -1.3776                        0.2522 
   1 1 2 2       3.2613                       26.0845 
   1 1 2 3      -1.8837                        0.1520 
   1 2 1 1      -1.3776                        0.2522 
   1 2 1 2       3.2613                       26.0845 
   1 2 1 3      -1.8837                        0.1520 
   1 2 2 1       1.3776                        3.9654 
   1 2 2 2      -3.2613                        0.0383 
   1 2 2 3       1.8837                        6.5780 
   2 1 1 1      -1.3776                        0.2522 
   2 1 1 2       3.2613                       26.0845 
   2 1 1 3      -1.8837                        0.1520 
   2 1 2 1       1.3776                        3.9654 
   2 1 2 2      -3.2613                        0.0383 
   2 1 2 3       1.8837                        6.5780 
   2 2 1 1       1.3776                        3.9654 
   2 2 1 2      -3.2613                        0.0383 
   2 2 1 3       1.8837                        6.5780 
   2 2 2 1      -1.3776                        0.2522 
   2 2 2 2       3.2613                       26.0845 
   2 2 2 3      -1.8837                        0.1520     0.00   2 1.000
  YSTG 
   1 1 1 1       3.8630   0.1699   22.735     47.6067 
   1 1 1 2      -3.1296   0.2836  -11.036      0.0437 
   1 1 1 3      -0.7334                        0.4803 
   1 1 2 1      -3.8630                        0.0210 
   1 1 2 2       3.1296                       22.8644 
   1 1 2 3       0.7334                        2.0821 
   1 2 1 1      -3.8630                        0.0210 
   1 2 1 2       3.1296                       22.8644 
   1 2 1 3       0.7334                        2.0821 
   1 2 2 1       3.8630                       47.6067 
   1 2 2 2      -3.1296                        0.0437 
   1 2 2 3      -0.7334                        0.4803 
   2 1 1 1      -3.8630                        0.0210 
   2 1 1 2       3.1296                       22.8644 
   2 1 1 3       0.7334                        2.0821 
   2 1 2 1       3.8630                       47.6067 
   2 1 2 2      -3.1296                        0.0437 
   2 1 2 3      -0.7334                        0.4803 
   2 2 1 1       3.8630                       47.6067 
   2 2 1 2      -3.1296                        0.0437 
   2 2 1 3      -0.7334                        0.4803 
   2 2 2 1      -3.8630                        0.0210 
   2 2 2 2       3.1296                       22.8644 
   2 2 2 3       0.7334                        2.0821   530.40   2 0.000
  ZSTG 
   1 1 1 1      -0.9744   0.2730   -3.569      0.3774 
   1 1 1 2       4.1502   0.2298   18.058     63.4462 
   1 1 1 3      -3.1758                        0.0418 
   1 1 2 1       0.9744                        2.6495 
   1 1 2 2      -4.1502                        0.0158 
   1 1 2 3       3.1758                       23.9463 
   1 2 1 1       0.9744                        2.6495 
   1 2 1 2      -4.1502                        0.0158 
   1 2 1 3       3.1758                       23.9463 
   1 2 2 1      -0.9744                        0.3774 
   1 2 2 2       4.1502                       63.4462 
   1 2 2 3      -3.1758                        0.0418 
   2 1 1 1       0.9744                        2.6495 
   2 1 1 2      -4.1502                        0.0158 
   2 1 1 3       3.1758                       23.9463 
   2 1 2 1      -0.9744                        0.3774 
   2 1 2 2       4.1502                       63.4462 
   2 1 2 3      -3.1758                        0.0418 
   2 2 1 1      -0.9744                        0.3774 
   2 2 1 2       4.1502                       63.4462 
   2 2 1 3      -3.1758                        0.0418 
   2 2 2 1       0.9744                        2.6495 
   2 2 2 2      -4.1502                        0.0158 
   2 2 2 3       3.1758                       23.9463   427.20   2 0.000
  YZSTG 
   1 1 1 1 1     4.1999   ******    *****     66.6769 
   1 1 1 1 2    -5.5065   ******    *****      0.0041 
   1 1 1 1 3     1.3066                        3.6936 
   1 1 1 2 1    -4.1999                        0.0150 
   1 1 1 2 2     5.5065                      246.2795 
   1 1 1 2 3    -1.3066                        0.2707 
   1 1 2 1 1    -4.1999                        0.0150 
   1 1 2 1 2     5.5065                      246.2795 
   1 1 2 1 3    -1.3066                        0.2707 
   1 1 2 2 1     4.1999                       66.6769 
   1 1 2 2 2    -5.5065                        0.0041 
   1 1 2 2 3     1.3066                        3.6936 
   1 2 1 1 1    -4.1999                        0.0150 
   1 2 1 1 2     5.5065                      246.2795 
   1 2 1 1 3    -1.3066                        0.2707 
   1 2 1 2 1     4.1999                       66.6769 
   1 2 1 2 2    -5.5065                        0.0041 
   1 2 1 2 3     1.3066                        3.6936 
   1 2 2 1 1     4.1999                       66.6769 
   1 2 2 1 2    -5.5065                        0.0041 
   1 2 2 1 3     1.3066                        3.6936 
   1 2 2 2 1    -4.1999                        0.0150 
   1 2 2 2 2     5.5065                      246.2795 
   1 2 2 2 3    -1.3066                        0.2707 
   2 1 1 1 1    -4.1999                        0.0150 
   2 1 1 1 2     5.5065                      246.2795 
   2 1 1 1 3    -1.3066                        0.2707 
   2 1 1 2 1     4.1999                       66.6769 
   2 1 1 2 2    -5.5065                        0.0041 
   2 1 1 2 3     1.3066                        3.6936 
   2 1 2 1 1     4.1999                       66.6769 
   2 1 2 1 2    -5.5065                        0.0041 
   2 1 2 1 3     1.3066                        3.6936 
   2 1 2 2 1    -4.1999                        0.0150 
   2 1 2 2 2     5.5065                      246.2795 
   2 1 2 2 3    -1.3066                        0.2707 
   2 2 1 1 1     4.1999                       66.6769 
   2 2 1 1 2    -5.5065                        0.0041 
   2 2 1 1 3     1.3066                        3.6936 
   2 2 1 2 1    -4.1999                        0.0150 
   2 2 1 2 2     5.5065                      246.2795 
   2 2 1 2 3    -1.3066                        0.2707 
   2 2 2 1 1    -4.1999                        0.0150 
   2 2 2 1 2     5.5065                      246.2795 
   2 2 2 1 3    -1.3066                        0.2707 
   2 2 2 2 1     4.1999                       66.6769 
   2 2 2 2 2    -5.5065                        0.0041 
   2 2 2 2 3     1.3066                        3.6936     0.00   2 1.000

* TABLE YA [or P(A|Y)] *

  effect           beta  std err  z-value   exp(beta)     Wald  df  prob
  A 
   1            -0.1074   0.0406   -2.642      0.8982 
   2             0.1074                        1.1134     6.98   1 0.008
  YA 
   1 1          -0.3718   0.0424   -8.772      0.6895 
   1 2           0.3718                        1.4503 
   2 1           0.3718                        1.4503 
   2 2          -0.3718                        0.6895    76.96   1 0.000

* TABLE YB [or P(B|Y)] *

  effect           beta  std err  z-value   exp(beta)     Wald  df  prob
  B 
   1            -0.7702   0.1019   -7.556      0.4629 
   2             0.7702                        2.1603    57.10   1 0.000
  YB 
   1 1           0.7530   0.0934    8.058      2.1234 
   1 2          -0.7530                        0.4709 
   2 1          -0.7530                        0.4709 
   2 2           0.7530                        2.1234    64.93   1 0.000

* TABLE YE [or P(E|Y)] *

  effect           beta  std err  z-value   exp(beta)     Wald  df  prob
  E 
   1            -0.3707   0.0629   -5.890      0.6903 
   2             0.3707                        1.4487    34.69   1 0.000
  YE 
   1 1          -0.6130   0.0577  -10.623      0.5417 
   1 2           0.6130                        1.8459 
   2 1           0.6130                        1.8459 
   2 2          -0.6130                        0.5417   112.86   1 0.000

* TABLE ZC [or P(C|Z)] *

  effect           beta  std err  z-value   exp(beta)     Wald  df  prob
  C 
   1            -0.4209   0.0614   -6.851      0.6565 
   2             0.4209                        1.5233    46.93   1 0.000
  ZC 
   1 1          -0.5029   0.0604   -8.325      0.6048 
   1 2           0.5029                        1.6536 
   2 1           0.5029                        1.6536 
   2 2          -0.5029                        0.6048    69.30   1 0.000

* TABLE ZD [or P(D|Z)] *

  effect           beta  std err  z-value   exp(beta)     Wald  df  prob
  D 
   1            -0.1832   0.1017   -1.801      0.8326 
   2             0.1832                        1.2011     3.24   1 0.072
  ZD 
   1 1           0.8264   0.0948    8.714      2.2852 
   1 2          -0.8264                        0.4376 
   2 1          -0.8264                        0.4376 
   2 2           0.8264                        2.2852    75.94   1 0.000



*** (CONDITIONAL) PROBABILITIES ***

* P(SG) *

  1 1            0.1583  (0.0107)
  1 2            0.1626  (0.0109)
  1 3            0.1185  (0.0095)
  2 1            0.1661  (0.0109)
  2 2            0.1903  (0.0115)
  2 3            0.2042  (0.0119)

* P(T|SG) *

  1 | 1 1        0.5576  (0.0300)
  1 | 1 2        0.4662  (0.0298)
  1 | 1 3        0.3454  (0.0307)
  2 | 1 1        0.4424  (0.0300)
  2 | 1 2        0.5338  (0.0298)
  2 | 1 3        0.6546  (0.0307)
  1 | 2 1        0.4634  (0.0298)
  1 | 2 2        0.3744  (0.0273)
  1 | 2 3        0.2656  (0.0242)
  2 | 2 1        0.5366  (0.0298)
  2 | 2 2        0.6256  (0.0273)
  2 | 2 3        0.7344  (0.0242)

* P(YZ|STG) *

  1 1 | 1 1 1    0.0485  (0.0480)
  1 1 | 1 1 2    0.2959  (0.0905)
  1 1 | 1 1 3    0.4931  (0.1152)
  1 1 | 1 2 1    0.0136  (0.0276)
  1 1 | 1 2 2    0.0387  (0.0778)
  1 1 | 1 2 3    0.2541  (0.0802)
  1 1 | 2 1 1    0.0000  (0.0000) *
  1 1 | 2 1 2    0.1738  (0.0737)
  1 1 | 2 1 3    0.3590  (0.1166)
  1 1 | 2 2 1    0.0149  (0.0293)
  1 1 | 2 2 2    0.1752  (0.0652)
  1 1 | 2 2 3    0.1013  (0.0503)
  1 2 | 1 1 1    0.8819  (0.0810)
  1 2 | 1 1 2    0.6701  (0.0872)
  1 2 | 1 1 3    0.4324  (0.1221)
  1 2 | 1 2 1    0.1396  (0.0762)
  1 2 | 1 2 2    0.2999  (0.0745)
  1 2 | 1 2 3    0.0498  (0.0619)
  1 2 | 2 1 1    0.6014  (0.0780)
  1 2 | 2 1 2    0.5903  (0.0990)
  1 2 | 2 1 3    0.4082  (0.0935)
  1 2 | 2 2 1    0.0987  (0.0560)
  1 2 | 2 2 2    0.1481  (0.0645)
  1 2 | 2 2 3    0.1134  (0.0369)
  2 1 | 1 1 1    0.0000  (0.0000) *
  2 1 | 1 1 2    0.0340  (0.0369)
  2 1 | 1 1 3    0.0000  (0.0000) *
  2 1 | 1 2 1    0.1115  (0.0844)
  2 1 | 1 2 2    0.5318  (0.1031)
  2 1 | 1 2 3    0.5129  (0.0964)
  2 1 | 2 1 1    0.1141  (0.0485)
  2 1 | 2 1 2    0.0402  (0.0476)
  2 1 | 2 1 3    0.2328  (0.0959)
  2 1 | 2 2 1    0.2649  (0.0767)
  2 1 | 2 2 2    0.4307  (0.0762)
  2 1 | 2 2 3    0.7853  (0.0525)
  2 2 | 1 1 1    0.0696  (0.0605)
  2 2 | 1 1 2    0.0000  (0.0000) *
  2 2 | 1 1 3    0.0745  (0.0567)
  2 2 | 1 2 1    0.7353  (0.1106)
  2 2 | 1 2 2    0.1296  (0.0772)
  2 2 | 1 2 3    0.1831  (0.0819)
  2 2 | 2 1 1    0.2845  (0.0794)
  2 2 | 2 1 2    0.1958  (0.0818)
  2 2 | 2 1 3    0.0000  (0.0000) *
  2 2 | 2 2 1    0.6215  (0.0871)
  2 2 | 2 2 2    0.2461  (0.0702)
  2 2 | 2 2 3    0.0000  (0.0000)

* P(A|Y) *

  1 | 1          0.2772  (0.0242)
  2 | 1          0.7228  (0.0242)
  1 | 2          0.6292  (0.0266)
  2 | 2          0.3708  (0.0266)

* P(B|Y) *

  1 | 1          0.4914  (0.0307)
  2 | 1          0.5086  (0.0307)
  1 | 2          0.0454  (0.0161)
  2 | 2          0.9546  (0.0161)

* P(E|Y) *

  1 | 1          0.1227  (0.0219)
  2 | 1          0.8773  (0.0219)
  1 | 2          0.6188  (0.0308)
  2 | 2          0.3812  (0.0308)

* P(C|Z) *

  1 | 1          0.1362  (0.0253)
  2 | 1          0.8638  (0.0253)
  1 | 2          0.5409  (0.0283)
  2 | 2          0.4591  (0.0283)

* P(D|Z) *

  1 | 1          0.7835  (0.0404)
  2 | 1          0.2165  (0.0404)
  1 | 2          0.1172  (0.0324)
  2 | 2          0.8828  (0.0324)



*** LATENT CLASS OUTPUT ***

          Y  1    Y  1    Y  2    Y  2
          Z  1    Z  2    Z  1    Z  2
         0.1401  0.3399  0.3132  0.2067
  A  1   0.2772  0.2772  0.6292  0.6292
  A  2   0.7228  0.7228  0.3708  0.3708
  B  1   0.4914  0.4914  0.0454  0.0454
  B  2   0.5086  0.5086  0.9546  0.9546
  C  1   0.1362  0.5409  0.1362  0.5409
  C  2   0.8638  0.4591  0.8638  0.4591
  D  1   0.7835  0.1172  0.7835  0.1172
  D  2   0.2165  0.8828  0.2165  0.8828
  E  1   0.1227  0.1227  0.6188  0.6188
  E  2   0.8773  0.8773  0.3812  0.3812
  S  1   0.5061  0.5473  0.3076  0.4168
  S  2   0.4939  0.4527  0.6924  0.5832
  T  1   0.5619  0.7555  0.0857  0.2179
  T  2   0.4381  0.2445  0.9143  0.7821
  G  1   0.0468  0.4198  0.1283  0.6528
  G  2   0.4212  0.4016  0.3285  0.2637
  G  3   0.5319  0.1786  0.5432  0.0835

E = 0.2076, lambda = 0.6856
