LEM: log-linear and event history analysis with missing data.
Developed by Jeroen Vermunt (c), Tilburg University, The Netherlands.
Version 1.0 (September 18, 1997).


*** INPUT ***

  lat 2
man 8
dim 2 2 2 2 2 2 2 2 2 3
lab Y Z A B C D E S T G
mod SG T|SG {SG ST GT} YZ|SGT {SGTYZ} A|Y B|Y E|Y C|Z D|Z
ite 10000
dat [0 0 0 0 0 1 0 0 1 0 1 0 0 1 0 0 1 0 0 0 0 0 1 0 4 0 0 1 0 1 1 0 0 2 1 0 6 3 1 3 1 1 4 4 1 1 1 0 0 0 1 0 2 1 0 0 0 0 0 0 2 3 0 0 2 2 0 3 2 0 4 1 0 1 1 0 1 1 2 1 0 0 0 0 4 7 4 0 4 2 4 2 0 0 3 2 0 1 0 8 1 2 1 0 0 5 3 7 0 1 0 3 5 3 0 0 1 1 2 2 2 0 1 9 4 2 8 3 0 12 6 1 10 3 1 6 2 1 7 3 1 11 6 3 0 1 0 2 10 13 3 2 2 8 21 47 0 3 1 1 11 10 2 1 5 4 13 17 1 1 2 9 7 7 3 3 0 7 11 8 1 4 0 3 7 5 1 9 1 3 6 4 0 0 0 1 0 1 0 0 0 1 0 0 1 3 2 0 0 2 0 3 0 0 0 1 2 1 0 0 0 0 2 1 0 1 0 1 11 6 5 2 4 0 13 7 4 1 1 1 1 1 0 0 0 1 1 0 0 0 0 3 1 5 10 1 0 5 0 2 4 1 4 5 3 2 0 0 1 0 2 0 2 0 0 0 10 17 4 0 3 1 5 7 4 3 5 4 0 0 0 3 0 1 0 2 0 4 2 4 1 3 0 0 2 1 1 1 3 2 0 2 2 1 0 7 0 3 6 0 1 8 4 1 13 7 1 10 4 3 9 8 6 4 6 9 0 1 0 3 4 6 4 0 6 6 4 15 5 7 4 2 7 8 2 6 9 3 15 24 6 1 1 3 4 3 3 4 4 7 5 5 14 8 6 6 9 5 7 6 8 6 17 4]
see 166



*** STATISTICS ***

  Number of iterations = 128
  Converge criterion   = 0.0000009274
  Seed random values   = 166

  X-squared            = 396.6483 (0.0056)
  L-squared            = 397.9029 (0.0049)
  Cressie-Read         = 378.1620 (0.0292)
  Dissimilarity index  = 0.1992
  Degrees of freedom   = 328
  Log-likelihood       = -6220.37133
  Number of parameters = 55 (+1)
  Sample size          = 1156.0
  BIC(L-squared)       = -1915.3897
  AIC(L-squared)       = -258.0971
  BIC(log-likelihood)  = 12828.6423
  AIC(log-likelihood)  = 12550.7427

  Eigenvalues information matrix
    1367.8068  1281.2218  1171.5173  1169.9163  1153.0331  1103.6546
    1041.1170  1030.2976   956.4542   942.5172   869.3793   866.9755
     734.7926   683.2680   642.6747   616.2296   569.1118   557.5555
     482.8924   429.1562   409.4444   381.9020   370.9609   366.6664
     345.7673   328.9501   305.7067   270.7197   262.0689   238.0976
     216.4207   197.4698   176.0421   149.4110   143.3012   108.5528
     102.4916    94.4760    82.9766    64.4790    56.6233    45.7240
      36.9433    33.7877    25.3626    19.3820    13.8404     7.5760
       4.7180     0.0003     0.0001    -0.0002    -0.0003    -0.0011
      -0.0023

WARNING: 6 (nearly) boundary or non-identified (log-linear) parameters



*** FREQUENCIES ***

  A B C D E S T G     observed  estimated  std. res.
  1 1 1 1 1 1 1 1       0.000      0.112     -0.335
  1 1 1 1 1 1 1 2       0.000      0.114     -0.338
  1 1 1 1 1 1 1 3       0.000      0.067     -0.259
  1 1 1 1 1 1 2 1       0.000      0.098     -0.312
  1 1 1 1 1 1 2 2       0.000      0.154     -0.392
  1 1 1 1 1 1 2 3       1.000      0.150      2.190
  1 1 1 1 1 2 1 1       0.000      0.104     -0.323
  1 1 1 1 1 2 1 2       0.000      0.101     -0.318
  1 1 1 1 1 2 1 3       1.000      0.095      2.942
  1 1 1 1 1 2 2 1       0.000      0.137     -0.370
  1 1 1 1 1 2 2 2       1.000      0.214      1.698
  1 1 1 1 1 2 2 3       0.000      0.309     -0.556
  1 1 1 1 2 1 1 1       0.000      0.750     -0.866
  1 1 1 1 2 1 1 2       1.000      0.779      0.250
  1 1 1 1 2 1 1 3       0.000      0.455     -0.675
  1 1 1 1 2 1 2 1       0.000      0.151     -0.389
  1 1 1 1 2 1 2 2       1.000      0.348      1.104
  1 1 1 1 2 1 2 3       0.000      0.389     -0.624
  1 1 1 1 2 2 1 1       0.000      0.434     -0.659
  1 1 1 1 2 2 1 2       0.000      0.566     -0.752
  1 1 1 1 2 2 1 3       0.000      0.498     -0.705
  1 1 1 1 2 2 2 1       0.000      0.172     -0.415
  1 1 1 1 2 2 2 2       1.000      0.554      0.599
  1 1 1 1 2 2 2 3       0.000      0.531     -0.729
  1 1 1 2 1 1 1 1       4.000      0.781      3.644
  1 1 1 2 1 1 1 2       0.000      0.483     -0.695
  1 1 1 2 1 1 1 3       0.000      0.205     -0.452
  1 1 1 2 1 1 2 1       1.000      0.598      0.520
  1 1 1 2 1 1 2 2       0.000      0.380     -0.616
  1 1 1 2 1 1 2 3       1.000      0.209      1.728
  1 1 1 2 1 2 1 1       1.000      0.646      0.441
  1 1 1 2 1 2 1 2       0.000      0.533     -0.730
  1 1 1 2 1 2 1 3       0.000      0.223     -0.472
  1 1 1 2 1 2 2 1       2.000      0.636      1.710
  1 1 1 2 1 2 2 2       1.000      0.491      0.726
  1 1 1 2 1 2 2 3       0.000      0.236     -0.486
  1 1 1 2 2 1 1 1       6.000      5.190      0.356
  1 1 1 2 2 1 1 2       3.000      3.444     -0.239
  1 1 1 2 2 1 1 3       1.000      1.268     -0.238
  1 1 1 2 2 1 2 1       3.000      0.961      2.079
  1 1 1 2 2 1 2 2       1.000      1.816     -0.606
  1 1 1 2 2 1 2 3       1.000      0.435      0.856
  1 1 1 2 2 2 1 1       4.000      3.189      0.454
  1 1 1 2 2 2 1 2       4.000      2.910      0.639
  1 1 1 2 2 2 1 3       1.000      1.544     -0.438
  1 1 1 2 2 2 2 1       1.000      0.927      0.076
  1 1 1 2 2 2 2 2       1.000      1.443     -0.369
  1 1 1 2 2 2 2 3       0.000      1.227     -1.108
  1 1 2 1 1 1 1 1       0.000      0.144     -0.379
  1 1 2 1 1 1 1 2       0.000      0.382     -0.618
  1 1 2 1 1 1 1 3       1.000      0.286      1.336
  1 1 2 1 1 1 2 1       0.000      0.187     -0.433
  1 1 2 1 1 1 2 2       2.000      0.721      1.505
  1 1 2 1 1 1 2 3       1.000      0.827      0.190
  1 1 2 1 1 2 1 1       0.000      0.193     -0.440
  1 1 2 1 1 2 1 2       0.000      0.260     -0.510
  1 1 2 1 1 2 1 3       0.000      0.452     -0.672
  1 1 2 1 1 2 2 1       0.000      0.414     -0.643
  1 1 2 1 1 2 2 2       0.000      1.032     -1.016
  1 1 2 1 1 2 2 3       0.000      1.844     -1.358
  1 1 2 1 2 1 1 1       2.000      0.983      1.026
  1 1 2 1 2 1 1 2       3.000      2.498      0.318
  1 1 2 1 2 1 1 3       0.000      2.021     -1.422
  1 1 2 1 2 1 2 1       0.000      0.263     -0.513
  1 1 2 1 2 1 2 2       2.000      0.909      1.145
  1 1 2 1 2 1 2 3       2.000      2.220     -0.148
  1 1 2 1 2 2 1 1       0.000      0.433     -0.658
  1 1 2 1 2 2 1 2       3.000      1.504      1.220
  1 1 2 1 2 2 1 3       2.000      2.092     -0.064
  1 1 2 1 2 2 2 1       0.000      0.428     -0.654
  1 1 2 1 2 2 2 2       4.000      2.538      0.918
  1 1 2 1 2 2 2 3       1.000      2.549     -0.970
  1 1 2 2 1 1 1 1       0.000      0.676     -0.822
  1 1 2 2 1 1 1 2       1.000      0.489      0.732
  1 1 2 2 1 1 1 3       1.000      0.237      1.569
  1 1 2 2 1 1 2 1       0.000      0.536     -0.732
  1 1 2 2 1 1 2 2       1.000      0.485      0.739
  1 1 2 2 1 1 2 3       1.000      0.371      1.033
  1 1 2 2 1 2 1 1       2.000      0.577      1.873
  1 1 2 2 1 2 1 2       1.000      0.500      0.706
  1 1 2 2 1 2 1 3       0.000      0.292     -0.540
  1 1 2 2 1 2 2 1       0.000      0.622     -0.789
  1 1 2 2 1 2 2 2       0.000      0.652     -0.807
  1 1 2 2 1 2 2 3       0.000      0.638     -0.799
  1 1 2 2 2 1 1 1       4.000      4.500     -0.236
  1 1 2 2 2 1 1 2       7.000      3.430      1.928
  1 1 2 2 2 1 1 3       4.000      1.528      2.000
  1 1 2 2 2 1 2 1       0.000      0.853     -0.924
  1 1 2 2 2 1 2 2       4.000      1.710      1.751
  1 1 2 2 2 1 2 3       2.000      0.892      1.174
  1 1 2 2 2 2 1 1       4.000      2.724      0.773
  1 1 2 2 2 2 1 2       2.000      2.752     -0.453
  1 1 2 2 2 2 1 3       0.000      1.772     -1.331
  1 1 2 2 2 2 2 1       0.000      0.865     -0.930
  1 1 2 2 2 2 2 2       3.000      1.796      0.899
  1 1 2 2 2 2 2 3       2.000      1.621      0.297
  1 2 1 1 1 1 1 1       0.000      0.275     -0.525
  1 2 1 1 1 1 1 2       1.000      0.230      1.603
  1 2 1 1 1 1 1 3       0.000      0.149     -0.385
  1 2 1 1 1 1 2 1       8.000      1.775      4.672
  1 2 1 1 1 1 2 2       1.000      2.463     -0.932
  1 2 1 1 1 1 2 3       2.000      2.258     -0.172
  1 2 1 1 1 2 1 1       1.000      1.057     -0.056
  1 2 1 1 1 2 1 2       0.000      0.591     -0.769
  1 2 1 1 1 2 1 3       0.000      0.648     -0.805
  1 2 1 1 1 2 2 1       5.000      2.605      1.484
  1 2 1 1 1 2 2 2       3.000      3.216     -0.120
  1 2 1 1 1 2 2 3       7.000      5.452      0.663
  1 2 1 1 2 1 1 1       0.000      0.874     -0.935
  1 2 1 1 2 1 1 2       1.000      0.875      0.133
  1 2 1 1 2 1 1 3       0.000      0.520     -0.721
  1 2 1 1 2 1 2 1       3.000      1.188      1.663
  1 2 1 1 2 1 2 2       5.000      1.780      2.414
  1 2 1 1 2 1 2 3       3.000      1.698      1.000
  1 2 1 1 2 2 1 1       0.000      1.035     -1.017
  1 2 1 1 2 2 1 2       0.000      0.885     -0.941
  1 2 1 1 2 2 1 3       1.000      0.854      0.158
  1 2 1 1 2 2 2 1       1.000      1.696     -0.534
  1 2 1 1 2 2 2 2       2.000      2.417     -0.268
  1 2 1 1 2 2 2 3       2.000      3.711     -0.888
  1 2 1 2 1 1 1 1       2.000      2.007     -0.005
  1 2 1 2 1 1 1 2       0.000      0.531     -0.729
  1 2 1 2 1 1 1 3       1.000      0.807      0.215
  1 2 1 2 1 1 2 1       9.000     10.760     -0.537
  1 2 1 2 1 1 2 2       4.000      3.144      0.483
  1 2 1 2 1 1 2 3       2.000      3.467     -0.788
  1 2 1 2 1 2 1 1       8.000      5.047      1.314
  1 2 1 2 1 2 1 2       3.000      3.307     -0.169
  1 2 1 2 1 2 1 3       0.000      0.383     -0.619
  1 2 1 2 1 2 2 1      12.000     11.752      0.072
  1 2 1 2 1 2 2 2       6.000      6.842     -0.322
  1 2 1 2 1 2 2 3       1.000      1.663     -0.514
  1 2 1 2 2 1 1 1      10.000      6.111      1.573
  1 2 1 2 2 1 1 2       3.000      3.584     -0.308
  1 2 1 2 2 1 1 3       1.000      1.679     -0.524
  1 2 1 2 2 1 2 1       6.000      7.241     -0.461
  1 2 1 2 2 1 2 2       2.000      3.574     -0.833
  1 2 1 2 2 1 2 3       1.000      2.452     -0.927
  1 2 1 2 2 2 1 1       7.000      5.997      0.410
  1 2 1 2 2 2 1 2       3.000      4.709     -0.788
  1 2 1 2 2 2 1 3       1.000      1.692     -0.532
  1 2 1 2 2 2 2 1      11.000      7.792      1.149
  1 2 1 2 2 2 2 2       6.000      5.395      0.261
  1 2 1 2 2 2 2 3       3.000      2.144      0.585
  1 2 2 1 1 1 1 1       0.000      0.284     -0.533
  1 2 2 1 1 1 1 2       1.000      1.108     -0.103
  1 2 2 1 1 1 1 3       0.000      0.363     -0.602
  1 2 2 1 1 1 2 1       2.000      3.487     -0.796
  1 2 2 1 1 1 2 2      10.000     13.760     -1.014
  1 2 2 1 1 1 2 3      13.000     12.173      0.237
  1 2 2 1 1 2 1 1       3.000      3.109     -0.062
  1 2 2 1 1 2 1 2       2.000      1.368      0.540
  1 2 2 1 1 2 1 3       2.000      3.958     -0.984
  1 2 2 1 1 2 2 1       8.000      8.176     -0.062
  1 2 2 1 1 2 2 2      21.000     15.893      1.281
  1 2 2 1 1 2 2 3      47.000     34.468      2.135
  1 2 2 1 2 1 1 1       0.000      1.100     -1.049
  1 2 2 1 2 1 1 2       3.000      3.024     -0.014
  1 2 2 1 2 1 1 3       1.000      2.133     -0.776
  1 2 2 1 2 1 2 1       1.000      2.300     -0.857
  1 2 2 1 2 1 2 2      11.000      8.956      0.683
  1 2 2 1 2 1 2 3      10.000      9.268      0.241
  1 2 2 1 2 2 1 1       2.000      2.240     -0.160
  1 2 2 1 2 2 1 2       1.000      2.233     -0.825
  1 2 2 1 2 2 1 3       5.000      4.315      0.330
  1 2 2 1 2 2 2 1       4.000      5.215     -0.532
  1 2 2 1 2 2 2 2      13.000     11.757      0.362
  1 2 2 1 2 2 2 3      17.000     22.692     -1.195
  1 2 2 2 1 1 1 1       1.000      1.717     -0.547
  1 2 2 2 1 1 1 2       1.000      0.703      0.355
  1 2 2 2 1 1 1 3       2.000      0.750      1.443
  1 2 2 2 1 1 2 1       9.000      9.678     -0.218
  1 2 2 2 1 1 2 2       7.000      5.893      0.456
  1 2 2 2 1 1 2 3       7.000      5.776      0.509
  1 2 2 2 1 2 1 1       3.000      4.894     -0.856
  1 2 2 2 1 2 1 2       3.000      3.046     -0.026
  1 2 2 2 1 2 1 3       0.000      1.266     -1.125
  1 2 2 2 1 2 2 1       7.000     11.620     -1.355
  1 2 2 2 1 2 2 2      11.000      9.444      0.506
  1 2 2 2 1 2 2 3       8.000      9.657     -0.533
  1 2 2 2 2 1 1 1       1.000      5.284     -1.864
  1 2 2 2 2 1 1 2       4.000      3.671      0.172
  1 2 2 2 2 1 1 3       0.000      1.893     -1.376
  1 2 2 2 2 1 2 1       3.000      6.502     -1.373
  1 2 2 2 2 1 2 2       7.000      5.090      0.846
  1 2 2 2 2 1 2 3       5.000      4.244      0.367
  1 2 2 2 2 2 1 1       1.000      5.465     -1.910
  1 2 2 2 2 2 1 2       9.000      4.406      2.189
  1 2 2 2 2 2 1 3       1.000      2.428     -0.916
  1 2 2 2 2 2 2 1       3.000      7.655     -1.682
  1 2 2 2 2 2 2 2       6.000      7.260     -0.467
  1 2 2 2 2 2 2 3       4.000      7.219     -1.198
  2 1 1 1 1 1 1 1       0.000      0.276     -0.526
  2 1 1 1 1 1 1 2       0.000      0.286     -0.535
  2 1 1 1 1 1 1 3       0.000      0.167     -0.409
  2 1 1 1 1 1 2 1       1.000      0.086      3.124
  2 1 1 1 1 1 2 2       0.000      0.169     -0.411
  2 1 1 1 1 1 2 3       1.000      0.180      1.931
  2 1 1 1 1 2 1 1       0.000      0.176     -0.419
  2 1 1 1 1 2 1 2       0.000      0.215     -0.464
  2 1 1 1 1 2 1 3       0.000      0.191     -0.438
  2 1 1 1 1 2 2 1       1.000      0.108      2.718
  2 1 1 1 1 2 2 2       0.000      0.257     -0.507
  2 1 1 1 1 2 2 3       0.000      0.287     -0.536
  2 1 1 1 2 1 1 1       1.000      1.944     -0.677
  2 1 1 1 2 1 1 2       3.000      2.024      0.686
  2 1 1 1 2 1 1 3       2.000      1.181      0.753
  2 1 1 1 2 1 2 1       0.000      0.290     -0.539
  2 1 1 1 2 1 2 2       0.000      0.765     -0.875
  2 1 1 1 2 1 2 3       2.000      0.884      1.187
  2 1 1 1 2 2 1 1       0.000      1.074     -1.036
  2 1 1 1 2 2 1 2       3.000      1.445      1.294
  2 1 1 1 2 2 1 3       0.000      1.263     -1.124
  2 1 1 1 2 2 2 1       0.000      0.297     -0.545
  2 1 1 1 2 2 2 2       0.000      1.259     -1.122
  2 1 1 1 2 2 2 3       1.000      1.065     -0.063
  2 1 1 2 1 1 1 1       2.000      1.914      0.062
  2 1 1 2 1 1 1 2       1.000      1.256     -0.229
  2 1 1 2 1 1 1 3       0.000      0.473     -0.688
  2 1 1 2 1 1 2 1       0.000      0.535     -0.732
  2 1 1 2 1 1 2 2       0.000      0.712     -0.844
  2 1 1 2 1 1 2 3       0.000      0.218     -0.467
  2 1 1 2 1 2 1 1       2.000      1.242      0.680
  2 1 1 2 1 2 1 2       1.000      1.111     -0.105
  2 1 1 2 1 2 1 3       0.000      0.566     -0.752
  2 1 1 2 1 2 2 1       1.000      0.540      0.626
  2 1 1 2 1 2 2 2       0.000      0.642     -0.801
  2 1 1 2 1 2 2 3       1.000      0.473      0.766
  2 1 1 2 2 1 1 1      11.000     13.457     -0.670
  2 1 1 2 2 1 1 2       6.000      8.977     -0.994
  2 1 1 2 2 1 1 3       5.000      3.270      0.956
  2 1 1 2 2 1 2 1       2.000      1.876      0.090
  2 1 1 2 2 1 2 2       4.000      4.564     -0.264
  2 1 1 2 2 1 2 3       0.000      0.933     -0.966
  2 1 1 2 2 2 1 1      13.000      8.042      1.749
  2 1 1 2 2 2 1 2       7.000      7.416     -0.153
  2 1 1 2 2 2 1 3       4.000      4.016     -0.008
  2 1 1 2 2 2 2 1       1.000      1.728     -0.554
  2 1 1 2 2 2 2 2       1.000      3.369     -1.291
  2 1 1 2 2 2 2 3       1.000      3.112     -1.197
  2 1 2 1 1 1 1 1       1.000      0.361      1.064
  2 1 2 1 1 1 1 2       1.000      0.924      0.080
  2 1 2 1 1 1 1 3       0.000      0.738     -0.859
  2 1 2 1 1 1 2 1       0.000      0.156     -0.395
  2 1 2 1 1 1 2 2       0.000      0.569     -0.754
  2 1 2 1 1 1 2 3       1.000      1.016     -0.016
  2 1 2 1 1 2 1 1       1.000      0.211      1.717
  2 1 2 1 1 2 1 2       0.000      0.568     -0.754
  2 1 2 1 1 2 1 3       0.000      0.826     -0.909
  2 1 2 1 1 2 2 1       0.000      0.297     -0.545
  2 1 2 1 1 2 2 2       0.000      1.196     -1.093
  2 1 2 1 1 2 2 3       3.000      1.523      1.197
  2 1 2 1 2 1 1 1       1.000      2.554     -0.972
  2 1 2 1 2 1 1 2       5.000      6.467     -0.577
  2 1 2 1 2 1 1 3      10.000      5.266      2.063
  2 1 2 1 2 1 2 1       1.000      0.482      0.747
  2 1 2 1 2 1 2 2       0.000      1.561     -1.249
  2 1 2 1 2 1 2 3       5.000      5.087     -0.038
  2 1 2 1 2 2 1 1       0.000      0.949     -0.974
  2 1 2 1 2 2 1 2       2.000      3.853     -0.944
  2 1 2 1 2 2 1 3       4.000      5.238     -0.541
  2 1 2 1 2 2 2 1       1.000      0.635      0.458
  2 1 2 1 2 2 2 2       4.000      5.697     -0.711
  2 1 2 1 2 2 2 3       5.000      4.624      0.175
  2 1 2 2 1 1 1 1       3.000      1.659      1.041
  2 1 2 2 1 1 1 2       2.000      1.254      0.666
  2 1 2 2 1 1 1 3       0.000      0.566     -0.753
  2 1 2 2 1 1 2 1       0.000      0.477     -0.691
  2 1 2 2 1 1 2 2       1.000      0.722      0.327
  2 1 2 2 1 1 2 3       0.000      0.423     -0.651
  2 1 2 2 1 2 1 1       2.000      1.071      0.897
  2 1 2 2 1 2 1 2       0.000      1.049     -1.024
  2 1 2 2 1 2 1 3       2.000      0.663      1.641
  2 1 2 2 1 2 2 1       0.000      0.515     -0.718
  2 1 2 2 1 2 2 2       0.000      0.815     -0.903
  2 1 2 2 1 2 2 3       0.000      0.755     -0.869
  2 1 2 2 2 1 1 1      10.000     11.669     -0.489
  2 1 2 2 2 1 1 2      17.000      8.930      2.700
  2 1 2 2 2 1 1 3       4.000      3.953      0.024
  2 1 2 2 2 1 2 1       0.000      1.657     -1.287
  2 1 2 2 2 1 2 2       3.000      4.125     -0.554
  2 1 2 2 2 1 2 3       1.000      1.990     -0.702
  2 1 2 2 2 2 1 1       5.000      6.834     -0.702
  2 1 2 2 2 2 1 2       7.000      7.019     -0.007
  2 1 2 2 2 2 1 3       4.000      4.559     -0.262
  2 1 2 2 2 2 2 1       3.000      1.572      1.138
  2 1 2 2 2 2 2 2       5.000      4.138      0.424
  2 1 2 2 2 2 2 3       4.000      3.668      0.173
  2 2 1 1 1 1 1 1       0.000      0.380     -0.616
  2 2 1 1 1 1 1 2       0.000      0.362     -0.602
  2 2 1 1 1 1 1 3       0.000      0.220     -0.469
  2 2 1 1 1 1 2 1       3.000      1.075      1.856
  2 2 1 1 1 1 2 2       0.000      1.533     -1.238
  2 2 1 1 1 1 2 3       1.000      1.425     -0.356
  2 2 1 1 1 2 1 1       0.000      0.742     -0.861
  2 2 1 1 1 2 1 2       2.000      0.509      2.090
  2 2 1 1 1 2 1 3       0.000      0.522     -0.723
  2 2 1 1 1 2 2 1       4.000      1.563      1.949
  2 2 1 1 1 2 2 2       2.000      2.030     -0.021
  2 2 1 1 1 2 2 3       4.000      3.322      0.372
  2 2 1 1 2 1 1 1       1.000      2.070     -0.744
  2 2 1 1 2 1 1 2       3.000      2.136      0.591
  2 2 1 1 2 1 1 3       0.000      1.251     -1.119
  2 2 1 1 2 1 2 1       0.000      0.908     -0.953
  2 2 1 1 2 1 2 2       2.000      1.628      0.291
  2 2 1 1 2 1 2 3       1.000      1.678     -0.523
  2 2 1 1 2 2 1 1       1.000      1.456     -0.378
  2 2 1 1 2 2 1 2       1.000      1.672     -0.520
  2 2 1 1 2 2 1 3       3.000      1.507      1.216
  2 2 1 1 2 2 2 1       2.000      1.201      0.729
  2 2 1 1 2 2 2 2       0.000      2.389     -1.546
  2 2 1 1 2 2 2 3       2.000      2.965     -0.561
  2 2 1 2 1 1 1 1       2.000      2.688     -0.420
  2 2 1 2 1 1 1 2       1.000      1.319     -0.277
  2 2 1 2 1 1 1 3       0.000      0.841     -0.917
  2 2 1 2 1 1 2 1       7.000      6.530      0.184
  2 2 1 2 1 1 2 2       0.000      2.359     -1.536
  2 2 1 2 1 1 2 3       3.000      2.141      0.587
  2 2 1 2 1 2 1 1       6.000      3.866      1.085
  2 2 1 2 1 2 1 2       0.000      2.774     -1.666
  2 2 1 2 1 2 1 3       1.000      0.675      0.395
  2 2 1 2 1 2 2 1       8.000      7.096      0.339
  2 2 1 2 1 2 2 2       4.000      4.397     -0.189
  2 2 1 2 1 2 2 3       1.000      1.326     -0.283
  2 2 1 2 2 1 1 1      13.000     14.365     -0.360
  2 2 1 2 2 1 1 2       7.000      9.303     -0.755
  2 2 1 2 2 1 1 3       1.000      3.601     -1.371
  2 2 1 2 2 1 2 1      10.000      5.623      1.846
  2 2 1 2 2 1 2 2       4.000      5.723     -0.720
  2 2 1 2 2 1 2 3       3.000      2.146      0.583
  2 2 1 2 2 2 1 1       9.000      9.913     -0.290
  2 2 1 2 2 2 1 2       8.000      8.676     -0.229
  2 2 1 2 2 2 1 3       6.000      4.212      0.871
  2 2 1 2 2 2 2 1       4.000      5.815     -0.753
  2 2 1 2 2 2 2 2       6.000      5.786      0.089
  2 2 1 2 2 2 2 3       9.000      3.736      2.724
  2 2 2 1 1 1 1 1       0.000      0.453     -0.673
  2 2 2 1 1 1 1 2       1.000      1.376     -0.321
  2 2 2 1 1 1 1 3       0.000      0.804     -0.896
  2 2 2 1 1 1 2 1       3.000      2.102      0.620
  2 2 2 1 1 1 2 2       4.000      8.257     -1.482
  2 2 2 1 1 1 2 3       6.000      7.720     -0.619
  2 2 2 1 1 2 1 1       4.000      1.933      1.487
  2 2 2 1 1 2 1 2       0.000      1.236     -1.112
  2 2 2 1 1 2 1 3       6.000      2.912      1.810
  2 2 2 1 1 2 2 1       6.000      4.873      0.510
  2 2 2 1 1 2 2 2       4.000      9.973     -1.891
  2 2 2 1 1 2 2 3      15.000     20.763     -1.265
  2 2 2 1 2 1 1 1       5.000      2.693      1.406
  2 2 2 1 2 1 1 2       7.000      6.953      0.018
  2 2 2 1 2 1 1 3       4.000      5.475     -0.630
  2 2 2 1 2 1 2 1       2.000      1.694      0.235
  2 2 2 1 2 1 2 2       7.000      6.339      0.263
  2 2 2 1 2 1 2 3       8.000      9.372     -0.448
  2 2 2 1 2 2 1 1       2.000      2.038     -0.027
  2 2 2 1 2 2 1 2       6.000      4.387      0.770
  2 2 2 1 2 2 1 3       9.000      6.688      0.894
  2 2 2 1 2 2 2 1       3.000      3.469     -0.252
  2 2 2 1 2 2 2 2      15.000     11.277      1.109
  2 2 2 1 2 2 2 3      24.000     16.603      1.815
  2 2 2 2 1 1 1 1       6.000      2.317      2.420
  2 2 2 2 1 1 1 2       1.000      1.414     -0.348
  2 2 2 2 1 1 1 3       1.000      0.884      0.124
  2 2 2 2 1 1 2 1       3.000      5.870     -1.185
  2 2 2 2 1 1 2 2       4.000      3.924      0.039
  2 2 2 2 1 1 2 3       3.000      3.615     -0.324
  2 2 2 2 1 2 1 1       3.000      3.641     -0.336
  2 2 2 2 1 2 1 2       4.000      2.576      0.887
  2 2 2 2 1 2 1 3       4.000      1.255      2.450
  2 2 2 2 1 2 2 1       7.000      7.001     -0.001
  2 2 2 2 1 2 2 2       5.000      6.011     -0.412
  2 2 2 2 1 2 2 3       5.000      6.083     -0.439
  2 2 2 2 2 1 1 1      14.000     12.448      0.440
  2 2 2 2 2 1 1 2       8.000      9.315     -0.431
  2 2 2 2 2 1 1 3       6.000      4.275      0.834
  2 2 2 2 2 1 2 1       6.000      5.026      0.434
  2 2 2 2 2 1 2 2       9.000      6.226      1.112
  2 2 2 2 2 1 2 3       5.000      4.017      0.491
  2 2 2 2 2 2 1 1       7.000      8.633     -0.556
  2 2 2 2 2 2 1 2       6.000      8.182     -0.763
  2 2 2 2 2 2 1 3       8.000      5.069      1.302
  2 2 2 2 2 2 2 1       6.000      5.611      0.164
  2 2 2 2 2 2 2 2      17.000      7.465      3.490
  2 2 2 2 2 2 2 3       4.000      7.062     -1.152



*** PSEUDO R-SQUARED MEASURES ***

* P(T|SG) *
                         baseline   fitted   R-squared
  entropy                 0.6759    0.6561    0.0293
  qualitative variance    0.2414    0.2320    0.0390
  classification error    0.4074    0.3892    0.0447
  -2/N*log-likelihood     1.3518    1.3122    0.0293/0.0381
  likelihood^(-2/N)       3.8645    3.7144    0.0388/0.0524

* P(YZ|STG) *
                         baseline   fitted   R-squared
  entropy                 1.3327    0.9163    0.3124
  qualitative variance    0.3622    0.2570    0.2905
  classification error    0.6610    0.3799    0.4252
  -2/N*log-likelihood     2.6654    1.8326    0.3124/0.4544
  likelihood^(-2/N)      14.3731    6.2504    0.5651/0.6074

* P(A|Y) *
                         baseline   fitted   R-squared
  entropy                 0.6900    0.6262    0.0924
  qualitative variance    0.2484    0.2175    0.1245
  classification error    0.4602    0.3259    0.2919
  -2/N*log-likelihood     1.3800    1.2524    0.0924/0.1131
  likelihood^(-2/N)       3.9747    3.4988    0.1197/0.1600

* P(B|Y) *
                         baseline   fitted   R-squared
  entropy                 0.5725    0.4287    0.2512
  qualitative variance    0.1922    0.1425    0.2584
  classification error    0.2595    0.2595    0.0000
  -2/N*log-likelihood     1.1451    0.8574    0.2512/0.2234
  likelihood^(-2/N)       3.1428    2.3571    0.2500/0.3666

* P(E|Y) *
                         baseline   fitted   R-squared
  entropy                 0.6644    0.5242    0.2109
  qualitative variance    0.2357    0.1743    0.2607
  classification error    0.3806    0.2570    0.3247
  -2/N*log-likelihood     1.3287    1.0485    0.2109/0.2189
  likelihood^(-2/N)       3.7763    2.8533    0.2444/0.3325

* P(C|Z) *
                         baseline   fitted   R-squared
  entropy                 0.6518    0.5574    0.1449
  qualitative variance    0.2296    0.1890    0.1769
  classification error    0.3573    0.3125    0.1252
  -2/N*log-likelihood     1.3037    1.1147    0.1449/0.1589
  likelihood^(-2/N)       3.6827    3.0487    0.1722/0.2364

* P(D|Z) *
                         baseline   fitted   R-squared
  entropy                 0.6801    0.4344    0.3614
  qualitative variance    0.2435    0.1335    0.4519
  classification error    0.4196    0.1622    0.6133
  -2/N*log-likelihood     1.3603    0.8688    0.3613/0.3296
  likelihood^(-2/N)       3.8973    2.3839    0.3883/0.5223



*** LOG-LINEAR PARAMETERS ***

* TABLE SG [or P(SG)] *

  effect           beta  std err  z-value   exp(beta)     Wald  df  prob
  S 
   1            -0.1248   0.0298   -4.183      0.8826 
   2             0.1248                        1.1330    17.49   1 0.000
  G 
   1            -0.0133   0.0422   -0.316      0.9868 
   2             0.0682   0.0414    1.648      1.0706 
   3            -0.0549                        0.9466     2.99   2 0.225
  SG 
   1 1           0.1008   0.0422    2.390      1.1061 
   1 2           0.0462   0.0414    1.117      1.0473 
   1 3          -0.1471                        0.8632 
   2 1          -0.1008                        0.9041 
   2 2          -0.0462                        0.9548 
   2 3           0.1471                        1.1585    12.15   2 0.002

* TABLE STG [or P(T|SG)] *

  effect           beta  std err  z-value   exp(beta)     Wald  df  prob
  T 
   1            -0.1851   0.0308   -6.005      0.8310 
   2             0.1851                        1.2033    36.06   1 0.000
  ST 
   1 1           0.0945   0.0307    3.077      1.0991 
   1 2          -0.0945                        0.9098 
   2 1          -0.0945                        0.9098 
   2 2           0.0945                        1.0991     9.47   1 0.002
  TG 
   1 1           0.2062   0.0429    4.803      1.2290 
   1 2           0.0228   0.0423    0.539      1.0231 
   1 3          -0.2290                        0.7953 
   2 1          -0.2062                        0.8137 
   2 2          -0.0228                        0.9774 
   2 3           0.2290                        1.2574    31.80   2 0.000

* TABLE YZSTG [or P(YZ|STG)] *

  effect           beta  std err  z-value   exp(beta)     Wald  df  prob
  Y 
   1            -4.1486   0.3373  -12.299      0.0158 
   2             4.1486                       63.3455   151.26   1 0.000
  Z 
   1            -3.3735   0.3712   -9.088      0.0343 
   2             3.3735                       29.1815    82.58   1 0.000
  YZ 
   1 1          -1.2489   0.3410   -3.663      0.2868 
   1 2           1.2489                        3.4866 
   2 1           1.2489                        3.4866 
   2 2          -1.2489                        0.2868    13.42   1 0.000
  YS 
   1 1          -4.2887   0.3731  -11.494      0.0137 
   1 2           4.2887                       72.8726 
   2 1           4.2887                       72.8726 
   2 2          -4.2887                        0.0137   132.12   1 0.000
  ZS 
   1 1          -3.1567   0.3467   -9.106      0.0426 
   1 2           3.1567                       23.4941 
   2 1           3.1567                       23.4941 
   2 2          -3.1567                        0.0426    82.91   1 0.000
  YT 
   1 1          -4.2729   0.1539  -27.756      0.0139 
   1 2           4.2729                       71.7328 
   2 1           4.2729                       71.7328 
   2 2          -4.2729                        0.0139   770.41   1 0.000
  ZT 
   1 1          -3.8051   0.1974  -19.277      0.0223 
   1 2           3.8051                       44.9305 
   2 1           3.8051                       44.9305 
   2 2          -3.8051                        0.0223   371.60   1 0.000
  YG 
   1 1           0.8177   0.4095    1.997      2.2652 
   1 2           2.3620   0.3700    6.384     10.6122 
   1 3          -3.1797                        0.0416 
   2 1          -0.8177                        0.4415 
   2 2          -2.3620                        0.0942 
   2 3           3.1797                       24.0391    42.66   2 0.000
  ZG 
   1 1          -6.0584   0.2964  -20.439      0.0023 
   1 2           4.6567   0.3653   12.747    105.2930 
   1 3           1.4016                        4.0619 
   2 1           6.0584                      427.6853 
   2 2          -4.6567                        0.0095 
   2 3          -1.4016                        0.2462   798.98   2 0.000
  YZS 
   1 1 1        -4.7538   0.3143  -15.127      0.0086 
   1 1 2         4.7538                      116.0287 
   1 2 1         4.7538                      116.0287 
   1 2 2        -4.7538                        0.0086 
   2 1 1         4.7538                      116.0287 
   2 1 2        -4.7538                        0.0086 
   2 2 1        -4.7538                        0.0086 
   2 2 2         4.7538                      116.0287   228.81   1 0.000
  YZT 
   1 1 1        -2.0620   0.2251   -9.162      0.1272 
   1 1 2         2.0620                        7.8620 
   1 2 1         2.0620                        7.8620 
   1 2 2        -2.0620                        0.1272 
   2 1 1         2.0620                        7.8620 
   2 1 2        -2.0620                        0.1272 
   2 2 1        -2.0620                        0.1272 
   2 2 2         2.0620                        7.8620    83.94   1 0.000
  YST 
   1 1 1        -4.7933   0.1393  -34.413      0.0083 
   1 1 2         4.7933                      120.7030 
   1 2 1         4.7933                      120.7030 
   1 2 2        -4.7933                        0.0083 
   2 1 1         4.7933                      120.7030 
   2 1 2        -4.7933                        0.0083 
   2 2 1        -4.7933                        0.0083 
   2 2 2         4.7933                      120.7030  1184.25   1 0.000
  ZST 
   1 1 1        -2.5429   0.1785  -14.249      0.0786 
   1 1 2         2.5429                       12.7168 
   1 2 1         2.5429                       12.7168 
   1 2 2        -2.5429                        0.0786 
   2 1 1         2.5429                       12.7168 
   2 1 2        -2.5429                        0.0786 
   2 2 1        -2.5429                        0.0786 
   2 2 2         2.5429                       12.7168   203.03   1 0.000
  YZG 
   1 1 1        -2.1087   0.3643   -5.788      0.1214 
   1 1 2         3.0217   0.4787    6.313     20.5257 
   1 1 3        -0.9130                        0.4013 
   1 2 1         2.1087                        8.2376 
   1 2 2        -3.0217                        0.0487 
   1 2 3         0.9130                        2.4917 
   2 1 1         2.1087                        8.2376 
   2 1 2        -3.0217                        0.0487 
   2 1 3         0.9130                        2.4917 
   2 2 1        -2.1087                        0.1214 
   2 2 2         3.0217                       20.5257 
   2 2 3        -0.9130                        0.4013    92.99   2 0.000
  YSG 
   1 1 1        -4.5150   0.2928  -15.418      0.0109 
   1 1 2         2.6472   0.4041    6.551     14.1145 
   1 1 3         1.8678                        6.4742 
   1 2 1         4.5150                       91.3807 
   1 2 2        -2.6472                        0.0708 
   1 2 3        -1.8678                        0.1545 
   2 1 1         4.5150                       91.3807 
   2 1 2        -2.6472                        0.0708 
   2 1 3        -1.8678                        0.1545 
   2 2 1        -4.5150                        0.0109 
   2 2 2         2.6472                       14.1145 
   2 2 3         1.8678                        6.4742   299.50   2 0.000
  ZSG 
   1 1 1        -0.6337   0.3349   -1.892      0.5306 
   1 1 2         4.6996   0.3097   15.174    109.9053 
   1 1 3        -4.0660                        0.0171 
   1 2 1         0.6337                        1.8845 
   1 2 2        -4.6996                        0.0091 
   1 2 3         4.0660                       58.3208 
   2 1 1         0.6337                        1.8845 
   2 1 2        -4.6996                        0.0091 
   2 1 3         4.0660                       58.3208 
   2 2 1        -0.6337                        0.5306 
   2 2 2         4.6996                      109.9053 
   2 2 3        -4.0660                        0.0171   272.39   2 0.000
  YTG 
   1 1 1        -0.1184   0.2367   -0.500      0.8884 
   1 1 2         2.0880   0.2463    8.479      8.0691 
   1 1 3        -1.9697                        0.1395 
   1 2 1         0.1184                        1.1257 
   1 2 2        -2.0880                        0.1239 
   1 2 3         1.9697                        7.1683 
   2 1 1         0.1184                        1.1257 
   2 1 2        -2.0880                        0.1239 
   2 1 3         1.9697                        7.1683 
   2 2 1        -0.1184                        0.8884 
   2 2 2         2.0880                        8.0691 
   2 2 3        -1.9697                        0.1395   120.63   2 0.000
  ZTG 
   1 1 1        -4.7573   0.2715  -17.525      0.0086 
   1 1 2         5.0764   0.2249   22.573    160.2029 
   1 1 3        -0.3191                        0.7268 
   1 2 1         4.7573                      116.4308 
   1 2 2        -5.0764                        0.0062 
   1 2 3         0.3191                        1.3759 
   2 1 1         4.7573                      116.4308 
   2 1 2        -5.0764                        0.0062 
   2 1 3         0.3191                        1.3759 
   2 2 1        -4.7573                        0.0086 
   2 2 2         5.0764                      160.2029 
   2 2 3        -0.3191                        0.7268   526.59   2 0.000
  YZST 
   1 1 1 1      -4.2158   ******    *****      0.0148 
   1 1 1 2       4.2158                       67.7504 
   1 1 2 1       4.2158                       67.7504 
   1 1 2 2      -4.2158                        0.0148 
   1 2 1 1       4.2158                       67.7504 
   1 2 1 2      -4.2158                        0.0148 
   1 2 2 1      -4.2158                        0.0148 
   1 2 2 2       4.2158                       67.7504 
   2 1 1 1       4.2158                       67.7504 
   2 1 1 2      -4.2158                        0.0148 
   2 1 2 1      -4.2158                        0.0148 
   2 1 2 2       4.2158                       67.7504 
   2 2 1 1      -4.2158                        0.0148 
   2 2 1 2       4.2158                       67.7504 
   2 2 2 1       4.2158                       67.7504 
   2 2 2 2      -4.2158                        0.0148     0.00   1 1.000
  YZSG 
   1 1 1 1      -3.8037   0.5381   -7.069      0.0223 
   1 1 1 2       6.5227   ******    *****    680.4432 
   1 1 1 3      -2.7190                        0.0659 
   1 1 2 1       3.8037                       44.8675 
   1 1 2 2      -6.5227                        0.0015 
   1 1 2 3       2.7190                       15.1656 
   1 2 1 1       3.8037                       44.8675 
   1 2 1 2      -6.5227                        0.0015 
   1 2 1 3       2.7190                       15.1656 
   1 2 2 1      -3.8037                        0.0223 
   1 2 2 2       6.5227                      680.4432 
   1 2 2 3      -2.7190                        0.0659 
   2 1 1 1       3.8037                       44.8675 
   2 1 1 2      -6.5227                        0.0015 
   2 1 1 3       2.7190                       15.1656 
   2 1 2 1      -3.8037                        0.0223 
   2 1 2 2       6.5227                      680.4432 
   2 1 2 3      -2.7190                        0.0659 
   2 2 1 1      -3.8037                        0.0223 
   2 2 1 2       6.5227                      680.4432 
   2 2 1 3      -2.7190                        0.0659 
   2 2 2 1       3.8037                       44.8675 
   2 2 2 2      -6.5227                        0.0015 
   2 2 2 3       2.7190                       15.1656    49.98   2 0.000
  YZTG 
   1 1 1 1      -1.4807   ******    *****      0.2275 
   1 1 1 2       3.3537   ******    *****     28.6094 
   1 1 1 3      -1.8730                        0.1537 
   1 1 2 1       1.4807                        4.3960 
   1 1 2 2      -3.3537                        0.0350 
   1 1 2 3       1.8730                        6.5080 
   1 2 1 1       1.4807                        4.3960 
   1 2 1 2      -3.3537                        0.0350 
   1 2 1 3       1.8730                        6.5080 
   1 2 2 1      -1.4807                        0.2275 
   1 2 2 2       3.3537                       28.6094 
   1 2 2 3      -1.8730                        0.1537 
   2 1 1 1       1.4807                        4.3960 
   2 1 1 2      -3.3537                        0.0350 
   2 1 1 3       1.8730                        6.5080 
   2 1 2 1      -1.4807                        0.2275 
   2 1 2 2       3.3537                       28.6094 
   2 1 2 3      -1.8730                        0.1537 
   2 2 1 1      -1.4807                        0.2275 
   2 2 1 2       3.3537                       28.6094 
   2 2 1 3      -1.8730                        0.1537 
   2 2 2 1       1.4807                        4.3960 
   2 2 2 2      -3.3537                        0.0350 
   2 2 2 3       1.8730                        6.5080     0.00   2 1.000
  YSTG 
   1 1 1 1      -3.8913   0.1698  -22.918      0.0204 
   1 1 1 2       3.1053   0.2835   10.955     22.3167 
   1 1 1 3       0.7859                        2.1945 
   1 1 2 1       3.8913                       48.9731 
   1 1 2 2      -3.1053                        0.0448 
   1 1 2 3      -0.7859                        0.4557 
   1 2 1 1       3.8913                       48.9731 
   1 2 1 2      -3.1053                        0.0448 
   1 2 1 3      -0.7859                        0.4557 
   1 2 2 1      -3.8913                        0.0204 
   1 2 2 2       3.1053                       22.3167 
   1 2 2 3       0.7859                        2.1945 
   2 1 1 1       3.8913                       48.9731 
   2 1 1 2      -3.1053                        0.0448 
   2 1 1 3      -0.7859                        0.4557 
   2 1 2 1      -3.8913                        0.0204 
   2 1 2 2       3.1053                       22.3167 
   2 1 2 3       0.7859                        2.1945 
   2 2 1 1      -3.8913                        0.0204 
   2 2 1 2       3.1053                       22.3167 
   2 2 1 3       0.7859                        2.1945 
   2 2 2 1       3.8913                       48.9731 
   2 2 2 2      -3.1053                        0.0448 
   2 2 2 3      -0.7859                        0.4557   537.92   2 0.000
  ZSTG 
   1 1 1 1      -1.0637   0.2728   -3.899      0.3452 
   1 1 1 2       4.2560   0.2295   18.549     70.5295 
   1 1 1 3      -3.1924                        0.0411 
   1 1 2 1       1.0637                        2.8970 
   1 1 2 2      -4.2560                        0.0142 
   1 1 2 3       3.1924                       24.3458 
   1 2 1 1       1.0637                        2.8970 
   1 2 1 2      -4.2560                        0.0142 
   1 2 1 3       3.1924                       24.3458 
   1 2 2 1      -1.0637                        0.3452 
   1 2 2 2       4.2560                       70.5295 
   1 2 2 3      -3.1924                        0.0411 
   2 1 1 1       1.0637                        2.8970 
   2 1 1 2      -4.2560                        0.0142 
   2 1 1 3       3.1924                       24.3458 
   2 1 2 1      -1.0637                        0.3452 
   2 1 2 2       4.2560                       70.5295 
   2 1 2 3      -3.1924                        0.0411 
   2 2 1 1      -1.0637                        0.3452 
   2 2 1 2       4.2560                       70.5295 
   2 2 1 3      -3.1924                        0.0411 
   2 2 2 1       1.0637                        2.8970 
   2 2 2 2      -4.2560                        0.0142 
   2 2 2 3       3.1924                       24.3458   444.22   2 0.000
  YZSTG 
   1 1 1 1 1    -4.2673   ******    *****      0.0140 
   1 1 1 1 2     5.6015   ******    *****    270.8371 
   1 1 1 1 3    -1.3342                        0.2634 
   1 1 1 2 1     4.2673                       71.3322 
   1 1 1 2 2    -5.6015                        0.0037 
   1 1 1 2 3     1.3342                        3.7968 
   1 1 2 1 1     4.2673                       71.3322 
   1 1 2 1 2    -5.6015                        0.0037 
   1 1 2 1 3     1.3342                        3.7968 
   1 1 2 2 1    -4.2673                        0.0140 
   1 1 2 2 2     5.6015                      270.8371 
   1 1 2 2 3    -1.3342                        0.2634 
   1 2 1 1 1     4.2673                       71.3322 
   1 2 1 1 2    -5.6015                        0.0037 
   1 2 1 1 3     1.3342                        3.7968 
   1 2 1 2 1    -4.2673                        0.0140 
   1 2 1 2 2     5.6015                      270.8371 
   1 2 1 2 3    -1.3342                        0.2634 
   1 2 2 1 1    -4.2673                        0.0140 
   1 2 2 1 2     5.6015                      270.8371 
   1 2 2 1 3    -1.3342                        0.2634 
   1 2 2 2 1     4.2673                       71.3322 
   1 2 2 2 2    -5.6015                        0.0037 
   1 2 2 2 3     1.3342                        3.7968 
   2 1 1 1 1     4.2673                       71.3322 
   2 1 1 1 2    -5.6015                        0.0037 
   2 1 1 1 3     1.3342                        3.7968 
   2 1 1 2 1    -4.2673                        0.0140 
   2 1 1 2 2     5.6015                      270.8371 
   2 1 1 2 3    -1.3342                        0.2634 
   2 1 2 1 1    -4.2673                        0.0140 
   2 1 2 1 2     5.6015                      270.8371 
   2 1 2 1 3    -1.3342                        0.2634 
   2 1 2 2 1     4.2673                       71.3322 
   2 1 2 2 2    -5.6015                        0.0037 
   2 1 2 2 3     1.3342                        3.7968 
   2 2 1 1 1    -4.2673                        0.0140 
   2 2 1 1 2     5.6015                      270.8371 
   2 2 1 1 3    -1.3342                        0.2634 
   2 2 1 2 1     4.2673                       71.3322 
   2 2 1 2 2    -5.6015                        0.0037 
   2 2 1 2 3     1.3342                        3.7968 
   2 2 2 1 1     4.2673                       71.3322 
   2 2 2 1 2    -5.6015                        0.0037 
   2 2 2 1 3     1.3342                        3.7968 
   2 2 2 2 1    -4.2673                        0.0140 
   2 2 2 2 2     5.6015                      270.8371 
   2 2 2 2 3    -1.3342                        0.2634     0.00   2 1.000

* TABLE YA [or P(A|Y)] *

  effect           beta  std err  z-value   exp(beta)     Wald  df  prob
  A 
   1            -0.1074   0.0406   -2.642      0.8982 
   2             0.1074                        1.1133     6.98   1 0.008
  YA 
   1 1           0.3718   0.0424    8.771      1.4503 
   1 2          -0.3718                        0.6895 
   2 1          -0.3718                        0.6895 
   2 2           0.3718                        1.4503    76.93   1 0.000

* TABLE YB [or P(B|Y)] *

  effect           beta  std err  z-value   exp(beta)     Wald  df  prob
  B 
   1            -0.7703   0.1020   -7.555      0.4629 
   2             0.7703                        2.1603    57.07   1 0.000
  YB 
   1 1          -0.7530   0.0935   -8.058      0.4709 
   1 2           0.7530                        2.1234 
   2 1           0.7530                        2.1234 
   2 2          -0.7530                        0.4709    64.93   1 0.000

* TABLE YE [or P(E|Y)] *

  effect           beta  std err  z-value   exp(beta)     Wald  df  prob
  E 
   1            -0.3706   0.0629   -5.889      0.6903 
   2             0.3706                        1.4487    34.68   1 0.000
  YE 
   1 1           0.6130   0.0577   10.623      1.8460 
   1 2          -0.6130                        0.5417 
   2 1          -0.6130                        0.5417 
   2 2           0.6130                        1.8460   112.85   1 0.000

* TABLE ZC [or P(C|Z)] *

  effect           beta  std err  z-value   exp(beta)     Wald  df  prob
  C 
   1            -0.4208   0.0614   -6.850      0.6565 
   2             0.4208                        1.5232    46.92   1 0.000
  ZC 
   1 1          -0.5029   0.0604   -8.324      0.6048 
   1 2           0.5029                        1.6535 
   2 1           0.5029                        1.6535 
   2 2          -0.5029                        0.6048    69.29   1 0.000

* TABLE ZD [or P(D|Z)] *

  effect           beta  std err  z-value   exp(beta)     Wald  df  prob
  D 
   1            -0.1834   0.1017   -1.802      0.8325 
   2             0.1834                        1.2012     3.25   1 0.072
  ZD 
   1 1           0.8265   0.0949    8.712      2.2852 
   1 2          -0.8265                        0.4376 
   2 1          -0.8265                        0.4376 
   2 2           0.8265                        2.2852    75.90   1 0.000



*** (CONDITIONAL) PROBABILITIES ***

* P(SG) *

  1 1            0.1583  (0.0107)
  1 2            0.1626  (0.0109)
  1 3            0.1185  (0.0095)
  2 1            0.1661  (0.0109)
  2 2            0.1903  (0.0115)
  2 3            0.2042  (0.0119)

* P(T|SG) *

  1 | 1 1        0.5576  (0.0300)
  1 | 1 2        0.4662  (0.0298)
  1 | 1 3        0.3454  (0.0307)
  2 | 1 1        0.4424  (0.0300)
  2 | 1 2        0.5338  (0.0298)
  2 | 1 3        0.6546  (0.0307)
  1 | 2 1        0.4634  (0.0298)
  1 | 2 2        0.3744  (0.0273)
  1 | 2 3        0.2656  (0.0242)
  2 | 2 1        0.5366  (0.0298)
  2 | 2 2        0.6256  (0.0273)
  2 | 2 3        0.7344  (0.0242)

* P(YZ|STG) *

  1 1 | 1 1 1    0.0000  (0.0000) *
  1 1 | 1 1 2    0.0340  (0.0369)
  1 1 | 1 1 3    0.0000  (0.0000) *
  1 1 | 1 2 1    0.1116  (0.0843)
  1 1 | 1 2 2    0.5318  (0.1031)
  1 1 | 1 2 3    0.5130  (0.0964)
  1 1 | 2 1 1    0.1141  (0.0485)
  1 1 | 2 1 2    0.0402  (0.0476)
  1 1 | 2 1 3    0.2328  (0.0959)
  1 1 | 2 2 1    0.2650  (0.0767)
  1 1 | 2 2 2    0.4307  (0.0762)
  1 1 | 2 2 3    0.7853  (0.0525)
  1 2 | 1 1 1    0.0696  (0.0605)
  1 2 | 1 1 2    0.0000  (0.0000) *
  1 2 | 1 1 3    0.0745  (0.0567)
  1 2 | 1 2 1    0.7352  (0.1105)
  1 2 | 1 2 2    0.1296  (0.0772)
  1 2 | 1 2 3    0.1830  (0.0819)
  1 2 | 2 1 1    0.2845  (0.0794)
  1 2 | 2 1 2    0.1958  (0.0818)
  1 2 | 2 1 3    0.0000  (0.0000) *
  1 2 | 2 2 1    0.6215  (0.0870)
  1 2 | 2 2 2    0.2460  (0.0702)
  1 2 | 2 2 3    0.0000  (0.0000)
  2 1 | 1 1 1    0.0485  (0.0480)
  2 1 | 1 1 2    0.2960  (0.0905)
  2 1 | 1 1 3    0.4931  (0.1152)
  2 1 | 1 2 1    0.0136  (0.0276)
  2 1 | 1 2 2    0.0388  (0.0778)
  2 1 | 1 2 3    0.2542  (0.0802)
  2 1 | 2 1 1    0.0000  (0.0000) *
  2 1 | 2 1 2    0.1738  (0.0738)
  2 1 | 2 1 3    0.3591  (0.1166)
  2 1 | 2 2 1    0.0149  (0.0293)
  2 1 | 2 2 2    0.1752  (0.0652)
  2 1 | 2 2 3    0.1013  (0.0503)
  2 2 | 1 1 1    0.8819  (0.0809)
  2 2 | 1 1 2    0.6700  (0.0872)
  2 2 | 1 1 3    0.4324  (0.1221)
  2 2 | 1 2 1    0.1396  (0.0762)
  2 2 | 1 2 2    0.2999  (0.0745)
  2 2 | 1 2 3    0.0498  (0.0619)
  2 2 | 2 1 1    0.6014  (0.0780)
  2 2 | 2 1 2    0.5902  (0.0990)
  2 2 | 2 1 3    0.4082  (0.0935)
  2 2 | 2 2 1    0.0987  (0.0560)
  2 2 | 2 2 2    0.1480  (0.0644)
  2 2 | 2 2 3    0.1134  (0.0369)

* P(A|Y) *

  1 | 1          0.6292  (0.0266)
  2 | 1          0.3708  (0.0266)
  1 | 2          0.2772  (0.0242)
  2 | 2          0.7228  (0.0242)

* P(B|Y) *

  1 | 1          0.0454  (0.0161)
  2 | 1          0.9546  (0.0161)
  1 | 2          0.4914  (0.0307)
  2 | 2          0.5086  (0.0307)

* P(E|Y) *

  1 | 1          0.6189  (0.0308)
  2 | 1          0.3811  (0.0308)
  1 | 2          0.1227  (0.0219)
  2 | 2          0.8773  (0.0219)

* P(C|Z) *

  1 | 1          0.1362  (0.0253)
  2 | 1          0.8638  (0.0253)
  1 | 2          0.5410  (0.0283)
  2 | 2          0.4590  (0.0283)

* P(D|Z) *

  1 | 1          0.7835  (0.0404)
  2 | 1          0.2165  (0.0404)
  1 | 2          0.1172  (0.0324)
  2 | 2          0.8828  (0.0324)



*** LATENT CLASS OUTPUT ***

          Y  1    Y  1    Y  2    Y  2
          Z  1    Z  2    Z  1    Z  2
         0.3133  0.2067  0.1402  0.3399
  A  1   0.6292  0.6292  0.2772  0.2772
  A  2   0.3708  0.3708  0.7228  0.7228
  B  1   0.0454  0.0454  0.4914  0.4914
  B  2   0.9546  0.9546  0.5086  0.5086
  C  1   0.1362  0.5410  0.1362  0.5410
  C  2   0.8638  0.4590  0.8638  0.4590
  D  1   0.7835  0.1172  0.7835  0.1172
  D  2   0.2165  0.8828  0.2165  0.8828
  E  1   0.6189  0.6189  0.1227  0.1227
  E  2   0.3811  0.3811  0.8773  0.8773
  S  1   0.3076  0.4168  0.5061  0.5473
  S  2   0.6924  0.5832  0.4939  0.4527
  T  1   0.0857  0.2179  0.5618  0.7555
  T  2   0.9143  0.7821  0.4382  0.2445
  G  1   0.1284  0.6529  0.0468  0.4198
  G  2   0.3284  0.2637  0.4213  0.4016
  G  3   0.5432  0.0835  0.5319  0.1786

E = 0.2076, lambda = 0.6856
