LEM: log-linear and event history analysis with missing data.
Developed by Jeroen Vermunt (c), Tilburg University, The Netherlands.
Version 1.0 (September 18, 1997).


*** INPUT ***

  lat 2
man 8
dim 2 2 2 2 2 2 2 2 2 3
lab Y Z A B C D E S T G
mod SG T|SG {SG ST GT} YZ|SGT {SGTYZ} A|Y B|Y E|Y C|Z D|Z
ite 10000
dat [0 0 0 0 0 1 0 0 1 0 1 0 0 1 0 0 1 0 0 0 0 0 1 0 4 0 0 1 0 1 1 0 0 2 1 0 6 3 1 3 1 1 4 4 1 1 1 0 0 0 1 0 2 1 0 0 0 0 0 0 2 3 0 0 2 2 0 3 2 0 4 1 0 1 1 0 1 1 2 1 0 0 0 0 4 7 4 0 4 2 4 2 0 0 3 2 0 1 0 8 1 2 1 0 0 5 3 7 0 1 0 3 5 3 0 0 1 1 2 2 2 0 1 9 4 2 8 3 0 12 6 1 10 3 1 6 2 1 7 3 1 11 6 3 0 1 0 2 10 13 3 2 2 8 21 47 0 3 1 1 11 10 2 1 5 4 13 17 1 1 2 9 7 7 3 3 0 7 11 8 1 4 0 3 7 5 1 9 1 3 6 4 0 0 0 1 0 1 0 0 0 1 0 0 1 3 2 0 0 2 0 3 0 0 0 1 2 1 0 0 0 0 2 1 0 1 0 1 11 6 5 2 4 0 13 7 4 1 1 1 1 1 0 0 0 1 1 0 0 0 0 3 1 5 10 1 0 5 0 2 4 1 4 5 3 2 0 0 1 0 2 0 2 0 0 0 10 17 4 0 3 1 5 7 4 3 5 4 0 0 0 3 0 1 0 2 0 4 2 4 1 3 0 0 2 1 1 1 3 2 0 2 2 1 0 7 0 3 6 0 1 8 4 1 13 7 1 10 4 3 9 8 6 4 6 9 0 1 0 3 4 6 4 0 6 6 4 15 5 7 4 2 7 8 2 6 9 3 15 24 6 1 1 3 4 3 3 4 4 7 5 5 14 8 6 6 9 5 7 6 8 6 17 4]
see 762



*** STATISTICS ***

  Number of iterations = 125
  Converge criterion   = 0.0000009914
  Seed random values   = 762

  X-squared            = 396.6453 (0.0056)
  L-squared            = 397.9029 (0.0049)
  Cressie-Read         = 378.1602 (0.0292)
  Dissimilarity index  = 0.1992
  Degrees of freedom   = 328
  Log-likelihood       = -6220.37133
  Number of parameters = 55 (+1)
  Sample size          = 1156.0
  BIC(L-squared)       = -1915.3897
  AIC(L-squared)       = -258.0971
  BIC(log-likelihood)  = 12828.6423
  AIC(log-likelihood)  = 12550.7427

  Eigenvalues information matrix
    1367.8070  1281.2537  1171.5170  1169.9163  1153.0627  1103.6559
    1041.1213  1030.2909   956.4565   942.5191   869.3791   866.9761
     734.7824   683.2633   642.6642   616.2351   569.1033   557.5441
     482.8939   429.1656   409.4444   381.9020   370.9610   366.6685
     345.7632   328.9415   305.7070   270.7022   262.0646   238.0922
     216.4094   197.4632   176.0394   149.4069   143.3078   108.5495
     102.4913    94.4764    82.9711    64.4689    56.6268    45.7249
      36.9440    33.7884    25.3606    19.3785    13.8375     7.5740
       4.7169     0.0024     0.0003     0.0002     0.0001    -0.0000
      -0.0002

WARNING: 6 (nearly) boundary or non-identified (log-linear) parameters



*** FREQUENCIES ***

  A B C D E S T G     observed  estimated  std. res.
  1 1 1 1 1 1 1 1       0.000      0.112     -0.335
  1 1 1 1 1 1 1 2       0.000      0.114     -0.338
  1 1 1 1 1 1 1 3       0.000      0.067     -0.259
  1 1 1 1 1 1 2 1       0.000      0.098     -0.312
  1 1 1 1 1 1 2 2       0.000      0.154     -0.392
  1 1 1 1 1 1 2 3       1.000      0.150      2.190
  1 1 1 1 1 2 1 1       0.000      0.104     -0.323
  1 1 1 1 1 2 1 2       0.000      0.101     -0.318
  1 1 1 1 1 2 1 3       1.000      0.095      2.942
  1 1 1 1 1 2 2 1       0.000      0.137     -0.370
  1 1 1 1 1 2 2 2       1.000      0.214      1.698
  1 1 1 1 1 2 2 3       0.000      0.309     -0.556
  1 1 1 1 2 1 1 1       0.000      0.750     -0.866
  1 1 1 1 2 1 1 2       1.000      0.779      0.250
  1 1 1 1 2 1 1 3       0.000      0.455     -0.675
  1 1 1 1 2 1 2 1       0.000      0.151     -0.389
  1 1 1 1 2 1 2 2       1.000      0.348      1.104
  1 1 1 1 2 1 2 3       0.000      0.389     -0.624
  1 1 1 1 2 2 1 1       0.000      0.435     -0.659
  1 1 1 1 2 2 1 2       0.000      0.566     -0.752
  1 1 1 1 2 2 1 3       0.000      0.498     -0.705
  1 1 1 1 2 2 2 1       0.000      0.172     -0.415
  1 1 1 1 2 2 2 2       1.000      0.554      0.599
  1 1 1 1 2 2 2 3       0.000      0.531     -0.729
  1 1 1 2 1 1 1 1       4.000      0.781      3.644
  1 1 1 2 1 1 1 2       0.000      0.483     -0.695
  1 1 1 2 1 1 1 3       0.000      0.205     -0.452
  1 1 1 2 1 1 2 1       1.000      0.598      0.520
  1 1 1 2 1 1 2 2       0.000      0.380     -0.616
  1 1 1 2 1 1 2 3       1.000      0.209      1.728
  1 1 1 2 1 2 1 1       1.000      0.646      0.441
  1 1 1 2 1 2 1 2       0.000      0.533     -0.730
  1 1 1 2 1 2 1 3       0.000      0.223     -0.472
  1 1 1 2 1 2 2 1       2.000      0.636      1.710
  1 1 1 2 1 2 2 2       1.000      0.491      0.726
  1 1 1 2 1 2 2 3       0.000      0.236     -0.486
  1 1 1 2 2 1 1 1       6.000      5.190      0.356
  1 1 1 2 2 1 1 2       3.000      3.444     -0.239
  1 1 1 2 2 1 1 3       1.000      1.268     -0.238
  1 1 1 2 2 1 2 1       3.000      0.961      2.079
  1 1 1 2 2 1 2 2       1.000      1.816     -0.606
  1 1 1 2 2 1 2 3       1.000      0.435      0.856
  1 1 1 2 2 2 1 1       4.000      3.189      0.454
  1 1 1 2 2 2 1 2       4.000      2.910      0.639
  1 1 1 2 2 2 1 3       1.000      1.544     -0.438
  1 1 1 2 2 2 2 1       1.000      0.927      0.076
  1 1 1 2 2 2 2 2       1.000      1.443     -0.369
  1 1 1 2 2 2 2 3       0.000      1.227     -1.108
  1 1 2 1 1 1 1 1       0.000      0.144     -0.379
  1 1 2 1 1 1 1 2       0.000      0.382     -0.618
  1 1 2 1 1 1 1 3       1.000      0.286      1.336
  1 1 2 1 1 1 2 1       0.000      0.187     -0.433
  1 1 2 1 1 1 2 2       2.000      0.721      1.505
  1 1 2 1 1 1 2 3       1.000      0.827      0.190
  1 1 2 1 1 2 1 1       0.000      0.193     -0.440
  1 1 2 1 1 2 1 2       0.000      0.260     -0.510
  1 1 2 1 1 2 1 3       0.000      0.452     -0.672
  1 1 2 1 1 2 2 1       0.000      0.414     -0.643
  1 1 2 1 1 2 2 2       0.000      1.032     -1.016
  1 1 2 1 1 2 2 3       0.000      1.844     -1.358
  1 1 2 1 2 1 1 1       2.000      0.983      1.026
  1 1 2 1 2 1 1 2       3.000      2.497      0.318
  1 1 2 1 2 1 1 3       0.000      2.021     -1.422
  1 1 2 1 2 1 2 1       0.000      0.263     -0.513
  1 1 2 1 2 1 2 2       2.000      0.909      1.145
  1 1 2 1 2 1 2 3       2.000      2.220     -0.148
  1 1 2 1 2 2 1 1       0.000      0.433     -0.658
  1 1 2 1 2 2 1 2       3.000      1.504      1.220
  1 1 2 1 2 2 1 3       2.000      2.092     -0.064
  1 1 2 1 2 2 2 1       0.000      0.428     -0.654
  1 1 2 1 2 2 2 2       4.000      2.538      0.918
  1 1 2 1 2 2 2 3       1.000      2.549     -0.970
  1 1 2 2 1 1 1 1       0.000      0.676     -0.822
  1 1 2 2 1 1 1 2       1.000      0.489      0.732
  1 1 2 2 1 1 1 3       1.000      0.237      1.569
  1 1 2 2 1 1 2 1       0.000      0.536     -0.732
  1 1 2 2 1 1 2 2       1.000      0.485      0.739
  1 1 2 2 1 1 2 3       1.000      0.371      1.033
  1 1 2 2 1 2 1 1       2.000      0.577      1.873
  1 1 2 2 1 2 1 2       1.000      0.500      0.706
  1 1 2 2 1 2 1 3       0.000      0.292     -0.540
  1 1 2 2 1 2 2 1       0.000      0.622     -0.789
  1 1 2 2 1 2 2 2       0.000      0.652     -0.807
  1 1 2 2 1 2 2 3       0.000      0.638     -0.798
  1 1 2 2 2 1 1 1       4.000      4.500     -0.236
  1 1 2 2 2 1 1 2       7.000      3.430      1.928
  1 1 2 2 2 1 1 3       4.000      1.528      2.000
  1 1 2 2 2 1 2 1       0.000      0.853     -0.924
  1 1 2 2 2 1 2 2       4.000      1.710      1.751
  1 1 2 2 2 1 2 3       2.000      0.892      1.174
  1 1 2 2 2 2 1 1       4.000      2.724      0.773
  1 1 2 2 2 2 1 2       2.000      2.752     -0.453
  1 1 2 2 2 2 1 3       0.000      1.772     -1.331
  1 1 2 2 2 2 2 1       0.000      0.865     -0.930
  1 1 2 2 2 2 2 2       3.000      1.796      0.899
  1 1 2 2 2 2 2 3       2.000      1.621      0.297
  1 2 1 1 1 1 1 1       0.000      0.275     -0.525
  1 2 1 1 1 1 1 2       1.000      0.230      1.603
  1 2 1 1 1 1 1 3       0.000      0.149     -0.385
  1 2 1 1 1 1 2 1       8.000      1.775      4.672
  1 2 1 1 1 1 2 2       1.000      2.463     -0.932
  1 2 1 1 1 1 2 3       2.000      2.258     -0.172
  1 2 1 1 1 2 1 1       1.000      1.058     -0.056
  1 2 1 1 1 2 1 2       0.000      0.591     -0.769
  1 2 1 1 1 2 1 3       0.000      0.648     -0.805
  1 2 1 1 1 2 2 1       5.000      2.605      1.484
  1 2 1 1 1 2 2 2       3.000      3.216     -0.120
  1 2 1 1 1 2 2 3       7.000      5.452      0.663
  1 2 1 1 2 1 1 1       0.000      0.874     -0.935
  1 2 1 1 2 1 1 2       1.000      0.876      0.133
  1 2 1 1 2 1 1 3       0.000      0.520     -0.721
  1 2 1 1 2 1 2 1       3.000      1.188      1.663
  1 2 1 1 2 1 2 2       5.000      1.780      2.414
  1 2 1 1 2 1 2 3       3.000      1.698      1.000
  1 2 1 1 2 2 1 1       0.000      1.035     -1.017
  1 2 1 1 2 2 1 2       0.000      0.885     -0.941
  1 2 1 1 2 2 1 3       1.000      0.854      0.158
  1 2 1 1 2 2 2 1       1.000      1.696     -0.534
  1 2 1 1 2 2 2 2       2.000      2.417     -0.268
  1 2 1 1 2 2 2 3       2.000      3.710     -0.888
  1 2 1 2 1 1 1 1       2.000      2.007     -0.005
  1 2 1 2 1 1 1 2       0.000      0.531     -0.729
  1 2 1 2 1 1 1 3       1.000      0.807      0.215
  1 2 1 2 1 1 2 1       9.000     10.760     -0.537
  1 2 1 2 1 1 2 2       4.000      3.144      0.482
  1 2 1 2 1 1 2 3       2.000      3.467     -0.788
  1 2 1 2 1 2 1 1       8.000      5.047      1.314
  1 2 1 2 1 2 1 2       3.000      3.307     -0.169
  1 2 1 2 1 2 1 3       0.000      0.383     -0.619
  1 2 1 2 1 2 2 1      12.000     11.752      0.072
  1 2 1 2 1 2 2 2       6.000      6.843     -0.322
  1 2 1 2 1 2 2 3       1.000      1.663     -0.514
  1 2 1 2 2 1 1 1      10.000      6.110      1.573
  1 2 1 2 2 1 1 2       3.000      3.584     -0.308
  1 2 1 2 2 1 1 3       1.000      1.679     -0.524
  1 2 1 2 2 1 2 1       6.000      7.241     -0.461
  1 2 1 2 2 1 2 2       2.000      3.574     -0.833
  1 2 1 2 2 1 2 3       1.000      2.452     -0.927
  1 2 1 2 2 2 1 1       7.000      5.997      0.410
  1 2 1 2 2 2 1 2       3.000      4.709     -0.788
  1 2 1 2 2 2 1 3       1.000      1.692     -0.532
  1 2 1 2 2 2 2 1      11.000      7.792      1.149
  1 2 1 2 2 2 2 2       6.000      5.395      0.261
  1 2 1 2 2 2 2 3       3.000      2.144      0.585
  1 2 2 1 1 1 1 1       0.000      0.284     -0.533
  1 2 2 1 1 1 1 2       1.000      1.108     -0.103
  1 2 2 1 1 1 1 3       0.000      0.363     -0.602
  1 2 2 1 1 1 2 1       2.000      3.486     -0.796
  1 2 2 1 1 1 2 2      10.000     13.760     -1.014
  1 2 2 1 1 1 2 3      13.000     12.173      0.237
  1 2 2 1 1 2 1 1       3.000      3.109     -0.062
  1 2 2 1 1 2 1 2       2.000      1.368      0.541
  1 2 2 1 1 2 1 3       2.000      3.958     -0.984
  1 2 2 1 1 2 2 1       8.000      8.176     -0.061
  1 2 2 1 1 2 2 2      21.000     15.893      1.281
  1 2 2 1 1 2 2 3      47.000     34.469      2.134
  1 2 2 1 2 1 1 1       0.000      1.100     -1.049
  1 2 2 1 2 1 1 2       3.000      3.024     -0.014
  1 2 2 1 2 1 1 3       1.000      2.133     -0.776
  1 2 2 1 2 1 2 1       1.000      2.300     -0.857
  1 2 2 1 2 1 2 2      11.000      8.956      0.683
  1 2 2 1 2 1 2 3      10.000      9.268      0.241
  1 2 2 1 2 2 1 1       2.000      2.240     -0.160
  1 2 2 1 2 2 1 2       1.000      2.233     -0.825
  1 2 2 1 2 2 1 3       5.000      4.315      0.330
  1 2 2 1 2 2 2 1       4.000      5.215     -0.532
  1 2 2 1 2 2 2 2      13.000     11.757      0.362
  1 2 2 1 2 2 2 3      17.000     22.692     -1.195
  1 2 2 2 1 1 1 1       1.000      1.717     -0.547
  1 2 2 2 1 1 1 2       1.000      0.703      0.355
  1 2 2 2 1 1 1 3       2.000      0.750      1.443
  1 2 2 2 1 1 2 1       9.000      9.678     -0.218
  1 2 2 2 1 1 2 2       7.000      5.893      0.456
  1 2 2 2 1 1 2 3       7.000      5.776      0.509
  1 2 2 2 1 2 1 1       3.000      4.894     -0.856
  1 2 2 2 1 2 1 2       3.000      3.046     -0.026
  1 2 2 2 1 2 1 3       0.000      1.266     -1.125
  1 2 2 2 1 2 2 1       7.000     11.620     -1.355
  1 2 2 2 1 2 2 2      11.000      9.444      0.506
  1 2 2 2 1 2 2 3       8.000      9.656     -0.533
  1 2 2 2 2 1 1 1       1.000      5.284     -1.864
  1 2 2 2 2 1 1 2       4.000      3.671      0.171
  1 2 2 2 2 1 1 3       0.000      1.893     -1.376
  1 2 2 2 2 1 2 1       3.000      6.502     -1.373
  1 2 2 2 2 1 2 2       7.000      5.090      0.846
  1 2 2 2 2 1 2 3       5.000      4.244      0.367
  1 2 2 2 2 2 1 1       1.000      5.465     -1.910
  1 2 2 2 2 2 1 2       9.000      4.406      2.189
  1 2 2 2 2 2 1 3       1.000      2.428     -0.916
  1 2 2 2 2 2 2 1       3.000      7.655     -1.682
  1 2 2 2 2 2 2 2       6.000      7.260     -0.467
  1 2 2 2 2 2 2 3       4.000      7.219     -1.198
  2 1 1 1 1 1 1 1       0.000      0.276     -0.526
  2 1 1 1 1 1 1 2       0.000      0.286     -0.535
  2 1 1 1 1 1 1 3       0.000      0.167     -0.409
  2 1 1 1 1 1 2 1       1.000      0.086      3.124
  2 1 1 1 1 1 2 2       0.000      0.169     -0.411
  2 1 1 1 1 1 2 3       1.000      0.180      1.931
  2 1 1 1 1 2 1 1       0.000      0.176     -0.419
  2 1 1 1 1 2 1 2       0.000      0.215     -0.464
  2 1 1 1 1 2 1 3       0.000      0.191     -0.438
  2 1 1 1 1 2 2 1       1.000      0.108      2.718
  2 1 1 1 1 2 2 2       0.000      0.257     -0.507
  2 1 1 1 1 2 2 3       0.000      0.287     -0.536
  2 1 1 1 2 1 1 1       1.000      1.944     -0.677
  2 1 1 1 2 1 1 2       3.000      2.024      0.686
  2 1 1 1 2 1 1 3       2.000      1.181      0.753
  2 1 1 1 2 1 2 1       0.000      0.290     -0.539
  2 1 1 1 2 1 2 2       0.000      0.766     -0.875
  2 1 1 1 2 1 2 3       2.000      0.884      1.187
  2 1 1 1 2 2 1 1       0.000      1.074     -1.036
  2 1 1 1 2 2 1 2       3.000      1.445      1.294
  2 1 1 1 2 2 1 3       0.000      1.263     -1.124
  2 1 1 1 2 2 2 1       0.000      0.297     -0.545
  2 1 1 1 2 2 2 2       0.000      1.259     -1.122
  2 1 1 1 2 2 2 3       1.000      1.065     -0.063
  2 1 1 2 1 1 1 1       2.000      1.914      0.062
  2 1 1 2 1 1 1 2       1.000      1.256     -0.229
  2 1 1 2 1 1 1 3       0.000      0.473     -0.688
  2 1 1 2 1 1 2 1       0.000      0.535     -0.732
  2 1 1 2 1 1 2 2       0.000      0.712     -0.844
  2 1 1 2 1 1 2 3       0.000      0.218     -0.467
  2 1 1 2 1 2 1 1       2.000      1.242      0.680
  2 1 1 2 1 2 1 2       1.000      1.111     -0.105
  2 1 1 2 1 2 1 3       0.000      0.566     -0.752
  2 1 1 2 1 2 2 1       1.000      0.540      0.626
  2 1 1 2 1 2 2 2       0.000      0.642     -0.801
  2 1 1 2 1 2 2 3       1.000      0.473      0.766
  2 1 1 2 2 1 1 1      11.000     13.457     -0.670
  2 1 1 2 2 1 1 2       6.000      8.977     -0.994
  2 1 1 2 2 1 1 3       5.000      3.270      0.956
  2 1 1 2 2 1 2 1       2.000      1.876      0.090
  2 1 1 2 2 1 2 2       4.000      4.564     -0.264
  2 1 1 2 2 1 2 3       0.000      0.933     -0.966
  2 1 1 2 2 2 1 1      13.000      8.041      1.749
  2 1 1 2 2 2 1 2       7.000      7.415     -0.153
  2 1 1 2 2 2 1 3       4.000      4.016     -0.008
  2 1 1 2 2 2 2 1       1.000      1.728     -0.554
  2 1 1 2 2 2 2 2       1.000      3.369     -1.291
  2 1 1 2 2 2 2 3       1.000      3.112     -1.197
  2 1 2 1 1 1 1 1       1.000      0.361      1.064
  2 1 2 1 1 1 1 2       1.000      0.924      0.080
  2 1 2 1 1 1 1 3       0.000      0.738     -0.859
  2 1 2 1 1 1 2 1       0.000      0.156     -0.395
  2 1 2 1 1 1 2 2       0.000      0.569     -0.754
  2 1 2 1 1 1 2 3       1.000      1.016     -0.016
  2 1 2 1 1 2 1 1       1.000      0.211      1.717
  2 1 2 1 1 2 1 2       0.000      0.568     -0.754
  2 1 2 1 1 2 1 3       0.000      0.826     -0.909
  2 1 2 1 1 2 2 1       0.000      0.297     -0.545
  2 1 2 1 1 2 2 2       0.000      1.196     -1.093
  2 1 2 1 1 2 2 3       3.000      1.523      1.197
  2 1 2 1 2 1 1 1       1.000      2.554     -0.972
  2 1 2 1 2 1 1 2       5.000      6.467     -0.577
  2 1 2 1 2 1 1 3      10.000      5.266      2.063
  2 1 2 1 2 1 2 1       1.000      0.482      0.747
  2 1 2 1 2 1 2 2       0.000      1.561     -1.249
  2 1 2 1 2 1 2 3       5.000      5.087     -0.038
  2 1 2 1 2 2 1 1       0.000      0.949     -0.974
  2 1 2 1 2 2 1 2       2.000      3.853     -0.944
  2 1 2 1 2 2 1 3       4.000      5.238     -0.541
  2 1 2 1 2 2 2 1       1.000      0.635      0.458
  2 1 2 1 2 2 2 2       4.000      5.697     -0.711
  2 1 2 1 2 2 2 3       5.000      4.624      0.175
  2 1 2 2 1 1 1 1       3.000      1.659      1.041
  2 1 2 2 1 1 1 2       2.000      1.254      0.666
  2 1 2 2 1 1 1 3       0.000      0.566     -0.753
  2 1 2 2 1 1 2 1       0.000      0.477     -0.691
  2 1 2 2 1 1 2 2       1.000      0.722      0.327
  2 1 2 2 1 1 2 3       0.000      0.423     -0.651
  2 1 2 2 1 2 1 1       2.000      1.071      0.897
  2 1 2 2 1 2 1 2       0.000      1.050     -1.024
  2 1 2 2 1 2 1 3       2.000      0.663      1.641
  2 1 2 2 1 2 2 1       0.000      0.515     -0.718
  2 1 2 2 1 2 2 2       0.000      0.815     -0.903
  2 1 2 2 1 2 2 3       0.000      0.755     -0.869
  2 1 2 2 2 1 1 1      10.000     11.669     -0.489
  2 1 2 2 2 1 1 2      17.000      8.930      2.700
  2 1 2 2 2 1 1 3       4.000      3.953      0.024
  2 1 2 2 2 1 2 1       0.000      1.657     -1.287
  2 1 2 2 2 1 2 2       3.000      4.125     -0.554
  2 1 2 2 2 1 2 3       1.000      1.990     -0.702
  2 1 2 2 2 2 1 1       5.000      6.834     -0.702
  2 1 2 2 2 2 1 2       7.000      7.019     -0.007
  2 1 2 2 2 2 1 3       4.000      4.559     -0.262
  2 1 2 2 2 2 2 1       3.000      1.572      1.138
  2 1 2 2 2 2 2 2       5.000      4.138      0.424
  2 1 2 2 2 2 2 3       4.000      3.668      0.173
  2 2 1 1 1 1 1 1       0.000      0.380     -0.616
  2 2 1 1 1 1 1 2       0.000      0.362     -0.602
  2 2 1 1 1 1 1 3       0.000      0.220     -0.469
  2 2 1 1 1 1 2 1       3.000      1.075      1.856
  2 2 1 1 1 1 2 2       0.000      1.533     -1.238
  2 2 1 1 1 1 2 3       1.000      1.425     -0.356
  2 2 1 1 1 2 1 1       0.000      0.742     -0.861
  2 2 1 1 1 2 1 2       2.000      0.509      2.090
  2 2 1 1 1 2 1 3       0.000      0.522     -0.723
  2 2 1 1 1 2 2 1       4.000      1.563      1.949
  2 2 1 1 1 2 2 2       2.000      2.030     -0.021
  2 2 1 1 1 2 2 3       4.000      3.322      0.372
  2 2 1 1 2 1 1 1       1.000      2.070     -0.744
  2 2 1 1 2 1 1 2       3.000      2.136      0.591
  2 2 1 1 2 1 1 3       0.000      1.251     -1.119
  2 2 1 1 2 1 2 1       0.000      0.908     -0.953
  2 2 1 1 2 1 2 2       2.000      1.628      0.291
  2 2 1 1 2 1 2 3       1.000      1.678     -0.523
  2 2 1 1 2 2 1 1       1.000      1.456     -0.378
  2 2 1 1 2 2 1 2       1.000      1.672     -0.520
  2 2 1 1 2 2 1 3       3.000      1.507      1.216
  2 2 1 1 2 2 2 1       2.000      1.201      0.729
  2 2 1 1 2 2 2 2       0.000      2.389     -1.546
  2 2 1 1 2 2 2 3       2.000      2.965     -0.560
  2 2 1 2 1 1 1 1       2.000      2.688     -0.420
  2 2 1 2 1 1 1 2       1.000      1.319     -0.277
  2 2 1 2 1 1 1 3       0.000      0.841     -0.917
  2 2 1 2 1 1 2 1       7.000      6.530      0.184
  2 2 1 2 1 1 2 2       0.000      2.359     -1.536
  2 2 1 2 1 1 2 3       3.000      2.141      0.587
  2 2 1 2 1 2 1 1       6.000      3.866      1.085
  2 2 1 2 1 2 1 2       0.000      2.774     -1.666
  2 2 1 2 1 2 1 3       1.000      0.675      0.395
  2 2 1 2 1 2 2 1       8.000      7.096      0.339
  2 2 1 2 1 2 2 2       4.000      4.397     -0.189
  2 2 1 2 1 2 2 3       1.000      1.326     -0.283
  2 2 1 2 2 1 1 1      13.000     14.364     -0.360
  2 2 1 2 2 1 1 2       7.000      9.303     -0.755
  2 2 1 2 2 1 1 3       1.000      3.601     -1.371
  2 2 1 2 2 1 2 1      10.000      5.623      1.846
  2 2 1 2 2 1 2 2       4.000      5.723     -0.720
  2 2 1 2 2 1 2 3       3.000      2.146      0.583
  2 2 1 2 2 2 1 1       9.000      9.913     -0.290
  2 2 1 2 2 2 1 2       8.000      8.676     -0.229
  2 2 1 2 2 2 1 3       6.000      4.212      0.871
  2 2 1 2 2 2 2 1       4.000      5.815     -0.753
  2 2 1 2 2 2 2 2       6.000      5.786      0.089
  2 2 1 2 2 2 2 3       9.000      3.736      2.724
  2 2 2 1 1 1 1 1       0.000      0.453     -0.673
  2 2 2 1 1 1 1 2       1.000      1.376     -0.321
  2 2 2 1 1 1 1 3       0.000      0.804     -0.896
  2 2 2 1 1 1 2 1       3.000      2.102      0.620
  2 2 2 1 1 1 2 2       4.000      8.257     -1.481
  2 2 2 1 1 1 2 3       6.000      7.720     -0.619
  2 2 2 1 1 2 1 1       4.000      1.933      1.487
  2 2 2 1 1 2 1 2       0.000      1.235     -1.112
  2 2 2 1 1 2 1 3       6.000      2.912      1.810
  2 2 2 1 1 2 2 1       6.000      4.873      0.510
  2 2 2 1 1 2 2 2       4.000      9.973     -1.891
  2 2 2 1 1 2 2 3      15.000     20.763     -1.265
  2 2 2 1 2 1 1 1       5.000      2.692      1.406
  2 2 2 1 2 1 1 2       7.000      6.953      0.018
  2 2 2 1 2 1 1 3       4.000      5.475     -0.630
  2 2 2 1 2 1 2 1       2.000      1.693      0.236
  2 2 2 1 2 1 2 2       7.000      6.339      0.263
  2 2 2 1 2 1 2 3       8.000      9.372     -0.448
  2 2 2 1 2 2 1 1       2.000      2.038     -0.027
  2 2 2 1 2 2 1 2       6.000      4.387      0.770
  2 2 2 1 2 2 1 3       9.000      6.688      0.894
  2 2 2 1 2 2 2 1       3.000      3.469     -0.252
  2 2 2 1 2 2 2 2      15.000     11.277      1.109
  2 2 2 1 2 2 2 3      24.000     16.603      1.815
  2 2 2 2 1 1 1 1       6.000      2.317      2.420
  2 2 2 2 1 1 1 2       1.000      1.414     -0.348
  2 2 2 2 1 1 1 3       1.000      0.884      0.124
  2 2 2 2 1 1 2 1       3.000      5.870     -1.185
  2 2 2 2 1 1 2 2       4.000      3.924      0.039
  2 2 2 2 1 1 2 3       3.000      3.615     -0.324
  2 2 2 2 1 2 1 1       3.000      3.641     -0.336
  2 2 2 2 1 2 1 2       4.000      2.576      0.887
  2 2 2 2 1 2 1 3       4.000      1.255      2.450
  2 2 2 2 1 2 2 1       7.000      7.001     -0.001
  2 2 2 2 1 2 2 2       5.000      6.011     -0.412
  2 2 2 2 1 2 2 3       5.000      6.083     -0.439
  2 2 2 2 2 1 1 1      14.000     12.448      0.440
  2 2 2 2 2 1 1 2       8.000      9.315     -0.431
  2 2 2 2 2 1 1 3       6.000      4.275      0.834
  2 2 2 2 2 1 2 1       6.000      5.027      0.434
  2 2 2 2 2 1 2 2       9.000      6.226      1.112
  2 2 2 2 2 1 2 3       5.000      4.017      0.491
  2 2 2 2 2 2 1 1       7.000      8.633     -0.556
  2 2 2 2 2 2 1 2       6.000      8.182     -0.763
  2 2 2 2 2 2 1 3       8.000      5.069      1.302
  2 2 2 2 2 2 2 1       6.000      5.611      0.164
  2 2 2 2 2 2 2 2      17.000      7.465      3.490
  2 2 2 2 2 2 2 3       4.000      7.062     -1.152



*** PSEUDO R-SQUARED MEASURES ***

* P(T|SG) *
                         baseline   fitted   R-squared
  entropy                 0.6759    0.6561    0.0293
  qualitative variance    0.2414    0.2320    0.0390
  classification error    0.4074    0.3892    0.0447
  -2/N*log-likelihood     1.3518    1.3122    0.0293/0.0381
  likelihood^(-2/N)       3.8645    3.7144    0.0388/0.0524

* P(YZ|STG) *
                         baseline   fitted   R-squared
  entropy                 1.3327    0.9163    0.3124
  qualitative variance    0.3622    0.2570    0.2905
  classification error    0.6610    0.3799    0.4252
  -2/N*log-likelihood     2.6653    1.8326    0.3124/0.4544
  likelihood^(-2/N)      14.3729    6.2502    0.5651/0.6074

* P(A|Y) *
                         baseline   fitted   R-squared
  entropy                 0.6900    0.6262    0.0924
  qualitative variance    0.2484    0.2175    0.1245
  classification error    0.4602    0.3259    0.2919
  -2/N*log-likelihood     1.3800    1.2524    0.0924/0.1131
  likelihood^(-2/N)       3.9747    3.4988    0.1197/0.1600

* P(B|Y) *
                         baseline   fitted   R-squared
  entropy                 0.5725    0.4287    0.2512
  qualitative variance    0.1922    0.1425    0.2584
  classification error    0.2595    0.2595    0.0000
  -2/N*log-likelihood     1.1451    0.8574    0.2512/0.2234
  likelihood^(-2/N)       3.1428    2.3571    0.2500/0.3666

* P(E|Y) *
                         baseline   fitted   R-squared
  entropy                 0.6644    0.5242    0.2109
  qualitative variance    0.2357    0.1743    0.2607
  classification error    0.3806    0.2570    0.3247
  -2/N*log-likelihood     1.3287    1.0485    0.2109/0.2189
  likelihood^(-2/N)       3.7763    2.8533    0.2444/0.3325

* P(C|Z) *
                         baseline   fitted   R-squared
  entropy                 0.6518    0.5574    0.1449
  qualitative variance    0.2296    0.1890    0.1769
  classification error    0.3573    0.3125    0.1252
  -2/N*log-likelihood     1.3037    1.1147    0.1449/0.1589
  likelihood^(-2/N)       3.6827    3.0487    0.1722/0.2364

* P(D|Z) *
                         baseline   fitted   R-squared
  entropy                 0.6801    0.4344    0.3613
  qualitative variance    0.2435    0.1335    0.4519
  classification error    0.4196    0.1622    0.6133
  -2/N*log-likelihood     1.3603    0.8688    0.3613/0.3295
  likelihood^(-2/N)       3.8973    2.3840    0.3883/0.5223



*** LOG-LINEAR PARAMETERS ***

* TABLE SG [or P(SG)] *

  effect           beta  std err  z-value   exp(beta)     Wald  df  prob
  S 
   1            -0.1248   0.0298   -4.183      0.8826 
   2             0.1248                        1.1330    17.49   1 0.000
  G 
   1            -0.0133   0.0422   -0.316      0.9868 
   2             0.0682   0.0414    1.648      1.0706 
   3            -0.0549                        0.9466     2.99   2 0.225
  SG 
   1 1           0.1008   0.0422    2.390      1.1061 
   1 2           0.0462   0.0414    1.117      1.0473 
   1 3          -0.1471                        0.8632 
   2 1          -0.1008                        0.9041 
   2 2          -0.0462                        0.9548 
   2 3           0.1471                        1.1585    12.15   2 0.002

* TABLE STG [or P(T|SG)] *

  effect           beta  std err  z-value   exp(beta)     Wald  df  prob
  T 
   1            -0.1851   0.0308   -6.005      0.8310 
   2             0.1851                        1.2033    36.06   1 0.000
  ST 
   1 1           0.0945   0.0307    3.077      1.0991 
   1 2          -0.0945                        0.9098 
   2 1          -0.0945                        0.9098 
   2 2           0.0945                        1.0991     9.47   1 0.002
  TG 
   1 1           0.2062   0.0429    4.803      1.2290 
   1 2           0.0228   0.0423    0.539      1.0231 
   1 3          -0.2290                        0.7953 
   2 1          -0.2062                        0.8137 
   2 2          -0.0228                        0.9774 
   2 3           0.2290                        1.2574    31.80   2 0.000

* TABLE YZSTG [or P(YZ|STG)] *

  effect           beta  std err  z-value   exp(beta)     Wald  df  prob
  Y 
   1            -4.0791   0.3373  -12.092      0.0169 
   2             4.0791                       59.0895   146.23   1 0.000
  Z 
   1            -3.3523   0.3712   -9.032      0.0350 
   2             3.3523                       28.5693    81.58   1 0.000
  YZ 
   1 1          -1.2383   0.3408   -3.634      0.2899 
   1 2           1.2383                        3.4497 
   2 1           1.2383                        3.4497 
   2 2          -1.2383                        0.2899    13.20   1 0.000
  YS 
   1 1          -4.2347   0.3731  -11.351      0.0145 
   1 2           4.2347                       69.0380 
   2 1           4.2347                       69.0380 
   2 2          -4.2347                        0.0145   128.84   1 0.000
  ZS 
   1 1          -3.1200   0.3467   -8.999      0.0442 
   1 2           3.1200                       22.6462 
   2 1           3.1200                       22.6462 
   2 2          -3.1200                        0.0442    80.98   1 0.000
  YT 
   1 1          -4.2214   0.1539  -27.423      0.0147 
   1 2           4.2214                       68.1291 
   2 1           4.2214                       68.1291 
   2 2          -4.2214                        0.0147   752.03   1 0.000
  ZT 
   1 1          -3.7658   0.1973  -19.088      0.0231 
   1 2           3.7658                       43.1996 
   2 1           3.7658                       43.1996 
   2 2          -3.7658                        0.0231   364.34   1 0.000
  YG 
   1 1           0.8125   0.4093    1.985      2.2534 
   1 2           2.3416   0.3700    6.329     10.3984 
   1 3          -3.1541                        0.0427 
   2 1          -0.8125                        0.4438 
   2 2          -2.3416                        0.0962 
   2 3           3.1541                       23.4321    41.94   2 0.000
  ZG 
   1 1          -5.9835   0.2964  -20.186      0.0025 
   1 2           4.5863   0.3653   12.554     98.1295 
   1 3           1.3972                        4.0437 
   2 1           5.9835                      396.8076 
   2 2          -4.5863                        0.0102 
   2 3          -1.3972                        0.2473   777.70   2 0.000
  YZS 
   1 1 1        -4.7064   0.3143  -14.975      0.0090 
   1 1 2         4.7064                      110.6582 
   1 2 1         4.7064                      110.6582 
   1 2 2        -4.7064                        0.0090 
   2 1 1         4.7064                      110.6582 
   2 1 2        -4.7064                        0.0090 
   2 2 1        -4.7064                        0.0090 
   2 2 2         4.7064                      110.6582   224.25   1 0.000
  YZT 
   1 1 1        -2.0334   0.2250   -9.036      0.1309 
   1 1 2         2.0334                        7.6399 
   1 2 1         2.0334                        7.6399 
   1 2 2        -2.0334                        0.1309 
   2 1 1         2.0334                        7.6399 
   2 1 2        -2.0334                        0.1309 
   2 2 1        -2.0334                        0.1309 
   2 2 2         2.0334                        7.6399    81.65   1 0.000
  YST 
   1 1 1        -4.7213   0.1393  -33.896      0.0089 
   1 1 2         4.7213                      112.3092 
   1 2 1         4.7213                      112.3092 
   1 2 2        -4.7213                        0.0089 
   2 1 1         4.7213                      112.3092 
   2 1 2        -4.7213                        0.0089 
   2 2 1        -4.7213                        0.0089 
   2 2 2         4.7213                      112.3092  1148.96   1 0.000
  ZST 
   1 1 1        -2.5242   0.1784  -14.151      0.0801 
   1 1 2         2.5242                       12.4805 
   1 2 1         2.5242                       12.4805 
   1 2 2        -2.5242                        0.0801 
   2 1 1         2.5242                       12.4805 
   2 1 2        -2.5242                        0.0801 
   2 2 1        -2.5242                        0.0801 
   2 2 2         2.5242                       12.4805   200.24   1 0.000
  YZG 
   1 1 1        -2.0550   0.3643   -5.641      0.1281 
   1 1 2         2.9618   0.4787    6.188     19.3335 
   1 1 3        -0.9068                        0.4038 
   1 2 1         2.0550                        7.8070 
   1 2 2        -2.9618                        0.0517 
   1 2 3         0.9068                        2.4764 
   2 1 1         2.0550                        7.8070 
   2 1 2        -2.9618                        0.0517 
   2 1 3         0.9068                        2.4764 
   2 2 1        -2.0550                        0.1281 
   2 2 2         2.9618                       19.3335 
   2 2 3        -0.9068                        0.4038    88.89   2 0.000
  YSG 
   1 1 1        -4.4729   0.2928  -15.276      0.0114 
   1 1 2         2.6424   0.4040    6.541     14.0464 
   1 1 3         1.8305                        6.2372 
   1 2 1         4.4729                       87.6099 
   1 2 2        -2.6424                        0.0712 
   1 2 3        -1.8305                        0.1603 
   2 1 1         4.4729                       87.6099 
   2 1 2        -2.6424                        0.0712 
   2 1 3        -1.8305                        0.1603 
   2 2 1        -4.4729                        0.0114 
   2 2 2         2.6424                       14.0464 
   2 2 3         1.8305                        6.2372   294.89   2 0.000
  ZSG 
   1 1 1        -0.6061   0.3348   -1.810      0.5455 
   1 1 2         4.6137   0.3097   14.895    100.8533 
   1 1 3        -4.0076                        0.0182 
   1 2 1         0.6061                        1.8332 
   1 2 2        -4.6137                        0.0099 
   1 2 3         4.0076                       55.0135 
   2 1 1         0.6061                        1.8332 
   2 1 2        -4.6137                        0.0099 
   2 1 3         4.0076                       55.0135 
   2 2 1        -0.6061                        0.5455 
   2 2 2         4.6137                      100.8533 
   2 2 3        -4.0076                        0.0182   261.84   2 0.000
  YTG 
   1 1 1        -0.1056   0.2367   -0.446      0.8998 
   1 1 2         2.0857   0.2463    8.469      8.0500 
   1 1 3        -1.9801                        0.1381 
   1 2 1         0.1056                        1.1113 
   1 2 2        -2.0857                        0.1242 
   1 2 3         1.9801                        7.2435 
   2 1 1         0.1056                        1.1113 
   2 1 2        -2.0857                        0.1242 
   2 1 3         1.9801                        7.2435 
   2 2 1        -0.1056                        0.8998 
   2 2 2         2.0857                        8.0500 
   2 2 3        -1.9801                        0.1381   121.36   2 0.000
  ZTG 
   1 1 1        -4.7004   0.2715  -17.315      0.0091 
   1 1 2         4.9880   0.2249   22.179    146.6382 
   1 1 3        -0.2876                        0.7501 
   1 2 1         4.7004                      109.9879 
   1 2 2        -4.9880                        0.0068 
   1 2 3         0.2876                        1.3332 
   2 1 1         4.7004                      109.9879 
   2 1 2        -4.9880                        0.0068 
   2 1 3         0.2876                        1.3332 
   2 2 1        -4.7004                        0.0091 
   2 2 2         4.9880                      146.6382 
   2 2 3        -0.2876                        0.7501   509.37   2 0.000
  YZST 
   1 1 1 1      -4.1864   ******    *****      0.0152 
   1 1 1 2       4.1864                       65.7887 
   1 1 2 1       4.1864                       65.7887 
   1 1 2 2      -4.1864                        0.0152 
   1 2 1 1       4.1864                       65.7887 
   1 2 1 2      -4.1864                        0.0152 
   1 2 2 1      -4.1864                        0.0152 
   1 2 2 2       4.1864                       65.7887 
   2 1 1 1       4.1864                       65.7887 
   2 1 1 2      -4.1864                        0.0152 
   2 1 2 1      -4.1864                        0.0152 
   2 1 2 2       4.1864                       65.7887 
   2 2 1 1      -4.1864                        0.0152 
   2 2 1 2       4.1864                       65.7887 
   2 2 2 1       4.1864                       65.7887 
   2 2 2 2      -4.1864                        0.0152     0.00   1 1.000
  YZSG 
   1 1 1 1      -3.7549   0.5380   -6.979      0.0234 
   1 1 1 2       6.4262   ******    *****    617.8036 
   1 1 1 3      -2.6713                        0.0692 
   1 1 2 1       3.7549                       42.7299 
   1 1 2 2      -6.4262                        0.0016 
   1 1 2 3       2.6713                       14.4583 
   1 2 1 1       3.7549                       42.7299 
   1 2 1 2      -6.4262                        0.0016 
   1 2 1 3       2.6713                       14.4583 
   1 2 2 1      -3.7549                        0.0234 
   1 2 2 2       6.4262                      617.8036 
   1 2 2 3      -2.6713                        0.0692 
   2 1 1 1       3.7549                       42.7299 
   2 1 1 2      -6.4262                        0.0016 
   2 1 1 3       2.6713                       14.4583 
   2 1 2 1      -3.7549                        0.0234 
   2 1 2 2       6.4262                      617.8036 
   2 1 2 3      -2.6713                        0.0692 
   2 2 1 1      -3.7549                        0.0234 
   2 2 1 2       6.4262                      617.8036 
   2 2 1 3      -2.6713                        0.0692 
   2 2 2 1       3.7549                       42.7299 
   2 2 2 2      -6.4262                        0.0016 
   2 2 2 3       2.6713                       14.4583    48.71   2 0.000
  YZTG 
   1 1 1 1      -1.4450   ******    *****      0.2357 
   1 1 1 2       3.2759   ******    *****     26.4664 
   1 1 1 3      -1.8309                        0.1603 
   1 1 2 1       1.4450                        4.2418 
   1 1 2 2      -3.2759                        0.0378 
   1 1 2 3       1.8309                        6.2394 
   1 2 1 1       1.4450                        4.2418 
   1 2 1 2      -3.2759                        0.0378 
   1 2 1 3       1.8309                        6.2394 
   1 2 2 1      -1.4450                        0.2357 
   1 2 2 2       3.2759                       26.4664 
   1 2 2 3      -1.8309                        0.1603 
   2 1 1 1       1.4450                        4.2418 
   2 1 1 2      -3.2759                        0.0378 
   2 1 1 3       1.8309                        6.2394 
   2 1 2 1      -1.4450                        0.2357 
   2 1 2 2       3.2759                       26.4664 
   2 1 2 3      -1.8309                        0.1603 
   2 2 1 1      -1.4450                        0.2357 
   2 2 1 2       3.2759                       26.4664 
   2 2 1 3      -1.8309                        0.1603 
   2 2 2 1       1.4450                        4.2418 
   2 2 2 2      -3.2759                        0.0378 
   2 2 2 3       1.8309                        6.2394     0.00   2 1.000
  YSTG 
   1 1 1 1      -3.8671   0.1698  -22.776      0.0209 
   1 1 1 2       3.0824   0.2834   10.875     21.8116 
   1 1 1 3       0.7847                        2.1917 
   1 1 2 1       3.8671                       47.8047 
   1 1 2 2      -3.0824                        0.0458 
   1 1 2 3      -0.7847                        0.4563 
   1 2 1 1       3.8671                       47.8047 
   1 2 1 2      -3.0824                        0.0458 
   1 2 1 3      -0.7847                        0.4563 
   1 2 2 1      -3.8671                        0.0209 
   1 2 2 2       3.0824                       21.8116 
   1 2 2 3       0.7847                        2.1917 
   2 1 1 1       3.8671                       47.8047 
   2 1 1 2      -3.0824                        0.0458 
   2 1 1 3      -0.7847                        0.4563 
   2 1 2 1      -3.8671                        0.0209 
   2 1 2 2       3.0824                       21.8116 
   2 1 2 3       0.7847                        2.1917 
   2 2 1 1      -3.8671                        0.0209 
   2 2 1 2       3.0824                       21.8116 
   2 2 1 3       0.7847                        2.1917 
   2 2 2 1       3.8671                       47.8047 
   2 2 2 2      -3.0824                        0.0458 
   2 2 2 3      -0.7847                        0.4563   531.20   2 0.000
  ZSTG 
   1 1 1 1      -1.0181   0.2726   -3.735      0.3613 
   1 1 1 2       4.1881   0.2294   18.254     65.8975 
   1 1 1 3      -3.1700                        0.0420 
   1 1 2 1       1.0181                        2.7679 
   1 1 2 2      -4.1881                        0.0152 
   1 1 2 3       3.1700                       23.8076 
   1 2 1 1       1.0181                        2.7679 
   1 2 1 2      -4.1881                        0.0152 
   1 2 1 3       3.1700                       23.8076 
   1 2 2 1      -1.0181                        0.3613 
   1 2 2 2       4.1881                       65.8975 
   1 2 2 3      -3.1700                        0.0420 
   2 1 1 1       1.0181                        2.7679 
   2 1 1 2      -4.1881                        0.0152 
   2 1 1 3       3.1700                       23.8076 
   2 1 2 1      -1.0181                        0.3613 
   2 1 2 2       4.1881                       65.8975 
   2 1 2 3      -3.1700                        0.0420 
   2 2 1 1      -1.0181                        0.3613 
   2 2 1 2       4.1881                       65.8975 
   2 2 1 3      -3.1700                        0.0420 
   2 2 2 1       1.0181                        2.7679 
   2 2 2 2      -4.1881                        0.0152 
   2 2 2 3       3.1700                       23.8076   432.82   2 0.000
  YZSTG 
   1 1 1 1 1    -4.2005   ******    *****      0.0150 
   1 1 1 1 2     5.5229   ******    *****    250.3708 
   1 1 1 1 3    -1.3225                        0.2665 
   1 1 1 2 1     4.2005                       66.7186 
   1 1 1 2 2    -5.5229                        0.0040 
   1 1 1 2 3     1.3225                        3.7526 
   1 1 2 1 1     4.2005                       66.7186 
   1 1 2 1 2    -5.5229                        0.0040 
   1 1 2 1 3     1.3225                        3.7526 
   1 1 2 2 1    -4.2005                        0.0150 
   1 1 2 2 2     5.5229                      250.3708 
   1 1 2 2 3    -1.3225                        0.2665 
   1 2 1 1 1     4.2005                       66.7186 
   1 2 1 1 2    -5.5229                        0.0040 
   1 2 1 1 3     1.3225                        3.7526 
   1 2 1 2 1    -4.2005                        0.0150 
   1 2 1 2 2     5.5229                      250.3708 
   1 2 1 2 3    -1.3225                        0.2665 
   1 2 2 1 1    -4.2005                        0.0150 
   1 2 2 1 2     5.5229                      250.3708 
   1 2 2 1 3    -1.3225                        0.2665 
   1 2 2 2 1     4.2005                       66.7186 
   1 2 2 2 2    -5.5229                        0.0040 
   1 2 2 2 3     1.3225                        3.7526 
   2 1 1 1 1     4.2005                       66.7186 
   2 1 1 1 2    -5.5229                        0.0040 
   2 1 1 1 3     1.3225                        3.7526 
   2 1 1 2 1    -4.2005                        0.0150 
   2 1 1 2 2     5.5229                      250.3708 
   2 1 1 2 3    -1.3225                        0.2665 
   2 1 2 1 1    -4.2005                        0.0150 
   2 1 2 1 2     5.5229                      250.3708 
   2 1 2 1 3    -1.3225                        0.2665 
   2 1 2 2 1     4.2005                       66.7186 
   2 1 2 2 2    -5.5229                        0.0040 
   2 1 2 2 3     1.3225                        3.7526 
   2 2 1 1 1    -4.2005                        0.0150 
   2 2 1 1 2     5.5229                      250.3708 
   2 2 1 1 3    -1.3225                        0.2665 
   2 2 1 2 1     4.2005                       66.7186 
   2 2 1 2 2    -5.5229                        0.0040 
   2 2 1 2 3     1.3225                        3.7526 
   2 2 2 1 1     4.2005                       66.7186 
   2 2 2 1 2    -5.5229                        0.0040 
   2 2 2 1 3     1.3225                        3.7526 
   2 2 2 2 1    -4.2005                        0.0150 
   2 2 2 2 2     5.5229                      250.3708 
   2 2 2 2 3    -1.3225                        0.2665     0.00   2 1.000

* TABLE YA [or P(A|Y)] *

  effect           beta  std err  z-value   exp(beta)     Wald  df  prob
  A 
   1            -0.1074   0.0406   -2.642      0.8982 
   2             0.1074                        1.1133     6.98   1 0.008
  YA 
   1 1           0.3718   0.0424    8.771      1.4503 
   1 2          -0.3718                        0.6895 
   2 1          -0.3718                        0.6895 
   2 2           0.3718                        1.4503    76.93   1 0.000

* TABLE YB [or P(B|Y)] *

  effect           beta  std err  z-value   exp(beta)     Wald  df  prob
  B 
   1            -0.7703   0.1020   -7.555      0.4629 
   2             0.7703                        2.1604    57.07   1 0.000
  YB 
   1 1          -0.7530   0.0935   -8.058      0.4709 
   1 2           0.7530                        2.1234 
   2 1           0.7530                        2.1234 
   2 2          -0.7530                        0.4709    64.93   1 0.000

* TABLE YE [or P(E|Y)] *

  effect           beta  std err  z-value   exp(beta)     Wald  df  prob
  E 
   1            -0.3706   0.0629   -5.889      0.6903 
   2             0.3706                        1.4487    34.68   1 0.000
  YE 
   1 1           0.6130   0.0577   10.623      1.8459 
   1 2          -0.6130                        0.5417 
   2 1          -0.6130                        0.5417 
   2 2           0.6130                        1.8459   112.86   1 0.000

* TABLE ZC [or P(C|Z)] *

  effect           beta  std err  z-value   exp(beta)     Wald  df  prob
  C 
   1            -0.4208   0.0614   -6.851      0.6565 
   2             0.4208                        1.5232    46.93   1 0.000
  ZC 
   1 1          -0.5029   0.0604   -8.324      0.6048 
   1 2           0.5029                        1.6535 
   2 1           0.5029                        1.6535 
   2 2          -0.5029                        0.6048    69.30   1 0.000

* TABLE ZD [or P(D|Z)] *

  effect           beta  std err  z-value   exp(beta)     Wald  df  prob
  D 
   1            -0.1833   0.1017   -1.802      0.8325 
   2             0.1833                        1.2012     3.25   1 0.072
  ZD 
   1 1           0.8265   0.0949    8.713      2.2852 
   1 2          -0.8265                        0.4376 
   2 1          -0.8265                        0.4376 
   2 2           0.8265                        2.2852    75.91   1 0.000



*** (CONDITIONAL) PROBABILITIES ***

* P(SG) *

  1 1            0.1583  (0.0107)
  1 2            0.1626  (0.0109)
  1 3            0.1185  (0.0095)
  2 1            0.1661  (0.0109)
  2 2            0.1903  (0.0115)
  2 3            0.2042  (0.0119)

* P(T|SG) *

  1 | 1 1        0.5576  (0.0300)
  1 | 1 2        0.4662  (0.0298)
  1 | 1 3        0.3454  (0.0307)
  2 | 1 1        0.4424  (0.0300)
  2 | 1 2        0.5338  (0.0298)
  2 | 1 3        0.6546  (0.0307)
  1 | 2 1        0.4634  (0.0298)
  1 | 2 2        0.3744  (0.0273)
  1 | 2 3        0.2656  (0.0242)
  2 | 2 1        0.5366  (0.0298)
  2 | 2 2        0.6256  (0.0273)
  2 | 2 3        0.7344  (0.0242)

* P(YZ|STG) *

  1 1 | 1 1 1    0.0000  (0.0000) *
  1 1 | 1 1 2    0.0340  (0.0369)
  1 1 | 1 1 3    0.0000  (0.0000) *
  1 1 | 1 2 1    0.1116  (0.0843)
  1 1 | 1 2 2    0.5317  (0.1031)
  1 1 | 1 2 3    0.5130  (0.0964)
  1 1 | 2 1 1    0.1141  (0.0485)
  1 1 | 2 1 2    0.0402  (0.0476)
  1 1 | 2 1 3    0.2328  (0.0959)
  1 1 | 2 2 1    0.2649  (0.0767)
  1 1 | 2 2 2    0.4307  (0.0762)
  1 1 | 2 2 3    0.7853  (0.0525)
  1 2 | 1 1 1    0.0696  (0.0605)
  1 2 | 1 1 2    0.0000  (0.0000) *
  1 2 | 1 1 3    0.0745  (0.0567)
  1 2 | 1 2 1    0.7352  (0.1105)
  1 2 | 1 2 2    0.1296  (0.0772)
  1 2 | 1 2 3    0.1831  (0.0819)
  1 2 | 2 1 1    0.2845  (0.0794)
  1 2 | 2 1 2    0.1958  (0.0818)
  1 2 | 2 1 3    0.0000  (0.0000) *
  1 2 | 2 2 1    0.6215  (0.0870)
  1 2 | 2 2 2    0.2461  (0.0702)
  1 2 | 2 2 3    0.0000  (0.0000)
  2 1 | 1 1 1    0.0485  (0.0480)
  2 1 | 1 1 2    0.2960  (0.0905)
  2 1 | 1 1 3    0.4931  (0.1152)
  2 1 | 1 2 1    0.0136  (0.0276)
  2 1 | 1 2 2    0.0388  (0.0777)
  2 1 | 1 2 3    0.2541  (0.0802)
  2 1 | 2 1 1    0.0000  (0.0000) *
  2 1 | 2 1 2    0.1738  (0.0738)
  2 1 | 2 1 3    0.3591  (0.1166)
  2 1 | 2 2 1    0.0149  (0.0293)
  2 1 | 2 2 2    0.1752  (0.0652)
  2 1 | 2 2 3    0.1013  (0.0503)
  2 2 | 1 1 1    0.8819  (0.0809)
  2 2 | 1 1 2    0.6700  (0.0872)
  2 2 | 1 1 3    0.4324  (0.1221)
  2 2 | 1 2 1    0.1396  (0.0762)
  2 2 | 1 2 2    0.2999  (0.0745)
  2 2 | 1 2 3    0.0498  (0.0619)
  2 2 | 2 1 1    0.6014  (0.0780)
  2 2 | 2 1 2    0.5903  (0.0990)
  2 2 | 2 1 3    0.4082  (0.0935)
  2 2 | 2 2 1    0.0987  (0.0560)
  2 2 | 2 2 2    0.1481  (0.0644)
  2 2 | 2 2 3    0.1134  (0.0369)

* P(A|Y) *

  1 | 1          0.6292  (0.0266)
  2 | 1          0.3708  (0.0266)
  1 | 2          0.2772  (0.0242)
  2 | 2          0.7228  (0.0242)

* P(B|Y) *

  1 | 1          0.0454  (0.0161)
  2 | 1          0.9546  (0.0161)
  1 | 2          0.4914  (0.0307)
  2 | 2          0.5086  (0.0307)

* P(E|Y) *

  1 | 1          0.6189  (0.0308)
  2 | 1          0.3811  (0.0308)
  1 | 2          0.1227  (0.0219)
  2 | 2          0.8773  (0.0219)

* P(C|Z) *

  1 | 1          0.1362  (0.0253)
  2 | 1          0.8638  (0.0253)
  1 | 2          0.5410  (0.0283)
  2 | 2          0.4590  (0.0283)

* P(D|Z) *

  1 | 1          0.7835  (0.0404)
  2 | 1          0.2165  (0.0404)
  1 | 2          0.1172  (0.0324)
  2 | 2          0.8828  (0.0324)



*** LATENT CLASS OUTPUT ***

          Y  1    Y  1    Y  2    Y  2
          Z  1    Z  2    Z  1    Z  2
         0.3132  0.2067  0.1402  0.3399
  A  1   0.6292  0.6292  0.2772  0.2772
  A  2   0.3708  0.3708  0.7228  0.7228
  B  1   0.0454  0.0454  0.4914  0.4914
  B  2   0.9546  0.9546  0.5086  0.5086
  C  1   0.1362  0.5410  0.1362  0.5410
  C  2   0.8638  0.4590  0.8638  0.4590
  D  1   0.7835  0.1172  0.7835  0.1172
  D  2   0.2165  0.8828  0.2165  0.8828
  E  1   0.6189  0.6189  0.1227  0.1227
  E  2   0.3811  0.3811  0.8773  0.8773
  S  1   0.3076  0.4168  0.5061  0.5473
  S  2   0.6924  0.5832  0.4939  0.4527
  T  1   0.0857  0.2179  0.5618  0.7555
  T  2   0.9143  0.7821  0.4382  0.2445
  G  1   0.1284  0.6529  0.0468  0.4198
  G  2   0.3284  0.2637  0.4213  0.4016
  G  3   0.5432  0.0835  0.5319  0.1786

E = 0.2076, lambda = 0.6856
