LEM: log-linear and event history analysis with missing data.
Developed by Jeroen Vermunt (c), Tilburg University, The Netherlands.
Version 1.0 (September 18, 1997).


*** INPUT ***

  lat 1
man 5
dim 2 2 2 2 2 3
lab Y A B E S G
mod SG Y|SG {SG SY} A|Y B|Y E|Y
ite 10000
dat [5 4 6 5 3 1 15 22 10 9 18 6 31 25 27 47 49 65 24 36 21 29 40 34 7 5 2 7 1 6 26 38 29 23 29 23 24 11 14 38 21 36 51 47 28 34 59 65]
see 975



*** STATISTICS ***

  Number of iterations = 218
  Converge criterion   = 0.0000009600
  Seed random values   = 975

  X-squared            = 60.8342 (0.0031)
  L-squared            = 63.3127 (0.0017)
  Cressie-Read         = 61.2336 (0.0028)
  Dissimilarity index  = 0.0887
  Degrees of freedom   = 34
  Log-likelihood       = -4194.23553
  Number of parameters = 13 (+1)
  Sample size          = 1156.0
  BIC(L-squared)       = -176.4798
  AIC(L-squared)       = -4.6873
  BIC(log-likelihood)  = 8480.1564
  AIC(log-likelihood)  = 8414.4711

  Eigenvalues information matrix
    1367.8067  1237.7895  1169.9166  1073.1569   866.9755   856.7625
     531.3946   409.4447   408.1298   370.9609   179.7542    44.7636
       8.7940




*** FREQUENCIES ***

  A B E S G     observed  estimated  std. res.
  1 1 1 1 1       5.000      3.229      0.986
  1 1 1 1 2       4.000      3.317      0.375
  1 1 1 1 3       6.000      2.417      2.304
  1 1 1 2 1       5.000      3.406      0.864
  1 1 1 2 2       3.000      3.903     -0.457
  1 1 1 2 3       1.000      4.187     -1.557
  1 1 2 1 1      15.000     15.028     -0.007
  1 1 2 1 2      22.000     15.438      1.670
  1 1 2 1 3      10.000     11.250     -0.373
  1 1 2 2 1       9.000     11.539     -0.747
  1 1 2 2 2      18.000     13.221      1.314
  1 1 2 2 3       6.000     14.183     -2.173
  1 2 1 1 1      31.000     28.677      0.434
  1 2 1 1 2      25.000     29.461     -0.822
  1 2 1 1 3      27.000     21.469      1.194
  1 2 1 2 1      47.000     48.078     -0.155
  1 2 1 2 2      49.000     55.089     -0.820
  1 2 1 2 3      65.000     59.095      0.768
  1 2 2 1 1      24.000     29.820     -1.066
  1 2 2 1 2      36.000     30.634      0.969
  1 2 2 1 3      21.000     22.324     -0.280
  1 2 2 2 1      29.000     31.477     -0.441
  1 2 2 2 2      40.000     36.067      0.655
  1 2 2 2 3      34.000     38.690     -0.754
  2 1 1 1 1       7.000      5.370      0.704
  2 1 1 1 2       5.000      5.516     -0.220
  2 1 1 1 3       2.000      4.020     -1.007
  2 1 1 2 1       7.000      4.492      1.183
  2 1 1 2 2       1.000      5.147     -1.828
  2 1 1 2 3       6.000      5.521      0.204
  2 1 2 1 1      26.000     31.807     -1.030
  2 1 2 1 2      38.000     32.676      0.931
  2 1 2 1 3      29.000     23.812      1.063
  2 1 2 2 1      23.000     23.858     -0.176
  2 1 2 2 2      29.000     27.338      0.318
  2 1 2 2 3      23.000     29.326     -1.168
  2 2 1 1 1      24.000     19.515      1.015
  2 2 1 1 2      11.000     20.048     -2.021
  2 2 1 1 3      14.000     14.610     -0.159
  2 2 1 2 1      38.000     27.684      1.961
  2 2 1 2 2      21.000     31.721     -1.904
  2 2 1 2 3      36.000     34.028      0.338
  2 2 2 1 1      51.000     49.555      0.205
  2 2 2 1 2      47.000     50.909     -0.548
  2 2 2 1 3      28.000     37.099     -1.494
  2 2 2 2 1      34.000     41.467     -1.160
  2 2 2 2 2      59.000     47.514      1.666
  2 2 2 2 3      65.000     50.969      1.965



*** PSEUDO R-SQUARED MEASURES ***

* P(Y|SG) *
                         baseline   fitted   R-squared
  entropy                 0.6751    0.6530    0.0327
  qualitative variance    0.2410    0.2306    0.0434
  classification error    0.4052    0.4052   -0.0000
  -2/N*log-likelihood     1.3502    1.3060    0.0327/0.0423
  likelihood^(-2/N)       3.8580    3.6915    0.0432/0.0583

* P(A|Y) *
                         baseline   fitted   R-squared
  entropy                 0.6900    0.6285    0.0891
  qualitative variance    0.2484    0.2184    0.1209
  classification error    0.4602    0.3223    0.2997
  -2/N*log-likelihood     1.3800    1.2570    0.0891/0.1095
  likelihood^(-2/N)       3.9747    3.5148    0.1157/0.1546

* P(B|Y) *
                         baseline   fitted   R-squared
  entropy                 0.5725    0.4659    0.1862
  qualitative variance    0.1922    0.1582    0.1769
  classification error    0.2595    0.2595   -0.0000
  -2/N*log-likelihood     1.1451    0.9318    0.1862/0.1758
  likelihood^(-2/N)       3.1428    2.5392    0.1920/0.2817

* P(E|Y) *
                         baseline   fitted   R-squared
  entropy                 0.6644    0.4656    0.2992
  qualitative variance    0.2357    0.1466    0.3784
  classification error    0.3806    0.1841    0.5162
  -2/N*log-likelihood     1.3287    0.9312    0.2992/0.2845
  likelihood^(-2/N)       3.7763    2.5375    0.3281/0.4462



*** LOG-LINEAR PARAMETERS ***

* TABLE SG [or P(SG)] *

  effect           beta  std err  z-value   exp(beta)     Wald  df  prob
  S 
   1            -0.1248   0.0298   -4.183      0.8826 
   2             0.1248                        1.1330    17.49   1 0.000
  G 
   1            -0.0133   0.0422   -0.316      0.9868 
   2             0.0682   0.0414    1.648      1.0706 
   3            -0.0549                        0.9466     2.99   2 0.225
  SG 
   1 1           0.1008   0.0422    2.390      1.1061 
   1 2           0.0462   0.0414    1.117      1.0473 
   1 3          -0.1471                        0.8632 
   2 1          -0.1008                        0.9041 
   2 2          -0.0462                        0.9548 
   2 3           0.1471                        1.1585    12.15   2 0.002

* TABLE YSG [or P(Y|SG)] *

  effect           beta  std err  z-value   exp(beta)     Wald  df  prob
  Y 
   1             0.2284   0.1365    1.674      1.2566 
   2            -0.2284                        0.7958     2.80   1 0.094
  YS 
   1 1           0.2200   0.0466    4.719      1.2461 
   1 2          -0.2200                        0.8025 
   2 1          -0.2200                        0.8025 
   2 2           0.2200                        1.2461    22.27   1 0.000

* TABLE YA [or P(A|Y)] *

  effect           beta  std err  z-value   exp(beta)     Wald  df  prob
  A 
   1            -0.0145   0.0592   -0.245      0.9856 
   2             0.0145                        1.0146     0.06   1 0.807
  YA 
   1 1          -0.3690   0.0485   -7.606      0.6914 
   1 2           0.3690                        1.4462 
   2 1           0.3690                        1.4462 
   2 2          -0.3690                        0.6914    57.85   1 0.000

* TABLE YB [or P(B|Y)] *

  effect           beta  std err  z-value   exp(beta)     Wald  df  prob
  B 
   1            -0.9102   0.2246   -4.052      0.4024 
   2             0.9102                        2.4848    16.42   1 0.000
  YB 
   1 1           0.7318   0.2105    3.476      2.0788 
   1 2          -0.7318                        0.4811 
   2 1          -0.7318                        0.4811 
   2 2           0.7318                        2.0788    12.08   1 0.001

* TABLE YE [or P(E|Y)] *

  effect           beta  std err  z-value   exp(beta)     Wald  df  prob
  E 
   1            -0.2016   0.1311   -1.538      0.8174 
   2             0.2016                        1.2234     2.37   1 0.124
  YE 
   1 1          -0.7310   0.1012   -7.223      0.4814 
   1 2           0.7310                        2.0771 
   2 1           0.7310                        2.0771 
   2 2          -0.7310                        0.4814    52.18   1 0.000



*** (CONDITIONAL) PROBABILITIES ***

* P(SG) *

  1 1            0.1583  (0.0107)
  1 2            0.1626  (0.0109)
  1 3            0.1185  (0.0095)
  2 1            0.1661  (0.0109)
  2 2            0.1903  (0.0115)
  2 3            0.2042  (0.0119)

* P(Y|SG) *

  1 | 1 1        0.7103  (0.0621)
  1 | 1 2        0.7103  (0.0621)
  1 | 1 3        0.7103  (0.0621)
  1 | 2 1        0.5042  (0.0686)
  1 | 2 2        0.5042  (0.0686)
  1 | 2 3        0.5042  (0.0686)
  2 | 1 1        0.2897  (0.0621)
  2 | 1 2        0.2897  (0.0621)
  2 | 1 3        0.2897  (0.0621)
  2 | 2 1        0.4958  (0.0686)
  2 | 2 2        0.4958  (0.0686)
  2 | 2 3        0.4958  (0.0686)

* P(A|Y) *

  1 | 1          0.3171  (0.0302)
  2 | 1          0.6829  (0.0302)
  1 | 2          0.6702  (0.0366)
  2 | 2          0.3298  (0.0366)

* P(B|Y) *

  1 | 1          0.4117  (0.0341)
  2 | 1          0.5883  (0.0341)
  1 | 2          0.0361  (0.0299)
  2 | 2          0.9639  (0.0299)

* P(E|Y) *

  1 | 1          0.1341  (0.0365)
  2 | 1          0.8659  (0.0365)
  1 | 2          0.7424  (0.0664)
  2 | 2          0.2576  (0.0664)



*** LATENT CLASS OUTPUT ***

          Y  1    Y  2
         0.5948  0.4052
  A  1   0.3171  0.6702
  A  2   0.6829  0.3298
  B  1   0.4117  0.0361
  B  2   0.5883  0.9639
  E  1   0.1341  0.7424
  E  2   0.8659  0.2576
  S  1   0.5248  0.3141
  S  2   0.4752  0.6859
  G  1   0.3299  0.3164
  G  2   0.3556  0.3491
  G  3   0.3146  0.3345

E = 0.1615, lambda = 0.6014
