LEM: log-linear and event history analysis with missing data.
Developed by Jeroen Vermunt (c), Tilburg University, The Netherlands.
Version 1.0 (September 18, 1997).


*** INPUT ***

  lat 1
man 5
dim 2 2 2 2 2 2
mod X A|X B|X C|X D|X E|X
ite 10000
dat [3 3 10 26 4 19 7 32 28 18 48 54 109 68 59 44 3 12 8 55 7 38 10 63 16 16 33 80 49 92 46 96]
see 562



*** STATISTICS ***

  Number of iterations = 209
  Converge criterion   = 0.0000009742
  Seed random values   = 562

  X-squared            = 95.3062 (0.0000)
  L-squared            = 95.7950 (0.0000)
  Cressie-Read         = 94.9857 (0.0000)
  Dissimilarity index  = 0.1121
  Degrees of freedom   = 20
  Log-likelihood       = -3666.87189
  Number of parameters = 11 (+1)
  Sample size          = 1156.0
  BIC(L-squared)       = -45.2595
  AIC(L-squared)       = 55.7950
  BIC(log-likelihood)  = 7411.3237
  AIC(log-likelihood)  = 7355.7438

  Eigenvalues information matrix
    1266.9711  1197.8654  1072.8648  1049.9022   860.4861   545.0152
     503.6028   332.9564   159.0501    66.3473     4.8873




*** FREQUENCIES ***

  A B C D E     observed  estimated  std. res.
  1 1 1 1 1       3.000      2.659      0.209
  1 1 1 1 2       3.000      9.612     -2.133
  1 1 1 2 1      10.000      5.117      2.159
  1 1 1 2 2      26.000     22.651      0.704
  1 1 2 1 1       4.000      4.711     -0.327
  1 1 2 1 2      19.000     13.803      1.399
  1 1 2 2 1       7.000      7.759     -0.273
  1 1 2 2 2      32.000     31.760      0.043
  1 2 1 1 1      28.000     37.157     -1.502
  1 2 1 1 2      18.000     28.070     -1.901
  1 2 1 2 1      48.000     28.505      3.651
  1 2 1 2 2      54.000     40.888      2.051
  1 2 2 1 1     109.000     99.192      0.985
  1 2 2 1 2      68.000     59.915      1.045
  1 2 2 2 1      59.000     70.018     -1.317
  1 2 2 2 2      44.000     70.184     -3.125
  2 1 1 1 1       3.000      4.527     -0.718
  2 1 1 1 2      12.000     20.331     -1.848
  2 1 1 2 1       8.000     10.316     -0.721
  2 1 1 2 2      55.000     48.855      0.879
  2 1 2 1 1       7.000      6.772      0.087
  2 1 2 1 2      38.000     28.463      1.788
  2 1 2 2 1      10.000     14.643     -1.213
  2 1 2 2 2      63.000     68.021     -0.609
  2 2 1 1 1      16.000     22.191     -1.314
  2 2 1 1 2      16.000     35.248     -3.242
  2 2 1 2 1      33.000     24.503      1.717
  2 2 1 2 2      80.000     72.371      0.897
  2 2 2 1 1      49.000     53.434     -0.607
  2 2 2 1 2      92.000     58.914      4.311
  2 2 2 2 1      46.000     48.497     -0.359
  2 2 2 2 2      96.000    106.914     -1.056



*** PSEUDO R-SQUARED MEASURES ***

* P(A|X) *
                         baseline   fitted   R-squared
  entropy                 0.6900    0.6253    0.0937
  qualitative variance    0.2484    0.2169    0.1270
  classification error    0.4602    0.3180    0.3091
  -2/N*log-likelihood     1.3800    1.2506    0.0937/0.1145
  likelihood^(-2/N)       3.9747    3.4925    0.1213/0.1621

* P(B|X) *
                         baseline   fitted   R-squared
  entropy                 0.5725    0.4486    0.2164
  qualitative variance    0.1922    0.1543    0.1973
  classification error    0.2595    0.2595   -0.0000
  -2/N*log-likelihood     1.1451    0.8973    0.2164/0.1986
  likelihood^(-2/N)       3.1428    2.4529    0.2195/0.3220

* P(C|X) *
                         baseline   fitted   R-squared
  entropy                 0.6518    0.6393    0.0192
  qualitative variance    0.2296    0.2240    0.0245
  classification error    0.3573    0.3573   -0.0000
  -2/N*log-likelihood     1.3037    1.2787    0.0192/0.0244
  likelihood^(-2/N)       3.6827    3.5918    0.0247/0.0339

* P(D|X) *
                         baseline   fitted   R-squared
  entropy                 0.6801    0.6302    0.0734
  qualitative variance    0.2435    0.2194    0.0992
  classification error    0.4196    0.3316    0.2096
  -2/N*log-likelihood     1.3603    1.2604    0.0734/0.0908
  likelihood^(-2/N)       3.8973    3.5270    0.0950/0.1278

* P(E|X) *
                         baseline   fitted   R-squared
  entropy                 0.6644    0.5211    0.2157
  qualitative variance    0.2357    0.1701    0.2785
  classification error    0.3806    0.2250    0.4088
  -2/N*log-likelihood     1.3287    1.0421    0.2157/0.2228
  likelihood^(-2/N)       3.7763    2.8352    0.2492/0.3390



*** LOG-LINEAR PARAMETERS ***

* TABLE X [or P(X)] *

  effect           beta  std err  z-value   exp(beta)     Wald  df  prob
  X 
   1             0.2032   0.1150    1.767      1.2253 
   2            -0.2032                        0.8161     3.12   1 0.077

* TABLE XA [or P(A|X)] *

  effect           beta  std err  z-value   exp(beta)     Wald  df  prob
  A 
   1            -0.0079   0.0579   -0.137      0.9921 
   2             0.0079                        1.0080     0.02   1 0.891
  XA 
   1 1          -0.3800   0.0532   -7.147      0.6839 
   1 2           0.3800                        1.4623 
   2 1           0.3800                        1.4623 
   2 2          -0.3800                        0.6839    51.09   1 0.000

* TABLE XB [or P(B|X)] *

  effect           beta  std err  z-value   exp(beta)     Wald  df  prob
  B 
   1            -1.0439   0.3205   -3.257      0.3521 
   2             1.0439                        2.8402    10.61   1 0.001
  XB 
   1 1           0.8793   0.3037    2.895      2.4092 
   1 2          -0.8793                        0.4151 
   2 1          -0.8793                        0.4151 
   2 2           0.8793                        2.4092     8.38   1 0.004

* TABLE XC [or P(C|X)] *

  effect           beta  std err  z-value   exp(beta)     Wald  df  prob
  C 
   1            -0.3368   0.0402   -8.387      0.7140 
   2             0.3368                        1.4005    70.35   1 0.000
  XC 
   1 1           0.1724   0.0527    3.269      1.1881 
   1 2          -0.1724                        0.8417 
   2 1          -0.1724                        0.8417 
   2 2           0.1724                        1.1881    10.69   1 0.001

* TABLE XD [or P(D|X)] *

  effect           beta  std err  z-value   exp(beta)     Wald  df  prob
  D 
   1            -0.1087   0.0503   -2.162      0.8970 
   2             0.1087                        1.1149     4.67   1 0.031
  XD 
   1 1          -0.3324   0.0533   -6.231      0.7172 
   1 2           0.3324                        1.3943 
   2 1           0.3324                        1.3943 
   2 2          -0.3324                        0.7172    38.83   1 0.000

* TABLE XE [or P(E|X)] *

  effect           beta  std err  z-value   exp(beta)     Wald  df  prob
  E 
   1            -0.1883   0.0893   -2.108      0.8284 
   2             0.1883                        1.2072     4.44   1 0.035
  XE 
   1 1          -0.5992   0.0731   -8.200      0.5492 
   1 2           0.5992                        1.8207 
   2 1           0.5992                        1.8207 
   2 2          -0.5992                        0.5492    67.24   1 0.000



*** (CONDITIONAL) PROBABILITIES ***

* P(X) *

  1              0.6002  (0.0552)
  2              0.3998  (0.0552)

* P(A|X) *

  1 | 1          0.3152  (0.0263)
  2 | 1          0.6848  (0.0263)
  1 | 2          0.6779  (0.0406)
  2 | 2          0.3221  (0.0406)

* P(B|X) *

  1 | 1          0.4184  (0.0324)
  2 | 1          0.5816  (0.0324)
  1 | 2          0.0209  (0.0254)
  2 | 2          0.9791  (0.0254)

* P(C|X) *

  1 | 1          0.4185  (0.0244)
  2 | 1          0.5815  (0.0244)
  1 | 2          0.2653  (0.0309)
  2 | 2          0.7347  (0.0309)

* P(D|X) *

  1 | 1          0.2927  (0.0279)
  2 | 1          0.7073  (0.0279)
  1 | 2          0.6100  (0.0375)
  2 | 2          0.3900  (0.0375)

* P(E|X) *

  1 | 1          0.1715  (0.0321)
  2 | 1          0.8285  (0.0321)
  1 | 2          0.6946  (0.0500)
  2 | 2          0.3054  (0.0500)



*** LATENT CLASS OUTPUT ***

          X  1    X  2
         0.6002  0.3998
  A  1   0.3152  0.6779
  A  2   0.6848  0.3221
  B  1   0.4184  0.0209
  B  2   0.5816  0.9791
  C  1   0.4185  0.2653
  C  2   0.5815  0.7347
  D  1   0.2927  0.6100
  D  2   0.7073  0.3900
  E  1   0.1715  0.6946
  E  2   0.8285  0.3054

E = 0.1619, lambda = 0.5949
