LEM: log-linear and event history analysis with missing data.
Developed by Jeroen Vermunt (c), Tilburg University, The Netherlands.
Version 1.0 (September 18, 1997).


*** INPUT ***

  lat 1
man 5
dim 2 2 2 2 2 3
lab Y A B E S G
mod SG Y|SG {SG SY GY} A|YG {AY GA} B|YS {BY SB} E|Y
ite 10000
dat [5 4 6 5 3 1 15 22 10 9 18 6 31 25 27 47 49 65 24 36 21 29 40 34 7 5 2 7 1 6 26 38 29 23 29 23 24 11 14 38 21 36 51 47 28 34 59 65]
see 436



*** STATISTICS ***

  Number of iterations = 97
  Converge criterion   = 0.0000009534
  Seed random values   = 436

  X-squared            = 27.1019 (0.5662)
  L-squared            = 29.2866 (0.4502)
  Cressie-Read         = 27.6187 (0.5384)
  Dissimilarity index  = 0.0530
  Degrees of freedom   = 29
  Log-likelihood       = -4177.22250
  Number of parameters = 18 (+1)
  Sample size          = 1156.0
  BIC(L-squared)       = -175.2423
  AIC(L-squared)       = -28.7134
  BIC(log-likelihood)  = 8481.3940
  AIC(log-likelihood)  = 8390.4450

  Eigenvalues information matrix
    1367.8067  1169.9167  1113.4402  1073.2972  1010.6622   878.5421
     866.9757   766.3643   594.4091   526.0329   480.0607   409.4446
     370.9609   283.0997   195.8397   161.4230    39.9514    15.4014




*** FREQUENCIES ***

  A B E S G     observed  estimated  std. res.
  1 1 1 1 1       5.000      4.869      0.059
  1 1 1 1 2       4.000      4.507     -0.239
  1 1 1 1 3       6.000      3.625      1.247
  1 1 1 2 1       5.000      4.186      0.398
  1 1 1 2 2       3.000      4.495     -0.705
  1 1 1 2 3       1.000      5.162     -1.832
  1 1 2 1 1      15.000     12.539      0.695
  1 1 2 1 2      22.000     23.058     -0.220
  1 1 2 1 3      10.000     10.382     -0.118
  1 1 2 2 1       9.000      7.483      0.554
  1 1 2 2 2      18.000     16.885      0.271
  1 1 2 2 3       6.000     10.291     -1.338
  1 2 1 1 1      31.000     34.163     -0.541
  1 2 1 1 2      25.000     24.829      0.034
  1 2 1 1 3      27.000     24.813      0.439
  1 2 1 2 1      47.000     50.701     -0.520
  1 2 1 2 2      49.000     45.946      0.451
  1 2 1 2 3      65.000     61.509      0.445
  1 2 2 1 1      24.000     23.597      0.083
  1 2 2 1 2      36.000     33.372      0.455
  1 2 2 1 3      21.000     18.621      0.551
  1 2 2 2 1      29.000     27.461      0.294
  1 2 2 2 2      40.000     43.908     -0.590
  1 2 2 2 3      34.000     35.597     -0.268
  2 1 1 1 1       7.000      5.147      0.817
  2 1 1 1 2       5.000      4.086      0.452
  2 1 1 1 3       2.000      3.685     -0.878
  2 1 1 2 1       7.000      3.814      1.631
  2 1 1 2 2       1.000      3.403     -1.303
  2 1 1 2 3       6.000      4.486      0.715
  2 1 2 1 1      26.000     33.337     -1.271
  2 1 2 1 2      38.000     38.234     -0.038
  2 1 2 1 3      29.000     25.531      0.687
  2 1 2 2 1      23.000     18.996      0.919
  2 1 2 2 2      29.000     27.500      0.286
  2 1 2 2 3      23.000     24.298     -0.263
  2 2 1 1 1      24.000     24.187     -0.038
  2 2 1 1 2      11.000     12.214     -0.347
  2 2 1 1 3      14.000     16.335     -0.578
  2 2 1 2 1      38.000     34.495      0.597
  2 2 1 2 2      21.000     20.642      0.079
  2 2 1 2 3      36.000     38.701     -0.434
  2 2 2 1 1      51.000     45.161      0.869
  2 2 2 1 2      47.000     47.700     -0.101
  2 2 2 1 3      28.000     34.009     -1.030
  2 2 2 2 1      34.000     44.863     -1.622
  2 2 2 2 2      59.000     57.221      0.235
  2 2 2 2 3      65.000     55.955      1.209



*** PSEUDO R-SQUARED MEASURES ***

* P(Y|SG) *
                         baseline   fitted   R-squared
  entropy                 0.6866    0.6569    0.0433
  qualitative variance    0.2467    0.2325    0.0579
  classification error    0.4429    0.3846    0.1315
  -2/N*log-likelihood     1.3732    1.3138    0.0433/0.0561
  likelihood^(-2/N)       3.9480    3.7204    0.0577/0.0772

* P(A|YG) *
                         baseline   fitted   R-squared
  entropy                 0.6900    0.6272    0.0909
  qualitative variance    0.2484    0.2181    0.1222
  classification error    0.4602    0.3294    0.2843
  -2/N*log-likelihood     1.3800    1.2545    0.0909/0.1115
  likelihood^(-2/N)       3.9747    3.5060    0.1179/0.1576

* P(B|YS) *
                         baseline   fitted   R-squared
  entropy                 0.5725    0.4961    0.1336
  qualitative variance    0.1922    0.1652    0.1404
  classification error    0.2595    0.2595    0.0000
  -2/N*log-likelihood     1.1451    0.9922    0.1335/0.1326
  likelihood^(-2/N)       3.1428    2.6971    0.1418/0.2080

* P(E|Y) *
                         baseline   fitted   R-squared
  entropy                 0.6644    0.3892    0.4142
  qualitative variance    0.2357    0.1180    0.4995
  classification error    0.3806    0.1455    0.6178
  -2/N*log-likelihood     1.3287    0.7783    0.4142/0.3550
  likelihood^(-2/N)       3.7763    2.1778    0.4233/0.5758



*** LOG-LINEAR PARAMETERS ***

* TABLE SG [or P(SG)] *

  effect           beta  std err  z-value   exp(beta)     Wald  df  prob
  S 
   1            -0.1248   0.0298   -4.183      0.8826 
   2             0.1248                        1.1330    17.49   1 0.000
  G 
   1            -0.0133   0.0422   -0.316      0.9868 
   2             0.0682   0.0414    1.648      1.0706 
   3            -0.0549                        0.9466     2.99   2 0.225
  SG 
   1 1           0.1008   0.0422    2.390      1.1061 
   1 2           0.0462   0.0414    1.117      1.0473 
   1 3          -0.1471                        0.8632 
   2 1          -0.1008                        0.9041 
   2 2          -0.0462                        0.9548 
   2 3           0.1471                        1.1585    12.15   2 0.002

* TABLE YSG [or P(Y|SG)] *

  effect           beta  std err  z-value   exp(beta)     Wald  df  prob
  Y 
   1            -0.1357   0.1270   -1.069      0.8731 
   2             0.1357                        1.1454     1.14   1 0.285
  YS 
   1 1          -0.1634   0.0435   -3.755      0.8492 
   1 2           0.1634                        1.1775 
   2 1           0.1634                        1.1775 
   2 2          -0.1634                        0.8492    14.10   1 0.000
  YG 
   1 1           0.1637   0.0605    2.706      1.1778 
   1 2          -0.2682   0.0612   -4.384      0.7647 
   1 3           0.1045                        1.1102 
   2 1          -0.1637                        0.8490 
   2 2           0.2682                        1.3076 
   2 3          -0.1045                        0.9007    19.52   2 0.000

* TABLE YAG [or P(A|YG)] *

  effect           beta  std err  z-value   exp(beta)     Wald  df  prob
  A 
   1            -0.0495   0.0561   -0.882      0.9517 
   2             0.0495                        1.0507     0.78   1 0.378
  YA 
   1 1           0.3768   0.0554    6.798      1.4577 
   1 2          -0.3768                        0.6860 
   2 1          -0.3768                        0.6860 
   2 2           0.3768                        1.4577    46.22   1 0.000
  AG 
   1 1          -0.1017   0.0498   -2.043      0.9033 
   1 2           0.1592   0.0527    3.020      1.1726 
   1 3          -0.0576                        0.9441 
   2 1           0.1017                        1.1070 
   2 2          -0.1592                        0.8528 
   2 3           0.0576                        1.0592     9.37   2 0.009

* TABLE YBS [or P(B|YS)] *

  effect           beta  std err  z-value   exp(beta)     Wald  df  prob
  B 
   1            -0.6945   0.0942   -7.372      0.4993 
   2             0.6945                        2.0028    54.34   1 0.000
  YB 
   1 1          -0.4878   0.0891   -5.474      0.6140 
   1 2           0.4878                        1.6287 
   2 1           0.4878                        1.6287 
   2 2          -0.4878                        0.6140    29.96   1 0.000
  BS 
   1 1           0.1204   0.0391    3.081      1.1279 
   1 2          -0.1204                        0.8866 
   2 1          -0.1204                        0.8866 
   2 2           0.1204                        1.1279     9.49   1 0.002

* TABLE YE [or P(E|Y)] *

  effect           beta  std err  z-value   exp(beta)     Wald  df  prob
  E 
   1            -0.3335   0.1872   -1.782      0.7164 
   2             0.3335                        1.3958     3.17   1 0.075
  YE 
   1 1           0.9250   0.1595    5.799      2.5219 
   1 2          -0.9250                        0.3965 
   2 1          -0.9250                        0.3965 
   2 2           0.9250                        2.5219    33.63   1 0.000



*** (CONDITIONAL) PROBABILITIES ***

* P(SG) *

  1 1            0.1583  (0.0107)
  1 2            0.1626  (0.0109)
  1 3            0.1185  (0.0095)
  2 1            0.1661  (0.0109)
  2 2            0.1903  (0.0115)
  2 3            0.2042  (0.0119)

* P(Y|SG) *

  1 | 1 1        0.4327  (0.0773)
  1 | 1 2        0.2433  (0.0544)
  1 | 1 3        0.4039  (0.0721)
  1 | 2 1        0.5945  (0.0732)
  1 | 2 2        0.3820  (0.0639)
  1 | 2 3        0.5657  (0.0690)
  2 | 1 1        0.5673  (0.0773)
  2 | 1 2        0.7567  (0.0544)
  2 | 1 3        0.5961  (0.0721)
  2 | 2 1        0.4055  (0.0732)
  2 | 2 2        0.6180  (0.0639)
  2 | 2 3        0.4343  (0.0690)

* P(A|YG) *

  1 | 1 1        0.6110  (0.0419)
  1 | 1 2        0.7257  (0.0409)
  1 | 1 3        0.6317  (0.0399)
  2 | 1 1        0.3890  (0.0419)
  2 | 1 2        0.2743  (0.0409)
  2 | 1 3        0.3683  (0.0399)
  1 | 2 1        0.2581  (0.0402)
  1 | 2 2        0.3695  (0.0348)
  1 | 2 3        0.2753  (0.0408)
  2 | 2 1        0.7419  (0.0402)
  2 | 2 2        0.6305  (0.0348)
  2 | 2 3        0.7247  (0.0408)

* P(B|YS) *

  1 | 1 1        0.1068  (0.0346)
  1 | 1 2        0.0688  (0.0219)
  2 | 1 1        0.8932  (0.0346)
  2 | 1 2        0.9312  (0.0219)
  1 | 2 1        0.4569  (0.0352)
  1 | 2 2        0.3420  (0.0356)
  2 | 2 1        0.5431  (0.0352)
  2 | 2 2        0.6580  (0.0356)

* P(E|Y) *

  1 | 1          0.7655  (0.0685)
  2 | 1          0.2345  (0.0685)
  1 | 2          0.0747  (0.0402)
  2 | 2          0.9253  (0.0402)



*** LATENT CLASS OUTPUT ***

          Y  1    Y  2
         0.4429  0.5571
  A  1   0.6477  0.3112
  A  2   0.3523  0.6888
  B  1   0.0822  0.4005
  B  2   0.9178  0.5995
  E  1   0.7655  0.0747
  E  2   0.2345  0.9253
  S  1   0.3521  0.5089
  S  2   0.6479  0.4911
  G  1   0.3776  0.2821
  G  2   0.2535  0.4320
  G  3   0.3689  0.2859

E = 0.1388, lambda = 0.6866
