LEM: log-linear and event history analysis with missing data.
Developed by Jeroen Vermunt (c), Tilburg University, The Netherlands.
Version 1.0 (September 18, 1997).


*** INPUT ***

  lat 1
man 5
dim 2 2 2 2 2 3
lab Y A B E S G
mod SG Y|SG {SG SY GY} A|YG {AY GA} B|YS {BY SB} E|Y
ite 10000
dat [5 4 6 5 3 1 15 22 10 9 18 6 31 25 27 47 49 65 24 36 21 29 40 34 7 5 2 7 1 6 26 38 29 23 29 23 24 11 14 38 21 36 51 47 28 34 59 65]
see 980



*** STATISTICS ***

  Number of iterations = 129
  Converge criterion   = 0.0000009587
  Seed random values   = 980

  X-squared            = 27.1024 (0.5662)
  L-squared            = 29.2867 (0.4502)
  Cressie-Read         = 27.6190 (0.5383)
  Dissimilarity index  = 0.0530
  Degrees of freedom   = 29
  Log-likelihood       = -4177.22250
  Number of parameters = 18 (+1)
  Sample size          = 1156.0
  BIC(L-squared)       = -175.2423
  AIC(L-squared)       = -28.7133
  BIC(log-likelihood)  = 8481.3940
  AIC(log-likelihood)  = 8390.4450

  Eigenvalues information matrix
    1367.8067  1169.9167  1112.3301  1072.7336  1010.7986   878.8958
     866.9757   766.7656   594.6853   526.0833   480.2883   409.4447
     370.9609   283.0561   196.1198   161.7257    40.0344    15.3186




*** FREQUENCIES ***

  A B E S G     observed  estimated  std. res.
  1 1 1 1 1       5.000      4.875      0.057
  1 1 1 1 2       4.000      4.507     -0.239
  1 1 1 1 3       6.000      3.629      1.245
  1 1 1 2 1       5.000      4.191      0.395
  1 1 1 2 2       3.000      4.498     -0.706
  1 1 1 2 3       1.000      5.169     -1.834
  1 1 2 1 1      15.000     12.532      0.697
  1 1 2 1 2      22.000     23.055     -0.220
  1 1 2 1 3      10.000     10.378     -0.117
  1 1 2 2 1       9.000      7.479      0.556
  1 1 2 2 2      18.000     16.881      0.272
  1 1 2 2 3       6.000     10.287     -1.337
  1 2 1 1 1      31.000     34.165     -0.542
  1 2 1 1 2      25.000     24.834      0.033
  1 2 1 1 3      27.000     24.813      0.439
  1 2 1 2 1      47.000     50.685     -0.518
  1 2 1 2 2      49.000     45.948      0.450
  1 2 1 2 3      65.000     61.489      0.448
  1 2 2 1 1      24.000     23.600      0.082
  1 2 2 1 2      36.000     33.367      0.456
  1 2 2 1 3      21.000     18.624      0.551
  1 2 2 2 1      29.000     27.472      0.291
  1 2 2 2 2      40.000     43.911     -0.590
  1 2 2 2 3      34.000     35.612     -0.270
  2 1 1 1 1       7.000      5.143      0.819
  2 1 1 1 2       5.000      4.076      0.458
  2 1 1 1 3       2.000      3.681     -0.876
  2 1 1 2 1       7.000      3.814      1.631
  2 1 1 2 2       1.000      3.397     -1.301
  2 1 1 2 3       6.000      4.485      0.715
  2 1 2 1 1      26.000     33.336     -1.271
  2 1 2 1 2      38.000     38.254     -0.041
  2 1 2 1 3      29.000     25.535      0.686
  2 1 2 2 1      23.000     18.992      0.920
  2 1 2 2 2      29.000     27.509      0.284
  2 1 2 2 3      23.000     24.298     -0.263
  2 2 1 1 1      24.000     24.198     -0.040
  2 2 1 1 2      11.000     12.209     -0.346
  2 2 1 1 3      14.000     16.338     -0.578
  2 2 1 2 1      38.000     34.509      0.594
  2 2 1 2 2      21.000     20.639      0.079
  2 2 1 2 3      36.000     38.708     -0.435
  2 2 2 1 1      51.000     45.151      0.870
  2 2 2 1 2      47.000     47.698     -0.101
  2 2 2 1 3      28.000     34.003     -1.029
  2 2 2 2 1      34.000     44.858     -1.621
  2 2 2 2 2      59.000     57.217      0.236
  2 2 2 2 3      65.000     55.952      1.210



*** PSEUDO R-SQUARED MEASURES ***

* P(Y|SG) *
                         baseline   fitted   R-squared
  entropy                 0.6867    0.6570    0.0433
  qualitative variance    0.2468    0.2325    0.0579
  classification error    0.4435    0.3848    0.1324
  -2/N*log-likelihood     1.3735    1.3141    0.0433/0.0561
  likelihood^(-2/N)       3.9491    3.7213    0.0577/0.0772

* P(A|YG) *
                         baseline   fitted   R-squared
  entropy                 0.6900    0.6272    0.0909
  qualitative variance    0.2484    0.2180    0.1222
  classification error    0.4602    0.3294    0.2842
  -2/N*log-likelihood     1.3800    1.2545    0.0909/0.1115
  likelihood^(-2/N)       3.9747    3.5060    0.1179/0.1576

* P(B|YS) *
                         baseline   fitted   R-squared
  entropy                 0.5725    0.4961    0.1335
  qualitative variance    0.1922    0.1652    0.1404
  classification error    0.2595    0.2595   -0.0000
  -2/N*log-likelihood     1.1451    0.9922    0.1335/0.1326
  likelihood^(-2/N)       3.1428    2.6972    0.1418/0.2079

* P(E|Y) *
                         baseline   fitted   R-squared
  entropy                 0.6644    0.3891    0.4143
  qualitative variance    0.2357    0.1180    0.4994
  classification error    0.3806    0.1456    0.6175
  -2/N*log-likelihood     1.3287    0.7782    0.4143/0.3551
  likelihood^(-2/N)       3.7763    2.1775    0.4234/0.5759



*** LOG-LINEAR PARAMETERS ***

* TABLE SG [or P(SG)] *

  effect           beta  std err  z-value   exp(beta)     Wald  df  prob
  S 
   1            -0.1248   0.0298   -4.183      0.8826 
   2             0.1248                        1.1330    17.49   1 0.000
  G 
   1            -0.0133   0.0422   -0.316      0.9868 
   2             0.0682   0.0414    1.648      1.0706 
   3            -0.0549                        0.9466     2.99   2 0.225
  SG 
   1 1           0.1008   0.0422    2.390      1.1061 
   1 2           0.0462   0.0414    1.117      1.0473 
   1 3          -0.1471                        0.8632 
   2 1          -0.1008                        0.9041 
   2 2          -0.0462                        0.9548 
   2 3           0.1471                        1.1585    12.15   2 0.002

* TABLE YSG [or P(Y|SG)] *

  effect           beta  std err  z-value   exp(beta)     Wald  df  prob
  Y 
   1            -0.1344   0.1269   -1.059      0.8742 
   2             0.1344                        1.1438     1.12   1 0.290
  YS 
   1 1          -0.1634   0.0435   -3.754      0.8493 
   1 2           0.1634                        1.1775 
   2 1           0.1634                        1.1775 
   2 2          -0.1634                        0.8493    14.09   1 0.000
  YG 
   1 1           0.1638   0.0605    2.708      1.1780 
   1 2          -0.2683   0.0612   -4.386      0.7647 
   1 3           0.1045                        1.1101 
   2 1          -0.1638                        0.8489 
   2 2           0.2683                        1.3077 
   2 3          -0.1045                        0.9008    19.55   2 0.000

* TABLE YAG [or P(A|YG)] *

  effect           beta  std err  z-value   exp(beta)     Wald  df  prob
  A 
   1            -0.0500   0.0561   -0.891      0.9512 
   2             0.0500                        1.0513     0.79   1 0.373
  YA 
   1 1           0.3768   0.0554    6.798      1.4576 
   1 2          -0.3768                        0.6860 
   2 1          -0.3768                        0.6860 
   2 2           0.3768                        1.4576    46.21   1 0.000
  AG 
   1 1          -0.1017   0.0498   -2.044      0.9033 
   1 2           0.1593   0.0527    3.021      1.1727 
   1 3          -0.0576                        0.9441 
   2 1           0.1017                        1.1071 
   2 2          -0.1593                        0.8527 
   2 3           0.0576                        1.0592     9.38   2 0.009

* TABLE YBS [or P(B|YS)] *

  effect           beta  std err  z-value   exp(beta)     Wald  df  prob
  B 
   1            -0.6937   0.0940   -7.377      0.4997 
   2             0.6937                        2.0011    54.43   1 0.000
  YB 
   1 1          -0.4873   0.0889   -5.479      0.6143 
   1 2           0.4873                        1.6279 
   2 1           0.4873                        1.6279 
   2 2          -0.4873                        0.6143    30.02   1 0.000
  BS 
   1 1           0.1204   0.0391    3.081      1.1279 
   1 2          -0.1204                        0.8866 
   2 1          -0.1204                        0.8866 
   2 2           0.1204                        1.1279     9.49   1 0.002

* TABLE YE [or P(E|Y)] *

  effect           beta  std err  z-value   exp(beta)     Wald  df  prob
  E 
   1            -0.3355   0.1877   -1.788      0.7150 
   2             0.3355                        1.3986     3.20   1 0.074
  YE 
   1 1           0.9256   0.1601    5.783      2.5235 
   1 2          -0.9256                        0.3963 
   2 1          -0.9256                        0.3963 
   2 2           0.9256                        2.5235    33.45   1 0.000



*** (CONDITIONAL) PROBABILITIES ***

* P(SG) *

  1 1            0.1583  (0.0107)
  1 2            0.1626  (0.0109)
  1 3            0.1185  (0.0095)
  2 1            0.1661  (0.0109)
  2 2            0.1903  (0.0115)
  2 3            0.2042  (0.0119)

* P(Y|SG) *

  1 | 1 1        0.4334  (0.0773)
  1 | 1 2        0.2438  (0.0545)
  1 | 1 3        0.4045  (0.0721)
  1 | 2 1        0.5952  (0.0731)
  1 | 2 2        0.3826  (0.0640)
  1 | 2 3        0.5663  (0.0690)
  2 | 1 1        0.5666  (0.0773)
  2 | 1 2        0.7562  (0.0545)
  2 | 1 3        0.5955  (0.0721)
  2 | 2 1        0.4048  (0.0731)
  2 | 2 2        0.6174  (0.0640)
  2 | 2 3        0.4337  (0.0690)

* P(A|YG) *

  1 | 1 1        0.6107  (0.0419)
  1 | 1 2        0.7256  (0.0409)
  1 | 1 3        0.6315  (0.0399)
  2 | 1 1        0.3893  (0.0419)
  2 | 1 2        0.2744  (0.0409)
  2 | 1 3        0.3685  (0.0399)
  1 | 2 1        0.2579  (0.0402)
  1 | 2 2        0.3693  (0.0348)
  1 | 2 3        0.2751  (0.0408)
  2 | 2 1        0.7421  (0.0402)
  2 | 2 2        0.6307  (0.0348)
  2 | 2 3        0.7249  (0.0408)

* P(B|YS) *

  1 | 1 1        0.1071  (0.0346)
  1 | 1 2        0.0690  (0.0219)
  2 | 1 1        0.8929  (0.0346)
  2 | 1 2        0.9310  (0.0219)
  1 | 2 1        0.4571  (0.0352)
  1 | 2 2        0.3422  (0.0356)
  2 | 2 1        0.5429  (0.0352)
  2 | 2 2        0.6578  (0.0356)

* P(E|Y) *

  1 | 1          0.7650  (0.0683)
  2 | 1          0.2350  (0.0683)
  1 | 2          0.0743  (0.0402)
  2 | 2          0.9257  (0.0402)



*** LATENT CLASS OUTPUT ***

          Y  1    Y  2
         0.4435  0.5565
  A  1   0.6475  0.3110
  A  2   0.3525  0.6890
  B  1   0.0824  0.4007
  B  2   0.9176  0.5993
  E  1   0.7650  0.0743
  E  2   0.2350  0.9257
  S  1   0.3522  0.5090
  S  2   0.6478  0.4910
  G  1   0.3776  0.2820
  G  2   0.2536  0.4321
  G  3   0.3688  0.2859

E = 0.1388, lambda = 0.6869
